  {
    "record_id": 619,
    "time_created": "2026-06-30T12:16:25",
    "event_id": 1,
    "provider_name": "Microsoft-Windows-Sysmon",
    "process_name": "chrome.exe",
    "command_line": "\"C:\\Program Files (x86)\\Google\\Chrome\\Application\\chrome.exe\" --type=utility --utility-sub-type=data_decoder.mojom.DataDecoderService --lang=ko --service-sandbox-type=service --video-capture-use-gpu-memory-buffer --no-pre-read-main-dll --metrics-shmem-handle=5624,i,14113535594654460977,1305684462927088823,524288 --field-trial-handle=2072,i,13642895438352464947,13206856470309052393,262144 --disable-features=LocalNetworkAccessChecks --variations-seed-version=20260629-090059.675000-production --pseudonymization-salt-handle=2100,i,11403762369690310472,3374413806832889549,4 --trace-process-track-uuid=3190709095945767827 --mojo-platform-channel-handle=7460 /prefetch:14",
    "parent_process": null,
    "destination_ip": "",
    "destination_port": "",
    "query_name": "",
    "process_guid": null,
    "parent_process_guid": null,
    "process_id": null,
    "parent_process_id": null,
    "source_dataset": "collected",
    "source_file": "live_collection/192.168.55.52",
    "label": 0,
    "process_group_no": null,
    "process_event_order": null
  },
  {
    "record_id": 620,
    "time_created": "2026-06-30T12:16:26",
    "event_id": 3,
    "provider_name": "Microsoft-Windows-Sysmon",
    "process_name": "chrome.exe",
    "command_line": "",
    "parent_process": null,
    "destination_ip": "142.251.157.119",
    "destination_port": "443",
    "query_name": "",
    "process_guid": null,
    "parent_process_guid": null,
    "process_id": null,
    "parent_process_id": null,
    "source_dataset": "collected",
    "source_file": "live_collection/192.168.55.52",
    "label": 0,
    "process_group_no": null,
    "process_event_order": null
  },
  {
    "record_id": 621,
    "time_created": "2026-06-30T12:16:26",
    "event_id": 3,
    "provider_name": "Microsoft-Windows-Sysmon",
    "process_name": "chrome.exe",
    "command_line": "",
    "parent_process": null,
    "destination_ip": "142.251.157.119",
    "destination_port": "443",
    "query_name": "",
    "process_guid": null,
    "parent_process_guid": null,
    "process_id": null,
    "parent_process_id": null,
    "source_dataset": "collected",
    "source_file": "live_collection/192.168.55.52",
    "label": 0,
    "process_group_no": null,
    "process_event_order": null
  },
  {
    "record_id": 622,
    "time_created": "2026-06-30T12:16:26",
    "event_id": 3,
    "provider_name": "Microsoft-Windows-Sysmon",
    "process_name": "chrome.exe",
    "command_line": "",
    "parent_process": null,
    "destination_ip": "210.220.163.82",
    "destination_port": "53",
    "query_name": "",
    "process_guid": null,
    "parent_process_guid": null,
    "process_id": null,
    "parent_process_id": null,
    "source_dataset": "collected",
    "source_file": "live_collection/192.168.55.52",
    "label": 0,
    "process_group_no": null,
    "process_event_order": null
  },
  {
    "record_id": 623,
    "time_created": "2026-06-30T12:16:26",
    "event_id": 3,
    "provider_name": "Microsoft-Windows-Sysmon",
    "process_name": "chrome.exe",
    "command_line": "",
    "parent_process": null,
    "destination_ip": "210.220.163.82",
    "destination_port": "53",
    "query_name": "",
    "process_guid": null,
    "parent_process_guid": null,
    "process_id": null,
    "parent_process_id": null,
    "source_dataset": "collected",
    "source_file": "live_collection/192.168.55.52",
    "label": 0,
    "process_group_no": null,
    "process_event_order": null
  },
  {
    "record_id": 624,
    "time_created": "2026-06-30T12:16:26",
    "event_id": 3,
    "provider_name": "Microsoft-Windows-Sysmon",
    "process_name": "chrome.exe",
    "command_line": "",
    "parent_process": null,
    "destination_ip": "210.220.163.82",
    "destination_port": "53",
    "query_name": "",
    "process_guid": null,
    "parent_process_guid": null,
    "process_id": null,
    "parent_process_id": null,
    "source_dataset": "collected",
    "source_file": "live_collection/192.168.55.52",
    "label": 0,
    "process_group_no": null,
    "process_event_order": null
  },
  {
    "record_id": 625,
    "time_created": "2026-06-30T12:16:26",
    "event_id": 3,
    "provider_name": "Microsoft-Windows-Sysmon",
    "process_name": "chrome.exe",
    "command_line": "",
    "parent_process": null,
    "destination_ip": "142.251.119.139",
    "destination_port": "443",
    "query_name": "",
    "process_guid": null,
    "parent_process_guid": null,
    "process_id": null,
    "parent_process_id": null,
    "source_dataset": "collected",
    "source_file": "live_collection/192.168.55.52",
    "label": 0,
    "process_group_no": null,
    "process_event_order": null
  },
  {
    "record_id": 626,
    "time_created": "2026-06-30T12:16:26",
    "event_id": 3,
    "provider_name": "Microsoft-Windows-Sysmon",
    "process_name": "chrome.exe",
    "command_line": "",
    "parent_process": null,
    "destination_ip": "142.251.119.139",
    "destination_port": "443",
    "query_name": "",
    "process_guid": null,
    "parent_process_guid": null,
    "process_id": null,
    "parent_process_id": null,
    "source_dataset": "collected",
    "source_file": "live_collection/192.168.55.52",
    "label": 0,
    "process_group_no": null,
    "process_event_order": null
  },
  {
    "record_id": 627,
    "time_created": "2026-06-30T12:16:26",
    "event_id": 3,
    "provider_name": "Microsoft-Windows-Sysmon",
    "process_name": "chrome.exe",
    "command_line": "",
    "parent_process": null,
    "destination_ip": "210.220.163.82",
    "destination_port": "53",
    "query_name": "",
    "process_guid": null,
    "parent_process_guid": null,
    "process_id": null,
    "parent_process_id": null,
    "source_dataset": "collected",
    "source_file": "live_collection/192.168.55.52",
    "label": 0,
    "process_group_no": null,
    "process_event_order": null
  },
  {
    "record_id": 628,
    "time_created": "2026-06-30T12:16:26",
    "event_id": 3,
    "provider_name": "Microsoft-Windows-Sysmon",
    "process_name": "chrome.exe",
    "command_line": "",
    "parent_process": null,
    "destination_ip": "210.220.163.82",
    "destination_port": "53",
    "query_name": "",
    "process_guid": null,
    "parent_process_guid": null,
    "process_id": null,
    "parent_process_id": null,
    "source_dataset": "collected",
    "source_file": "live_collection/192.168.55.52",
    "label": 0,
    "process_group_no": null,
    "process_event_order": null
  },
  {
    "record_id": 629,
    "time_created": "2026-06-30T12:16:26",
    "event_id": 3,
    "provider_name": "Microsoft-Windows-Sysmon",
    "process_name": "chrome.exe",
    "command_line": "",
    "parent_process": null,
    "destination_ip": "210.220.163.82",
    "destination_port": "53",
    "query_name": "",
    "process_guid": null,
    "parent_process_guid": null,
    "process_id": null,
    "parent_process_id": null,
    "source_dataset": "collected",
    "source_file": "live_collection/192.168.55.52",
    "label": 0,
    "process_group_no": null,
    "process_event_order": null
  },
  {
    "record_id": 630,
    "time_created": "2026-06-30T12:16:26",
    "event_id": 3,
    "provider_name": "Microsoft-Windows-Sysmon",
    "process_name": "chrome.exe",
    "command_line": "",
    "parent_process": null,
    "destination_ip": "142.251.119.95",
    "destination_port": "443",
    "query_name": "",
    "process_guid": null,
    "parent_process_guid": null,
    "process_id": null,
    "parent_process_id": null,
    "source_dataset": "collected",
    "source_file": "live_collection/192.168.55.52",
    "label": 0,
    "process_group_no": null,
    "process_event_order": null
  },
  {
    "record_id": 631,
    "time_created": "2026-06-30T12:16:26",
    "event_id": 3,
    "provider_name": "Microsoft-Windows-Sysmon",
    "process_name": "chrome.exe",
    "command_line": "",
    "parent_process": null,
    "destination_ip": "142.251.119.95",
    "destination_port": "443",
    "query_name": "",
    "process_guid": null,
    "parent_process_guid": null,
    "process_id": null,
    "parent_process_id": null,
    "source_dataset": "collected",
    "source_file": "live_collection/192.168.55.52",
    "label": 0,
    "process_group_no": null,
    "process_event_order": null
  },
  {
    "record_id": 632,
    "time_created": "2026-06-30T12:16:26",
    "event_id": 3,
    "provider_name": "Microsoft-Windows-Sysmon",
    "process_name": "chrome.exe",
    "command_line": "",
    "parent_process": null,
    "destination_ip": "210.220.163.82",
    "destination_port": "53",
    "query_name": "",
    "process_guid": null,
    "parent_process_guid": null,
    "process_id": null,
    "parent_process_id": null,
    "source_dataset": "collected",
    "source_file": "live_collection/192.168.55.52",
    "label": 0,
    "process_group_no": null,
    "process_event_order": null
  },
  {
    "record_id": 633,
    "time_created": "2026-06-30T12:16:26",
    "event_id": 3,
    "provider_name": "Microsoft-Windows-Sysmon",
    "process_name": "chrome.exe",
    "command_line": "",
    "parent_process": null,
    "destination_ip": "210.220.163.82",
    "destination_port": "53",
    "query_name": "",
    "process_guid": null,
    "parent_process_guid": null,
    "process_id": null,
    "parent_process_id": null,
    "source_dataset": "collected",
    "source_file": "live_collection/192.168.55.52",
    "label": 0,
    "process_group_no": null,
    "process_event_order": null
  },
  {
    "record_id": 634,
    "time_created": "2026-06-30T12:16:26",
    "event_id": 3,
    "provider_name": "Microsoft-Windows-Sysmon",
    "process_name": "chrome.exe",
    "command_line": "",
    "parent_process": null,
    "destination_ip": "210.220.163.82",
    "destination_port": "53",
    "query_name": "",
    "process_guid": null,
    "parent_process_guid": null,
    "process_id": null,
    "parent_process_id": null,
    "source_dataset": "collected",
    "source_file": "live_collection/192.168.55.52",
    "label": 0,
    "process_group_no": null,
    "process_event_order": null
  },
  {
    "record_id": 635,
    "time_created": "2026-06-30T12:16:26",
    "event_id": 3,
    "provider_name": "Microsoft-Windows-Sysmon",
    "process_name": "chrome.exe",
    "command_line": "",
    "parent_process": null,
    "destination_ip": "142.251.118.132",
    "destination_port": "443",
    "query_name": "",
    "process_guid": null,
    "parent_process_guid": null,
    "process_id": null,
    "parent_process_id": null,
    "source_dataset": "collected",
    "source_file": "live_collection/192.168.55.52",
    "label": 0,
    "process_group_no": null,
    "process_event_order": null
  },
  {
    "record_id": 636,
    "time_created": "2026-06-30T12:16:26",
    "event_id": 3,
    "provider_name": "Microsoft-Windows-Sysmon",
    "process_name": "chrome.exe",
    "command_line": "",
    "parent_process": null,
    "destination_ip": "142.251.118.132",
    "destination_port": "443",
    "query_name": "",
    "process_guid": null,
    "parent_process_guid": null,
    "process_id": null,
    "parent_process_id": null,
    "source_dataset": "collected",
    "source_file": "live_collection/192.168.55.52",
    "label": 0,
    "process_group_no": null,
    "process_event_order": null
  },
  {
    "record_id": 637,
    "time_created": "2026-06-30T12:16:26",
    "event_id": 3,
    "provider_name": "Microsoft-Windows-Sysmon",
    "process_name": "chrome.exe",
    "command_line": "",
    "parent_process": null,
    "destination_ip": "210.220.163.82",
    "destination_port": "53",
    "query_name": "",
    "process_guid": null,
    "parent_process_guid": null,
    "process_id": null,
    "parent_process_id": null,
    "source_dataset": "collected",
    "source_file": "live_collection/192.168.55.52",
    "label": 0,
    "process_group_no": null,
    "process_event_order": null
  },
  {
    "record_id": 638,
    "time_created": "2026-06-30T12:16:26",
    "event_id": 3,
    "provider_name": "Microsoft-Windows-Sysmon",
    "process_name": "chrome.exe",
    "command_line": "",
    "parent_process": null,
    "destination_ip": "210.220.163.82",
    "destination_port": "53",
    "query_name": "",
    "process_guid": null,
    "parent_process_guid": null,
    "process_id": null,
    "parent_process_id": null,
    "source_dataset": "collected",
    "source_file": "live_collection/192.168.55.52",
    "label": 0,
    "process_group_no": null,
    "process_event_order": null
  },
  {
    "record_id": 639,
    "time_created": "2026-06-30T12:16:26",
    "event_id": 3,
    "provider_name": "Microsoft-Windows-Sysmon",
    "process_name": "chrome.exe",
    "command_line": "",
    "parent_process": null,
    "destination_ip": "172.217.209.113",
    "destination_port": "443",
    "query_name": "",
    "process_guid": null,
    "parent_process_guid": null,
    "process_id": null,
    "parent_process_id": null,
    "source_dataset": "collected",
    "source_file": "live_collection/192.168.55.52",
    "label": 0,
    "process_group_no": null,
    "process_event_order": null
  },
  {
    "record_id": 640,
    "time_created": "2026-06-30T12:16:26",
    "event_id": 3,
    "provider_name": "Microsoft-Windows-Sysmon",
    "process_name": "chrome.exe",
    "command_line": "",
    "parent_process": null,
    "destination_ip": "172.217.209.113",
    "destination_port": "443",
    "query_name": "",
    "process_guid": null,
    "parent_process_guid": null,
    "process_id": null,
    "parent_process_id": null,
    "source_dataset": "collected",
    "source_file": "live_collection/192.168.55.52",
    "label": 0,
    "process_group_no": null,
    "process_event_order": null
  },
  {
    "record_id": 641,
    "time_created": "2026-06-30T12:16:26",
    "event_id": 3,
    "provider_name": "Microsoft-Windows-Sysmon",
    "process_name": "chrome.exe",
    "command_line": "",
    "parent_process": null,
    "destination_ip": "172.217.209.113",
    "destination_port": "443",
    "query_name": "",
    "process_guid": null,
    "parent_process_guid": null,
    "process_id": null,
    "parent_process_id": null,
    "source_dataset": "collected",
    "source_file": "live_collection/192.168.55.52",
    "label": 0,
    "process_group_no": null,
    "process_event_order": null
  },
  {
    "record_id": 642,
    "time_created": "2026-06-30T12:16:26",
    "event_id": 3,
    "provider_name": "Microsoft-Windows-Sysmon",
    "process_name": "chrome.exe",
    "command_line": "",
    "parent_process": null,
    "destination_ip": "172.217.209.113",
    "destination_port": "443",
    "query_name": "",
    "process_guid": null,
    "parent_process_guid": null,
    "process_id": null,
    "parent_process_id": null,
    "source_dataset": "collected",
    "source_file": "live_collection/192.168.55.52",
    "label": 0,
    "process_group_no": null,
    "process_event_order": null
  },
  {
    "record_id": 643,
    "time_created": "2026-06-30T12:16:26",
    "event_id": 3,
    "provider_name": "Microsoft-Windows-Sysmon",
    "process_name": "chrome.exe",
    "command_line": "",
    "parent_process": null,
    "destination_ip": "142.251.157.119",
    "destination_port": "443",
    "query_name": "",
    "process_guid": null,
    "parent_process_guid": null,
    "process_id": null,
    "parent_process_id": null,
    "source_dataset": "collected",
    "source_file": "live_collection/192.168.55.52",
    "label": 0,
    "process_group_no": null,
    "process_event_order": null
  },
  {
    "record_id": 644,
    "time_created": "2026-06-30T12:16:26",
    "event_id": 3,
    "provider_name": "Microsoft-Windows-Sysmon",
    "process_name": "ASDSvc.exe",
    "command_line": "",
    "parent_process": null,
    "destination_ip": "211.115.106.209",
    "destination_port": "80",
    "query_name": "",
    "process_guid": null,
    "parent_process_guid": null,
    "process_id": null,
    "parent_process_id": null,
    "source_dataset": "collected",
    "source_file": "live_collection/192.168.55.52",
    "label": 0,
    "process_group_no": null,
    "process_event_order": null
  },
  {
    "record_id": 645,
    "time_created": "2026-06-30T12:16:26",
    "event_id": 3,
    "provider_name": "Microsoft-Windows-Sysmon",
    "process_name": "chrome.exe",
    "command_line": "",
    "parent_process": null,
    "destination_ip": "142.251.157.119",
    "destination_port": "443",
    "query_name": "",
    "process_guid": null,
    "parent_process_guid": null,
    "process_id": null,
    "parent_process_id": null,
    "source_dataset": "collected",
    "source_file": "live_collection/192.168.55.52",
    "label": 0,
    "process_group_no": null,
    "process_event_order": null
  },
  {
    "record_id": 646,
    "time_created": "2026-06-30T12:16:26",
    "event_id": 3,
    "provider_name": "Microsoft-Windows-Sysmon",
    "process_name": "chrome.exe",
    "command_line": "",
    "parent_process": null,
    "destination_ip": "142.251.157.119",
    "destination_port": "443",
    "query_name": "",
    "process_guid": null,
    "parent_process_guid": null,
    "process_id": null,
    "parent_process_id": null,
    "source_dataset": "collected",
    "source_file": "live_collection/192.168.55.52",
    "label": 0,
    "process_group_no": null,
    "process_event_order": null
  },
  {
    "record_id": 647,
    "time_created": "2026-06-30T12:16:27",
    "event_id": 3,
    "provider_name": "Microsoft-Windows-Sysmon",
    "process_name": "chrome.exe",
    "command_line": "",
    "parent_process": null,
    "destination_ip": "172.217.209.113",
    "destination_port": "443",
    "query_name": "",
    "process_guid": null,
    "parent_process_guid": null,
    "process_id": null,
    "parent_process_id": null,
    "source_dataset": "collected",
    "source_file": "live_collection/192.168.55.52",
    "label": 0,
    "process_group_no": null,
    "process_event_order": null
  },
  {
    "record_id": 648,
    "time_created": "2026-06-30T12:16:27",
    "event_id": 3,
    "provider_name": "Microsoft-Windows-Sysmon",
    "process_name": "chrome.exe",
    "command_line": "",
    "parent_process": null,
    "destination_ip": "172.217.209.113",
    "destination_port": "443",
    "query_name": "",
    "process_guid": null,
    "parent_process_guid": null,
    "process_id": null,
    "parent_process_id": null,
    "source_dataset": "collected",
    "source_file": "live_collection/192.168.55.52",
    "label": 0,
    "process_group_no": null,
    "process_event_order": null
  },
  {
    "record_id": 649,
    "time_created": "2026-06-30T12:16:27",
    "event_id": 3,
    "provider_name": "Microsoft-Windows-Sysmon",
    "process_name": "chrome.exe",
    "command_line": "",
    "parent_process": null,
    "destination_ip": "172.217.209.113",
    "destination_port": "443",
    "query_name": "",
    "process_guid": null,
    "parent_process_guid": null,
    "process_id": null,
    "parent_process_id": null,
    "source_dataset": "collected",
    "source_file": "live_collection/192.168.55.52",
    "label": 0,
    "process_group_no": null,
    "process_event_order": null
  },
  {
    "record_id": 650,
    "time_created": "2026-06-30T12:16:27",
    "event_id": 1,
    "provider_name": "Microsoft-Windows-Sysmon",
    "process_name": "ASDWsc.exe",
    "command_line": "\"C:\\Program Files\\AhnLab\\Safe Transaction\\ASDWsc.exe\" /fw /register /accessflag:1",
    "parent_process": null,
    "destination_ip": "",
    "destination_port": "",
    "query_name": "",
    "process_guid": null,
    "parent_process_guid": null,
    "process_id": null,
    "parent_process_id": null,
    "source_dataset": "collected",
    "source_file": "live_collection/192.168.55.52",
    "label": 0,
    "process_group_no": null,
    "process_event_order": null
  },
  {
    "record_id": 651,
    "time_created": "2026-06-30T12:16:27",
    "event_id": 5,
    "provider_name": "Microsoft-Windows-Sysmon",
    "process_name": "ASDWsc.exe",
    "command_line": "",
    "parent_process": null,
    "destination_ip": "",
    "destination_port": "",
    "query_name": "",
    "process_guid": null,
    "parent_process_guid": null,
    "process_id": null,
    "parent_process_id": null,
    "source_dataset": "collected",
    "source_file": "live_collection/192.168.55.52",
    "label": 0,
    "process_group_no": null,
    "process_event_order": null
  },
  {
    "record_id": 652,
    "time_created": "2026-06-30T12:16:27",
    "event_id": 3,
    "provider_name": "Microsoft-Windows-Sysmon",
    "process_name": "chrome.exe",
    "command_line": "",
    "parent_process": null,
    "destination_ip": "210.220.163.82",
    "destination_port": "53",
    "query_name": "",
    "process_guid": null,
    "parent_process_guid": null,
    "process_id": null,
    "parent_process_id": null,
    "source_dataset": "collected",
    "source_file": "live_collection/192.168.55.52",
    "label": 0,
    "process_group_no": null,
    "process_event_order": null
  },
  {
    "record_id": 653,
    "time_created": "2026-06-30T12:16:27",
    "event_id": 3,
    "provider_name": "Microsoft-Windows-Sysmon",
    "process_name": "chrome.exe",
    "command_line": "",
    "parent_process": null,
    "destination_ip": "210.220.163.82",
    "destination_port": "53",
    "query_name": "",
    "process_guid": null,
    "parent_process_guid": null,
    "process_id": null,
    "parent_process_id": null,
    "source_dataset": "collected",
    "source_file": "live_collection/192.168.55.52",
    "label": 0,
    "process_group_no": null,
    "process_event_order": null
  },
  {
    "record_id": 654,
    "time_created": "2026-06-30T12:16:27",
    "event_id": 3,
    "provider_name": "Microsoft-Windows-Sysmon",
    "process_name": "chrome.exe",
    "command_line": "",
    "parent_process": null,
    "destination_ip": "210.220.163.82",
    "destination_port": "53",
    "query_name": "",
    "process_guid": null,
    "parent_process_guid": null,
    "process_id": null,
    "parent_process_id": null,
    "source_dataset": "collected",
    "source_file": "live_collection/192.168.55.52",
    "label": 0,
    "process_group_no": null,
    "process_event_order": null
  },
  {
    "record_id": 655,
    "time_created": "2026-06-30T12:16:27",
    "event_id": 3,
    "provider_name": "Microsoft-Windows-Sysmon",
    "process_name": "chrome.exe",
    "command_line": "",
    "parent_process": null,
    "destination_ip": "172.217.211.101",
    "destination_port": "443",
    "query_name": "",
    "process_guid": null,
    "parent_process_guid": null,
    "process_id": null,
    "parent_process_id": null,
    "source_dataset": "collected",
    "source_file": "live_collection/192.168.55.52",
    "label": 0,
    "process_group_no": null,
    "process_event_order": null
  },
  {
    "record_id": 656,
    "time_created": "2026-06-30T12:16:27",
    "event_id": 3,
    "provider_name": "Microsoft-Windows-Sysmon",
    "process_name": "chrome.exe",
    "command_line": "",
    "parent_process": null,
    "destination_ip": "172.217.211.101",
    "destination_port": "443",
    "query_name": "",
    "process_guid": null,
    "parent_process_guid": null,
    "process_id": null,
    "parent_process_id": null,
    "source_dataset": "collected",
    "source_file": "live_collection/192.168.55.52",
    "label": 0,
    "process_group_no": null,
    "process_event_order": null
  },
  {
    "record_id": 657,
    "time_created": "2026-06-30T12:16:27",
    "event_id": 5,
    "provider_name": "Microsoft-Windows-Sysmon",
    "process_name": "dllhost.exe",
    "command_line": "",
    "parent_process": null,
    "destination_ip": "",
    "destination_port": "",
    "query_name": "",
    "process_guid": null,
    "parent_process_guid": null,
    "process_id": null,
    "parent_process_id": null,
    "source_dataset": "collected",
    "source_file": "live_collection/192.168.55.52",
    "label": 0,
    "process_group_no": null,
    "process_event_order": null
  },
  {
    "record_id": 658,
    "time_created": "2026-06-30T12:16:28",
    "event_id": 1,
    "provider_name": "Microsoft-Windows-Sysmon",
    "process_name": "chrome.exe",
    "command_line": "\"C:\\Program Files (x86)\\Google\\Chrome\\Application\\chrome.exe\" --type=renderer --origin-trial-disabled-features=CanvasTextNg|WebAssemblyCustomDescriptors --no-pre-read-main-dll --video-capture-use-gpu-memory-buffer --lang=ko --device-scale-factor=1 --num-raster-threads=3 --enable-main-frame-before-activation --renderer-client-id=118 --time-ticks-at-unix-epoch=-1782757078037454 --launch-time-ticks=32310909728 --metrics-shmem-handle=9196,i,12980959034559885409,6863413773747854785,2097152 --field-trial-handle=2072,i,13642895438352464947,13206856470309052393,262144 --disable-features=LocalNetworkAccessChecks --variations-seed-version=20260629-090059.675000-production --pseudonymization-salt-handle=2100,i,11403762369690310472,3374413806832889549,4 --trace-process-track-uuid=3190709096882809676 --mojo-platform-channel-handle=8484 /prefetch:1",
    "parent_process": null,
    "destination_ip": "",
    "destination_port": "",
    "query_name": "",
    "process_guid": null,
    "parent_process_guid": null,
    "process_id": null,
    "parent_process_id": null,
    "source_dataset": "collected",
    "source_file": "live_collection/192.168.55.52",
    "label": 0,
    "process_group_no": null,
    "process_event_order": null
  },
  {
    "record_id": 659,
    "time_created": "2026-06-30T12:16:29",
    "event_id": 5,
    "provider_name": "Microsoft-Windows-Sysmon",
    "process_name": "chrome.exe",
    "command_line": "",
    "parent_process": null,
    "destination_ip": "",
    "destination_port": "",
    "query_name": "",
    "process_guid": null,
    "parent_process_guid": null,
    "process_id": null,
    "parent_process_id": null,
    "source_dataset": "collected",
    "source_file": "live_collection/192.168.55.52",
    "label": 0,
    "process_group_no": null,
    "process_event_order": null
  },
  {
    "record_id": 660,
    "time_created": "2026-06-30T12:16:29",
    "event_id": 5,
    "provider_name": "Microsoft-Windows-Sysmon",
    "process_name": "chrome.exe",
    "command_line": "",
    "parent_process": null,
    "destination_ip": "",
    "destination_port": "",
    "query_name": "",
    "process_guid": null,
    "parent_process_guid": null,
    "process_id": null,
    "parent_process_id": null,
    "source_dataset": "collected",
    "source_file": "live_collection/192.168.55.52",
    "label": 0,
    "process_group_no": null,
    "process_event_order": null
  },
  {
    "record_id": 661,
    "time_created": "2026-06-30T12:16:30",
    "event_id": 3,
    "provider_name": "Microsoft-Windows-Sysmon",
    "process_name": "chrome.exe",
    "command_line": "",
    "parent_process": null,
    "destination_ip": "210.220.163.82",
    "destination_port": "53",
    "query_name": "",
    "process_guid": null,
    "parent_process_guid": null,
    "process_id": null,
    "parent_process_id": null,
    "source_dataset": "collected",
    "source_file": "live_collection/192.168.55.52",
    "label": 0,
    "process_group_no": null,
    "process_event_order": null
  },
  {
    "record_id": 662,
    "time_created": "2026-06-30T12:16:30",
    "event_id": 3,
    "provider_name": "Microsoft-Windows-Sysmon",
    "process_name": "chrome.exe",
    "command_line": "",
    "parent_process": null,
    "destination_ip": "210.220.163.82",
    "destination_port": "53",
    "query_name": "",
    "process_guid": null,
    "parent_process_guid": null,
    "process_id": null,
    "parent_process_id": null,
    "source_dataset": "collected",
    "source_file": "live_collection/192.168.55.52",
    "label": 0,
    "process_group_no": null,
    "process_event_order": null
  },
  {
    "record_id": 663,
    "time_created": "2026-06-30T12:16:30",
    "event_id": 3,
    "provider_name": "Microsoft-Windows-Sysmon",
    "process_name": "chrome.exe",
    "command_line": "",
    "parent_process": null,
    "destination_ip": "210.220.163.82",
    "destination_port": "53",
    "query_name": "",
    "process_guid": null,
    "parent_process_guid": null,
    "process_id": null,
    "parent_process_id": null,
    "source_dataset": "collected",
    "source_file": "live_collection/192.168.55.52",
    "label": 0,
    "process_group_no": null,
    "process_event_order": null
  },
  {
    "record_id": 664,
    "time_created": "2026-06-30T12:16:30",
    "event_id": 3,
    "provider_name": "Microsoft-Windows-Sysmon",
    "process_name": "chrome.exe",
    "command_line": "",
    "parent_process": null,
    "destination_ip": "210.220.163.82",
    "destination_port": "53",
    "query_name": "",
    "process_guid": null,
    "parent_process_guid": null,
    "process_id": null,
    "parent_process_id": null,
    "source_dataset": "collected",
    "source_file": "live_collection/192.168.55.52",
    "label": 0,
    "process_group_no": null,
    "process_event_order": null
  },
  {
    "record_id": 665,
    "time_created": "2026-06-30T12:16:30",
    "event_id": 3,
    "provider_name": "Microsoft-Windows-Sysmon",
    "process_name": "chrome.exe",
    "command_line": "",
    "parent_process": null,
    "destination_ip": "142.251.119.101",
    "destination_port": "443",
    "query_name": "",
    "process_guid": null,
    "parent_process_guid": null,
    "process_id": null,
    "parent_process_id": null,
    "source_dataset": "collected",
    "source_file": "live_collection/192.168.55.52",
    "label": 0,
    "process_group_no": null,
    "process_event_order": null
  },
  {
    "record_id": 666,
    "time_created": "2026-06-30T12:16:30",
    "event_id": 3,
    "provider_name": "Microsoft-Windows-Sysmon",
    "process_name": "chrome.exe",
    "command_line": "",
    "parent_process": null,
    "destination_ip": "142.251.119.101",
    "destination_port": "443",
    "query_name": "",
    "process_guid": null,
    "parent_process_guid": null,
    "process_id": null,
    "parent_process_id": null,
    "source_dataset": "collected",
    "source_file": "live_collection/192.168.55.52",
    "label": 0,
    "process_group_no": null,
    "process_event_order": null
  },
  {
    "record_id": 667,
    "time_created": "2026-06-30T12:16:30",
    "event_id": 1,
    "provider_name": "Microsoft-Windows-Sysmon",
    "process_name": "chrome.exe",
    "command_line": "\"C:\\Program Files (x86)\\Google\\Chrome\\Application\\chrome.exe\" --type=renderer --origin-trial-disabled-features=CanvasTextNg|WebAssemblyCustomDescriptors --no-pre-read-main-dll --video-capture-use-gpu-memory-buffer --lang=ko --device-scale-factor=1 --num-raster-threads=3 --enable-main-frame-before-activation --renderer-client-id=119 --time-ticks-at-unix-epoch=-1782757078037454 --launch-time-ticks=32312149106 --metrics-shmem-handle=8900,i,10176306748824060916,2617861788931662014,2097152 --field-trial-handle=2072,i,13642895438352464947,13206856470309052393,262144 --disable-features=LocalNetworkAccessChecks --variations-seed-version=20260629-090059.675000-production --pseudonymization-salt-handle=2100,i,11403762369690310472,3374413806832889549,4 --trace-process-track-uuid=3190709097819851525 --mojo-platform-channel-handle=8068 /prefetch:1",
    "parent_process": null,
    "destination_ip": "",
    "destination_port": "",
    "query_name": "",
    "process_guid": null,
    "parent_process_guid": null,
    "process_id": null,
    "parent_process_id": null,
    "source_dataset": "collected",
    "source_file": "live_collection/192.168.55.52",
    "label": 0,
    "process_group_no": null,
    "process_event_order": null
  },
  {
    "record_id": 668,
    "time_created": "2026-06-30T12:16:30",
    "event_id": 3,
    "provider_name": "Microsoft-Windows-Sysmon",
    "process_name": "chrome.exe",
    "command_line": "",
    "parent_process": null,
    "destination_ip": "210.220.163.82",
    "destination_port": "53",
    "query_name": "",
    "process_guid": null,
    "parent_process_guid": null,
    "process_id": null,
    "parent_process_id": null,
    "source_dataset": "collected",
    "source_file": "live_collection/192.168.55.52",
    "label": 0,
    "process_group_no": null,
    "process_event_order": null
  },
  {
    "record_id": 669,
    "time_created": "2026-06-30T12:16:30",
    "event_id": 3,
    "provider_name": "Microsoft-Windows-Sysmon",
    "process_name": "chrome.exe",
    "command_line": "",
    "parent_process": null,
    "destination_ip": "210.220.163.82",
    "destination_port": "53",
    "query_name": "",
    "process_guid": null,
    "parent_process_guid": null,
    "process_id": null,
    "parent_process_id": null,
    "source_dataset": "collected",
    "source_file": "live_collection/192.168.55.52",
    "label": 0,
    "process_group_no": null,
    "process_event_order": null
  },
  {
    "record_id": 670,
    "time_created": "2026-06-30T12:16:30",
    "event_id": 3,
    "provider_name": "Microsoft-Windows-Sysmon",
    "process_name": "chrome.exe",
    "command_line": "",
    "parent_process": null,
    "destination_ip": "210.220.163.82",
    "destination_port": "53",
    "query_name": "",
    "process_guid": null,
    "parent_process_guid": null,
    "process_id": null,
    "parent_process_id": null,
    "source_dataset": "collected",
    "source_file": "live_collection/192.168.55.52",
    "label": 0,
    "process_group_no": null,
    "process_event_order": null
  },
  {
    "record_id": 671,
    "time_created": "2026-06-30T12:16:30",
    "event_id": 3,
    "provider_name": "Microsoft-Windows-Sysmon",
    "process_name": "chrome.exe",
    "command_line": "",
    "parent_process": null,
    "destination_ip": "172.217.209.132",
    "destination_port": "443",
    "query_name": "",
    "process_guid": null,
    "parent_process_guid": null,
    "process_id": null,
    "parent_process_id": null,
    "source_dataset": "collected",
    "source_file": "live_collection/192.168.55.52",
    "label": 0,
    "process_group_no": null,
    "process_event_order": null
  },
  {
    "record_id": 672,
    "time_created": "2026-06-30T12:16:30",
    "event_id": 3,
    "provider_name": "Microsoft-Windows-Sysmon",
    "process_name": "chrome.exe",
    "command_line": "",
    "parent_process": null,
    "destination_ip": "172.217.209.132",
    "destination_port": "443",
    "query_name": "",
    "process_guid": null,
    "parent_process_guid": null,
    "process_id": null,
    "parent_process_id": null,
    "source_dataset": "collected",
    "source_file": "live_collection/192.168.55.52",
    "label": 0,
    "process_group_no": null,
    "process_event_order": null
  },
  {
    "record_id": 673,
    "time_created": "2026-06-30T12:16:30",
    "event_id": 1,
    "provider_name": "Microsoft-Windows-Sysmon",
    "process_name": "chrome.exe",
    "command_line": "\"C:\\Program Files (x86)\\Google\\Chrome\\Application\\chrome.exe\" --type=renderer --origin-trial-disabled-features=CanvasTextNg|WebAssemblyCustomDescriptors --no-pre-read-main-dll --video-capture-use-gpu-memory-buffer --lang=ko --device-scale-factor=1 --num-raster-threads=3 --enable-main-frame-before-activation --renderer-client-id=120 --time-ticks-at-unix-epoch=-1782757078037454 --launch-time-ticks=32312336502 --metrics-shmem-handle=6656,i,2470801315067807937,5920668117594454744,2097152 --field-trial-handle=2072,i,13642895438352464947,13206856470309052393,262144 --disable-features=LocalNetworkAccessChecks --variations-seed-version=20260629-090059.675000-production --pseudonymization-salt-handle=2100,i,11403762369690310472,3374413806832889549,4 --trace-process-track-uuid=3190709098756893374 --mojo-platform-channel-handle=9036 /prefetch:1",
    "parent_process": null,
    "destination_ip": "",
    "destination_port": "",
    "query_name": "",
    "process_guid": null,
    "parent_process_guid": null,
    "process_id": null,
    "parent_process_id": null,
    "source_dataset": "collected",
    "source_file": "live_collection/192.168.55.52",
    "label": 0,
    "process_group_no": null,
    "process_event_order": null
  },
  {
    "record_id": 674,
    "time_created": "2026-06-30T12:16:30",
    "event_id": 3,
    "provider_name": "Microsoft-Windows-Sysmon",
    "process_name": "chrome.exe",
    "command_line": "",
    "parent_process": null,
    "destination_ip": "210.220.163.82",
    "destination_port": "53",
    "query_name": "",
    "process_guid": null,
    "parent_process_guid": null,
    "process_id": null,
    "parent_process_id": null,
    "source_dataset": "collected",
    "source_file": "live_collection/192.168.55.52",
    "label": 0,
    "process_group_no": null,
    "process_event_order": null
  },
  {
    "record_id": 675,
    "time_created": "2026-06-30T12:16:30",
    "event_id": 3,
    "provider_name": "Microsoft-Windows-Sysmon",
    "process_name": "chrome.exe",
    "command_line": "",
    "parent_process": null,
    "destination_ip": "210.220.163.82",
    "destination_port": "53",
    "query_name": "",
    "process_guid": null,
    "parent_process_guid": null,
    "process_id": null,
    "parent_process_id": null,
    "source_dataset": "collected",
    "source_file": "live_collection/192.168.55.52",
    "label": 0,
    "process_group_no": null,
    "process_event_order": null
  },
  {
    "record_id": 676,
    "time_created": "2026-06-30T12:16:30",
    "event_id": 3,
    "provider_name": "Microsoft-Windows-Sysmon",
    "process_name": "chrome.exe",
    "command_line": "",
    "parent_process": null,
    "destination_ip": "210.220.163.82",
    "destination_port": "53",
    "query_name": "",
    "process_guid": null,
    "parent_process_guid": null,
    "process_id": null,
    "parent_process_id": null,
    "source_dataset": "collected",
    "source_file": "live_collection/192.168.55.52",
    "label": 0,
    "process_group_no": null,
    "process_event_order": null
  },
  {
    "record_id": 677,
    "time_created": "2026-06-30T12:16:30",
    "event_id": 3,
    "provider_name": "Microsoft-Windows-Sysmon",
    "process_name": "chrome.exe",
    "command_line": "",
    "parent_process": null,
    "destination_ip": "172.217.213.156",
    "destination_port": "443",
    "query_name": "",
    "process_guid": null,
    "parent_process_guid": null,
    "process_id": null,
    "parent_process_id": null,
    "source_dataset": "collected",
    "source_file": "live_collection/192.168.55.52",
    "label": 0,
    "process_group_no": null,
    "process_event_order": null
  },
  {
    "record_id": 678,
    "time_created": "2026-06-30T12:16:30",
    "event_id": 3,
    "provider_name": "Microsoft-Windows-Sysmon",
    "process_name": "chrome.exe",
    "command_line": "",
    "parent_process": null,
    "destination_ip": "172.217.213.156",
    "destination_port": "443",
    "query_name": "",
    "process_guid": null,
    "parent_process_guid": null,
    "process_id": null,
    "parent_process_id": null,
    "source_dataset": "collected",
    "source_file": "live_collection/192.168.55.52",
    "label": 0,
    "process_group_no": null,
    "process_event_order": null
  },
  {
    "record_id": 679,
    "time_created": "2026-06-30T12:16:30",
    "event_id": 3,
    "provider_name": "Microsoft-Windows-Sysmon",
    "process_name": "chrome.exe",
    "command_line": "",
    "parent_process": null,
    "destination_ip": "210.220.163.82",
    "destination_port": "53",
    "query_name": "",
    "process_guid": null,
    "parent_process_guid": null,
    "process_id": null,
    "parent_process_id": null,
    "source_dataset": "collected",
    "source_file": "live_collection/192.168.55.52",
    "label": 0,
    "process_group_no": null,
    "process_event_order": null
  },
  {
    "record_id": 680,
    "time_created": "2026-06-30T12:16:30",
    "event_id": 3,
    "provider_name": "Microsoft-Windows-Sysmon",
    "process_name": "chrome.exe",
    "command_line": "",
    "parent_process": null,
    "destination_ip": "210.220.163.82",
    "destination_port": "53",
    "query_name": "",
    "process_guid": null,
    "parent_process_guid": null,
    "process_id": null,
    "parent_process_id": null,
    "source_dataset": "collected",
    "source_file": "live_collection/192.168.55.52",
    "label": 0,
    "process_group_no": null,
    "process_event_order": null
  },
  {
    "record_id": 681,
    "time_created": "2026-06-30T12:16:30",
    "event_id": 3,
    "provider_name": "Microsoft-Windows-Sysmon",
    "process_name": "chrome.exe",
    "command_line": "",
    "parent_process": null,
    "destination_ip": "210.220.163.82",
    "destination_port": "53",
    "query_name": "",
    "process_guid": null,
    "parent_process_guid": null,
    "process_id": null,
    "parent_process_id": null,
    "source_dataset": "collected",
    "source_file": "live_collection/192.168.55.52",
    "label": 0,
    "process_group_no": null,
    "process_event_order": null
  },
  {
    "record_id": 682,
    "time_created": "2026-06-30T12:16:30",
    "event_id": 3,
    "provider_name": "Microsoft-Windows-Sysmon",
    "process_name": "chrome.exe",
    "command_line": "",
    "parent_process": null,
    "destination_ip": "142.251.118.97",
    "destination_port": "443",
    "query_name": "",
    "process_guid": null,
    "parent_process_guid": null,
    "process_id": null,
    "parent_process_id": null,
    "source_dataset": "collected",
    "source_file": "live_collection/192.168.55.52",
    "label": 0,
    "process_group_no": null,
    "process_event_order": null
  },
  {
    "record_id": 683,
    "time_created": "2026-06-30T12:16:30",
    "event_id": 3,
    "provider_name": "Microsoft-Windows-Sysmon",
    "process_name": "chrome.exe",
    "command_line": "",
    "parent_process": null,
    "destination_ip": "142.251.118.97",
    "destination_port": "443",
    "query_name": "",
    "process_guid": null,
    "parent_process_guid": null,
    "process_id": null,
    "parent_process_id": null,
    "source_dataset": "collected",
    "source_file": "live_collection/192.168.55.52",
    "label": 0,
    "process_group_no": null,
    "process_event_order": null
  },
  {
    "record_id": 684,
    "time_created": "2026-06-30T12:16:30",
    "event_id": 3,
    "provider_name": "Microsoft-Windows-Sysmon",
    "process_name": "chrome.exe",
    "command_line": "",
    "parent_process": null,
    "destination_ip": "210.220.163.82",
    "destination_port": "53",
    "query_name": "",
    "process_guid": null,
    "parent_process_guid": null,
    "process_id": null,
    "parent_process_id": null,
    "source_dataset": "collected",
    "source_file": "live_collection/192.168.55.52",
    "label": 0,
    "process_group_no": null,
    "process_event_order": null
  },
  {
    "record_id": 685,
    "time_created": "2026-06-30T12:16:30",
    "event_id": 3,
    "provider_name": "Microsoft-Windows-Sysmon",
    "process_name": "chrome.exe",
    "command_line": "",
    "parent_process": null,
    "destination_ip": "210.220.163.82",
    "destination_port": "53",
    "query_name": "",
    "process_guid": null,
    "parent_process_guid": null,
    "process_id": null,
    "parent_process_id": null,
    "source_dataset": "collected",
    "source_file": "live_collection/192.168.55.52",
    "label": 0,
    "process_group_no": null,
    "process_event_order": null
  },
  {
    "record_id": 686,
    "time_created": "2026-06-30T12:16:30",
    "event_id": 3,
    "provider_name": "Microsoft-Windows-Sysmon",
    "process_name": "chrome.exe",
    "command_line": "",
    "parent_process": null,
    "destination_ip": "210.220.163.82",
    "destination_port": "53",
    "query_name": "",
    "process_guid": null,
    "parent_process_guid": null,
    "process_id": null,
    "parent_process_id": null,
    "source_dataset": "collected",
    "source_file": "live_collection/192.168.55.52",
    "label": 0,
    "process_group_no": null,
    "process_event_order": null
  },
  {
    "record_id": 687,
    "time_created": "2026-06-30T12:16:30",
    "event_id": 3,
    "provider_name": "Microsoft-Windows-Sysmon",
    "process_name": "chrome.exe",
    "command_line": "",
    "parent_process": null,
    "destination_ip": "210.220.163.82",
    "destination_port": "53",
    "query_name": "",
    "process_guid": null,
    "parent_process_guid": null,
    "process_id": null,
    "parent_process_id": null,
    "source_dataset": "collected",
    "source_file": "live_collection/192.168.55.52",
    "label": 0,
    "process_group_no": null,
    "process_event_order": null
  },
  {
    "record_id": 688,
    "time_created": "2026-06-30T12:16:30",
    "event_id": 3,
    "provider_name": "Microsoft-Windows-Sysmon",
    "process_name": "chrome.exe",
    "command_line": "",
    "parent_process": null,
    "destination_ip": "210.220.163.82",
    "destination_port": "53",
    "query_name": "",
    "process_guid": null,
    "parent_process_guid": null,
    "process_id": null,
    "parent_process_id": null,
    "source_dataset": "collected",
    "source_file": "live_collection/192.168.55.52",
    "label": 0,
    "process_group_no": null,
    "process_event_order": null
  },
  {
    "record_id": 689,
    "time_created": "2026-06-30T12:16:30",
    "event_id": 3,
    "provider_name": "Microsoft-Windows-Sysmon",
    "process_name": "chrome.exe",
    "command_line": "",
    "parent_process": null,
    "destination_ip": "210.220.163.82",
    "destination_port": "53",
    "query_name": "",
    "process_guid": null,
    "parent_process_guid": null,
    "process_id": null,
    "parent_process_id": null,
    "source_dataset": "collected",
    "source_file": "live_collection/192.168.55.52",
    "label": 0,
    "process_group_no": null,
    "process_event_order": null
  },
  {
    "record_id": 690,
    "time_created": "2026-06-30T12:16:30",
    "event_id": 3,
    "provider_name": "Microsoft-Windows-Sysmon",
    "process_name": "chrome.exe",
    "command_line": "",
    "parent_process": null,
    "destination_ip": "142.251.119.95",
    "destination_port": "443",
    "query_name": "",
    "process_guid": null,
    "parent_process_guid": null,
    "process_id": null,
    "parent_process_id": null,
    "source_dataset": "collected",
    "source_file": "live_collection/192.168.55.52",
    "label": 0,
    "process_group_no": null,
    "process_event_order": null
  },
  {
    "record_id": 691,
    "time_created": "2026-06-30T12:16:30",
    "event_id": 3,
    "provider_name": "Microsoft-Windows-Sysmon",
    "process_name": "chrome.exe",
    "command_line": "",
    "parent_process": null,
    "destination_ip": "142.251.119.95",
    "destination_port": "443",
    "query_name": "",
    "process_guid": null,
    "parent_process_guid": null,
    "process_id": null,
    "parent_process_id": null,
    "source_dataset": "collected",
    "source_file": "live_collection/192.168.55.52",
    "label": 0,
    "process_group_no": null,
    "process_event_order": null
  },
  {
    "record_id": 692,
    "time_created": "2026-06-30T12:16:30",
    "event_id": 3,
    "provider_name": "Microsoft-Windows-Sysmon",
    "process_name": "chrome.exe",
    "command_line": "",
    "parent_process": null,
    "destination_ip": "172.217.213.156",
    "destination_port": "443",
    "query_name": "",
    "process_guid": null,
    "parent_process_guid": null,
    "process_id": null,
    "parent_process_id": null,
    "source_dataset": "collected",
    "source_file": "live_collection/192.168.55.52",
    "label": 0,
    "process_group_no": null,
    "process_event_order": null
  },
  {
    "record_id": 693,
    "time_created": "2026-06-30T12:16:30",
    "event_id": 3,
    "provider_name": "Microsoft-Windows-Sysmon",
    "process_name": "chrome.exe",
    "command_line": "",
    "parent_process": null,
    "destination_ip": "172.217.213.156",
    "destination_port": "443",
    "query_name": "",
    "process_guid": null,
    "parent_process_guid": null,
    "process_id": null,
    "parent_process_id": null,
    "source_dataset": "collected",
    "source_file": "live_collection/192.168.55.52",
    "label": 0,
    "process_group_no": null,
    "process_event_order": null
  },
  {
    "record_id": 694,
    "time_created": "2026-06-30T12:16:30",
    "event_id": 3,
    "provider_name": "Microsoft-Windows-Sysmon",
    "process_name": "chrome.exe",
    "command_line": "",
    "parent_process": null,
    "destination_ip": "142.251.118.97",
    "destination_port": "443",
    "query_name": "",
    "process_guid": null,
    "parent_process_guid": null,
    "process_id": null,
    "parent_process_id": null,
    "source_dataset": "collected",
    "source_file": "live_collection/192.168.55.52",
    "label": 0,
    "process_group_no": null,
    "process_event_order": null
  },
  {
    "record_id": 695,
    "time_created": "2026-06-30T12:16:30",
    "event_id": 3,
    "provider_name": "Microsoft-Windows-Sysmon",
    "process_name": "chrome.exe",
    "command_line": "",
    "parent_process": null,
    "destination_ip": "216.239.34.157",
    "destination_port": "443",
    "query_name": "",
    "process_guid": null,
    "parent_process_guid": null,
    "process_id": null,
    "parent_process_id": null,
    "source_dataset": "collected",
    "source_file": "live_collection/192.168.55.52",
    "label": 0,
    "process_group_no": null,
    "process_event_order": null
  },
  {
    "record_id": 696,
    "time_created": "2026-06-30T12:16:30",
    "event_id": 3,
    "provider_name": "Microsoft-Windows-Sysmon",
    "process_name": "chrome.exe",
    "command_line": "",
    "parent_process": null,
    "destination_ip": "216.239.34.157",
    "destination_port": "443",
    "query_name": "",
    "process_guid": null,
    "parent_process_guid": null,
    "process_id": null,
    "parent_process_id": null,
    "source_dataset": "collected",
    "source_file": "live_collection/192.168.55.52",
    "label": 0,
    "process_group_no": null,
    "process_event_order": null
  },
