  {
    "record_id": 1320,
    "time_created": "2026-06-30T08:12:06",
    "event_id": 3,
    "provider_name": "Microsoft-Windows-Sysmon",
    "process_name": "svchost.exe",
    "command_line": "",
    "parent_process": null,
    "destination_ip": "192.168.116.2",
    "destination_port": "53",
    "query_name": "",
    "process_guid": null,
    "parent_process_guid": null,
    "process_id": null,
    "parent_process_id": null,
    "source_dataset": "collected",
    "source_file": "live_collection/192.168.116.129",
    "label": 0,
    "process_group_no": null,
    "process_event_order": null
  },
  {
    "record_id": 1321,
    "time_created": "2026-06-30T08:12:20",
    "event_id": 1,
    "provider_name": "Microsoft-Windows-Sysmon",
    "process_name": "conhost.exe",
    "command_line": "\\??\\C:\\Windows\\system32\\conhost.exe 0xffffffff -ForceV1",
    "parent_process": null,
    "destination_ip": "",
    "destination_port": "",
    "query_name": "",
    "process_guid": null,
    "parent_process_guid": null,
    "process_id": null,
    "parent_process_id": null,
    "source_dataset": "collected",
    "source_file": "live_collection/192.168.116.129",
    "label": 0,
    "process_group_no": null,
    "process_event_order": null
  },
  {
    "record_id": 1322,
    "time_created": "2026-06-30T08:12:21",
    "event_id": 5,
    "provider_name": "Microsoft-Windows-Sysmon",
    "process_name": "powershell.exe",
    "command_line": "",
    "parent_process": null,
    "destination_ip": "",
    "destination_port": "",
    "query_name": "",
    "process_guid": null,
    "parent_process_guid": null,
    "process_id": null,
    "parent_process_id": null,
    "source_dataset": "collected",
    "source_file": "live_collection/192.168.116.129",
    "label": 0,
    "process_group_no": null,
    "process_event_order": null
  },
  {
    "record_id": 1323,
    "time_created": "2026-06-30T08:12:21",
    "event_id": 5,
    "provider_name": "Microsoft-Windows-Sysmon",
    "process_name": "conhost.exe",
    "command_line": "",
    "parent_process": null,
    "destination_ip": "",
    "destination_port": "",
    "query_name": "",
    "process_guid": null,
    "parent_process_guid": null,
    "process_id": null,
    "parent_process_id": null,
    "source_dataset": "collected",
    "source_file": "live_collection/192.168.116.129",
    "label": 0,
    "process_group_no": null,
    "process_event_order": null
  },
  {
    "record_id": 1324,
    "time_created": "2026-06-30T08:12:37",
    "event_id": 1,
    "provider_name": "Microsoft-Windows-Sysmon",
    "process_name": "conhost.exe",
    "command_line": "\\??\\C:\\Windows\\system32\\conhost.exe 0xffffffff -ForceV1",
    "parent_process": null,
    "destination_ip": "",
    "destination_port": "",
    "query_name": "",
    "process_guid": null,
    "parent_process_guid": null,
    "process_id": null,
    "parent_process_id": null,
    "source_dataset": "collected",
    "source_file": "live_collection/192.168.116.129",
    "label": 0,
    "process_group_no": null,
    "process_event_order": null
  },
  {
    "record_id": 1325,
    "time_created": "2026-06-30T08:12:38",
    "event_id": 3,
    "provider_name": "Microsoft-Windows-Sysmon",
    "process_name": "explorer.exe",
    "command_line": "",
    "parent_process": null,
    "destination_ip": "203.251.234.16",
    "destination_port": "443",
    "query_name": "",
    "process_guid": null,
    "parent_process_guid": null,
    "process_id": null,
    "parent_process_id": null,
    "source_dataset": "collected",
    "source_file": "live_collection/192.168.116.129",
    "label": 0,
    "process_group_no": null,
    "process_event_order": null
  },
  {
    "record_id": 1326,
    "time_created": "2026-06-30T08:12:38",
    "event_id": 5,
    "provider_name": "Microsoft-Windows-Sysmon",
    "process_name": "powershell.exe",
    "command_line": "",
    "parent_process": null,
    "destination_ip": "",
    "destination_port": "",
    "query_name": "",
    "process_guid": null,
    "parent_process_guid": null,
    "process_id": null,
    "parent_process_id": null,
    "source_dataset": "collected",
    "source_file": "live_collection/192.168.116.129",
    "label": 0,
    "process_group_no": null,
    "process_event_order": null
  },
  {
    "record_id": 1327,
    "time_created": "2026-06-30T08:12:38",
    "event_id": 5,
    "provider_name": "Microsoft-Windows-Sysmon",
    "process_name": "conhost.exe",
    "command_line": "",
    "parent_process": null,
    "destination_ip": "",
    "destination_port": "",
    "query_name": "",
    "process_guid": null,
    "parent_process_guid": null,
    "process_id": null,
    "parent_process_id": null,
    "source_dataset": "collected",
    "source_file": "live_collection/192.168.116.129",
    "label": 0,
    "process_group_no": null,
    "process_event_order": null
  },
  {
    "record_id": 1328,
    "time_created": "2026-06-30T08:08:40",
    "event_id": 3,
    "provider_name": "Microsoft-Windows-Sysmon",
    "process_name": "msedge.exe",
    "command_line": "",
    "parent_process": null,
    "destination_ip": "192.168.116.2",
    "destination_port": "53",
    "query_name": "",
    "process_guid": null,
    "parent_process_guid": null,
    "process_id": null,
    "parent_process_id": null,
    "source_dataset": "collected",
    "source_file": "live_collection/192.168.116.129",
    "label": 0,
    "process_group_no": null,
    "process_event_order": null
  },
  {
    "record_id": 1329,
    "time_created": "2026-06-30T08:08:40",
    "event_id": 3,
    "provider_name": "Microsoft-Windows-Sysmon",
    "process_name": "msedge.exe",
    "command_line": "",
    "parent_process": null,
    "destination_ip": "151.101.1.229",
    "destination_port": "443",
    "query_name": "",
    "process_guid": null,
    "parent_process_guid": null,
    "process_id": null,
    "parent_process_id": null,
    "source_dataset": "collected",
    "source_file": "live_collection/192.168.116.129",
    "label": 0,
    "process_group_no": null,
    "process_event_order": null
  },
  {
    "record_id": 1330,
    "time_created": "2026-06-30T08:08:40",
    "event_id": 22,
    "provider_name": "Microsoft-Windows-Sysmon",
    "process_name": "svchost.exe",
    "command_line": "",
    "parent_process": null,
    "destination_ip": "",
    "destination_port": "",
    "query_name": "checkip.amazonaws.com",
    "process_guid": null,
    "parent_process_guid": null,
    "process_id": null,
    "parent_process_id": null,
    "source_dataset": "collected",
    "source_file": "live_collection/192.168.116.129",
    "label": 0,
    "process_group_no": null,
    "process_event_order": null
  },
  {
    "record_id": 1331,
    "time_created": "2026-06-30T08:08:41",
    "event_id": 3,
    "provider_name": "Microsoft-Windows-Sysmon",
    "process_name": "svchost.exe",
    "command_line": "",
    "parent_process": null,
    "destination_ip": "192.168.116.2",
    "destination_port": "53",
    "query_name": "",
    "process_guid": null,
    "parent_process_guid": null,
    "process_id": null,
    "parent_process_id": null,
    "source_dataset": "collected",
    "source_file": "live_collection/192.168.116.129",
    "label": 0,
    "process_group_no": null,
    "process_event_order": null
  },
  {
    "record_id": 1332,
    "time_created": "2026-06-30T08:08:41",
    "event_id": 1,
    "provider_name": "Microsoft-Windows-Sysmon",
    "process_name": "conhost.exe",
    "command_line": "\\??\\C:\\Windows\\system32\\conhost.exe 0xffffffff -ForceV1",
    "parent_process": null,
    "destination_ip": "",
    "destination_port": "",
    "query_name": "",
    "process_guid": null,
    "parent_process_guid": null,
    "process_id": null,
    "parent_process_id": null,
    "source_dataset": "collected",
    "source_file": "live_collection/192.168.116.129",
    "label": 0,
    "process_group_no": null,
    "process_event_order": null
  },
  {
    "record_id": 1333,
    "time_created": "2026-06-30T08:08:41",
    "event_id": 22,
    "provider_name": "Microsoft-Windows-Sysmon",
    "process_name": "Sysmon64.exe",
    "command_line": "",
    "parent_process": null,
    "destination_ip": "",
    "destination_port": "",
    "query_name": "229.1.101.151.in-addr.arpa.",
    "process_guid": null,
    "parent_process_guid": null,
    "process_id": null,
    "parent_process_id": null,
    "source_dataset": "collected",
    "source_file": "live_collection/192.168.116.129",
    "label": 0,
    "process_group_no": null,
    "process_event_order": null
  },
  {
    "record_id": 1334,
    "time_created": "2026-06-30T08:08:41",
    "event_id": 3,
    "provider_name": "Microsoft-Windows-Sysmon",
    "process_name": "msedge.exe",
    "command_line": "",
    "parent_process": null,
    "destination_ip": "192.168.116.2",
    "destination_port": "53",
    "query_name": "",
    "process_guid": null,
    "parent_process_guid": null,
    "process_id": null,
    "parent_process_id": null,
    "source_dataset": "collected",
    "source_file": "live_collection/192.168.116.129",
    "label": 0,
    "process_group_no": null,
    "process_event_order": null
  },
  {
    "record_id": 1335,
    "time_created": "2026-06-30T08:08:41",
    "event_id": 3,
    "provider_name": "Microsoft-Windows-Sysmon",
    "process_name": "msedge.exe",
    "command_line": "",
    "parent_process": null,
    "destination_ip": "192.168.116.2",
    "destination_port": "53",
    "query_name": "",
    "process_guid": null,
    "parent_process_guid": null,
    "process_id": null,
    "parent_process_id": null,
    "source_dataset": "collected",
    "source_file": "live_collection/192.168.116.129",
    "label": 0,
    "process_group_no": null,
    "process_event_order": null
  },
  {
    "record_id": 1336,
    "time_created": "2026-06-30T08:08:41",
    "event_id": 3,
    "provider_name": "Microsoft-Windows-Sysmon",
    "process_name": "msedge.exe",
    "command_line": "",
    "parent_process": null,
    "destination_ip": "150.171.28.11",
    "destination_port": "443",
    "query_name": "",
    "process_guid": null,
    "parent_process_guid": null,
    "process_id": null,
    "parent_process_id": null,
    "source_dataset": "collected",
    "source_file": "live_collection/192.168.116.129",
    "label": 0,
    "process_group_no": null,
    "process_event_order": null
  },
  {
    "record_id": 1337,
    "time_created": "2026-06-30T08:08:45",
    "event_id": 5,
    "provider_name": "Microsoft-Windows-Sysmon",
    "process_name": "powershell.exe",
    "command_line": "",
    "parent_process": null,
    "destination_ip": "",
    "destination_port": "",
    "query_name": "",
    "process_guid": null,
    "parent_process_guid": null,
    "process_id": null,
    "parent_process_id": null,
    "source_dataset": "collected",
    "source_file": "live_collection/192.168.116.129",
    "label": 0,
    "process_group_no": null,
    "process_event_order": null
  },
  {
    "record_id": 1338,
    "time_created": "2026-06-30T08:08:45",
    "event_id": 5,
    "provider_name": "Microsoft-Windows-Sysmon",
    "process_name": "conhost.exe",
    "command_line": "",
    "parent_process": null,
    "destination_ip": "",
    "destination_port": "",
    "query_name": "",
    "process_guid": null,
    "parent_process_guid": null,
    "process_id": null,
    "parent_process_id": null,
    "source_dataset": "collected",
    "source_file": "live_collection/192.168.116.129",
    "label": 0,
    "process_group_no": null,
    "process_event_order": null
  },
  {
    "record_id": 1339,
    "time_created": "2026-06-30T08:08:46",
    "event_id": 22,
    "provider_name": "Microsoft-Windows-Sysmon",
    "process_name": "python.exe",
    "command_line": "",
    "parent_process": null,
    "destination_ip": "",
    "destination_port": "",
    "query_name": "DESKTOP-6UVD125",
    "process_guid": null,
    "parent_process_guid": null,
    "process_id": null,
    "parent_process_id": null,
    "source_dataset": "collected",
    "source_file": "live_collection/192.168.116.129",
    "label": 0,
    "process_group_no": null,
    "process_event_order": null
  },
  {
    "record_id": 1340,
    "time_created": "2026-06-30T08:08:47",
    "event_id": 22,
    "provider_name": "Microsoft-Windows-Sysmon",
    "process_name": "python.exe",
    "command_line": "",
    "parent_process": null,
    "destination_ip": "",
    "destination_port": "",
    "query_name": "localhost",
    "process_guid": null,
    "parent_process_guid": null,
    "process_id": null,
    "parent_process_id": null,
    "source_dataset": "collected",
    "source_file": "live_collection/192.168.116.129",
    "label": 0,
    "process_group_no": null,
    "process_event_order": null
  },
  {
    "record_id": 1341,
    "time_created": "2026-06-30T08:09:03",
    "event_id": 5,
    "provider_name": "Microsoft-Windows-Sysmon",
    "process_name": "msedge.exe",
    "command_line": "",
    "parent_process": null,
    "destination_ip": "",
    "destination_port": "",
    "query_name": "",
    "process_guid": null,
    "parent_process_guid": null,
    "process_id": null,
    "parent_process_id": null,
    "source_dataset": "collected",
    "source_file": "live_collection/192.168.116.129",
    "label": 0,
    "process_group_no": null,
    "process_event_order": null
  },
  {
    "record_id": 1342,
    "time_created": "2026-06-30T08:09:16",
    "event_id": 1,
    "provider_name": "Microsoft-Windows-Sysmon",
    "process_name": "msedge.exe",
    "command_line": "\"C:\\Program Files (x86)\\Microsoft\\Edge\\Application\\msedge.exe\" --type=utility --utility-sub-type=edge_search_indexer.mojom.SearchIndexerInterfaceBroker --lang=ko --service-sandbox-type=search_indexer --message-loop-type-ui --ram-no-pressure-read-main-dll --metrics-shmem-handle=6096,i,4794961846542850602,7750029147280253534,524288 --field-trial-handle=2272,i,2851401284129209360,13568372919718021657,262144 --variations-seed-version --pseudonymization-salt-handle=2276,i,6721066860461351939,17610685959097088854,4 --trace-process-track-uuid=3190708996619331833 --mojo-platform-channel-handle=6064 /prefetch:8",
    "parent_process": null,
    "destination_ip": "",
    "destination_port": "",
    "query_name": "",
    "process_guid": null,
    "parent_process_guid": null,
    "process_id": null,
    "parent_process_id": null,
    "source_dataset": "collected",
    "source_file": "live_collection/192.168.116.129",
    "label": 0,
    "process_group_no": null,
    "process_event_order": null
  },
  {
    "record_id": 1343,
    "time_created": "2026-06-30T08:09:17",
    "event_id": 1,
    "provider_name": "Microsoft-Windows-Sysmon",
    "process_name": "SearchProtocolHost.exe",
    "command_line": "\"C:\\Windows\\system32\\SearchProtocolHost.exe\" Global\\UsGthrFltPipeMssGthrPipe_S-1-5-21-304190142-3981956990-901072795-10016_ Global\\UsGthrCtrlFltPipeMssGthrPipe_S-1-5-21-304190142-3981956990-901072795-10016 1 -2147483646 \"Software\\Microsoft\\Windows Search\" \"Mozilla/4.0 (compatible; MSIE 6.0; Windows NT; MS Search 4.0 Robot)\" \"C:\\ProgramData\\Microsoft\\Search\\Data\\Temp\\usgthrsvc\" \"DownLevelDaemon\"  \"1\"",
    "parent_process": null,
    "destination_ip": "",
    "destination_port": "",
    "query_name": "",
    "process_guid": null,
    "parent_process_guid": null,
    "process_id": null,
    "parent_process_id": null,
    "source_dataset": "collected",
    "source_file": "live_collection/192.168.116.129",
    "label": 0,
    "process_group_no": null,
    "process_event_order": null
  },
  {
    "record_id": 1344,
    "time_created": "2026-06-30T08:09:17",
    "event_id": 1,
    "provider_name": "Microsoft-Windows-Sysmon",
    "process_name": "SearchFilterHost.exe",
    "command_line": "\"C:\\Windows\\system32\\SearchFilterHost.exe\" 0 800 804 812 8192 808 784",
    "parent_process": null,
    "destination_ip": "",
    "destination_port": "",
    "query_name": "",
    "process_guid": null,
    "parent_process_guid": null,
    "process_id": null,
    "parent_process_id": null,
    "source_dataset": "collected",
    "source_file": "live_collection/192.168.116.129",
    "label": 0,
    "process_group_no": null,
    "process_event_order": null
  },
  {
    "record_id": 1345,
    "time_created": "2026-06-30T08:09:22",
    "event_id": 3,
    "provider_name": "Microsoft-Windows-Sysmon",
    "process_name": "msedge.exe",
    "command_line": "",
    "parent_process": null,
    "destination_ip": "192.168.116.2",
    "destination_port": "53",
    "query_name": "",
    "process_guid": null,
    "parent_process_guid": null,
    "process_id": null,
    "parent_process_id": null,
    "source_dataset": "collected",
    "source_file": "live_collection/192.168.116.129",
    "label": 0,
    "process_group_no": null,
    "process_event_order": null
  },
  {
    "record_id": 1346,
    "time_created": "2026-06-30T08:09:22",
    "event_id": 3,
    "provider_name": "Microsoft-Windows-Sysmon",
    "process_name": "msedge.exe",
    "command_line": "",
    "parent_process": null,
    "destination_ip": "192.168.116.2",
    "destination_port": "53",
    "query_name": "",
    "process_guid": null,
    "parent_process_guid": null,
    "process_id": null,
    "parent_process_id": null,
    "source_dataset": "collected",
    "source_file": "live_collection/192.168.116.129",
    "label": 0,
    "process_group_no": null,
    "process_event_order": null
  },
  {
    "record_id": 1347,
    "time_created": "2026-06-30T08:09:22",
    "event_id": 3,
    "provider_name": "Microsoft-Windows-Sysmon",
    "process_name": "svchost.exe",
    "command_line": "",
    "parent_process": null,
    "destination_ip": "192.168.116.2",
    "destination_port": "53",
    "query_name": "",
    "process_guid": null,
    "parent_process_guid": null,
    "process_id": null,
    "parent_process_id": null,
    "source_dataset": "collected",
    "source_file": "live_collection/192.168.116.129",
    "label": 0,
    "process_group_no": null,
    "process_event_order": null
  },
  {
    "record_id": 1348,
    "time_created": "2026-06-30T08:09:23",
    "event_id": 3,
    "provider_name": "Microsoft-Windows-Sysmon",
    "process_name": "msedge.exe",
    "command_line": "",
    "parent_process": null,
    "destination_ip": "150.171.27.11",
    "destination_port": "443",
    "query_name": "",
    "process_guid": null,
    "parent_process_guid": null,
    "process_id": null,
    "parent_process_id": null,
    "source_dataset": "collected",
    "source_file": "live_collection/192.168.116.129",
    "label": 0,
    "process_group_no": null,
    "process_event_order": null
  },
  {
    "record_id": 1349,
    "time_created": "2026-06-30T08:09:30",
    "event_id": 22,
    "provider_name": "Microsoft-Windows-Sysmon",
    "process_name": "svchost.exe",
    "command_line": "",
    "parent_process": null,
    "destination_ip": "",
    "destination_port": "",
    "query_name": "checkip.amazonaws.com",
    "process_guid": null,
    "parent_process_guid": null,
    "process_id": null,
    "parent_process_id": null,
    "source_dataset": "collected",
    "source_file": "live_collection/192.168.116.129",
    "label": 0,
    "process_group_no": null,
    "process_event_order": null
  },
  {
    "record_id": 1350,
    "time_created": "2026-06-30T08:09:30",
    "event_id": 3,
    "provider_name": "Microsoft-Windows-Sysmon",
    "process_name": "svchost.exe",
    "command_line": "",
    "parent_process": null,
    "destination_ip": "192.168.116.2",
    "destination_port": "53",
    "query_name": "",
    "process_guid": null,
    "parent_process_guid": null,
    "process_id": null,
    "parent_process_id": null,
    "source_dataset": "collected",
    "source_file": "live_collection/192.168.116.129",
    "label": 0,
    "process_group_no": null,
    "process_event_order": null
  },
  {
    "record_id": 1351,
    "time_created": "2026-06-30T08:09:33",
    "event_id": 3,
    "provider_name": "Microsoft-Windows-Sysmon",
    "process_name": "msedge.exe",
    "command_line": "",
    "parent_process": null,
    "destination_ip": "192.168.116.2",
    "destination_port": "53",
    "query_name": "",
    "process_guid": null,
    "parent_process_guid": null,
    "process_id": null,
    "parent_process_id": null,
    "source_dataset": "collected",
    "source_file": "live_collection/192.168.116.129",
    "label": 0,
    "process_group_no": null,
    "process_event_order": null
  },
  {
    "record_id": 1352,
    "time_created": "2026-06-30T08:09:33",
    "event_id": 3,
    "provider_name": "Microsoft-Windows-Sysmon",
    "process_name": "msedge.exe",
    "command_line": "",
    "parent_process": null,
    "destination_ip": "192.168.116.2",
    "destination_port": "53",
    "query_name": "",
    "process_guid": null,
    "parent_process_guid": null,
    "process_id": null,
    "parent_process_id": null,
    "source_dataset": "collected",
    "source_file": "live_collection/192.168.116.129",
    "label": 0,
    "process_group_no": null,
    "process_event_order": null
  },
  {
    "record_id": 1353,
    "time_created": "2026-06-30T08:09:33",
    "event_id": 3,
    "provider_name": "Microsoft-Windows-Sysmon",
    "process_name": "msedge.exe",
    "command_line": "",
    "parent_process": null,
    "destination_ip": "203.251.233.235",
    "destination_port": "443",
    "query_name": "",
    "process_guid": null,
    "parent_process_guid": null,
    "process_id": null,
    "parent_process_id": null,
    "source_dataset": "collected",
    "source_file": "live_collection/192.168.116.129",
    "label": 0,
    "process_group_no": null,
    "process_event_order": null
  },
  {
    "record_id": 1354,
    "time_created": "2026-06-30T08:09:43",
    "event_id": 3,
    "provider_name": "Microsoft-Windows-Sysmon",
    "process_name": "svchost.exe",
    "command_line": "",
    "parent_process": null,
    "destination_ip": "192.168.116.2",
    "destination_port": "53",
    "query_name": "",
    "process_guid": null,
    "parent_process_guid": null,
    "process_id": null,
    "parent_process_id": null,
    "source_dataset": "collected",
    "source_file": "live_collection/192.168.116.129",
    "label": 0,
    "process_group_no": null,
    "process_event_order": null
  },
  {
    "record_id": 1355,
    "time_created": "2026-06-30T08:09:45",
    "event_id": 5,
    "provider_name": "Microsoft-Windows-Sysmon",
    "process_name": "svchost.exe",
    "command_line": "",
    "parent_process": null,
    "destination_ip": "",
    "destination_port": "",
    "query_name": "",
    "process_guid": null,
    "parent_process_guid": null,
    "process_id": null,
    "parent_process_id": null,
    "source_dataset": "collected",
    "source_file": "live_collection/192.168.116.129",
    "label": 0,
    "process_group_no": null,
    "process_event_order": null
  },
  {
    "record_id": 1356,
    "time_created": "2026-06-30T08:10:02",
    "event_id": 3,
    "provider_name": "Microsoft-Windows-Sysmon",
    "process_name": "msedge.exe",
    "command_line": "",
    "parent_process": null,
    "destination_ip": "203.251.233.235",
    "destination_port": "443",
    "query_name": "",
    "process_guid": null,
    "parent_process_guid": null,
    "process_id": null,
    "parent_process_id": null,
    "source_dataset": "collected",
    "source_file": "live_collection/192.168.116.129",
    "label": 0,
    "process_group_no": null,
    "process_event_order": null
  },
  {
    "record_id": 1357,
    "time_created": "2026-06-30T08:10:30",
    "event_id": 22,
    "provider_name": "Microsoft-Windows-Sysmon",
    "process_name": "explorer.exe",
    "command_line": "",
    "parent_process": null,
    "destination_ip": "",
    "destination_port": "",
    "query_name": "img-s-msn-com.akamaized.net",
    "process_guid": null,
    "parent_process_guid": null,
    "process_id": null,
    "parent_process_id": null,
    "source_dataset": "collected",
    "source_file": "live_collection/192.168.116.129",
    "label": 0,
    "process_group_no": null,
    "process_event_order": null
  },
  {
    "record_id": 1358,
    "time_created": "2026-06-30T08:10:31",
    "event_id": 3,
    "provider_name": "Microsoft-Windows-Sysmon",
    "process_name": "svchost.exe",
    "command_line": "",
    "parent_process": null,
    "destination_ip": "192.168.116.2",
    "destination_port": "53",
    "query_name": "",
    "process_guid": null,
    "parent_process_guid": null,
    "process_id": null,
    "parent_process_id": null,
    "source_dataset": "collected",
    "source_file": "live_collection/192.168.116.129",
    "label": 0,
    "process_group_no": null,
    "process_event_order": null
  },
  {
    "record_id": 1359,
    "time_created": "2026-06-30T08:10:31",
    "event_id": 3,
    "provider_name": "Microsoft-Windows-Sysmon",
    "process_name": "explorer.exe",
    "command_line": "",
    "parent_process": null,
    "destination_ip": "23.60.96.134",
    "destination_port": "443",
    "query_name": "",
    "process_guid": null,
    "parent_process_guid": null,
    "process_id": null,
    "parent_process_id": null,
    "source_dataset": "collected",
    "source_file": "live_collection/192.168.116.129",
    "label": 0,
    "process_group_no": null,
    "process_event_order": null
  },
  {
    "record_id": 1360,
    "time_created": "2026-06-30T08:10:31",
    "event_id": 3,
    "provider_name": "Microsoft-Windows-Sysmon",
    "process_name": "svchost.exe",
    "command_line": "",
    "parent_process": null,
    "destination_ip": "192.168.116.2",
    "destination_port": "53",
    "query_name": "",
    "process_guid": null,
    "parent_process_guid": null,
    "process_id": null,
    "parent_process_id": null,
    "source_dataset": "collected",
    "source_file": "live_collection/192.168.116.129",
    "label": 0,
    "process_group_no": null,
    "process_event_order": null
  },
  {
    "record_id": 1361,
    "time_created": "2026-06-30T08:10:31",
    "event_id": 3,
    "provider_name": "Microsoft-Windows-Sysmon",
    "process_name": "explorer.exe",
    "command_line": "",
    "parent_process": null,
    "destination_ip": "23.11.39.161",
    "destination_port": "80",
    "query_name": "",
    "process_guid": null,
    "parent_process_guid": null,
    "process_id": null,
    "parent_process_id": null,
    "source_dataset": "collected",
    "source_file": "live_collection/192.168.116.129",
    "label": 0,
    "process_group_no": null,
    "process_event_order": null
  },
  {
    "record_id": 1362,
    "time_created": "2026-06-30T08:10:31",
    "event_id": 22,
    "provider_name": "Microsoft-Windows-Sysmon",
    "process_name": "explorer.exe",
    "command_line": "",
    "parent_process": null,
    "destination_ip": "",
    "destination_port": "",
    "query_name": "ocsp.digicert.com",
    "process_guid": null,
    "parent_process_guid": null,
    "process_id": null,
    "parent_process_id": null,
    "source_dataset": "collected",
    "source_file": "live_collection/192.168.116.129",
    "label": 0,
    "process_group_no": null,
    "process_event_order": null
  },
  {
    "record_id": 1363,
    "time_created": "2026-06-30T08:10:32",
    "event_id": 22,
    "provider_name": "Microsoft-Windows-Sysmon",
    "process_name": "Sysmon64.exe",
    "command_line": "",
    "parent_process": null,
    "destination_ip": "",
    "destination_port": "",
    "query_name": "134.96.60.23.in-addr.arpa.",
    "process_guid": null,
    "parent_process_guid": null,
    "process_id": null,
    "parent_process_id": null,
    "source_dataset": "collected",
    "source_file": "live_collection/192.168.116.129",
    "label": 0,
    "process_group_no": null,
    "process_event_order": null
  },
  {
    "record_id": 1364,
    "time_created": "2026-06-30T08:10:32",
    "event_id": 3,
    "provider_name": "Microsoft-Windows-Sysmon",
    "process_name": "svchost.exe",
    "command_line": "",
    "parent_process": null,
    "destination_ip": "192.168.116.2",
    "destination_port": "53",
    "query_name": "",
    "process_guid": null,
    "parent_process_guid": null,
    "process_id": null,
    "parent_process_id": null,
    "source_dataset": "collected",
    "source_file": "live_collection/192.168.116.129",
    "label": 0,
    "process_group_no": null,
    "process_event_order": null
  },
  {
    "record_id": 1365,
    "time_created": "2026-06-30T08:10:33",
    "event_id": 3,
    "provider_name": "Microsoft-Windows-Sysmon",
    "process_name": "msedge.exe",
    "command_line": "",
    "parent_process": null,
    "destination_ip": "192.168.116.2",
    "destination_port": "53",
    "query_name": "",
    "process_guid": null,
    "parent_process_guid": null,
    "process_id": null,
    "parent_process_id": null,
    "source_dataset": "collected",
    "source_file": "live_collection/192.168.116.129",
    "label": 0,
    "process_group_no": null,
    "process_event_order": null
  },
  {
    "record_id": 1366,
    "time_created": "2026-06-30T08:10:33",
    "event_id": 3,
    "provider_name": "Microsoft-Windows-Sysmon",
    "process_name": "msedge.exe",
    "command_line": "",
    "parent_process": null,
    "destination_ip": "192.168.116.2",
    "destination_port": "53",
    "query_name": "",
    "process_guid": null,
    "parent_process_guid": null,
    "process_id": null,
    "parent_process_id": null,
    "source_dataset": "collected",
    "source_file": "live_collection/192.168.116.129",
    "label": 0,
    "process_group_no": null,
    "process_event_order": null
  },
  {
    "record_id": 1367,
    "time_created": "2026-06-30T08:10:33",
    "event_id": 3,
    "provider_name": "Microsoft-Windows-Sysmon",
    "process_name": "svchost.exe",
    "command_line": "",
    "parent_process": null,
    "destination_ip": "192.168.116.2",
    "destination_port": "53",
    "query_name": "",
    "process_guid": null,
    "parent_process_guid": null,
    "process_id": null,
    "parent_process_id": null,
    "source_dataset": "collected",
    "source_file": "live_collection/192.168.116.129",
    "label": 0,
    "process_group_no": null,
    "process_event_order": null
  },
  {
    "record_id": 1368,
    "time_created": "2026-06-30T08:10:33",
    "event_id": 3,
    "provider_name": "Microsoft-Windows-Sysmon",
    "process_name": "msedge.exe",
    "command_line": "",
    "parent_process": null,
    "destination_ip": "203.251.233.235",
    "destination_port": "443",
    "query_name": "",
    "process_guid": null,
    "parent_process_guid": null,
    "process_id": null,
    "parent_process_id": null,
    "source_dataset": "collected",
    "source_file": "live_collection/192.168.116.129",
    "label": 0,
    "process_group_no": null,
    "process_event_order": null
  },
  {
    "record_id": 1369,
    "time_created": "2026-06-30T08:10:41",
    "event_id": 22,
    "provider_name": "Microsoft-Windows-Sysmon",
    "process_name": "svchost.exe",
    "command_line": "",
    "parent_process": null,
    "destination_ip": "",
    "destination_port": "",
    "query_name": "ocsp.digicert.com",
    "process_guid": null,
    "parent_process_guid": null,
    "process_id": null,
    "parent_process_id": null,
    "source_dataset": "collected",
    "source_file": "live_collection/192.168.116.129",
    "label": 0,
    "process_group_no": null,
    "process_event_order": null
  },
  {
    "record_id": 1370,
    "time_created": "2026-06-30T08:10:41",
    "event_id": 3,
    "provider_name": "Microsoft-Windows-Sysmon",
    "process_name": "svchost.exe",
    "command_line": "",
    "parent_process": null,
    "destination_ip": "192.168.116.2",
    "destination_port": "53",
    "query_name": "",
    "process_guid": null,
    "parent_process_guid": null,
    "process_id": null,
    "parent_process_id": null,
    "source_dataset": "collected",
    "source_file": "live_collection/192.168.116.129",
    "label": 0,
    "process_group_no": null,
    "process_event_order": null
  },
  {
    "record_id": 1371,
    "time_created": "2026-06-30T08:10:55",
    "event_id": 1,
    "provider_name": "Microsoft-Windows-Sysmon",
    "process_name": "conhost.exe",
    "command_line": "\\??\\C:\\Windows\\system32\\conhost.exe 0xffffffff -ForceV1",
    "parent_process": null,
    "destination_ip": "",
    "destination_port": "",
    "query_name": "",
    "process_guid": null,
    "parent_process_guid": null,
    "process_id": null,
    "parent_process_id": null,
    "source_dataset": "collected",
    "source_file": "live_collection/192.168.116.129",
    "label": 0,
    "process_group_no": null,
    "process_event_order": null
  },
  {
    "record_id": 1372,
    "time_created": "2026-06-30T08:10:56",
    "event_id": 5,
    "provider_name": "Microsoft-Windows-Sysmon",
    "process_name": "powershell.exe",
    "command_line": "",
    "parent_process": null,
    "destination_ip": "",
    "destination_port": "",
    "query_name": "",
    "process_guid": null,
    "parent_process_guid": null,
    "process_id": null,
    "parent_process_id": null,
    "source_dataset": "collected",
    "source_file": "live_collection/192.168.116.129",
    "label": 0,
    "process_group_no": null,
    "process_event_order": null
  },
  {
    "record_id": 1373,
    "time_created": "2026-06-30T08:10:56",
    "event_id": 5,
    "provider_name": "Microsoft-Windows-Sysmon",
    "process_name": "conhost.exe",
    "command_line": "",
    "parent_process": null,
    "destination_ip": "",
    "destination_port": "",
    "query_name": "",
    "process_guid": null,
    "parent_process_guid": null,
    "process_id": null,
    "parent_process_id": null,
    "source_dataset": "collected",
    "source_file": "live_collection/192.168.116.129",
    "label": 0,
    "process_group_no": null,
    "process_event_order": null
  },
  {
    "record_id": 1374,
    "time_created": "2026-06-30T08:11:07",
    "event_id": 1,
    "provider_name": "Microsoft-Windows-Sysmon",
    "process_name": "conhost.exe",
    "command_line": "\\??\\C:\\Windows\\system32\\conhost.exe 0xffffffff -ForceV1",
    "parent_process": null,
    "destination_ip": "",
    "destination_port": "",
    "query_name": "",
    "process_guid": null,
    "parent_process_guid": null,
    "process_id": null,
    "parent_process_id": null,
    "source_dataset": "collected",
    "source_file": "live_collection/192.168.116.129",
    "label": 0,
    "process_group_no": null,
    "process_event_order": null
  },
  {
    "record_id": 1375,
    "time_created": "2026-06-30T08:11:08",
    "event_id": 5,
    "provider_name": "Microsoft-Windows-Sysmon",
    "process_name": "powershell.exe",
    "command_line": "",
    "parent_process": null,
    "destination_ip": "",
    "destination_port": "",
    "query_name": "",
    "process_guid": null,
    "parent_process_guid": null,
    "process_id": null,
    "parent_process_id": null,
    "source_dataset": "collected",
    "source_file": "live_collection/192.168.116.129",
    "label": 0,
    "process_group_no": null,
    "process_event_order": null
  },
  {
    "record_id": 1376,
    "time_created": "2026-06-30T08:11:08",
    "event_id": 5,
    "provider_name": "Microsoft-Windows-Sysmon",
    "process_name": "conhost.exe",
    "command_line": "",
    "parent_process": null,
    "destination_ip": "",
    "destination_port": "",
    "query_name": "",
    "process_guid": null,
    "parent_process_guid": null,
    "process_id": null,
    "parent_process_id": null,
    "source_dataset": "collected",
    "source_file": "live_collection/192.168.116.129",
    "label": 0,
    "process_group_no": null,
    "process_event_order": null
  },
  {
    "record_id": 1377,
    "time_created": "2026-06-30T08:11:28",
    "event_id": 1,
    "provider_name": "Microsoft-Windows-Sysmon",
    "process_name": "conhost.exe",
    "command_line": "\\??\\C:\\Windows\\system32\\conhost.exe 0xffffffff -ForceV1",
    "parent_process": null,
    "destination_ip": "",
    "destination_port": "",
    "query_name": "",
    "process_guid": null,
    "parent_process_guid": null,
    "process_id": null,
    "parent_process_id": null,
    "source_dataset": "collected",
    "source_file": "live_collection/192.168.116.129",
    "label": 0,
    "process_group_no": null,
    "process_event_order": null
  },
  {
    "record_id": 1378,
    "time_created": "2026-06-30T08:11:29",
    "event_id": 5,
    "provider_name": "Microsoft-Windows-Sysmon",
    "process_name": "powershell.exe",
    "command_line": "",
    "parent_process": null,
    "destination_ip": "",
    "destination_port": "",
    "query_name": "",
    "process_guid": null,
    "parent_process_guid": null,
    "process_id": null,
    "parent_process_id": null,
    "source_dataset": "collected",
    "source_file": "live_collection/192.168.116.129",
    "label": 0,
    "process_group_no": null,
    "process_event_order": null
  },
  {
    "record_id": 1379,
    "time_created": "2026-06-30T08:11:29",
    "event_id": 5,
    "provider_name": "Microsoft-Windows-Sysmon",
    "process_name": "conhost.exe",
    "command_line": "",
    "parent_process": null,
    "destination_ip": "",
    "destination_port": "",
    "query_name": "",
    "process_guid": null,
    "parent_process_guid": null,
    "process_id": null,
    "parent_process_id": null,
    "source_dataset": "collected",
    "source_file": "live_collection/192.168.116.129",
    "label": 0,
    "process_group_no": null,
    "process_event_order": null
  },
  {
    "record_id": 1380,
    "time_created": "2026-06-30T08:11:35",
    "event_id": 3,
    "provider_name": "Microsoft-Windows-Sysmon",
    "process_name": "explorer.exe",
    "command_line": "",
    "parent_process": null,
    "destination_ip": "203.251.234.16",
    "destination_port": "443",
    "query_name": "",
    "process_guid": null,
    "parent_process_guid": null,
    "process_id": null,
    "parent_process_id": null,
    "source_dataset": "collected",
    "source_file": "live_collection/192.168.116.129",
    "label": 0,
    "process_group_no": null,
    "process_event_order": null
  },
  {
    "record_id": 1381,
    "time_created": "2026-06-30T08:11:40",
    "event_id": 1,
    "provider_name": "Microsoft-Windows-Sysmon",
    "process_name": "conhost.exe",
    "command_line": "\\??\\C:\\Windows\\system32\\conhost.exe 0xffffffff -ForceV1",
    "parent_process": null,
    "destination_ip": "",
    "destination_port": "",
    "query_name": "",
    "process_guid": null,
    "parent_process_guid": null,
    "process_id": null,
    "parent_process_id": null,
    "source_dataset": "collected",
    "source_file": "live_collection/192.168.116.129",
    "label": 0,
    "process_group_no": null,
    "process_event_order": null
  },
  {
    "record_id": 1382,
    "time_created": "2026-06-30T08:11:41",
    "event_id": 5,
    "provider_name": "Microsoft-Windows-Sysmon",
    "process_name": "SearchProtocolHost.exe",
    "command_line": "",
    "parent_process": null,
    "destination_ip": "",
    "destination_port": "",
    "query_name": "",
    "process_guid": null,
    "parent_process_guid": null,
    "process_id": null,
    "parent_process_id": null,
    "source_dataset": "collected",
    "source_file": "live_collection/192.168.116.129",
    "label": 0,
    "process_group_no": null,
    "process_event_order": null
  },
  {
    "record_id": 1383,
    "time_created": "2026-06-30T08:11:41",
    "event_id": 5,
    "provider_name": "Microsoft-Windows-Sysmon",
    "process_name": "SearchFilterHost.exe",
    "command_line": "",
    "parent_process": null,
    "destination_ip": "",
    "destination_port": "",
    "query_name": "",
    "process_guid": null,
    "parent_process_guid": null,
    "process_id": null,
    "parent_process_id": null,
    "source_dataset": "collected",
    "source_file": "live_collection/192.168.116.129",
    "label": 0,
    "process_group_no": null,
    "process_event_order": null
  },
  {
    "record_id": 1384,
    "time_created": "2026-06-30T08:11:41",
    "event_id": 5,
    "provider_name": "Microsoft-Windows-Sysmon",
    "process_name": "powershell.exe",
    "command_line": "",
    "parent_process": null,
    "destination_ip": "",
    "destination_port": "",
    "query_name": "",
    "process_guid": null,
    "parent_process_guid": null,
    "process_id": null,
    "parent_process_id": null,
    "source_dataset": "collected",
    "source_file": "live_collection/192.168.116.129",
    "label": 0,
    "process_group_no": null,
    "process_event_order": null
  },
  {
    "record_id": 1385,
    "time_created": "2026-06-30T08:11:41",
    "event_id": 5,
    "provider_name": "Microsoft-Windows-Sysmon",
    "process_name": "conhost.exe",
    "command_line": "",
    "parent_process": null,
    "destination_ip": "",
    "destination_port": "",
    "query_name": "",
    "process_guid": null,
    "parent_process_guid": null,
    "process_id": null,
    "parent_process_id": null,
    "source_dataset": "collected",
    "source_file": "live_collection/192.168.116.129",
    "label": 0,
    "process_group_no": null,
    "process_event_order": null
  },
  {
    "record_id": 1386,
    "time_created": "2026-06-30T08:11:52",
    "event_id": 1,
    "provider_name": "Microsoft-Windows-Sysmon",
    "process_name": "conhost.exe",
    "command_line": "\\??\\C:\\Windows\\system32\\conhost.exe 0xffffffff -ForceV1",
    "parent_process": null,
    "destination_ip": "",
    "destination_port": "",
    "query_name": "",
    "process_guid": null,
    "parent_process_guid": null,
    "process_id": null,
    "parent_process_id": null,
    "source_dataset": "collected",
    "source_file": "live_collection/192.168.116.129",
    "label": 0,
    "process_group_no": null,
    "process_event_order": null
  },
  {
    "record_id": 1387,
    "time_created": "2026-06-30T08:11:53",
    "event_id": 5,
    "provider_name": "Microsoft-Windows-Sysmon",
    "process_name": "powershell.exe",
    "command_line": "",
    "parent_process": null,
    "destination_ip": "",
    "destination_port": "",
    "query_name": "",
    "process_guid": null,
    "parent_process_guid": null,
    "process_id": null,
    "parent_process_id": null,
    "source_dataset": "collected",
    "source_file": "live_collection/192.168.116.129",
    "label": 0,
    "process_group_no": null,
    "process_event_order": null
  },
  {
    "record_id": 1388,
    "time_created": "2026-06-30T08:11:53",
    "event_id": 5,
    "provider_name": "Microsoft-Windows-Sysmon",
    "process_name": "conhost.exe",
    "command_line": "",
    "parent_process": null,
    "destination_ip": "",
    "destination_port": "",
    "query_name": "",
    "process_guid": null,
    "parent_process_guid": null,
    "process_id": null,
    "parent_process_id": null,
    "source_dataset": "collected",
    "source_file": "live_collection/192.168.116.129",
    "label": 0,
    "process_group_no": null,
    "process_event_order": null
  },
  {
    "record_id": 1389,
    "time_created": "2026-06-30T08:11:59",
    "event_id": 3,
    "provider_name": "Microsoft-Windows-Sysmon",
    "process_name": "svchost.exe",
    "command_line": "",
    "parent_process": null,
    "destination_ip": "192.168.116.2",
    "destination_port": "53",
    "query_name": "",
    "process_guid": null,
    "parent_process_guid": null,
    "process_id": null,
    "parent_process_id": null,
    "source_dataset": "collected",
    "source_file": "live_collection/192.168.116.129",
    "label": 0,
    "process_group_no": null,
    "process_event_order": null
  },
  {
    "record_id": 1390,
    "time_created": "2026-06-30T08:12:04",
    "event_id": 1,
    "provider_name": "Microsoft-Windows-Sysmon",
    "process_name": "conhost.exe",
    "command_line": "\\??\\C:\\Windows\\system32\\conhost.exe 0xffffffff -ForceV1",
    "parent_process": null,
    "destination_ip": "",
    "destination_port": "",
    "query_name": "",
    "process_guid": null,
    "parent_process_guid": null,
    "process_id": null,
    "parent_process_id": null,
    "source_dataset": "collected",
    "source_file": "live_collection/192.168.116.129",
    "label": 0,
    "process_group_no": null,
    "process_event_order": null
  },
  {
    "record_id": 1391,
    "time_created": "2026-06-30T08:12:05",
    "event_id": 5,
    "provider_name": "Microsoft-Windows-Sysmon",
    "process_name": "powershell.exe",
    "command_line": "",
    "parent_process": null,
    "destination_ip": "",
    "destination_port": "",
    "query_name": "",
    "process_guid": null,
    "parent_process_guid": null,
    "process_id": null,
    "parent_process_id": null,
    "source_dataset": "collected",
    "source_file": "live_collection/192.168.116.129",
    "label": 0,
    "process_group_no": null,
    "process_event_order": null
  },
  {
    "record_id": 1392,
    "time_created": "2026-06-30T08:12:05",
    "event_id": 5,
    "provider_name": "Microsoft-Windows-Sysmon",
    "process_name": "conhost.exe",
    "command_line": "",
    "parent_process": null,
    "destination_ip": "",
    "destination_port": "",
    "query_name": "",
    "process_guid": null,
    "parent_process_guid": null,
    "process_id": null,
    "parent_process_id": null,
    "source_dataset": "collected",
    "source_file": "live_collection/192.168.116.129",
    "label": 0,
    "process_group_no": null,
    "process_event_order": null
  },
  {
    "record_id": 1393,
    "time_created": "2026-06-30T08:12:06",
    "event_id": 3,
    "provider_name": "Microsoft-Windows-Sysmon",
    "process_name": "svchost.exe",
    "command_line": "",
    "parent_process": null,
    "destination_ip": "192.168.116.2",
    "destination_port": "53",
    "query_name": "",
    "process_guid": null,
    "parent_process_guid": null,
    "process_id": null,
    "parent_process_id": null,
    "source_dataset": "collected",
    "source_file": "live_collection/192.168.116.129",
    "label": 0,
    "process_group_no": null,
    "process_event_order": null
  },
  {
    "record_id": 1394,
    "time_created": "2026-06-30T08:12:20",
    "event_id": 1,
    "provider_name": "Microsoft-Windows-Sysmon",
    "process_name": "conhost.exe",
    "command_line": "\\??\\C:\\Windows\\system32\\conhost.exe 0xffffffff -ForceV1",
    "parent_process": null,
    "destination_ip": "",
    "destination_port": "",
    "query_name": "",
    "process_guid": null,
    "parent_process_guid": null,
    "process_id": null,
    "parent_process_id": null,
    "source_dataset": "collected",
    "source_file": "live_collection/192.168.116.129",
    "label": 0,
    "process_group_no": null,
    "process_event_order": null
  },
  {
    "record_id": 1395,
    "time_created": "2026-06-30T08:12:21",
    "event_id": 5,
    "provider_name": "Microsoft-Windows-Sysmon",
    "process_name": "powershell.exe",
    "command_line": "",
    "parent_process": null,
    "destination_ip": "",
    "destination_port": "",
    "query_name": "",
    "process_guid": null,
    "parent_process_guid": null,
    "process_id": null,
    "parent_process_id": null,
    "source_dataset": "collected",
    "source_file": "live_collection/192.168.116.129",
    "label": 0,
    "process_group_no": null,
    "process_event_order": null
  },
  {
    "record_id": 1396,
    "time_created": "2026-06-30T08:12:21",
    "event_id": 5,
    "provider_name": "Microsoft-Windows-Sysmon",
    "process_name": "conhost.exe",
    "command_line": "",
    "parent_process": null,
    "destination_ip": "",
    "destination_port": "",
    "query_name": "",
    "process_guid": null,
    "parent_process_guid": null,
    "process_id": null,
    "parent_process_id": null,
    "source_dataset": "collected",
    "source_file": "live_collection/192.168.116.129",
    "label": 0,
    "process_group_no": null,
    "process_event_order": null
  },
  {
    "record_id": 1397,
    "time_created": "2026-06-30T08:08:40",
    "event_id": 3,
    "provider_name": "Microsoft-Windows-Sysmon",
    "process_name": "svchost.exe",
    "command_line": "",
    "parent_process": null,
    "destination_ip": "192.168.116.2",
    "destination_port": "53",
    "query_name": "",
    "process_guid": null,
    "parent_process_guid": null,
    "process_id": null,
    "parent_process_id": null,
    "source_dataset": "collected",
    "source_file": "live_collection/192.168.116.129",
    "label": 0,
    "process_group_no": null,
    "process_event_order": null
  },
  {
    "record_id": 1398,
    "time_created": "2026-06-30T08:08:40",
    "event_id": 3,
    "provider_name": "Microsoft-Windows-Sysmon",
    "process_name": "msedge.exe",
    "command_line": "",
    "parent_process": null,
    "destination_ip": "192.168.116.2",
    "destination_port": "53",
    "query_name": "",
    "process_guid": null,
    "parent_process_guid": null,
    "process_id": null,
    "parent_process_id": null,
    "source_dataset": "collected",
    "source_file": "live_collection/192.168.116.129",
    "label": 0,
    "process_group_no": null,
    "process_event_order": null
  },
  {
    "record_id": 1399,
    "time_created": "2026-06-30T08:08:40",
    "event_id": 3,
    "provider_name": "Microsoft-Windows-Sysmon",
    "process_name": "msedge.exe",
    "command_line": "",
    "parent_process": null,
    "destination_ip": "192.168.116.2",
    "destination_port": "53",
    "query_name": "",
    "process_guid": null,
    "parent_process_guid": null,
    "process_id": null,
    "parent_process_id": null,
    "source_dataset": "collected",
    "source_file": "live_collection/192.168.116.129",
    "label": 0,
    "process_group_no": null,
    "process_event_order": null
  },
