  {
    "record_id": 1481,
    "time_created": "2026-06-30T08:12:06",
    "event_id": 3,
    "provider_name": "Microsoft-Windows-Sysmon",
    "process_name": "vmnat.exe",
    "command_line": "",
    "parent_process": null,
    "destination_ip": "210.220.163.82",
    "destination_port": "53",
    "query_name": "",
    "process_guid": null,
    "parent_process_guid": null,
    "process_id": null,
    "parent_process_id": null,
    "source_dataset": "collected",
    "source_file": "live_collection/192.168.55.52",
    "label": 0,
    "process_group_no": null,
    "process_event_order": null
  },
  {
    "record_id": 1482,
    "time_created": "2026-06-30T08:12:06",
    "event_id": 3,
    "provider_name": "Microsoft-Windows-Sysmon",
    "process_name": "vmnat.exe",
    "command_line": "",
    "parent_process": null,
    "destination_ip": "210.220.163.82",
    "destination_port": "53",
    "query_name": "",
    "process_guid": null,
    "parent_process_guid": null,
    "process_id": null,
    "parent_process_id": null,
    "source_dataset": "collected",
    "source_file": "live_collection/192.168.55.52",
    "label": 0,
    "process_group_no": null,
    "process_event_order": null
  },
  {
    "record_id": 1483,
    "time_created": "2026-06-30T08:08:40",
    "event_id": 3,
    "provider_name": "Microsoft-Windows-Sysmon",
    "process_name": "svchost.exe",
    "command_line": "",
    "parent_process": null,
    "destination_ip": "192.168.116.2",
    "destination_port": "53",
    "query_name": "",
    "process_guid": null,
    "parent_process_guid": null,
    "process_id": null,
    "parent_process_id": null,
    "source_dataset": "collected",
    "source_file": "live_collection/192.168.116.129",
    "label": 0,
    "process_group_no": null,
    "process_event_order": null
  },
  {
    "record_id": 1484,
    "time_created": "2026-06-30T08:08:40",
    "event_id": 3,
    "provider_name": "Microsoft-Windows-Sysmon",
    "process_name": "msedge.exe",
    "command_line": "",
    "parent_process": null,
    "destination_ip": "192.168.116.2",
    "destination_port": "53",
    "query_name": "",
    "process_guid": null,
    "parent_process_guid": null,
    "process_id": null,
    "parent_process_id": null,
    "source_dataset": "collected",
    "source_file": "live_collection/192.168.116.129",
    "label": 0,
    "process_group_no": null,
    "process_event_order": null
  },
  {
    "record_id": 1485,
    "time_created": "2026-06-30T08:08:40",
    "event_id": 3,
    "provider_name": "Microsoft-Windows-Sysmon",
    "process_name": "msedge.exe",
    "command_line": "",
    "parent_process": null,
    "destination_ip": "192.168.116.2",
    "destination_port": "53",
    "query_name": "",
    "process_guid": null,
    "parent_process_guid": null,
    "process_id": null,
    "parent_process_id": null,
    "source_dataset": "collected",
    "source_file": "live_collection/192.168.116.129",
    "label": 0,
    "process_group_no": null,
    "process_event_order": null
  },
  {
    "record_id": 1486,
    "time_created": "2026-06-30T08:08:40",
    "event_id": 3,
    "provider_name": "Microsoft-Windows-Sysmon",
    "process_name": "msedge.exe",
    "command_line": "",
    "parent_process": null,
    "destination_ip": "151.101.1.229",
    "destination_port": "443",
    "query_name": "",
    "process_guid": null,
    "parent_process_guid": null,
    "process_id": null,
    "parent_process_id": null,
    "source_dataset": "collected",
    "source_file": "live_collection/192.168.116.129",
    "label": 0,
    "process_group_no": null,
    "process_event_order": null
  },
  {
    "record_id": 1487,
    "time_created": "2026-06-30T08:08:40",
    "event_id": 22,
    "provider_name": "Microsoft-Windows-Sysmon",
    "process_name": "svchost.exe",
    "command_line": "",
    "parent_process": null,
    "destination_ip": "",
    "destination_port": "",
    "query_name": "checkip.amazonaws.com",
    "process_guid": null,
    "parent_process_guid": null,
    "process_id": null,
    "parent_process_id": null,
    "source_dataset": "collected",
    "source_file": "live_collection/192.168.116.129",
    "label": 0,
    "process_group_no": null,
    "process_event_order": null
  },
  {
    "record_id": 1488,
    "time_created": "2026-06-30T08:08:41",
    "event_id": 3,
    "provider_name": "Microsoft-Windows-Sysmon",
    "process_name": "svchost.exe",
    "command_line": "",
    "parent_process": null,
    "destination_ip": "192.168.116.2",
    "destination_port": "53",
    "query_name": "",
    "process_guid": null,
    "parent_process_guid": null,
    "process_id": null,
    "parent_process_id": null,
    "source_dataset": "collected",
    "source_file": "live_collection/192.168.116.129",
    "label": 0,
    "process_group_no": null,
    "process_event_order": null
  },
  {
    "record_id": 1489,
    "time_created": "2026-06-30T08:08:41",
    "event_id": 1,
    "provider_name": "Microsoft-Windows-Sysmon",
    "process_name": "conhost.exe",
    "command_line": "\\??\\C:\\Windows\\system32\\conhost.exe 0xffffffff -ForceV1",
    "parent_process": null,
    "destination_ip": "",
    "destination_port": "",
    "query_name": "",
    "process_guid": null,
    "parent_process_guid": null,
    "process_id": null,
    "parent_process_id": null,
    "source_dataset": "collected",
    "source_file": "live_collection/192.168.116.129",
    "label": 0,
    "process_group_no": null,
    "process_event_order": null
  },
  {
    "record_id": 1490,
    "time_created": "2026-06-30T08:08:41",
    "event_id": 22,
    "provider_name": "Microsoft-Windows-Sysmon",
    "process_name": "Sysmon64.exe",
    "command_line": "",
    "parent_process": null,
    "destination_ip": "",
    "destination_port": "",
    "query_name": "229.1.101.151.in-addr.arpa.",
    "process_guid": null,
    "parent_process_guid": null,
    "process_id": null,
    "parent_process_id": null,
    "source_dataset": "collected",
    "source_file": "live_collection/192.168.116.129",
    "label": 0,
    "process_group_no": null,
    "process_event_order": null
  },
  {
    "record_id": 1491,
    "time_created": "2026-06-30T08:08:41",
    "event_id": 3,
    "provider_name": "Microsoft-Windows-Sysmon",
    "process_name": "msedge.exe",
    "command_line": "",
    "parent_process": null,
    "destination_ip": "192.168.116.2",
    "destination_port": "53",
    "query_name": "",
    "process_guid": null,
    "parent_process_guid": null,
    "process_id": null,
    "parent_process_id": null,
    "source_dataset": "collected",
    "source_file": "live_collection/192.168.116.129",
    "label": 0,
    "process_group_no": null,
    "process_event_order": null
  },
  {
    "record_id": 1492,
    "time_created": "2026-06-30T08:08:41",
    "event_id": 3,
    "provider_name": "Microsoft-Windows-Sysmon",
    "process_name": "msedge.exe",
    "command_line": "",
    "parent_process": null,
    "destination_ip": "192.168.116.2",
    "destination_port": "53",
    "query_name": "",
    "process_guid": null,
    "parent_process_guid": null,
    "process_id": null,
    "parent_process_id": null,
    "source_dataset": "collected",
    "source_file": "live_collection/192.168.116.129",
    "label": 0,
    "process_group_no": null,
    "process_event_order": null
  },
  {
    "record_id": 1493,
    "time_created": "2026-06-30T08:08:41",
    "event_id": 3,
    "provider_name": "Microsoft-Windows-Sysmon",
    "process_name": "msedge.exe",
    "command_line": "",
    "parent_process": null,
    "destination_ip": "150.171.28.11",
    "destination_port": "443",
    "query_name": "",
    "process_guid": null,
    "parent_process_guid": null,
    "process_id": null,
    "parent_process_id": null,
    "source_dataset": "collected",
    "source_file": "live_collection/192.168.116.129",
    "label": 0,
    "process_group_no": null,
    "process_event_order": null
  },
  {
    "record_id": 1494,
    "time_created": "2026-06-30T08:08:45",
    "event_id": 5,
    "provider_name": "Microsoft-Windows-Sysmon",
    "process_name": "powershell.exe",
    "command_line": "",
    "parent_process": null,
    "destination_ip": "",
    "destination_port": "",
    "query_name": "",
    "process_guid": null,
    "parent_process_guid": null,
    "process_id": null,
    "parent_process_id": null,
    "source_dataset": "collected",
    "source_file": "live_collection/192.168.116.129",
    "label": 0,
    "process_group_no": null,
    "process_event_order": null
  },
  {
    "record_id": 1495,
    "time_created": "2026-06-30T08:08:45",
    "event_id": 5,
    "provider_name": "Microsoft-Windows-Sysmon",
    "process_name": "conhost.exe",
    "command_line": "",
    "parent_process": null,
    "destination_ip": "",
    "destination_port": "",
    "query_name": "",
    "process_guid": null,
    "parent_process_guid": null,
    "process_id": null,
    "parent_process_id": null,
    "source_dataset": "collected",
    "source_file": "live_collection/192.168.116.129",
    "label": 0,
    "process_group_no": null,
    "process_event_order": null
  },
  {
    "record_id": 1496,
    "time_created": "2026-06-30T08:08:46",
    "event_id": 22,
    "provider_name": "Microsoft-Windows-Sysmon",
    "process_name": "python.exe",
    "command_line": "",
    "parent_process": null,
    "destination_ip": "",
    "destination_port": "",
    "query_name": "DESKTOP-6UVD125",
    "process_guid": null,
    "parent_process_guid": null,
    "process_id": null,
    "parent_process_id": null,
    "source_dataset": "collected",
    "source_file": "live_collection/192.168.116.129",
    "label": 0,
    "process_group_no": null,
    "process_event_order": null
  },
  {
    "record_id": 1497,
    "time_created": "2026-06-30T08:08:47",
    "event_id": 22,
    "provider_name": "Microsoft-Windows-Sysmon",
    "process_name": "python.exe",
    "command_line": "",
    "parent_process": null,
    "destination_ip": "",
    "destination_port": "",
    "query_name": "localhost",
    "process_guid": null,
    "parent_process_guid": null,
    "process_id": null,
    "parent_process_id": null,
    "source_dataset": "collected",
    "source_file": "live_collection/192.168.116.129",
    "label": 0,
    "process_group_no": null,
    "process_event_order": null
  },
  {
    "record_id": 1498,
    "time_created": "2026-06-30T08:09:03",
    "event_id": 5,
    "provider_name": "Microsoft-Windows-Sysmon",
    "process_name": "msedge.exe",
    "command_line": "",
    "parent_process": null,
    "destination_ip": "",
    "destination_port": "",
    "query_name": "",
    "process_guid": null,
    "parent_process_guid": null,
    "process_id": null,
    "parent_process_id": null,
    "source_dataset": "collected",
    "source_file": "live_collection/192.168.116.129",
    "label": 0,
    "process_group_no": null,
    "process_event_order": null
  },
  {
    "record_id": 1499,
    "time_created": "2026-06-30T08:09:16",
    "event_id": 1,
    "provider_name": "Microsoft-Windows-Sysmon",
    "process_name": "msedge.exe",
    "command_line": "\"C:\\Program Files (x86)\\Microsoft\\Edge\\Application\\msedge.exe\" --type=utility --utility-sub-type=edge_search_indexer.mojom.SearchIndexerInterfaceBroker --lang=ko --service-sandbox-type=search_indexer --message-loop-type-ui --ram-no-pressure-read-main-dll --metrics-shmem-handle=6096,i,4794961846542850602,7750029147280253534,524288 --field-trial-handle=2272,i,2851401284129209360,13568372919718021657,262144 --variations-seed-version --pseudonymization-salt-handle=2276,i,6721066860461351939,17610685959097088854,4 --trace-process-track-uuid=3190708996619331833 --mojo-platform-channel-handle=6064 /prefetch:8",
    "parent_process": null,
    "destination_ip": "",
    "destination_port": "",
    "query_name": "",
    "process_guid": null,
    "parent_process_guid": null,
    "process_id": null,
    "parent_process_id": null,
    "source_dataset": "collected",
    "source_file": "live_collection/192.168.116.129",
    "label": 0,
    "process_group_no": null,
    "process_event_order": null
  },
  {
    "record_id": 1500,
    "time_created": "2026-06-30T08:09:17",
    "event_id": 1,
    "provider_name": "Microsoft-Windows-Sysmon",
    "process_name": "SearchProtocolHost.exe",
    "command_line": "\"C:\\Windows\\system32\\SearchProtocolHost.exe\" Global\\UsGthrFltPipeMssGthrPipe_S-1-5-21-304190142-3981956990-901072795-10016_ Global\\UsGthrCtrlFltPipeMssGthrPipe_S-1-5-21-304190142-3981956990-901072795-10016 1 -2147483646 \"Software\\Microsoft\\Windows Search\" \"Mozilla/4.0 (compatible; MSIE 6.0; Windows NT; MS Search 4.0 Robot)\" \"C:\\ProgramData\\Microsoft\\Search\\Data\\Temp\\usgthrsvc\" \"DownLevelDaemon\"  \"1\"",
    "parent_process": null,
    "destination_ip": "",
    "destination_port": "",
    "query_name": "",
    "process_guid": null,
    "parent_process_guid": null,
    "process_id": null,
    "parent_process_id": null,
    "source_dataset": "collected",
    "source_file": "live_collection/192.168.116.129",
    "label": 0,
    "process_group_no": null,
    "process_event_order": null
  },
  {
    "record_id": 1501,
    "time_created": "2026-06-30T08:09:17",
    "event_id": 1,
    "provider_name": "Microsoft-Windows-Sysmon",
    "process_name": "SearchFilterHost.exe",
    "command_line": "\"C:\\Windows\\system32\\SearchFilterHost.exe\" 0 800 804 812 8192 808 784",
    "parent_process": null,
    "destination_ip": "",
    "destination_port": "",
    "query_name": "",
    "process_guid": null,
    "parent_process_guid": null,
    "process_id": null,
    "parent_process_id": null,
    "source_dataset": "collected",
    "source_file": "live_collection/192.168.116.129",
    "label": 0,
    "process_group_no": null,
    "process_event_order": null
  },
  {
    "record_id": 1502,
    "time_created": "2026-06-30T08:09:22",
    "event_id": 3,
    "provider_name": "Microsoft-Windows-Sysmon",
    "process_name": "msedge.exe",
    "command_line": "",
    "parent_process": null,
    "destination_ip": "192.168.116.2",
    "destination_port": "53",
    "query_name": "",
    "process_guid": null,
    "parent_process_guid": null,
    "process_id": null,
    "parent_process_id": null,
    "source_dataset": "collected",
    "source_file": "live_collection/192.168.116.129",
    "label": 0,
    "process_group_no": null,
    "process_event_order": null
  },
  {
    "record_id": 1503,
    "time_created": "2026-06-30T08:09:22",
    "event_id": 3,
    "provider_name": "Microsoft-Windows-Sysmon",
    "process_name": "msedge.exe",
    "command_line": "",
    "parent_process": null,
    "destination_ip": "192.168.116.2",
    "destination_port": "53",
    "query_name": "",
    "process_guid": null,
    "parent_process_guid": null,
    "process_id": null,
    "parent_process_id": null,
    "source_dataset": "collected",
    "source_file": "live_collection/192.168.116.129",
    "label": 0,
    "process_group_no": null,
    "process_event_order": null
  },
  {
    "record_id": 1504,
    "time_created": "2026-06-30T08:09:22",
    "event_id": 3,
    "provider_name": "Microsoft-Windows-Sysmon",
    "process_name": "svchost.exe",
    "command_line": "",
    "parent_process": null,
    "destination_ip": "192.168.116.2",
    "destination_port": "53",
    "query_name": "",
    "process_guid": null,
    "parent_process_guid": null,
    "process_id": null,
    "parent_process_id": null,
    "source_dataset": "collected",
    "source_file": "live_collection/192.168.116.129",
    "label": 0,
    "process_group_no": null,
    "process_event_order": null
  },
  {
    "record_id": 1505,
    "time_created": "2026-06-30T08:09:23",
    "event_id": 3,
    "provider_name": "Microsoft-Windows-Sysmon",
    "process_name": "msedge.exe",
    "command_line": "",
    "parent_process": null,
    "destination_ip": "150.171.27.11",
    "destination_port": "443",
    "query_name": "",
    "process_guid": null,
    "parent_process_guid": null,
    "process_id": null,
    "parent_process_id": null,
    "source_dataset": "collected",
    "source_file": "live_collection/192.168.116.129",
    "label": 0,
    "process_group_no": null,
    "process_event_order": null
  },
  {
    "record_id": 1506,
    "time_created": "2026-06-30T08:09:30",
    "event_id": 22,
    "provider_name": "Microsoft-Windows-Sysmon",
    "process_name": "svchost.exe",
    "command_line": "",
    "parent_process": null,
    "destination_ip": "",
    "destination_port": "",
    "query_name": "checkip.amazonaws.com",
    "process_guid": null,
    "parent_process_guid": null,
    "process_id": null,
    "parent_process_id": null,
    "source_dataset": "collected",
    "source_file": "live_collection/192.168.116.129",
    "label": 0,
    "process_group_no": null,
    "process_event_order": null
  },
  {
    "record_id": 1507,
    "time_created": "2026-06-30T08:09:30",
    "event_id": 3,
    "provider_name": "Microsoft-Windows-Sysmon",
    "process_name": "svchost.exe",
    "command_line": "",
    "parent_process": null,
    "destination_ip": "192.168.116.2",
    "destination_port": "53",
    "query_name": "",
    "process_guid": null,
    "parent_process_guid": null,
    "process_id": null,
    "parent_process_id": null,
    "source_dataset": "collected",
    "source_file": "live_collection/192.168.116.129",
    "label": 0,
    "process_group_no": null,
    "process_event_order": null
  },
  {
    "record_id": 1508,
    "time_created": "2026-06-30T08:09:33",
    "event_id": 3,
    "provider_name": "Microsoft-Windows-Sysmon",
    "process_name": "msedge.exe",
    "command_line": "",
    "parent_process": null,
    "destination_ip": "192.168.116.2",
    "destination_port": "53",
    "query_name": "",
    "process_guid": null,
    "parent_process_guid": null,
    "process_id": null,
    "parent_process_id": null,
    "source_dataset": "collected",
    "source_file": "live_collection/192.168.116.129",
    "label": 0,
    "process_group_no": null,
    "process_event_order": null
  },
  {
    "record_id": 1509,
    "time_created": "2026-06-30T08:09:33",
    "event_id": 3,
    "provider_name": "Microsoft-Windows-Sysmon",
    "process_name": "msedge.exe",
    "command_line": "",
    "parent_process": null,
    "destination_ip": "192.168.116.2",
    "destination_port": "53",
    "query_name": "",
    "process_guid": null,
    "parent_process_guid": null,
    "process_id": null,
    "parent_process_id": null,
    "source_dataset": "collected",
    "source_file": "live_collection/192.168.116.129",
    "label": 0,
    "process_group_no": null,
    "process_event_order": null
  },
  {
    "record_id": 1510,
    "time_created": "2026-06-30T08:09:33",
    "event_id": 3,
    "provider_name": "Microsoft-Windows-Sysmon",
    "process_name": "msedge.exe",
    "command_line": "",
    "parent_process": null,
    "destination_ip": "203.251.233.235",
    "destination_port": "443",
    "query_name": "",
    "process_guid": null,
    "parent_process_guid": null,
    "process_id": null,
    "parent_process_id": null,
    "source_dataset": "collected",
    "source_file": "live_collection/192.168.116.129",
    "label": 0,
    "process_group_no": null,
    "process_event_order": null
  },
  {
    "record_id": 1511,
    "time_created": "2026-06-30T08:09:43",
    "event_id": 3,
    "provider_name": "Microsoft-Windows-Sysmon",
    "process_name": "svchost.exe",
    "command_line": "",
    "parent_process": null,
    "destination_ip": "192.168.116.2",
    "destination_port": "53",
    "query_name": "",
    "process_guid": null,
    "parent_process_guid": null,
    "process_id": null,
    "parent_process_id": null,
    "source_dataset": "collected",
    "source_file": "live_collection/192.168.116.129",
    "label": 0,
    "process_group_no": null,
    "process_event_order": null
  },
  {
    "record_id": 1512,
    "time_created": "2026-06-30T08:09:45",
    "event_id": 5,
    "provider_name": "Microsoft-Windows-Sysmon",
    "process_name": "svchost.exe",
    "command_line": "",
    "parent_process": null,
    "destination_ip": "",
    "destination_port": "",
    "query_name": "",
    "process_guid": null,
    "parent_process_guid": null,
    "process_id": null,
    "parent_process_id": null,
    "source_dataset": "collected",
    "source_file": "live_collection/192.168.116.129",
    "label": 0,
    "process_group_no": null,
    "process_event_order": null
  },
  {
    "record_id": 1513,
    "time_created": "2026-06-30T08:10:02",
    "event_id": 3,
    "provider_name": "Microsoft-Windows-Sysmon",
    "process_name": "msedge.exe",
    "command_line": "",
    "parent_process": null,
    "destination_ip": "203.251.233.235",
    "destination_port": "443",
    "query_name": "",
    "process_guid": null,
    "parent_process_guid": null,
    "process_id": null,
    "parent_process_id": null,
    "source_dataset": "collected",
    "source_file": "live_collection/192.168.116.129",
    "label": 0,
    "process_group_no": null,
    "process_event_order": null
  },
  {
    "record_id": 1514,
    "time_created": "2026-06-30T08:10:30",
    "event_id": 22,
    "provider_name": "Microsoft-Windows-Sysmon",
    "process_name": "explorer.exe",
    "command_line": "",
    "parent_process": null,
    "destination_ip": "",
    "destination_port": "",
    "query_name": "img-s-msn-com.akamaized.net",
    "process_guid": null,
    "parent_process_guid": null,
    "process_id": null,
    "parent_process_id": null,
    "source_dataset": "collected",
    "source_file": "live_collection/192.168.116.129",
    "label": 0,
    "process_group_no": null,
    "process_event_order": null
  },
  {
    "record_id": 1515,
    "time_created": "2026-06-30T08:10:31",
    "event_id": 3,
    "provider_name": "Microsoft-Windows-Sysmon",
    "process_name": "svchost.exe",
    "command_line": "",
    "parent_process": null,
    "destination_ip": "192.168.116.2",
    "destination_port": "53",
    "query_name": "",
    "process_guid": null,
    "parent_process_guid": null,
    "process_id": null,
    "parent_process_id": null,
    "source_dataset": "collected",
    "source_file": "live_collection/192.168.116.129",
    "label": 0,
    "process_group_no": null,
    "process_event_order": null
  },
  {
    "record_id": 1516,
    "time_created": "2026-06-30T08:10:31",
    "event_id": 3,
    "provider_name": "Microsoft-Windows-Sysmon",
    "process_name": "explorer.exe",
    "command_line": "",
    "parent_process": null,
    "destination_ip": "23.60.96.134",
    "destination_port": "443",
    "query_name": "",
    "process_guid": null,
    "parent_process_guid": null,
    "process_id": null,
    "parent_process_id": null,
    "source_dataset": "collected",
    "source_file": "live_collection/192.168.116.129",
    "label": 0,
    "process_group_no": null,
    "process_event_order": null
  },
  {
    "record_id": 1517,
    "time_created": "2026-06-30T08:10:31",
    "event_id": 3,
    "provider_name": "Microsoft-Windows-Sysmon",
    "process_name": "svchost.exe",
    "command_line": "",
    "parent_process": null,
    "destination_ip": "192.168.116.2",
    "destination_port": "53",
    "query_name": "",
    "process_guid": null,
    "parent_process_guid": null,
    "process_id": null,
    "parent_process_id": null,
    "source_dataset": "collected",
    "source_file": "live_collection/192.168.116.129",
    "label": 0,
    "process_group_no": null,
    "process_event_order": null
  },
  {
    "record_id": 1518,
    "time_created": "2026-06-30T08:10:31",
    "event_id": 3,
    "provider_name": "Microsoft-Windows-Sysmon",
    "process_name": "explorer.exe",
    "command_line": "",
    "parent_process": null,
    "destination_ip": "23.11.39.161",
    "destination_port": "80",
    "query_name": "",
    "process_guid": null,
    "parent_process_guid": null,
    "process_id": null,
    "parent_process_id": null,
    "source_dataset": "collected",
    "source_file": "live_collection/192.168.116.129",
    "label": 0,
    "process_group_no": null,
    "process_event_order": null
  },
  {
    "record_id": 1519,
    "time_created": "2026-06-30T08:10:31",
    "event_id": 22,
    "provider_name": "Microsoft-Windows-Sysmon",
    "process_name": "explorer.exe",
    "command_line": "",
    "parent_process": null,
    "destination_ip": "",
    "destination_port": "",
    "query_name": "ocsp.digicert.com",
    "process_guid": null,
    "parent_process_guid": null,
    "process_id": null,
    "parent_process_id": null,
    "source_dataset": "collected",
    "source_file": "live_collection/192.168.116.129",
    "label": 0,
    "process_group_no": null,
    "process_event_order": null
  },
  {
    "record_id": 1520,
    "time_created": "2026-06-30T08:10:32",
    "event_id": 22,
    "provider_name": "Microsoft-Windows-Sysmon",
    "process_name": "Sysmon64.exe",
    "command_line": "",
    "parent_process": null,
    "destination_ip": "",
    "destination_port": "",
    "query_name": "134.96.60.23.in-addr.arpa.",
    "process_guid": null,
    "parent_process_guid": null,
    "process_id": null,
    "parent_process_id": null,
    "source_dataset": "collected",
    "source_file": "live_collection/192.168.116.129",
    "label": 0,
    "process_group_no": null,
    "process_event_order": null
  },
  {
    "record_id": 1521,
    "time_created": "2026-06-30T08:10:32",
    "event_id": 3,
    "provider_name": "Microsoft-Windows-Sysmon",
    "process_name": "svchost.exe",
    "command_line": "",
    "parent_process": null,
    "destination_ip": "192.168.116.2",
    "destination_port": "53",
    "query_name": "",
    "process_guid": null,
    "parent_process_guid": null,
    "process_id": null,
    "parent_process_id": null,
    "source_dataset": "collected",
    "source_file": "live_collection/192.168.116.129",
    "label": 0,
    "process_group_no": null,
    "process_event_order": null
  },
  {
    "record_id": 1522,
    "time_created": "2026-06-30T08:10:33",
    "event_id": 3,
    "provider_name": "Microsoft-Windows-Sysmon",
    "process_name": "msedge.exe",
    "command_line": "",
    "parent_process": null,
    "destination_ip": "192.168.116.2",
    "destination_port": "53",
    "query_name": "",
    "process_guid": null,
    "parent_process_guid": null,
    "process_id": null,
    "parent_process_id": null,
    "source_dataset": "collected",
    "source_file": "live_collection/192.168.116.129",
    "label": 0,
    "process_group_no": null,
    "process_event_order": null
  },
  {
    "record_id": 1523,
    "time_created": "2026-06-30T08:10:33",
    "event_id": 3,
    "provider_name": "Microsoft-Windows-Sysmon",
    "process_name": "msedge.exe",
    "command_line": "",
    "parent_process": null,
    "destination_ip": "192.168.116.2",
    "destination_port": "53",
    "query_name": "",
    "process_guid": null,
    "parent_process_guid": null,
    "process_id": null,
    "parent_process_id": null,
    "source_dataset": "collected",
    "source_file": "live_collection/192.168.116.129",
    "label": 0,
    "process_group_no": null,
    "process_event_order": null
  },
  {
    "record_id": 1524,
    "time_created": "2026-06-30T08:10:33",
    "event_id": 3,
    "provider_name": "Microsoft-Windows-Sysmon",
    "process_name": "svchost.exe",
    "command_line": "",
    "parent_process": null,
    "destination_ip": "192.168.116.2",
    "destination_port": "53",
    "query_name": "",
    "process_guid": null,
    "parent_process_guid": null,
    "process_id": null,
    "parent_process_id": null,
    "source_dataset": "collected",
    "source_file": "live_collection/192.168.116.129",
    "label": 0,
    "process_group_no": null,
    "process_event_order": null
  },
  {
    "record_id": 1525,
    "time_created": "2026-06-30T08:10:33",
    "event_id": 3,
    "provider_name": "Microsoft-Windows-Sysmon",
    "process_name": "msedge.exe",
    "command_line": "",
    "parent_process": null,
    "destination_ip": "203.251.233.235",
    "destination_port": "443",
    "query_name": "",
    "process_guid": null,
    "parent_process_guid": null,
    "process_id": null,
    "parent_process_id": null,
    "source_dataset": "collected",
    "source_file": "live_collection/192.168.116.129",
    "label": 0,
    "process_group_no": null,
    "process_event_order": null
  },
  {
    "record_id": 1526,
    "time_created": "2026-06-30T08:10:41",
    "event_id": 22,
    "provider_name": "Microsoft-Windows-Sysmon",
    "process_name": "svchost.exe",
    "command_line": "",
    "parent_process": null,
    "destination_ip": "",
    "destination_port": "",
    "query_name": "ocsp.digicert.com",
    "process_guid": null,
    "parent_process_guid": null,
    "process_id": null,
    "parent_process_id": null,
    "source_dataset": "collected",
    "source_file": "live_collection/192.168.116.129",
    "label": 0,
    "process_group_no": null,
    "process_event_order": null
  },
  {
    "record_id": 1527,
    "time_created": "2026-06-30T08:10:41",
    "event_id": 3,
    "provider_name": "Microsoft-Windows-Sysmon",
    "process_name": "svchost.exe",
    "command_line": "",
    "parent_process": null,
    "destination_ip": "192.168.116.2",
    "destination_port": "53",
    "query_name": "",
    "process_guid": null,
    "parent_process_guid": null,
    "process_id": null,
    "parent_process_id": null,
    "source_dataset": "collected",
    "source_file": "live_collection/192.168.116.129",
    "label": 0,
    "process_group_no": null,
    "process_event_order": null
  },
  {
    "record_id": 1528,
    "time_created": "2026-06-30T08:10:55",
    "event_id": 1,
    "provider_name": "Microsoft-Windows-Sysmon",
    "process_name": "conhost.exe",
    "command_line": "\\??\\C:\\Windows\\system32\\conhost.exe 0xffffffff -ForceV1",
    "parent_process": null,
    "destination_ip": "",
    "destination_port": "",
    "query_name": "",
    "process_guid": null,
    "parent_process_guid": null,
    "process_id": null,
    "parent_process_id": null,
    "source_dataset": "collected",
    "source_file": "live_collection/192.168.116.129",
    "label": 0,
    "process_group_no": null,
    "process_event_order": null
  },
  {
    "record_id": 1529,
    "time_created": "2026-06-30T08:10:56",
    "event_id": 5,
    "provider_name": "Microsoft-Windows-Sysmon",
    "process_name": "powershell.exe",
    "command_line": "",
    "parent_process": null,
    "destination_ip": "",
    "destination_port": "",
    "query_name": "",
    "process_guid": null,
    "parent_process_guid": null,
    "process_id": null,
    "parent_process_id": null,
    "source_dataset": "collected",
    "source_file": "live_collection/192.168.116.129",
    "label": 0,
    "process_group_no": null,
    "process_event_order": null
  },
  {
    "record_id": 1530,
    "time_created": "2026-06-30T08:10:56",
    "event_id": 5,
    "provider_name": "Microsoft-Windows-Sysmon",
    "process_name": "conhost.exe",
    "command_line": "",
    "parent_process": null,
    "destination_ip": "",
    "destination_port": "",
    "query_name": "",
    "process_guid": null,
    "parent_process_guid": null,
    "process_id": null,
    "parent_process_id": null,
    "source_dataset": "collected",
    "source_file": "live_collection/192.168.116.129",
    "label": 0,
    "process_group_no": null,
    "process_event_order": null
  },
  {
    "record_id": 1531,
    "time_created": "2026-06-30T08:11:07",
    "event_id": 1,
    "provider_name": "Microsoft-Windows-Sysmon",
    "process_name": "conhost.exe",
    "command_line": "\\??\\C:\\Windows\\system32\\conhost.exe 0xffffffff -ForceV1",
    "parent_process": null,
    "destination_ip": "",
    "destination_port": "",
    "query_name": "",
    "process_guid": null,
    "parent_process_guid": null,
    "process_id": null,
    "parent_process_id": null,
    "source_dataset": "collected",
    "source_file": "live_collection/192.168.116.129",
    "label": 0,
    "process_group_no": null,
    "process_event_order": null
  },
  {
    "record_id": 1532,
    "time_created": "2026-06-30T08:11:08",
    "event_id": 5,
    "provider_name": "Microsoft-Windows-Sysmon",
    "process_name": "powershell.exe",
    "command_line": "",
    "parent_process": null,
    "destination_ip": "",
    "destination_port": "",
    "query_name": "",
    "process_guid": null,
    "parent_process_guid": null,
    "process_id": null,
    "parent_process_id": null,
    "source_dataset": "collected",
    "source_file": "live_collection/192.168.116.129",
    "label": 0,
    "process_group_no": null,
    "process_event_order": null
  },
  {
    "record_id": 1533,
    "time_created": "2026-06-30T08:11:08",
    "event_id": 5,
    "provider_name": "Microsoft-Windows-Sysmon",
    "process_name": "conhost.exe",
    "command_line": "",
    "parent_process": null,
    "destination_ip": "",
    "destination_port": "",
    "query_name": "",
    "process_guid": null,
    "parent_process_guid": null,
    "process_id": null,
    "parent_process_id": null,
    "source_dataset": "collected",
    "source_file": "live_collection/192.168.116.129",
    "label": 0,
    "process_group_no": null,
    "process_event_order": null
  },
  {
    "record_id": 1534,
    "time_created": "2026-06-30T08:11:28",
    "event_id": 1,
    "provider_name": "Microsoft-Windows-Sysmon",
    "process_name": "conhost.exe",
    "command_line": "\\??\\C:\\Windows\\system32\\conhost.exe 0xffffffff -ForceV1",
    "parent_process": null,
    "destination_ip": "",
    "destination_port": "",
    "query_name": "",
    "process_guid": null,
    "parent_process_guid": null,
    "process_id": null,
    "parent_process_id": null,
    "source_dataset": "collected",
    "source_file": "live_collection/192.168.116.129",
    "label": 0,
    "process_group_no": null,
    "process_event_order": null
  },
  {
    "record_id": 1535,
    "time_created": "2026-06-30T08:11:29",
    "event_id": 5,
    "provider_name": "Microsoft-Windows-Sysmon",
    "process_name": "powershell.exe",
    "command_line": "",
    "parent_process": null,
    "destination_ip": "",
    "destination_port": "",
    "query_name": "",
    "process_guid": null,
    "parent_process_guid": null,
    "process_id": null,
    "parent_process_id": null,
    "source_dataset": "collected",
    "source_file": "live_collection/192.168.116.129",
    "label": 0,
    "process_group_no": null,
    "process_event_order": null
  },
  {
    "record_id": 1536,
    "time_created": "2026-06-30T08:11:29",
    "event_id": 5,
    "provider_name": "Microsoft-Windows-Sysmon",
    "process_name": "conhost.exe",
    "command_line": "",
    "parent_process": null,
    "destination_ip": "",
    "destination_port": "",
    "query_name": "",
    "process_guid": null,
    "parent_process_guid": null,
    "process_id": null,
    "parent_process_id": null,
    "source_dataset": "collected",
    "source_file": "live_collection/192.168.116.129",
    "label": 0,
    "process_group_no": null,
    "process_event_order": null
  },
  {
    "record_id": 1537,
    "time_created": "2026-06-30T08:11:35",
    "event_id": 3,
    "provider_name": "Microsoft-Windows-Sysmon",
    "process_name": "explorer.exe",
    "command_line": "",
    "parent_process": null,
    "destination_ip": "203.251.234.16",
    "destination_port": "443",
    "query_name": "",
    "process_guid": null,
    "parent_process_guid": null,
    "process_id": null,
    "parent_process_id": null,
    "source_dataset": "collected",
    "source_file": "live_collection/192.168.116.129",
    "label": 0,
    "process_group_no": null,
    "process_event_order": null
  },
  {
    "record_id": 1538,
    "time_created": "2026-06-30T08:11:40",
    "event_id": 1,
    "provider_name": "Microsoft-Windows-Sysmon",
    "process_name": "conhost.exe",
    "command_line": "\\??\\C:\\Windows\\system32\\conhost.exe 0xffffffff -ForceV1",
    "parent_process": null,
    "destination_ip": "",
    "destination_port": "",
    "query_name": "",
    "process_guid": null,
    "parent_process_guid": null,
    "process_id": null,
    "parent_process_id": null,
    "source_dataset": "collected",
    "source_file": "live_collection/192.168.116.129",
    "label": 0,
    "process_group_no": null,
    "process_event_order": null
  },
  {
    "record_id": 1539,
    "time_created": "2026-06-30T08:11:41",
    "event_id": 5,
    "provider_name": "Microsoft-Windows-Sysmon",
    "process_name": "SearchProtocolHost.exe",
    "command_line": "",
    "parent_process": null,
    "destination_ip": "",
    "destination_port": "",
    "query_name": "",
    "process_guid": null,
    "parent_process_guid": null,
    "process_id": null,
    "parent_process_id": null,
    "source_dataset": "collected",
    "source_file": "live_collection/192.168.116.129",
    "label": 0,
    "process_group_no": null,
    "process_event_order": null
  },
  {
    "record_id": 1540,
    "time_created": "2026-06-30T08:11:41",
    "event_id": 5,
    "provider_name": "Microsoft-Windows-Sysmon",
    "process_name": "SearchFilterHost.exe",
    "command_line": "",
    "parent_process": null,
    "destination_ip": "",
    "destination_port": "",
    "query_name": "",
    "process_guid": null,
    "parent_process_guid": null,
    "process_id": null,
    "parent_process_id": null,
    "source_dataset": "collected",
    "source_file": "live_collection/192.168.116.129",
    "label": 0,
    "process_group_no": null,
    "process_event_order": null
  },
  {
    "record_id": 1541,
    "time_created": "2026-06-30T08:11:41",
    "event_id": 5,
    "provider_name": "Microsoft-Windows-Sysmon",
    "process_name": "powershell.exe",
    "command_line": "",
    "parent_process": null,
    "destination_ip": "",
    "destination_port": "",
    "query_name": "",
    "process_guid": null,
    "parent_process_guid": null,
    "process_id": null,
    "parent_process_id": null,
    "source_dataset": "collected",
    "source_file": "live_collection/192.168.116.129",
    "label": 0,
    "process_group_no": null,
    "process_event_order": null
  },
  {
    "record_id": 1542,
    "time_created": "2026-06-30T08:11:41",
    "event_id": 5,
    "provider_name": "Microsoft-Windows-Sysmon",
    "process_name": "conhost.exe",
    "command_line": "",
    "parent_process": null,
    "destination_ip": "",
    "destination_port": "",
    "query_name": "",
    "process_guid": null,
    "parent_process_guid": null,
    "process_id": null,
    "parent_process_id": null,
    "source_dataset": "collected",
    "source_file": "live_collection/192.168.116.129",
    "label": 0,
    "process_group_no": null,
    "process_event_order": null
  },
  {
    "record_id": 1543,
    "time_created": "2026-06-30T08:11:52",
    "event_id": 1,
    "provider_name": "Microsoft-Windows-Sysmon",
    "process_name": "conhost.exe",
    "command_line": "\\??\\C:\\Windows\\system32\\conhost.exe 0xffffffff -ForceV1",
    "parent_process": null,
    "destination_ip": "",
    "destination_port": "",
    "query_name": "",
    "process_guid": null,
    "parent_process_guid": null,
    "process_id": null,
    "parent_process_id": null,
    "source_dataset": "collected",
    "source_file": "live_collection/192.168.116.129",
    "label": 0,
    "process_group_no": null,
    "process_event_order": null
  },
  {
    "record_id": 1544,
    "time_created": "2026-06-30T08:11:53",
    "event_id": 5,
    "provider_name": "Microsoft-Windows-Sysmon",
    "process_name": "powershell.exe",
    "command_line": "",
    "parent_process": null,
    "destination_ip": "",
    "destination_port": "",
    "query_name": "",
    "process_guid": null,
    "parent_process_guid": null,
    "process_id": null,
    "parent_process_id": null,
    "source_dataset": "collected",
    "source_file": "live_collection/192.168.116.129",
    "label": 0,
    "process_group_no": null,
    "process_event_order": null
  },
  {
    "record_id": 1545,
    "time_created": "2026-06-30T08:11:53",
    "event_id": 5,
    "provider_name": "Microsoft-Windows-Sysmon",
    "process_name": "conhost.exe",
    "command_line": "",
    "parent_process": null,
    "destination_ip": "",
    "destination_port": "",
    "query_name": "",
    "process_guid": null,
    "parent_process_guid": null,
    "process_id": null,
    "parent_process_id": null,
    "source_dataset": "collected",
    "source_file": "live_collection/192.168.116.129",
    "label": 0,
    "process_group_no": null,
    "process_event_order": null
  },
  {
    "record_id": 1546,
    "time_created": "2026-06-30T08:11:59",
    "event_id": 3,
    "provider_name": "Microsoft-Windows-Sysmon",
    "process_name": "svchost.exe",
    "command_line": "",
    "parent_process": null,
    "destination_ip": "192.168.116.2",
    "destination_port": "53",
    "query_name": "",
    "process_guid": null,
    "parent_process_guid": null,
    "process_id": null,
    "parent_process_id": null,
    "source_dataset": "collected",
    "source_file": "live_collection/192.168.116.129",
    "label": 0,
    "process_group_no": null,
    "process_event_order": null
  },
  {
    "record_id": 1547,
    "time_created": "2026-06-30T08:10:36",
    "event_id": 3,
    "provider_name": "Microsoft-Windows-Sysmon",
    "process_name": "vmnat.exe",
    "command_line": "",
    "parent_process": null,
    "destination_ip": "203.251.234.8",
    "destination_port": "443",
    "query_name": "",
    "process_guid": null,
    "parent_process_guid": null,
    "process_id": null,
    "parent_process_id": null,
    "source_dataset": "collected",
    "source_file": "live_collection/192.168.55.52",
    "label": 0,
    "process_group_no": null,
    "process_event_order": null
  },
  {
    "record_id": 1548,
    "time_created": "2026-06-30T08:10:36",
    "event_id": 3,
    "provider_name": "Microsoft-Windows-Sysmon",
    "process_name": "vmnat.exe",
    "command_line": "",
    "parent_process": null,
    "destination_ip": "203.251.234.8",
    "destination_port": "443",
    "query_name": "",
    "process_guid": null,
    "parent_process_guid": null,
    "process_id": null,
    "parent_process_id": null,
    "source_dataset": "collected",
    "source_file": "live_collection/192.168.55.52",
    "label": 0,
    "process_group_no": null,
    "process_event_order": null
  },
  {
    "record_id": 1549,
    "time_created": "2026-06-30T08:10:40",
    "event_id": 1,
    "provider_name": "Microsoft-Windows-Sysmon",
    "process_name": "conhost.exe",
    "command_line": "\\??\\C:\\WINDOWS\\system32\\conhost.exe 0xffffffff -ForceV1",
    "parent_process": null,
    "destination_ip": "",
    "destination_port": "",
    "query_name": "",
    "process_guid": null,
    "parent_process_guid": null,
    "process_id": null,
    "parent_process_id": null,
    "source_dataset": "collected",
    "source_file": "live_collection/192.168.55.52",
    "label": 0,
    "process_group_no": null,
    "process_event_order": null
  },
  {
    "record_id": 1550,
    "time_created": "2026-06-30T08:10:40",
    "event_id": 3,
    "provider_name": "Microsoft-Windows-Sysmon",
    "process_name": "vmnat.exe",
    "command_line": "",
    "parent_process": null,
    "destination_ip": "210.220.163.82",
    "destination_port": "53",
    "query_name": "",
    "process_guid": null,
    "parent_process_guid": null,
    "process_id": null,
    "parent_process_id": null,
    "source_dataset": "collected",
    "source_file": "live_collection/192.168.55.52",
    "label": 0,
    "process_group_no": null,
    "process_event_order": null
  },
  {
    "record_id": 1551,
    "time_created": "2026-06-30T08:10:40",
    "event_id": 3,
    "provider_name": "Microsoft-Windows-Sysmon",
    "process_name": "vmnat.exe",
    "command_line": "",
    "parent_process": null,
    "destination_ip": "210.220.163.82",
    "destination_port": "53",
    "query_name": "",
    "process_guid": null,
    "parent_process_guid": null,
    "process_id": null,
    "parent_process_id": null,
    "source_dataset": "collected",
    "source_file": "live_collection/192.168.55.52",
    "label": 0,
    "process_group_no": null,
    "process_event_order": null
  },
  {
    "record_id": 1552,
    "time_created": "2026-06-30T08:10:41",
    "event_id": 3,
    "provider_name": "Microsoft-Windows-Sysmon",
    "process_name": "vmnat.exe",
    "command_line": "",
    "parent_process": null,
    "destination_ip": "203.251.233.235",
    "destination_port": "443",
    "query_name": "",
    "process_guid": null,
    "parent_process_guid": null,
    "process_id": null,
    "parent_process_id": null,
    "source_dataset": "collected",
    "source_file": "live_collection/192.168.55.52",
    "label": 0,
    "process_group_no": null,
    "process_event_order": null
  },
  {
    "record_id": 1553,
    "time_created": "2026-06-30T08:10:42",
    "event_id": 5,
    "provider_name": "Microsoft-Windows-Sysmon",
    "process_name": "powershell.exe",
    "command_line": "",
    "parent_process": null,
    "destination_ip": "",
    "destination_port": "",
    "query_name": "",
    "process_guid": null,
    "parent_process_guid": null,
    "process_id": null,
    "parent_process_id": null,
    "source_dataset": "collected",
    "source_file": "live_collection/192.168.55.52",
    "label": 0,
    "process_group_no": null,
    "process_event_order": null
  },
  {
    "record_id": 1554,
    "time_created": "2026-06-30T08:10:42",
    "event_id": 5,
    "provider_name": "Microsoft-Windows-Sysmon",
    "process_name": "conhost.exe",
    "command_line": "",
    "parent_process": null,
    "destination_ip": "",
    "destination_port": "",
    "query_name": "",
    "process_guid": null,
    "parent_process_guid": null,
    "process_id": null,
    "parent_process_id": null,
    "source_dataset": "collected",
    "source_file": "live_collection/192.168.55.52",
    "label": 0,
    "process_group_no": null,
    "process_event_order": null
  },
  {
    "record_id": 1555,
    "time_created": "2026-06-30T08:10:47",
    "event_id": 3,
    "provider_name": "Microsoft-Windows-Sysmon",
    "process_name": "vmnat.exe",
    "command_line": "",
    "parent_process": null,
    "destination_ip": "203.251.233.235",
    "destination_port": "443",
    "query_name": "",
    "process_guid": null,
    "parent_process_guid": null,
    "process_id": null,
    "parent_process_id": null,
    "source_dataset": "collected",
    "source_file": "live_collection/192.168.55.52",
    "label": 0,
    "process_group_no": null,
    "process_event_order": null
  },
  {
    "record_id": 1556,
    "time_created": "2026-06-30T08:10:53",
    "event_id": 1,
    "provider_name": "Microsoft-Windows-Sysmon",
    "process_name": "conhost.exe",
    "command_line": "\\??\\C:\\WINDOWS\\system32\\conhost.exe 0xffffffff -ForceV1",
    "parent_process": null,
    "destination_ip": "",
    "destination_port": "",
    "query_name": "",
    "process_guid": null,
    "parent_process_guid": null,
    "process_id": null,
    "parent_process_id": null,
    "source_dataset": "collected",
    "source_file": "live_collection/192.168.55.52",
    "label": 0,
    "process_group_no": null,
    "process_event_order": null
  },
  {
    "record_id": 1557,
    "time_created": "2026-06-30T08:10:55",
    "event_id": 5,
    "provider_name": "Microsoft-Windows-Sysmon",
    "process_name": "powershell.exe",
    "command_line": "",
    "parent_process": null,
    "destination_ip": "",
    "destination_port": "",
    "query_name": "",
    "process_guid": null,
    "parent_process_guid": null,
    "process_id": null,
    "parent_process_id": null,
    "source_dataset": "collected",
    "source_file": "live_collection/192.168.55.52",
    "label": 0,
    "process_group_no": null,
    "process_event_order": null
  },
  {
    "record_id": 1558,
    "time_created": "2026-06-30T08:10:55",
    "event_id": 5,
    "provider_name": "Microsoft-Windows-Sysmon",
    "process_name": "conhost.exe",
    "command_line": "",
    "parent_process": null,
    "destination_ip": "",
    "destination_port": "",
    "query_name": "",
    "process_guid": null,
    "parent_process_guid": null,
    "process_id": null,
    "parent_process_id": null,
    "source_dataset": "collected",
    "source_file": "live_collection/192.168.55.52",
    "label": 0,
    "process_group_no": null,
    "process_event_order": null
  },
  {
    "record_id": 1559,
    "time_created": "2026-06-30T08:11:01",
    "event_id": 3,
    "provider_name": "Microsoft-Windows-Sysmon",
    "process_name": "vmnat.exe",
    "command_line": "",
    "parent_process": null,
    "destination_ip": "203.251.234.8",
    "destination_port": "443",
    "query_name": "",
    "process_guid": null,
    "parent_process_guid": null,
    "process_id": null,
    "parent_process_id": null,
    "source_dataset": "collected",
    "source_file": "live_collection/192.168.55.52",
    "label": 0,
    "process_group_no": null,
    "process_event_order": null
  },
  {
    "record_id": 1560,
    "time_created": "2026-06-30T08:11:01",
    "event_id": 3,
    "provider_name": "Microsoft-Windows-Sysmon",
    "process_name": "vmnat.exe",
    "command_line": "",
    "parent_process": null,
    "destination_ip": "203.251.234.8",
    "destination_port": "443",
    "query_name": "",
    "process_guid": null,
    "parent_process_guid": null,
    "process_id": null,
    "parent_process_id": null,
    "source_dataset": "collected",
    "source_file": "live_collection/192.168.55.52",
    "label": 0,
    "process_group_no": null,
    "process_event_order": null
  },
