  {
    "record_id": 2046,
    "time_created": "2026-06-30T08:10:31",
    "event_id": 22,
    "provider_name": "Microsoft-Windows-Sysmon",
    "process_name": "explorer.exe",
    "command_line": "",
    "parent_process": null,
    "destination_ip": "",
    "destination_port": "",
    "query_name": "ocsp.digicert.com",
    "process_guid": null,
    "parent_process_guid": null,
    "process_id": null,
    "parent_process_id": null,
    "source_dataset": "collected",
    "source_file": "live_collection/192.168.116.129",
    "label": 0,
    "process_group_no": null,
    "process_event_order": null
  },
  {
    "record_id": 2047,
    "time_created": "2026-06-30T08:10:32",
    "event_id": 22,
    "provider_name": "Microsoft-Windows-Sysmon",
    "process_name": "Sysmon64.exe",
    "command_line": "",
    "parent_process": null,
    "destination_ip": "",
    "destination_port": "",
    "query_name": "134.96.60.23.in-addr.arpa.",
    "process_guid": null,
    "parent_process_guid": null,
    "process_id": null,
    "parent_process_id": null,
    "source_dataset": "collected",
    "source_file": "live_collection/192.168.116.129",
    "label": 0,
    "process_group_no": null,
    "process_event_order": null
  },
  {
    "record_id": 2048,
    "time_created": "2026-06-30T08:10:32",
    "event_id": 3,
    "provider_name": "Microsoft-Windows-Sysmon",
    "process_name": "svchost.exe",
    "command_line": "",
    "parent_process": null,
    "destination_ip": "192.168.116.2",
    "destination_port": "53",
    "query_name": "",
    "process_guid": null,
    "parent_process_guid": null,
    "process_id": null,
    "parent_process_id": null,
    "source_dataset": "collected",
    "source_file": "live_collection/192.168.116.129",
    "label": 0,
    "process_group_no": null,
    "process_event_order": null
  },
  {
    "record_id": 2049,
    "time_created": "2026-06-30T08:10:33",
    "event_id": 3,
    "provider_name": "Microsoft-Windows-Sysmon",
    "process_name": "msedge.exe",
    "command_line": "",
    "parent_process": null,
    "destination_ip": "192.168.116.2",
    "destination_port": "53",
    "query_name": "",
    "process_guid": null,
    "parent_process_guid": null,
    "process_id": null,
    "parent_process_id": null,
    "source_dataset": "collected",
    "source_file": "live_collection/192.168.116.129",
    "label": 0,
    "process_group_no": null,
    "process_event_order": null
  },
  {
    "record_id": 2050,
    "time_created": "2026-06-30T08:10:33",
    "event_id": 3,
    "provider_name": "Microsoft-Windows-Sysmon",
    "process_name": "msedge.exe",
    "command_line": "",
    "parent_process": null,
    "destination_ip": "192.168.116.2",
    "destination_port": "53",
    "query_name": "",
    "process_guid": null,
    "parent_process_guid": null,
    "process_id": null,
    "parent_process_id": null,
    "source_dataset": "collected",
    "source_file": "live_collection/192.168.116.129",
    "label": 0,
    "process_group_no": null,
    "process_event_order": null
  },
  {
    "record_id": 2051,
    "time_created": "2026-06-30T08:10:33",
    "event_id": 3,
    "provider_name": "Microsoft-Windows-Sysmon",
    "process_name": "svchost.exe",
    "command_line": "",
    "parent_process": null,
    "destination_ip": "192.168.116.2",
    "destination_port": "53",
    "query_name": "",
    "process_guid": null,
    "parent_process_guid": null,
    "process_id": null,
    "parent_process_id": null,
    "source_dataset": "collected",
    "source_file": "live_collection/192.168.116.129",
    "label": 0,
    "process_group_no": null,
    "process_event_order": null
  },
  {
    "record_id": 2052,
    "time_created": "2026-06-30T08:10:33",
    "event_id": 3,
    "provider_name": "Microsoft-Windows-Sysmon",
    "process_name": "msedge.exe",
    "command_line": "",
    "parent_process": null,
    "destination_ip": "203.251.233.235",
    "destination_port": "443",
    "query_name": "",
    "process_guid": null,
    "parent_process_guid": null,
    "process_id": null,
    "parent_process_id": null,
    "source_dataset": "collected",
    "source_file": "live_collection/192.168.116.129",
    "label": 0,
    "process_group_no": null,
    "process_event_order": null
  },
  {
    "record_id": 2053,
    "time_created": "2026-06-30T08:10:41",
    "event_id": 22,
    "provider_name": "Microsoft-Windows-Sysmon",
    "process_name": "svchost.exe",
    "command_line": "",
    "parent_process": null,
    "destination_ip": "",
    "destination_port": "",
    "query_name": "ocsp.digicert.com",
    "process_guid": null,
    "parent_process_guid": null,
    "process_id": null,
    "parent_process_id": null,
    "source_dataset": "collected",
    "source_file": "live_collection/192.168.116.129",
    "label": 0,
    "process_group_no": null,
    "process_event_order": null
  },
  {
    "record_id": 2054,
    "time_created": "2026-06-30T08:10:41",
    "event_id": 3,
    "provider_name": "Microsoft-Windows-Sysmon",
    "process_name": "svchost.exe",
    "command_line": "",
    "parent_process": null,
    "destination_ip": "192.168.116.2",
    "destination_port": "53",
    "query_name": "",
    "process_guid": null,
    "parent_process_guid": null,
    "process_id": null,
    "parent_process_id": null,
    "source_dataset": "collected",
    "source_file": "live_collection/192.168.116.129",
    "label": 0,
    "process_group_no": null,
    "process_event_order": null
  },
  {
    "record_id": 2055,
    "time_created": "2026-06-30T08:10:55",
    "event_id": 1,
    "provider_name": "Microsoft-Windows-Sysmon",
    "process_name": "conhost.exe",
    "command_line": "\\??\\C:\\Windows\\system32\\conhost.exe 0xffffffff -ForceV1",
    "parent_process": null,
    "destination_ip": "",
    "destination_port": "",
    "query_name": "",
    "process_guid": null,
    "parent_process_guid": null,
    "process_id": null,
    "parent_process_id": null,
    "source_dataset": "collected",
    "source_file": "live_collection/192.168.116.129",
    "label": 0,
    "process_group_no": null,
    "process_event_order": null
  },
  {
    "record_id": 2056,
    "time_created": "2026-06-30T08:10:56",
    "event_id": 5,
    "provider_name": "Microsoft-Windows-Sysmon",
    "process_name": "powershell.exe",
    "command_line": "",
    "parent_process": null,
    "destination_ip": "",
    "destination_port": "",
    "query_name": "",
    "process_guid": null,
    "parent_process_guid": null,
    "process_id": null,
    "parent_process_id": null,
    "source_dataset": "collected",
    "source_file": "live_collection/192.168.116.129",
    "label": 0,
    "process_group_no": null,
    "process_event_order": null
  },
  {
    "record_id": 2057,
    "time_created": "2026-06-30T08:10:56",
    "event_id": 5,
    "provider_name": "Microsoft-Windows-Sysmon",
    "process_name": "conhost.exe",
    "command_line": "",
    "parent_process": null,
    "destination_ip": "",
    "destination_port": "",
    "query_name": "",
    "process_guid": null,
    "parent_process_guid": null,
    "process_id": null,
    "parent_process_id": null,
    "source_dataset": "collected",
    "source_file": "live_collection/192.168.116.129",
    "label": 0,
    "process_group_no": null,
    "process_event_order": null
  },
  {
    "record_id": 2058,
    "time_created": "2026-06-30T08:08:32",
    "event_id": 3,
    "provider_name": "Microsoft-Windows-Sysmon",
    "process_name": "svchost.exe",
    "command_line": "",
    "parent_process": null,
    "destination_ip": "192.168.116.2",
    "destination_port": "53",
    "query_name": "",
    "process_guid": null,
    "parent_process_guid": null,
    "process_id": null,
    "parent_process_id": null,
    "source_dataset": "collected",
    "source_file": "live_collection/192.168.116.129",
    "label": 0,
    "process_group_no": null,
    "process_event_order": null
  },
  {
    "record_id": 2059,
    "time_created": "2026-06-30T08:08:32",
    "event_id": 3,
    "provider_name": "Microsoft-Windows-Sysmon",
    "process_name": "python.exe",
    "command_line": "",
    "parent_process": null,
    "destination_ip": "13.213.209.173",
    "destination_port": "80",
    "query_name": "",
    "process_guid": null,
    "parent_process_guid": null,
    "process_id": null,
    "parent_process_id": null,
    "source_dataset": "collected",
    "source_file": "live_collection/192.168.116.129",
    "label": 0,
    "process_group_no": null,
    "process_event_order": null
  },
  {
    "record_id": 2060,
    "time_created": "2026-06-30T08:08:32",
    "event_id": 3,
    "provider_name": "Microsoft-Windows-Sysmon",
    "process_name": "svchost.exe",
    "command_line": "",
    "parent_process": null,
    "destination_ip": "192.168.116.2",
    "destination_port": "53",
    "query_name": "",
    "process_guid": null,
    "parent_process_guid": null,
    "process_id": null,
    "parent_process_id": null,
    "source_dataset": "collected",
    "source_file": "live_collection/192.168.116.129",
    "label": 0,
    "process_group_no": null,
    "process_event_order": null
  },
  {
    "record_id": 2061,
    "time_created": "2026-06-30T08:08:32",
    "event_id": 3,
    "provider_name": "Microsoft-Windows-Sysmon",
    "process_name": "msedge.exe",
    "command_line": "",
    "parent_process": null,
    "destination_ip": "192.168.116.2",
    "destination_port": "53",
    "query_name": "",
    "process_guid": null,
    "parent_process_guid": null,
    "process_id": null,
    "parent_process_id": null,
    "source_dataset": "collected",
    "source_file": "live_collection/192.168.116.129",
    "label": 0,
    "process_group_no": null,
    "process_event_order": null
  },
  {
    "record_id": 2062,
    "time_created": "2026-06-30T08:08:32",
    "event_id": 3,
    "provider_name": "Microsoft-Windows-Sysmon",
    "process_name": "msedge.exe",
    "command_line": "",
    "parent_process": null,
    "destination_ip": "192.168.116.2",
    "destination_port": "53",
    "query_name": "",
    "process_guid": null,
    "parent_process_guid": null,
    "process_id": null,
    "parent_process_id": null,
    "source_dataset": "collected",
    "source_file": "live_collection/192.168.116.129",
    "label": 0,
    "process_group_no": null,
    "process_event_order": null
  },
  {
    "record_id": 2063,
    "time_created": "2026-06-30T08:08:33",
    "event_id": 22,
    "provider_name": "Microsoft-Windows-Sysmon",
    "process_name": "python.exe",
    "command_line": "",
    "parent_process": null,
    "destination_ip": "",
    "destination_port": "",
    "query_name": "checkip.amazonaws.com",
    "process_guid": null,
    "parent_process_guid": null,
    "process_id": null,
    "parent_process_id": null,
    "source_dataset": "collected",
    "source_file": "live_collection/192.168.116.129",
    "label": 0,
    "process_group_no": null,
    "process_event_order": null
  },
  {
    "record_id": 2064,
    "time_created": "2026-06-30T08:08:33",
    "event_id": 3,
    "provider_name": "Microsoft-Windows-Sysmon",
    "process_name": "msedge.exe",
    "command_line": "",
    "parent_process": null,
    "destination_ip": "203.251.234.8",
    "destination_port": "443",
    "query_name": "",
    "process_guid": null,
    "parent_process_guid": null,
    "process_id": null,
    "parent_process_id": null,
    "source_dataset": "collected",
    "source_file": "live_collection/192.168.116.129",
    "label": 0,
    "process_group_no": null,
    "process_event_order": null
  },
  {
    "record_id": 2065,
    "time_created": "2026-06-30T08:08:33",
    "event_id": 3,
    "provider_name": "Microsoft-Windows-Sysmon",
    "process_name": "svchost.exe",
    "command_line": "",
    "parent_process": null,
    "destination_ip": "192.168.116.2",
    "destination_port": "53",
    "query_name": "",
    "process_guid": null,
    "parent_process_guid": null,
    "process_id": null,
    "parent_process_id": null,
    "source_dataset": "collected",
    "source_file": "live_collection/192.168.116.129",
    "label": 0,
    "process_group_no": null,
    "process_event_order": null
  },
  {
    "record_id": 2066,
    "time_created": "2026-06-30T08:08:34",
    "event_id": 22,
    "provider_name": "Microsoft-Windows-Sysmon",
    "process_name": "Sysmon64.exe",
    "command_line": "",
    "parent_process": null,
    "destination_ip": "",
    "destination_port": "",
    "query_name": "173.209.213.13.in-addr.arpa.",
    "process_guid": null,
    "parent_process_guid": null,
    "process_id": null,
    "parent_process_id": null,
    "source_dataset": "collected",
    "source_file": "live_collection/192.168.116.129",
    "label": 0,
    "process_group_no": null,
    "process_event_order": null
  },
  {
    "record_id": 2067,
    "time_created": "2026-06-30T08:08:35",
    "event_id": 3,
    "provider_name": "Microsoft-Windows-Sysmon",
    "process_name": "msedge.exe",
    "command_line": "",
    "parent_process": null,
    "destination_ip": "192.168.116.2",
    "destination_port": "53",
    "query_name": "",
    "process_guid": null,
    "parent_process_guid": null,
    "process_id": null,
    "parent_process_id": null,
    "source_dataset": "collected",
    "source_file": "live_collection/192.168.116.129",
    "label": 0,
    "process_group_no": null,
    "process_event_order": null
  },
  {
    "record_id": 2068,
    "time_created": "2026-06-30T08:08:35",
    "event_id": 3,
    "provider_name": "Microsoft-Windows-Sysmon",
    "process_name": "msedge.exe",
    "command_line": "",
    "parent_process": null,
    "destination_ip": "192.168.116.2",
    "destination_port": "53",
    "query_name": "",
    "process_guid": null,
    "parent_process_guid": null,
    "process_id": null,
    "parent_process_id": null,
    "source_dataset": "collected",
    "source_file": "live_collection/192.168.116.129",
    "label": 0,
    "process_group_no": null,
    "process_event_order": null
  },
  {
    "record_id": 2069,
    "time_created": "2026-06-30T08:08:35",
    "event_id": 3,
    "provider_name": "Microsoft-Windows-Sysmon",
    "process_name": "msedge.exe",
    "command_line": "",
    "parent_process": null,
    "destination_ip": "54.230.62.43",
    "destination_port": "443",
    "query_name": "",
    "process_guid": null,
    "parent_process_guid": null,
    "process_id": null,
    "parent_process_id": null,
    "source_dataset": "collected",
    "source_file": "live_collection/192.168.116.129",
    "label": 0,
    "process_group_no": null,
    "process_event_order": null
  },
  {
    "record_id": 2070,
    "time_created": "2026-06-30T08:08:35",
    "event_id": 3,
    "provider_name": "Microsoft-Windows-Sysmon",
    "process_name": "msedge.exe",
    "command_line": "",
    "parent_process": null,
    "destination_ip": "192.168.116.2",
    "destination_port": "53",
    "query_name": "",
    "process_guid": null,
    "parent_process_guid": null,
    "process_id": null,
    "parent_process_id": null,
    "source_dataset": "collected",
    "source_file": "live_collection/192.168.116.129",
    "label": 0,
    "process_group_no": null,
    "process_event_order": null
  },
  {
    "record_id": 2071,
    "time_created": "2026-06-30T08:08:35",
    "event_id": 3,
    "provider_name": "Microsoft-Windows-Sysmon",
    "process_name": "msedge.exe",
    "command_line": "",
    "parent_process": null,
    "destination_ip": "192.168.116.2",
    "destination_port": "53",
    "query_name": "",
    "process_guid": null,
    "parent_process_guid": null,
    "process_id": null,
    "parent_process_id": null,
    "source_dataset": "collected",
    "source_file": "live_collection/192.168.116.129",
    "label": 0,
    "process_group_no": null,
    "process_event_order": null
  },
  {
    "record_id": 2072,
    "time_created": "2026-06-30T08:08:35",
    "event_id": 3,
    "provider_name": "Microsoft-Windows-Sysmon",
    "process_name": "msedge.exe",
    "command_line": "",
    "parent_process": null,
    "destination_ip": "35.237.69.59",
    "destination_port": "443",
    "query_name": "",
    "process_guid": null,
    "parent_process_guid": null,
    "process_id": null,
    "parent_process_id": null,
    "source_dataset": "collected",
    "source_file": "live_collection/192.168.116.129",
    "label": 0,
    "process_group_no": null,
    "process_event_order": null
  },
  {
    "record_id": 2073,
    "time_created": "2026-06-30T08:08:35",
    "event_id": 22,
    "provider_name": "Microsoft-Windows-Sysmon",
    "process_name": "Sysmon64.exe",
    "command_line": "",
    "parent_process": null,
    "destination_ip": "",
    "destination_port": "",
    "query_name": "43.62.230.54.in-addr.arpa.",
    "process_guid": null,
    "parent_process_guid": null,
    "process_id": null,
    "parent_process_id": null,
    "source_dataset": "collected",
    "source_file": "live_collection/192.168.116.129",
    "label": 0,
    "process_group_no": null,
    "process_event_order": null
  },
  {
    "record_id": 2074,
    "time_created": "2026-06-30T08:08:36",
    "event_id": 3,
    "provider_name": "Microsoft-Windows-Sysmon",
    "process_name": "msedge.exe",
    "command_line": "",
    "parent_process": null,
    "destination_ip": "35.237.69.59",
    "destination_port": "443",
    "query_name": "",
    "process_guid": null,
    "parent_process_guid": null,
    "process_id": null,
    "parent_process_id": null,
    "source_dataset": "collected",
    "source_file": "live_collection/192.168.116.129",
    "label": 0,
    "process_group_no": null,
    "process_event_order": null
  },
  {
    "record_id": 2075,
    "time_created": "2026-06-30T08:08:36",
    "event_id": 3,
    "provider_name": "Microsoft-Windows-Sysmon",
    "process_name": "svchost.exe",
    "command_line": "",
    "parent_process": null,
    "destination_ip": "192.168.116.2",
    "destination_port": "53",
    "query_name": "",
    "process_guid": null,
    "parent_process_guid": null,
    "process_id": null,
    "parent_process_id": null,
    "source_dataset": "collected",
    "source_file": "live_collection/192.168.116.129",
    "label": 0,
    "process_group_no": null,
    "process_event_order": null
  },
  {
    "record_id": 2076,
    "time_created": "2026-06-30T08:08:36",
    "event_id": 3,
    "provider_name": "Microsoft-Windows-Sysmon",
    "process_name": "svchost.exe",
    "command_line": "",
    "parent_process": null,
    "destination_ip": "192.168.116.2",
    "destination_port": "53",
    "query_name": "",
    "process_guid": null,
    "parent_process_guid": null,
    "process_id": null,
    "parent_process_id": null,
    "source_dataset": "collected",
    "source_file": "live_collection/192.168.116.129",
    "label": 0,
    "process_group_no": null,
    "process_event_order": null
  },
  {
    "record_id": 2077,
    "time_created": "2026-06-30T08:08:36",
    "event_id": 22,
    "provider_name": "Microsoft-Windows-Sysmon",
    "process_name": "Sysmon64.exe",
    "command_line": "",
    "parent_process": null,
    "destination_ip": "",
    "destination_port": "",
    "query_name": "59.69.237.35.in-addr.arpa.",
    "process_guid": null,
    "parent_process_guid": null,
    "process_id": null,
    "parent_process_id": null,
    "source_dataset": "collected",
    "source_file": "live_collection/192.168.116.129",
    "label": 0,
    "process_group_no": null,
    "process_event_order": null
  },
  {
    "record_id": 2078,
    "time_created": "2026-06-30T08:08:40",
    "event_id": 3,
    "provider_name": "Microsoft-Windows-Sysmon",
    "process_name": "svchost.exe",
    "command_line": "",
    "parent_process": null,
    "destination_ip": "192.168.116.2",
    "destination_port": "53",
    "query_name": "",
    "process_guid": null,
    "parent_process_guid": null,
    "process_id": null,
    "parent_process_id": null,
    "source_dataset": "collected",
    "source_file": "live_collection/192.168.116.129",
    "label": 0,
    "process_group_no": null,
    "process_event_order": null
  },
  {
    "record_id": 2079,
    "time_created": "2026-06-30T08:08:40",
    "event_id": 3,
    "provider_name": "Microsoft-Windows-Sysmon",
    "process_name": "msedge.exe",
    "command_line": "",
    "parent_process": null,
    "destination_ip": "192.168.116.2",
    "destination_port": "53",
    "query_name": "",
    "process_guid": null,
    "parent_process_guid": null,
    "process_id": null,
    "parent_process_id": null,
    "source_dataset": "collected",
    "source_file": "live_collection/192.168.116.129",
    "label": 0,
    "process_group_no": null,
    "process_event_order": null
  },
  {
    "record_id": 2080,
    "time_created": "2026-06-30T08:08:40",
    "event_id": 3,
    "provider_name": "Microsoft-Windows-Sysmon",
    "process_name": "msedge.exe",
    "command_line": "",
    "parent_process": null,
    "destination_ip": "192.168.116.2",
    "destination_port": "53",
    "query_name": "",
    "process_guid": null,
    "parent_process_guid": null,
    "process_id": null,
    "parent_process_id": null,
    "source_dataset": "collected",
    "source_file": "live_collection/192.168.116.129",
    "label": 0,
    "process_group_no": null,
    "process_event_order": null
  },
  {
    "record_id": 2081,
    "time_created": "2026-06-30T08:08:40",
    "event_id": 3,
    "provider_name": "Microsoft-Windows-Sysmon",
    "process_name": "msedge.exe",
    "command_line": "",
    "parent_process": null,
    "destination_ip": "151.101.1.229",
    "destination_port": "443",
    "query_name": "",
    "process_guid": null,
    "parent_process_guid": null,
    "process_id": null,
    "parent_process_id": null,
    "source_dataset": "collected",
    "source_file": "live_collection/192.168.116.129",
    "label": 0,
    "process_group_no": null,
    "process_event_order": null
  },
  {
    "record_id": 2082,
    "time_created": "2026-06-30T08:08:40",
    "event_id": 22,
    "provider_name": "Microsoft-Windows-Sysmon",
    "process_name": "svchost.exe",
    "command_line": "",
    "parent_process": null,
    "destination_ip": "",
    "destination_port": "",
    "query_name": "checkip.amazonaws.com",
    "process_guid": null,
    "parent_process_guid": null,
    "process_id": null,
    "parent_process_id": null,
    "source_dataset": "collected",
    "source_file": "live_collection/192.168.116.129",
    "label": 0,
    "process_group_no": null,
    "process_event_order": null
  },
  {
    "record_id": 2083,
    "time_created": "2026-06-30T08:08:41",
    "event_id": 3,
    "provider_name": "Microsoft-Windows-Sysmon",
    "process_name": "svchost.exe",
    "command_line": "",
    "parent_process": null,
    "destination_ip": "192.168.116.2",
    "destination_port": "53",
    "query_name": "",
    "process_guid": null,
    "parent_process_guid": null,
    "process_id": null,
    "parent_process_id": null,
    "source_dataset": "collected",
    "source_file": "live_collection/192.168.116.129",
    "label": 0,
    "process_group_no": null,
    "process_event_order": null
  },
  {
    "record_id": 2084,
    "time_created": "2026-06-30T08:08:41",
    "event_id": 1,
    "provider_name": "Microsoft-Windows-Sysmon",
    "process_name": "conhost.exe",
    "command_line": "\\??\\C:\\Windows\\system32\\conhost.exe 0xffffffff -ForceV1",
    "parent_process": null,
    "destination_ip": "",
    "destination_port": "",
    "query_name": "",
    "process_guid": null,
    "parent_process_guid": null,
    "process_id": null,
    "parent_process_id": null,
    "source_dataset": "collected",
    "source_file": "live_collection/192.168.116.129",
    "label": 0,
    "process_group_no": null,
    "process_event_order": null
  },
  {
    "record_id": 2085,
    "time_created": "2026-06-30T08:08:41",
    "event_id": 22,
    "provider_name": "Microsoft-Windows-Sysmon",
    "process_name": "Sysmon64.exe",
    "command_line": "",
    "parent_process": null,
    "destination_ip": "",
    "destination_port": "",
    "query_name": "229.1.101.151.in-addr.arpa.",
    "process_guid": null,
    "parent_process_guid": null,
    "process_id": null,
    "parent_process_id": null,
    "source_dataset": "collected",
    "source_file": "live_collection/192.168.116.129",
    "label": 0,
    "process_group_no": null,
    "process_event_order": null
  },
  {
    "record_id": 2086,
    "time_created": "2026-06-30T08:08:41",
    "event_id": 3,
    "provider_name": "Microsoft-Windows-Sysmon",
    "process_name": "msedge.exe",
    "command_line": "",
    "parent_process": null,
    "destination_ip": "192.168.116.2",
    "destination_port": "53",
    "query_name": "",
    "process_guid": null,
    "parent_process_guid": null,
    "process_id": null,
    "parent_process_id": null,
    "source_dataset": "collected",
    "source_file": "live_collection/192.168.116.129",
    "label": 0,
    "process_group_no": null,
    "process_event_order": null
  },
  {
    "record_id": 2087,
    "time_created": "2026-06-30T08:08:41",
    "event_id": 3,
    "provider_name": "Microsoft-Windows-Sysmon",
    "process_name": "msedge.exe",
    "command_line": "",
    "parent_process": null,
    "destination_ip": "192.168.116.2",
    "destination_port": "53",
    "query_name": "",
    "process_guid": null,
    "parent_process_guid": null,
    "process_id": null,
    "parent_process_id": null,
    "source_dataset": "collected",
    "source_file": "live_collection/192.168.116.129",
    "label": 0,
    "process_group_no": null,
    "process_event_order": null
  },
  {
    "record_id": 2088,
    "time_created": "2026-06-30T08:08:41",
    "event_id": 3,
    "provider_name": "Microsoft-Windows-Sysmon",
    "process_name": "msedge.exe",
    "command_line": "",
    "parent_process": null,
    "destination_ip": "150.171.28.11",
    "destination_port": "443",
    "query_name": "",
    "process_guid": null,
    "parent_process_guid": null,
    "process_id": null,
    "parent_process_id": null,
    "source_dataset": "collected",
    "source_file": "live_collection/192.168.116.129",
    "label": 0,
    "process_group_no": null,
    "process_event_order": null
  },
  {
    "record_id": 2089,
    "time_created": "2026-06-30T08:08:45",
    "event_id": 5,
    "provider_name": "Microsoft-Windows-Sysmon",
    "process_name": "powershell.exe",
    "command_line": "",
    "parent_process": null,
    "destination_ip": "",
    "destination_port": "",
    "query_name": "",
    "process_guid": null,
    "parent_process_guid": null,
    "process_id": null,
    "parent_process_id": null,
    "source_dataset": "collected",
    "source_file": "live_collection/192.168.116.129",
    "label": 0,
    "process_group_no": null,
    "process_event_order": null
  },
  {
    "record_id": 2090,
    "time_created": "2026-06-30T08:08:45",
    "event_id": 5,
    "provider_name": "Microsoft-Windows-Sysmon",
    "process_name": "conhost.exe",
    "command_line": "",
    "parent_process": null,
    "destination_ip": "",
    "destination_port": "",
    "query_name": "",
    "process_guid": null,
    "parent_process_guid": null,
    "process_id": null,
    "parent_process_id": null,
    "source_dataset": "collected",
    "source_file": "live_collection/192.168.116.129",
    "label": 0,
    "process_group_no": null,
    "process_event_order": null
  },
  {
    "record_id": 2091,
    "time_created": "2026-06-30T08:08:46",
    "event_id": 22,
    "provider_name": "Microsoft-Windows-Sysmon",
    "process_name": "python.exe",
    "command_line": "",
    "parent_process": null,
    "destination_ip": "",
    "destination_port": "",
    "query_name": "DESKTOP-6UVD125",
    "process_guid": null,
    "parent_process_guid": null,
    "process_id": null,
    "parent_process_id": null,
    "source_dataset": "collected",
    "source_file": "live_collection/192.168.116.129",
    "label": 0,
    "process_group_no": null,
    "process_event_order": null
  },
  {
    "record_id": 2092,
    "time_created": "2026-06-30T08:08:47",
    "event_id": 22,
    "provider_name": "Microsoft-Windows-Sysmon",
    "process_name": "python.exe",
    "command_line": "",
    "parent_process": null,
    "destination_ip": "",
    "destination_port": "",
    "query_name": "localhost",
    "process_guid": null,
    "parent_process_guid": null,
    "process_id": null,
    "parent_process_id": null,
    "source_dataset": "collected",
    "source_file": "live_collection/192.168.116.129",
    "label": 0,
    "process_group_no": null,
    "process_event_order": null
  },
  {
    "record_id": 2093,
    "time_created": "2026-06-30T08:09:03",
    "event_id": 5,
    "provider_name": "Microsoft-Windows-Sysmon",
    "process_name": "msedge.exe",
    "command_line": "",
    "parent_process": null,
    "destination_ip": "",
    "destination_port": "",
    "query_name": "",
    "process_guid": null,
    "parent_process_guid": null,
    "process_id": null,
    "parent_process_id": null,
    "source_dataset": "collected",
    "source_file": "live_collection/192.168.116.129",
    "label": 0,
    "process_group_no": null,
    "process_event_order": null
  },
  {
    "record_id": 2094,
    "time_created": "2026-06-30T08:09:16",
    "event_id": 1,
    "provider_name": "Microsoft-Windows-Sysmon",
    "process_name": "msedge.exe",
    "command_line": "\"C:\\Program Files (x86)\\Microsoft\\Edge\\Application\\msedge.exe\" --type=utility --utility-sub-type=edge_search_indexer.mojom.SearchIndexerInterfaceBroker --lang=ko --service-sandbox-type=search_indexer --message-loop-type-ui --ram-no-pressure-read-main-dll --metrics-shmem-handle=6096,i,4794961846542850602,7750029147280253534,524288 --field-trial-handle=2272,i,2851401284129209360,13568372919718021657,262144 --variations-seed-version --pseudonymization-salt-handle=2276,i,6721066860461351939,17610685959097088854,4 --trace-process-track-uuid=3190708996619331833 --mojo-platform-channel-handle=6064 /prefetch:8",
    "parent_process": null,
    "destination_ip": "",
    "destination_port": "",
    "query_name": "",
    "process_guid": null,
    "parent_process_guid": null,
    "process_id": null,
    "parent_process_id": null,
    "source_dataset": "collected",
    "source_file": "live_collection/192.168.116.129",
    "label": 0,
    "process_group_no": null,
    "process_event_order": null
  },
  {
    "record_id": 2095,
    "time_created": "2026-06-30T08:09:17",
    "event_id": 1,
    "provider_name": "Microsoft-Windows-Sysmon",
    "process_name": "SearchProtocolHost.exe",
    "command_line": "\"C:\\Windows\\system32\\SearchProtocolHost.exe\" Global\\UsGthrFltPipeMssGthrPipe_S-1-5-21-304190142-3981956990-901072795-10016_ Global\\UsGthrCtrlFltPipeMssGthrPipe_S-1-5-21-304190142-3981956990-901072795-10016 1 -2147483646 \"Software\\Microsoft\\Windows Search\" \"Mozilla/4.0 (compatible; MSIE 6.0; Windows NT; MS Search 4.0 Robot)\" \"C:\\ProgramData\\Microsoft\\Search\\Data\\Temp\\usgthrsvc\" \"DownLevelDaemon\"  \"1\"",
    "parent_process": null,
    "destination_ip": "",
    "destination_port": "",
    "query_name": "",
    "process_guid": null,
    "parent_process_guid": null,
    "process_id": null,
    "parent_process_id": null,
    "source_dataset": "collected",
    "source_file": "live_collection/192.168.116.129",
    "label": 0,
    "process_group_no": null,
    "process_event_order": null
  },
  {
    "record_id": 2096,
    "time_created": "2026-06-30T08:09:17",
    "event_id": 1,
    "provider_name": "Microsoft-Windows-Sysmon",
    "process_name": "SearchFilterHost.exe",
    "command_line": "\"C:\\Windows\\system32\\SearchFilterHost.exe\" 0 800 804 812 8192 808 784",
    "parent_process": null,
    "destination_ip": "",
    "destination_port": "",
    "query_name": "",
    "process_guid": null,
    "parent_process_guid": null,
    "process_id": null,
    "parent_process_id": null,
    "source_dataset": "collected",
    "source_file": "live_collection/192.168.116.129",
    "label": 0,
    "process_group_no": null,
    "process_event_order": null
  },
  {
    "record_id": 2097,
    "time_created": "2026-06-30T08:09:22",
    "event_id": 3,
    "provider_name": "Microsoft-Windows-Sysmon",
    "process_name": "msedge.exe",
    "command_line": "",
    "parent_process": null,
    "destination_ip": "192.168.116.2",
    "destination_port": "53",
    "query_name": "",
    "process_guid": null,
    "parent_process_guid": null,
    "process_id": null,
    "parent_process_id": null,
    "source_dataset": "collected",
    "source_file": "live_collection/192.168.116.129",
    "label": 0,
    "process_group_no": null,
    "process_event_order": null
  },
  {
    "record_id": 2098,
    "time_created": "2026-06-30T08:09:22",
    "event_id": 3,
    "provider_name": "Microsoft-Windows-Sysmon",
    "process_name": "msedge.exe",
    "command_line": "",
    "parent_process": null,
    "destination_ip": "192.168.116.2",
    "destination_port": "53",
    "query_name": "",
    "process_guid": null,
    "parent_process_guid": null,
    "process_id": null,
    "parent_process_id": null,
    "source_dataset": "collected",
    "source_file": "live_collection/192.168.116.129",
    "label": 0,
    "process_group_no": null,
    "process_event_order": null
  },
  {
    "record_id": 2099,
    "time_created": "2026-06-30T08:09:22",
    "event_id": 3,
    "provider_name": "Microsoft-Windows-Sysmon",
    "process_name": "svchost.exe",
    "command_line": "",
    "parent_process": null,
    "destination_ip": "192.168.116.2",
    "destination_port": "53",
    "query_name": "",
    "process_guid": null,
    "parent_process_guid": null,
    "process_id": null,
    "parent_process_id": null,
    "source_dataset": "collected",
    "source_file": "live_collection/192.168.116.129",
    "label": 0,
    "process_group_no": null,
    "process_event_order": null
  },
  {
    "record_id": 2100,
    "time_created": "2026-06-30T08:09:23",
    "event_id": 3,
    "provider_name": "Microsoft-Windows-Sysmon",
    "process_name": "msedge.exe",
    "command_line": "",
    "parent_process": null,
    "destination_ip": "150.171.27.11",
    "destination_port": "443",
    "query_name": "",
    "process_guid": null,
    "parent_process_guid": null,
    "process_id": null,
    "parent_process_id": null,
    "source_dataset": "collected",
    "source_file": "live_collection/192.168.116.129",
    "label": 0,
    "process_group_no": null,
    "process_event_order": null
  },
  {
    "record_id": 2101,
    "time_created": "2026-06-30T08:09:30",
    "event_id": 22,
    "provider_name": "Microsoft-Windows-Sysmon",
    "process_name": "svchost.exe",
    "command_line": "",
    "parent_process": null,
    "destination_ip": "",
    "destination_port": "",
    "query_name": "checkip.amazonaws.com",
    "process_guid": null,
    "parent_process_guid": null,
    "process_id": null,
    "parent_process_id": null,
    "source_dataset": "collected",
    "source_file": "live_collection/192.168.116.129",
    "label": 0,
    "process_group_no": null,
    "process_event_order": null
  },
  {
    "record_id": 2102,
    "time_created": "2026-06-30T08:09:30",
    "event_id": 3,
    "provider_name": "Microsoft-Windows-Sysmon",
    "process_name": "svchost.exe",
    "command_line": "",
    "parent_process": null,
    "destination_ip": "192.168.116.2",
    "destination_port": "53",
    "query_name": "",
    "process_guid": null,
    "parent_process_guid": null,
    "process_id": null,
    "parent_process_id": null,
    "source_dataset": "collected",
    "source_file": "live_collection/192.168.116.129",
    "label": 0,
    "process_group_no": null,
    "process_event_order": null
  },
  {
    "record_id": 2103,
    "time_created": "2026-06-30T08:09:33",
    "event_id": 3,
    "provider_name": "Microsoft-Windows-Sysmon",
    "process_name": "msedge.exe",
    "command_line": "",
    "parent_process": null,
    "destination_ip": "192.168.116.2",
    "destination_port": "53",
    "query_name": "",
    "process_guid": null,
    "parent_process_guid": null,
    "process_id": null,
    "parent_process_id": null,
    "source_dataset": "collected",
    "source_file": "live_collection/192.168.116.129",
    "label": 0,
    "process_group_no": null,
    "process_event_order": null
  },
  {
    "record_id": 2104,
    "time_created": "2026-06-30T08:09:33",
    "event_id": 3,
    "provider_name": "Microsoft-Windows-Sysmon",
    "process_name": "msedge.exe",
    "command_line": "",
    "parent_process": null,
    "destination_ip": "192.168.116.2",
    "destination_port": "53",
    "query_name": "",
    "process_guid": null,
    "parent_process_guid": null,
    "process_id": null,
    "parent_process_id": null,
    "source_dataset": "collected",
    "source_file": "live_collection/192.168.116.129",
    "label": 0,
    "process_group_no": null,
    "process_event_order": null
  },
  {
    "record_id": 2105,
    "time_created": "2026-06-30T08:09:33",
    "event_id": 3,
    "provider_name": "Microsoft-Windows-Sysmon",
    "process_name": "msedge.exe",
    "command_line": "",
    "parent_process": null,
    "destination_ip": "203.251.233.235",
    "destination_port": "443",
    "query_name": "",
    "process_guid": null,
    "parent_process_guid": null,
    "process_id": null,
    "parent_process_id": null,
    "source_dataset": "collected",
    "source_file": "live_collection/192.168.116.129",
    "label": 0,
    "process_group_no": null,
    "process_event_order": null
  },
  {
    "record_id": 2106,
    "time_created": "2026-06-30T08:09:43",
    "event_id": 3,
    "provider_name": "Microsoft-Windows-Sysmon",
    "process_name": "svchost.exe",
    "command_line": "",
    "parent_process": null,
    "destination_ip": "192.168.116.2",
    "destination_port": "53",
    "query_name": "",
    "process_guid": null,
    "parent_process_guid": null,
    "process_id": null,
    "parent_process_id": null,
    "source_dataset": "collected",
    "source_file": "live_collection/192.168.116.129",
    "label": 0,
    "process_group_no": null,
    "process_event_order": null
  },
  {
    "record_id": 2107,
    "time_created": "2026-06-30T08:09:45",
    "event_id": 5,
    "provider_name": "Microsoft-Windows-Sysmon",
    "process_name": "svchost.exe",
    "command_line": "",
    "parent_process": null,
    "destination_ip": "",
    "destination_port": "",
    "query_name": "",
    "process_guid": null,
    "parent_process_guid": null,
    "process_id": null,
    "parent_process_id": null,
    "source_dataset": "collected",
    "source_file": "live_collection/192.168.116.129",
    "label": 0,
    "process_group_no": null,
    "process_event_order": null
  },
  {
    "record_id": 2108,
    "time_created": "2026-06-30T08:10:02",
    "event_id": 3,
    "provider_name": "Microsoft-Windows-Sysmon",
    "process_name": "msedge.exe",
    "command_line": "",
    "parent_process": null,
    "destination_ip": "203.251.233.235",
    "destination_port": "443",
    "query_name": "",
    "process_guid": null,
    "parent_process_guid": null,
    "process_id": null,
    "parent_process_id": null,
    "source_dataset": "collected",
    "source_file": "live_collection/192.168.116.129",
    "label": 0,
    "process_group_no": null,
    "process_event_order": null
  },
  {
    "record_id": 2109,
    "time_created": "2026-06-30T08:10:30",
    "event_id": 22,
    "provider_name": "Microsoft-Windows-Sysmon",
    "process_name": "explorer.exe",
    "command_line": "",
    "parent_process": null,
    "destination_ip": "",
    "destination_port": "",
    "query_name": "img-s-msn-com.akamaized.net",
    "process_guid": null,
    "parent_process_guid": null,
    "process_id": null,
    "parent_process_id": null,
    "source_dataset": "collected",
    "source_file": "live_collection/192.168.116.129",
    "label": 0,
    "process_group_no": null,
    "process_event_order": null
  },
  {
    "record_id": 2110,
    "time_created": "2026-06-30T08:10:31",
    "event_id": 3,
    "provider_name": "Microsoft-Windows-Sysmon",
    "process_name": "svchost.exe",
    "command_line": "",
    "parent_process": null,
    "destination_ip": "192.168.116.2",
    "destination_port": "53",
    "query_name": "",
    "process_guid": null,
    "parent_process_guid": null,
    "process_id": null,
    "parent_process_id": null,
    "source_dataset": "collected",
    "source_file": "live_collection/192.168.116.129",
    "label": 0,
    "process_group_no": null,
    "process_event_order": null
  },
  {
    "record_id": 2111,
    "time_created": "2026-06-30T08:10:31",
    "event_id": 3,
    "provider_name": "Microsoft-Windows-Sysmon",
    "process_name": "explorer.exe",
    "command_line": "",
    "parent_process": null,
    "destination_ip": "23.60.96.134",
    "destination_port": "443",
    "query_name": "",
    "process_guid": null,
    "parent_process_guid": null,
    "process_id": null,
    "parent_process_id": null,
    "source_dataset": "collected",
    "source_file": "live_collection/192.168.116.129",
    "label": 0,
    "process_group_no": null,
    "process_event_order": null
  },
  {
    "record_id": 2112,
    "time_created": "2026-06-30T08:10:31",
    "event_id": 3,
    "provider_name": "Microsoft-Windows-Sysmon",
    "process_name": "svchost.exe",
    "command_line": "",
    "parent_process": null,
    "destination_ip": "192.168.116.2",
    "destination_port": "53",
    "query_name": "",
    "process_guid": null,
    "parent_process_guid": null,
    "process_id": null,
    "parent_process_id": null,
    "source_dataset": "collected",
    "source_file": "live_collection/192.168.116.129",
    "label": 0,
    "process_group_no": null,
    "process_event_order": null
  },
  {
    "record_id": 2113,
    "time_created": "2026-06-30T08:10:31",
    "event_id": 3,
    "provider_name": "Microsoft-Windows-Sysmon",
    "process_name": "explorer.exe",
    "command_line": "",
    "parent_process": null,
    "destination_ip": "23.11.39.161",
    "destination_port": "80",
    "query_name": "",
    "process_guid": null,
    "parent_process_guid": null,
    "process_id": null,
    "parent_process_id": null,
    "source_dataset": "collected",
    "source_file": "live_collection/192.168.116.129",
    "label": 0,
    "process_group_no": null,
    "process_event_order": null
  },
  {
    "record_id": 2114,
    "time_created": "2026-06-30T08:10:31",
    "event_id": 22,
    "provider_name": "Microsoft-Windows-Sysmon",
    "process_name": "explorer.exe",
    "command_line": "",
    "parent_process": null,
    "destination_ip": "",
    "destination_port": "",
    "query_name": "ocsp.digicert.com",
    "process_guid": null,
    "parent_process_guid": null,
    "process_id": null,
    "parent_process_id": null,
    "source_dataset": "collected",
    "source_file": "live_collection/192.168.116.129",
    "label": 0,
    "process_group_no": null,
    "process_event_order": null
  },
  {
    "record_id": 2115,
    "time_created": "2026-06-30T08:10:32",
    "event_id": 22,
    "provider_name": "Microsoft-Windows-Sysmon",
    "process_name": "Sysmon64.exe",
    "command_line": "",
    "parent_process": null,
    "destination_ip": "",
    "destination_port": "",
    "query_name": "134.96.60.23.in-addr.arpa.",
    "process_guid": null,
    "parent_process_guid": null,
    "process_id": null,
    "parent_process_id": null,
    "source_dataset": "collected",
    "source_file": "live_collection/192.168.116.129",
    "label": 0,
    "process_group_no": null,
    "process_event_order": null
  },
  {
    "record_id": 2116,
    "time_created": "2026-06-30T08:10:32",
    "event_id": 3,
    "provider_name": "Microsoft-Windows-Sysmon",
    "process_name": "svchost.exe",
    "command_line": "",
    "parent_process": null,
    "destination_ip": "192.168.116.2",
    "destination_port": "53",
    "query_name": "",
    "process_guid": null,
    "parent_process_guid": null,
    "process_id": null,
    "parent_process_id": null,
    "source_dataset": "collected",
    "source_file": "live_collection/192.168.116.129",
    "label": 0,
    "process_group_no": null,
    "process_event_order": null
  },
  {
    "record_id": 2117,
    "time_created": "2026-06-30T08:10:33",
    "event_id": 3,
    "provider_name": "Microsoft-Windows-Sysmon",
    "process_name": "msedge.exe",
    "command_line": "",
    "parent_process": null,
    "destination_ip": "192.168.116.2",
    "destination_port": "53",
    "query_name": "",
    "process_guid": null,
    "parent_process_guid": null,
    "process_id": null,
    "parent_process_id": null,
    "source_dataset": "collected",
    "source_file": "live_collection/192.168.116.129",
    "label": 0,
    "process_group_no": null,
    "process_event_order": null
  },
  {
    "record_id": 2118,
    "time_created": "2026-06-30T08:10:33",
    "event_id": 3,
    "provider_name": "Microsoft-Windows-Sysmon",
    "process_name": "msedge.exe",
    "command_line": "",
    "parent_process": null,
    "destination_ip": "192.168.116.2",
    "destination_port": "53",
    "query_name": "",
    "process_guid": null,
    "parent_process_guid": null,
    "process_id": null,
    "parent_process_id": null,
    "source_dataset": "collected",
    "source_file": "live_collection/192.168.116.129",
    "label": 0,
    "process_group_no": null,
    "process_event_order": null
  },
  {
    "record_id": 2119,
    "time_created": "2026-06-30T08:10:33",
    "event_id": 3,
    "provider_name": "Microsoft-Windows-Sysmon",
    "process_name": "svchost.exe",
    "command_line": "",
    "parent_process": null,
    "destination_ip": "192.168.116.2",
    "destination_port": "53",
    "query_name": "",
    "process_guid": null,
    "parent_process_guid": null,
    "process_id": null,
    "parent_process_id": null,
    "source_dataset": "collected",
    "source_file": "live_collection/192.168.116.129",
    "label": 0,
    "process_group_no": null,
    "process_event_order": null
  },
  {
    "record_id": 2120,
    "time_created": "2026-06-30T08:10:33",
    "event_id": 3,
    "provider_name": "Microsoft-Windows-Sysmon",
    "process_name": "msedge.exe",
    "command_line": "",
    "parent_process": null,
    "destination_ip": "203.251.233.235",
    "destination_port": "443",
    "query_name": "",
    "process_guid": null,
    "parent_process_guid": null,
    "process_id": null,
    "parent_process_id": null,
    "source_dataset": "collected",
    "source_file": "live_collection/192.168.116.129",
    "label": 0,
    "process_group_no": null,
    "process_event_order": null
  },
  {
    "record_id": 2121,
    "time_created": "2026-06-30T08:10:41",
    "event_id": 22,
    "provider_name": "Microsoft-Windows-Sysmon",
    "process_name": "svchost.exe",
    "command_line": "",
    "parent_process": null,
    "destination_ip": "",
    "destination_port": "",
    "query_name": "ocsp.digicert.com",
    "process_guid": null,
    "parent_process_guid": null,
    "process_id": null,
    "parent_process_id": null,
    "source_dataset": "collected",
    "source_file": "live_collection/192.168.116.129",
    "label": 0,
    "process_group_no": null,
    "process_event_order": null
  },
  {
    "record_id": 2122,
    "time_created": "2026-06-30T08:10:41",
    "event_id": 3,
    "provider_name": "Microsoft-Windows-Sysmon",
    "process_name": "svchost.exe",
    "command_line": "",
    "parent_process": null,
    "destination_ip": "192.168.116.2",
    "destination_port": "53",
    "query_name": "",
    "process_guid": null,
    "parent_process_guid": null,
    "process_id": null,
    "parent_process_id": null,
    "source_dataset": "collected",
    "source_file": "live_collection/192.168.116.129",
    "label": 0,
    "process_group_no": null,
    "process_event_order": null
  },
  {
    "record_id": 2123,
    "time_created": "2026-06-30T08:10:01",
    "event_id": 1,
    "provider_name": "Microsoft-Windows-Sysmon",
    "process_name": "conhost.exe",
    "command_line": "\\??\\C:\\WINDOWS\\system32\\conhost.exe 0xffffffff -ForceV1",
    "parent_process": null,
    "destination_ip": "",
    "destination_port": "",
    "query_name": "",
    "process_guid": null,
    "parent_process_guid": null,
    "process_id": null,
    "parent_process_id": null,
    "source_dataset": "collected",
    "source_file": "live_collection/192.168.55.52",
    "label": 0,
    "process_group_no": null,
    "process_event_order": null
  },
  {
    "record_id": 2124,
    "time_created": "2026-06-30T08:10:03",
    "event_id": 5,
    "provider_name": "Microsoft-Windows-Sysmon",
    "process_name": "powershell.exe",
    "command_line": "",
    "parent_process": null,
    "destination_ip": "",
    "destination_port": "",
    "query_name": "",
    "process_guid": null,
    "parent_process_guid": null,
    "process_id": null,
    "parent_process_id": null,
    "source_dataset": "collected",
    "source_file": "live_collection/192.168.55.52",
    "label": 0,
    "process_group_no": null,
    "process_event_order": null
  },
  {
    "record_id": 2125,
    "time_created": "2026-06-30T08:10:03",
    "event_id": 5,
    "provider_name": "Microsoft-Windows-Sysmon",
    "process_name": "conhost.exe",
    "command_line": "",
    "parent_process": null,
    "destination_ip": "",
    "destination_port": "",
    "query_name": "",
    "process_guid": null,
    "parent_process_guid": null,
    "process_id": null,
    "parent_process_id": null,
    "source_dataset": "collected",
    "source_file": "live_collection/192.168.55.52",
    "label": 0,
    "process_group_no": null,
    "process_event_order": null
  },
  {
    "record_id": 2126,
    "time_created": "2026-06-30T08:10:03",
    "event_id": 3,
    "provider_name": "Microsoft-Windows-Sysmon",
    "process_name": "vmnat.exe",
    "command_line": "",
    "parent_process": null,
    "destination_ip": "203.251.233.235",
    "destination_port": "443",
    "query_name": "",
    "process_guid": null,
    "parent_process_guid": null,
    "process_id": null,
    "parent_process_id": null,
    "source_dataset": "collected",
    "source_file": "live_collection/192.168.55.52",
    "label": 0,
    "process_group_no": null,
    "process_event_order": null
  },
