  {
    "record_id": 78,
    "time_created": "2026-06-30T12:14:06",
    "event_id": 5,
    "provider_name": "Microsoft-Windows-Sysmon",
    "process_name": "dllhost.exe",
    "command_line": "",
    "parent_process": null,
    "destination_ip": "",
    "destination_port": "",
    "query_name": "",
    "process_guid": null,
    "parent_process_guid": null,
    "process_id": null,
    "parent_process_id": null,
    "source_dataset": "collected",
    "source_file": "live_collection/192.168.55.52",
    "label": 0,
    "process_group_no": null,
    "process_event_order": null
  },
  {
    "record_id": 79,
    "time_created": "2026-06-30T12:14:07",
    "event_id": 3,
    "provider_name": "Microsoft-Windows-Sysmon",
    "process_name": "chrome.exe",
    "command_line": "",
    "parent_process": null,
    "destination_ip": "210.220.163.82",
    "destination_port": "53",
    "query_name": "",
    "process_guid": null,
    "parent_process_guid": null,
    "process_id": null,
    "parent_process_id": null,
    "source_dataset": "collected",
    "source_file": "live_collection/192.168.55.52",
    "label": 0,
    "process_group_no": null,
    "process_event_order": null
  },
  {
    "record_id": 80,
    "time_created": "2026-06-30T12:14:07",
    "event_id": 3,
    "provider_name": "Microsoft-Windows-Sysmon",
    "process_name": "chrome.exe",
    "command_line": "",
    "parent_process": null,
    "destination_ip": "210.220.163.82",
    "destination_port": "53",
    "query_name": "",
    "process_guid": null,
    "parent_process_guid": null,
    "process_id": null,
    "parent_process_id": null,
    "source_dataset": "collected",
    "source_file": "live_collection/192.168.55.52",
    "label": 0,
    "process_group_no": null,
    "process_event_order": null
  },
  {
    "record_id": 81,
    "time_created": "2026-06-30T12:14:07",
    "event_id": 3,
    "provider_name": "Microsoft-Windows-Sysmon",
    "process_name": "chrome.exe",
    "command_line": "",
    "parent_process": null,
    "destination_ip": "142.251.118.101",
    "destination_port": "443",
    "query_name": "",
    "process_guid": null,
    "parent_process_guid": null,
    "process_id": null,
    "parent_process_id": null,
    "source_dataset": "collected",
    "source_file": "live_collection/192.168.55.52",
    "label": 0,
    "process_group_no": null,
    "process_event_order": null
  },
  {
    "record_id": 82,
    "time_created": "2026-06-30T12:14:07",
    "event_id": 3,
    "provider_name": "Microsoft-Windows-Sysmon",
    "process_name": "chrome.exe",
    "command_line": "",
    "parent_process": null,
    "destination_ip": "142.251.118.101",
    "destination_port": "443",
    "query_name": "",
    "process_guid": null,
    "parent_process_guid": null,
    "process_id": null,
    "parent_process_id": null,
    "source_dataset": "collected",
    "source_file": "live_collection/192.168.55.52",
    "label": 0,
    "process_group_no": null,
    "process_event_order": null
  },
  {
    "record_id": 83,
    "time_created": "2026-06-30T12:14:07",
    "event_id": 22,
    "provider_name": "Microsoft-Windows-Sysmon",
    "process_name": "python.exe",
    "command_line": "",
    "parent_process": null,
    "destination_ip": "",
    "destination_port": "",
    "query_name": "localhost",
    "process_guid": null,
    "parent_process_guid": null,
    "process_id": null,
    "parent_process_id": null,
    "source_dataset": "collected",
    "source_file": "live_collection/192.168.55.52",
    "label": 0,
    "process_group_no": null,
    "process_event_order": null
  },
  {
    "record_id": 84,
    "time_created": "2026-06-30T12:14:08",
    "event_id": 3,
    "provider_name": "Microsoft-Windows-Sysmon",
    "process_name": "ASDSvc.exe",
    "command_line": "",
    "parent_process": null,
    "destination_ip": "211.115.106.79",
    "destination_port": "80",
    "query_name": "",
    "process_guid": null,
    "parent_process_guid": null,
    "process_id": null,
    "parent_process_id": null,
    "source_dataset": "collected",
    "source_file": "live_collection/192.168.55.52",
    "label": 0,
    "process_group_no": null,
    "process_event_order": null
  },
  {
    "record_id": 85,
    "time_created": "2026-06-30T12:14:08",
    "event_id": 3,
    "provider_name": "Microsoft-Windows-Sysmon",
    "process_name": "chrome.exe",
    "command_line": "",
    "parent_process": null,
    "destination_ip": "142.251.118.101",
    "destination_port": "443",
    "query_name": "",
    "process_guid": null,
    "parent_process_guid": null,
    "process_id": null,
    "parent_process_id": null,
    "source_dataset": "collected",
    "source_file": "live_collection/192.168.55.52",
    "label": 0,
    "process_group_no": null,
    "process_event_order": null
  },
  {
    "record_id": 86,
    "time_created": "2026-06-30T12:14:08",
    "event_id": 3,
    "provider_name": "Microsoft-Windows-Sysmon",
    "process_name": "ASDSvc.exe",
    "command_line": "",
    "parent_process": null,
    "destination_ip": "211.115.106.79",
    "destination_port": "80",
    "query_name": "",
    "process_guid": null,
    "parent_process_guid": null,
    "process_id": null,
    "parent_process_id": null,
    "source_dataset": "collected",
    "source_file": "live_collection/192.168.55.52",
    "label": 0,
    "process_group_no": null,
    "process_event_order": null
  },
  {
    "record_id": 87,
    "time_created": "2026-06-30T12:14:08",
    "event_id": 3,
    "provider_name": "Microsoft-Windows-Sysmon",
    "process_name": "ASDSvc.exe",
    "command_line": "",
    "parent_process": null,
    "destination_ip": "211.115.106.79",
    "destination_port": "80",
    "query_name": "",
    "process_guid": null,
    "parent_process_guid": null,
    "process_id": null,
    "parent_process_id": null,
    "source_dataset": "collected",
    "source_file": "live_collection/192.168.55.52",
    "label": 0,
    "process_group_no": null,
    "process_event_order": null
  },
  {
    "record_id": 88,
    "time_created": "2026-06-30T12:14:11",
    "event_id": 3,
    "provider_name": "Microsoft-Windows-Sysmon",
    "process_name": "chrome.exe",
    "command_line": "",
    "parent_process": null,
    "destination_ip": "210.220.163.82",
    "destination_port": "53",
    "query_name": "",
    "process_guid": null,
    "parent_process_guid": null,
    "process_id": null,
    "parent_process_id": null,
    "source_dataset": "collected",
    "source_file": "live_collection/192.168.55.52",
    "label": 0,
    "process_group_no": null,
    "process_event_order": null
  },
  {
    "record_id": 89,
    "time_created": "2026-06-30T12:14:11",
    "event_id": 3,
    "provider_name": "Microsoft-Windows-Sysmon",
    "process_name": "chrome.exe",
    "command_line": "",
    "parent_process": null,
    "destination_ip": "210.220.163.82",
    "destination_port": "53",
    "query_name": "",
    "process_guid": null,
    "parent_process_guid": null,
    "process_id": null,
    "parent_process_id": null,
    "source_dataset": "collected",
    "source_file": "live_collection/192.168.55.52",
    "label": 0,
    "process_group_no": null,
    "process_event_order": null
  },
  {
    "record_id": 90,
    "time_created": "2026-06-30T12:14:11",
    "event_id": 3,
    "provider_name": "Microsoft-Windows-Sysmon",
    "process_name": "chrome.exe",
    "command_line": "",
    "parent_process": null,
    "destination_ip": "210.220.163.82",
    "destination_port": "53",
    "query_name": "",
    "process_guid": null,
    "parent_process_guid": null,
    "process_id": null,
    "parent_process_id": null,
    "source_dataset": "collected",
    "source_file": "live_collection/192.168.55.52",
    "label": 0,
    "process_group_no": null,
    "process_event_order": null
  },
  {
    "record_id": 91,
    "time_created": "2026-06-30T12:14:11",
    "event_id": 3,
    "provider_name": "Microsoft-Windows-Sysmon",
    "process_name": "chrome.exe",
    "command_line": "",
    "parent_process": null,
    "destination_ip": "216.239.38.223",
    "destination_port": "443",
    "query_name": "",
    "process_guid": null,
    "parent_process_guid": null,
    "process_id": null,
    "parent_process_id": null,
    "source_dataset": "collected",
    "source_file": "live_collection/192.168.55.52",
    "label": 0,
    "process_group_no": null,
    "process_event_order": null
  },
  {
    "record_id": 92,
    "time_created": "2026-06-30T12:14:11",
    "event_id": 3,
    "provider_name": "Microsoft-Windows-Sysmon",
    "process_name": "chrome.exe",
    "command_line": "",
    "parent_process": null,
    "destination_ip": "216.239.38.223",
    "destination_port": "443",
    "query_name": "",
    "process_guid": null,
    "parent_process_guid": null,
    "process_id": null,
    "parent_process_id": null,
    "source_dataset": "collected",
    "source_file": "live_collection/192.168.55.52",
    "label": 0,
    "process_group_no": null,
    "process_event_order": null
  },
  {
    "record_id": 93,
    "time_created": "2026-06-30T12:14:11",
    "event_id": 3,
    "provider_name": "Microsoft-Windows-Sysmon",
    "process_name": "chrome.exe",
    "command_line": "",
    "parent_process": null,
    "destination_ip": "216.239.38.223",
    "destination_port": "443",
    "query_name": "",
    "process_guid": null,
    "parent_process_guid": null,
    "process_id": null,
    "parent_process_id": null,
    "source_dataset": "collected",
    "source_file": "live_collection/192.168.55.52",
    "label": 0,
    "process_group_no": null,
    "process_event_order": null
  },
  {
    "record_id": 94,
    "time_created": "2026-06-30T12:14:11",
    "event_id": 3,
    "provider_name": "Microsoft-Windows-Sysmon",
    "process_name": "chrome.exe",
    "command_line": "",
    "parent_process": null,
    "destination_ip": "216.239.38.223",
    "destination_port": "443",
    "query_name": "",
    "process_guid": null,
    "parent_process_guid": null,
    "process_id": null,
    "parent_process_id": null,
    "source_dataset": "collected",
    "source_file": "live_collection/192.168.55.52",
    "label": 0,
    "process_group_no": null,
    "process_event_order": null
  },
  {
    "record_id": 95,
    "time_created": "2026-06-30T12:14:31",
    "event_id": 3,
    "provider_name": "Microsoft-Windows-Sysmon",
    "process_name": "Code.exe",
    "command_line": "",
    "parent_process": null,
    "destination_ip": "210.220.163.82",
    "destination_port": "53",
    "query_name": "",
    "process_guid": null,
    "parent_process_guid": null,
    "process_id": null,
    "parent_process_id": null,
    "source_dataset": "collected",
    "source_file": "live_collection/192.168.55.52",
    "label": 0,
    "process_group_no": null,
    "process_event_order": null
  },
  {
    "record_id": 96,
    "time_created": "2026-06-30T12:14:31",
    "event_id": 3,
    "provider_name": "Microsoft-Windows-Sysmon",
    "process_name": "Code.exe",
    "command_line": "",
    "parent_process": null,
    "destination_ip": "210.220.163.82",
    "destination_port": "53",
    "query_name": "",
    "process_guid": null,
    "parent_process_guid": null,
    "process_id": null,
    "parent_process_id": null,
    "source_dataset": "collected",
    "source_file": "live_collection/192.168.55.52",
    "label": 0,
    "process_group_no": null,
    "process_event_order": null
  },
  {
    "record_id": 97,
    "time_created": "2026-06-30T12:14:32",
    "event_id": 3,
    "provider_name": "Microsoft-Windows-Sysmon",
    "process_name": "Code.exe",
    "command_line": "",
    "parent_process": null,
    "destination_ip": "150.171.110.131",
    "destination_port": "443",
    "query_name": "",
    "process_guid": null,
    "parent_process_guid": null,
    "process_id": null,
    "parent_process_id": null,
    "source_dataset": "collected",
    "source_file": "live_collection/192.168.55.52",
    "label": 0,
    "process_group_no": null,
    "process_event_order": null
  },
  {
    "record_id": 98,
    "time_created": "2026-06-30T12:15:03",
    "event_id": 5,
    "provider_name": "Microsoft-Windows-Sysmon",
    "process_name": "WmiPrvSE.exe",
    "command_line": "",
    "parent_process": null,
    "destination_ip": "",
    "destination_port": "",
    "query_name": "",
    "process_guid": null,
    "parent_process_guid": null,
    "process_id": null,
    "parent_process_id": null,
    "source_dataset": "collected",
    "source_file": "live_collection/192.168.55.52",
    "label": 0,
    "process_group_no": null,
    "process_event_order": null
  },
  {
    "record_id": 99,
    "time_created": "2026-06-30T12:15:05",
    "event_id": 22,
    "provider_name": "Microsoft-Windows-Sysmon",
    "process_name": "Code.exe",
    "command_line": "",
    "parent_process": null,
    "destination_ip": "",
    "destination_port": "",
    "query_name": "mobile.events.data.microsoft.com",
    "process_guid": null,
    "parent_process_guid": null,
    "process_id": null,
    "parent_process_id": null,
    "source_dataset": "collected",
    "source_file": "live_collection/192.168.55.52",
    "label": 0,
    "process_group_no": null,
    "process_event_order": null
  },
  {
    "record_id": 100,
    "time_created": "2026-06-30T12:15:05",
    "event_id": 3,
    "provider_name": "Microsoft-Windows-Sysmon",
    "process_name": "Code.exe",
    "command_line": "",
    "parent_process": null,
    "destination_ip": "20.184.175.23",
    "destination_port": "443",
    "query_name": "",
    "process_guid": null,
    "parent_process_guid": null,
    "process_id": null,
    "parent_process_id": null,
    "source_dataset": "collected",
    "source_file": "live_collection/192.168.55.52",
    "label": 0,
    "process_group_no": null,
    "process_event_order": null
  },
  {
    "record_id": 101,
    "time_created": "2026-06-30T12:15:06",
    "event_id": 5,
    "provider_name": "Microsoft-Windows-Sysmon",
    "process_name": "svchost.exe",
    "command_line": "",
    "parent_process": null,
    "destination_ip": "",
    "destination_port": "",
    "query_name": "",
    "process_guid": null,
    "parent_process_guid": null,
    "process_id": null,
    "parent_process_id": null,
    "source_dataset": "collected",
    "source_file": "live_collection/192.168.55.52",
    "label": 0,
    "process_group_no": null,
    "process_event_order": null
  },
  {
    "record_id": 102,
    "time_created": "2026-06-30T12:15:19",
    "event_id": 1,
    "provider_name": "Microsoft-Windows-Sysmon",
    "process_name": "svchost.exe",
    "command_line": "C:\\WINDOWS\\system32\\svchost.exe -k GPSvcGroup",
    "parent_process": null,
    "destination_ip": "",
    "destination_port": "",
    "query_name": "",
    "process_guid": null,
    "parent_process_guid": null,
    "process_id": null,
    "parent_process_id": null,
    "source_dataset": "collected",
    "source_file": "live_collection/192.168.55.52",
    "label": 0,
    "process_group_no": null,
    "process_event_order": null
  },
  {
    "record_id": 103,
    "time_created": "2026-06-30T12:15:53",
    "event_id": 3,
    "provider_name": "Microsoft-Windows-Sysmon",
    "process_name": "chrome.exe",
    "command_line": "",
    "parent_process": null,
    "destination_ip": "210.220.163.82",
    "destination_port": "53",
    "query_name": "",
    "process_guid": null,
    "parent_process_guid": null,
    "process_id": null,
    "parent_process_id": null,
    "source_dataset": "collected",
    "source_file": "live_collection/192.168.55.52",
    "label": 0,
    "process_group_no": null,
    "process_event_order": null
  },
  {
    "record_id": 104,
    "time_created": "2026-06-30T12:15:53",
    "event_id": 3,
    "provider_name": "Microsoft-Windows-Sysmon",
    "process_name": "chrome.exe",
    "command_line": "",
    "parent_process": null,
    "destination_ip": "210.220.163.82",
    "destination_port": "53",
    "query_name": "",
    "process_guid": null,
    "parent_process_guid": null,
    "process_id": null,
    "parent_process_id": null,
    "source_dataset": "collected",
    "source_file": "live_collection/192.168.55.52",
    "label": 0,
    "process_group_no": null,
    "process_event_order": null
  },
  {
    "record_id": 105,
    "time_created": "2026-06-30T12:15:53",
    "event_id": 3,
    "provider_name": "Microsoft-Windows-Sysmon",
    "process_name": "chrome.exe",
    "command_line": "",
    "parent_process": null,
    "destination_ip": "210.220.163.82",
    "destination_port": "53",
    "query_name": "",
    "process_guid": null,
    "parent_process_guid": null,
    "process_id": null,
    "parent_process_id": null,
    "source_dataset": "collected",
    "source_file": "live_collection/192.168.55.52",
    "label": 0,
    "process_group_no": null,
    "process_event_order": null
  },
  {
    "record_id": 106,
    "time_created": "2026-06-30T12:15:53",
    "event_id": 3,
    "provider_name": "Microsoft-Windows-Sysmon",
    "process_name": "chrome.exe",
    "command_line": "",
    "parent_process": null,
    "destination_ip": "142.251.157.119",
    "destination_port": "443",
    "query_name": "",
    "process_guid": null,
    "parent_process_guid": null,
    "process_id": null,
    "parent_process_id": null,
    "source_dataset": "collected",
    "source_file": "live_collection/192.168.55.52",
    "label": 0,
    "process_group_no": null,
    "process_event_order": null
  },
  {
    "record_id": 107,
    "time_created": "2026-06-30T12:15:53",
    "event_id": 3,
    "provider_name": "Microsoft-Windows-Sysmon",
    "process_name": "chrome.exe",
    "command_line": "",
    "parent_process": null,
    "destination_ip": "142.251.157.119",
    "destination_port": "443",
    "query_name": "",
    "process_guid": null,
    "parent_process_guid": null,
    "process_id": null,
    "parent_process_id": null,
    "source_dataset": "collected",
    "source_file": "live_collection/192.168.55.52",
    "label": 0,
    "process_group_no": null,
    "process_event_order": null
  },
  {
    "record_id": 108,
    "time_created": "2026-06-30T12:15:59",
    "event_id": 1,
    "provider_name": "Microsoft-Windows-Sysmon",
    "process_name": "dllhost.exe",
    "command_line": "C:\\WINDOWS\\system32\\DllHost.exe /Processid:{53362C64-A296-4F2D-A2F8-FD984D08340B}",
    "parent_process": null,
    "destination_ip": "",
    "destination_port": "",
    "query_name": "",
    "process_guid": null,
    "parent_process_guid": null,
    "process_id": null,
    "parent_process_id": null,
    "source_dataset": "collected",
    "source_file": "live_collection/192.168.55.52",
    "label": 0,
    "process_group_no": null,
    "process_event_order": null
  },
  {
    "record_id": 109,
    "time_created": "2026-06-30T12:16:16",
    "event_id": 1,
    "provider_name": "Microsoft-Windows-Sysmon",
    "process_name": "conhost.exe",
    "command_line": "\\??\\C:\\WINDOWS\\system32\\conhost.exe 0xffffffff -ForceV1",
    "parent_process": null,
    "destination_ip": "",
    "destination_port": "",
    "query_name": "",
    "process_guid": null,
    "parent_process_guid": null,
    "process_id": null,
    "parent_process_id": null,
    "source_dataset": "collected",
    "source_file": "live_collection/192.168.55.52",
    "label": 0,
    "process_group_no": null,
    "process_event_order": null
  },
  {
    "record_id": 110,
    "time_created": "2026-06-30T12:16:16",
    "event_id": 5,
    "provider_name": "Microsoft-Windows-Sysmon",
    "process_name": "powershell.exe",
    "command_line": "",
    "parent_process": null,
    "destination_ip": "",
    "destination_port": "",
    "query_name": "",
    "process_guid": null,
    "parent_process_guid": null,
    "process_id": null,
    "parent_process_id": null,
    "source_dataset": "collected",
    "source_file": "live_collection/192.168.55.52",
    "label": 0,
    "process_group_no": null,
    "process_event_order": null
  },
  {
    "record_id": 111,
    "time_created": "2026-06-30T12:16:16",
    "event_id": 5,
    "provider_name": "Microsoft-Windows-Sysmon",
    "process_name": "conhost.exe",
    "command_line": "",
    "parent_process": null,
    "destination_ip": "",
    "destination_port": "",
    "query_name": "",
    "process_guid": null,
    "parent_process_guid": null,
    "process_id": null,
    "parent_process_id": null,
    "source_dataset": "collected",
    "source_file": "live_collection/192.168.55.52",
    "label": 0,
    "process_group_no": null,
    "process_event_order": null
  },
  {
    "record_id": 112,
    "time_created": "2026-06-30T12:16:19",
    "event_id": 3,
    "provider_name": "Microsoft-Windows-Sysmon",
    "process_name": "ASDSvc.exe",
    "command_line": "",
    "parent_process": null,
    "destination_ip": "211.115.106.209",
    "destination_port": "80",
    "query_name": "",
    "process_guid": null,
    "parent_process_guid": null,
    "process_id": null,
    "parent_process_id": null,
    "source_dataset": "collected",
    "source_file": "live_collection/192.168.55.52",
    "label": 0,
    "process_group_no": null,
    "process_event_order": null
  },
  {
    "record_id": 113,
    "time_created": "2026-06-30T12:16:20",
    "event_id": 1,
    "provider_name": "Microsoft-Windows-Sysmon",
    "process_name": "WmiPrvSE.exe",
    "command_line": "C:\\WINDOWS\\system32\\wbem\\wmiprvse.exe -secured -Embedding",
    "parent_process": null,
    "destination_ip": "",
    "destination_port": "",
    "query_name": "",
    "process_guid": null,
    "parent_process_guid": null,
    "process_id": null,
    "parent_process_id": null,
    "source_dataset": "collected",
    "source_file": "live_collection/192.168.55.52",
    "label": 0,
    "process_group_no": null,
    "process_event_order": null
  },
  {
    "record_id": 114,
    "time_created": "2026-06-30T12:16:20",
    "event_id": 3,
    "provider_name": "Microsoft-Windows-Sysmon",
    "process_name": "ASDSvc.exe",
    "command_line": "",
    "parent_process": null,
    "destination_ip": "211.115.106.209",
    "destination_port": "80",
    "query_name": "",
    "process_guid": null,
    "parent_process_guid": null,
    "process_id": null,
    "parent_process_id": null,
    "source_dataset": "collected",
    "source_file": "live_collection/192.168.55.52",
    "label": 0,
    "process_group_no": null,
    "process_event_order": null
  },
  {
    "record_id": 115,
    "time_created": "2026-06-30T12:16:20",
    "event_id": 3,
    "provider_name": "Microsoft-Windows-Sysmon",
    "process_name": "ASDSvc.exe",
    "command_line": "",
    "parent_process": null,
    "destination_ip": "211.115.106.209",
    "destination_port": "80",
    "query_name": "",
    "process_guid": null,
    "parent_process_guid": null,
    "process_id": null,
    "parent_process_id": null,
    "source_dataset": "collected",
    "source_file": "live_collection/192.168.55.52",
    "label": 0,
    "process_group_no": null,
    "process_event_order": null
  },
  {
    "record_id": 116,
    "time_created": "2026-06-30T12:16:20",
    "event_id": 5,
    "provider_name": "Microsoft-Windows-Sysmon",
    "process_name": "python.exe",
    "command_line": "",
    "parent_process": null,
    "destination_ip": "",
    "destination_port": "",
    "query_name": "",
    "process_guid": null,
    "parent_process_guid": null,
    "process_id": null,
    "parent_process_id": null,
    "source_dataset": "collected",
    "source_file": "live_collection/192.168.55.52",
    "label": 0,
    "process_group_no": null,
    "process_event_order": null
  },
  {
    "record_id": 117,
    "time_created": "2026-06-30T12:16:20",
    "event_id": 5,
    "provider_name": "Microsoft-Windows-Sysmon",
    "process_name": "powershell.exe",
    "command_line": "",
    "parent_process": null,
    "destination_ip": "",
    "destination_port": "",
    "query_name": "",
    "process_guid": null,
    "parent_process_guid": null,
    "process_id": null,
    "parent_process_id": null,
    "source_dataset": "collected",
    "source_file": "live_collection/192.168.55.52",
    "label": 0,
    "process_group_no": null,
    "process_event_order": null
  },
  {
    "record_id": 118,
    "time_created": "2026-06-30T12:16:20",
    "event_id": 5,
    "provider_name": "Microsoft-Windows-Sysmon",
    "process_name": "conhost.exe",
    "command_line": "",
    "parent_process": null,
    "destination_ip": "",
    "destination_port": "",
    "query_name": "",
    "process_guid": null,
    "parent_process_guid": null,
    "process_id": null,
    "parent_process_id": null,
    "source_dataset": "collected",
    "source_file": "live_collection/192.168.55.52",
    "label": 0,
    "process_group_no": null,
    "process_event_order": null
  },
  {
    "record_id": 119,
    "time_created": "2026-06-30T12:16:23",
    "event_id": 1,
    "provider_name": "Microsoft-Windows-Sysmon",
    "process_name": "conhost.exe",
    "command_line": "\\??\\C:\\WINDOWS\\system32\\conhost.exe 0xffffffff -ForceV1",
    "parent_process": null,
    "destination_ip": "",
    "destination_port": "",
    "query_name": "",
    "process_guid": null,
    "parent_process_guid": null,
    "process_id": null,
    "parent_process_id": null,
    "source_dataset": "collected",
    "source_file": "live_collection/192.168.55.52",
    "label": 0,
    "process_group_no": null,
    "process_event_order": null
  },
  {
    "record_id": 120,
    "time_created": "2026-06-30T12:16:23",
    "event_id": 5,
    "provider_name": "Microsoft-Windows-Sysmon",
    "process_name": "powershell.exe",
    "command_line": "",
    "parent_process": null,
    "destination_ip": "",
    "destination_port": "",
    "query_name": "",
    "process_guid": null,
    "parent_process_guid": null,
    "process_id": null,
    "parent_process_id": null,
    "source_dataset": "collected",
    "source_file": "live_collection/192.168.55.52",
    "label": 0,
    "process_group_no": null,
    "process_event_order": null
  },
  {
    "record_id": 121,
    "time_created": "2026-06-30T12:16:23",
    "event_id": 5,
    "provider_name": "Microsoft-Windows-Sysmon",
    "process_name": "conhost.exe",
    "command_line": "",
    "parent_process": null,
    "destination_ip": "",
    "destination_port": "",
    "query_name": "",
    "process_guid": null,
    "parent_process_guid": null,
    "process_id": null,
    "parent_process_id": null,
    "source_dataset": "collected",
    "source_file": "live_collection/192.168.55.52",
    "label": 0,
    "process_group_no": null,
    "process_event_order": null
  },
  {
    "record_id": 122,
    "time_created": "2026-06-30T12:16:24",
    "event_id": 5,
    "provider_name": "Microsoft-Windows-Sysmon",
    "process_name": "chrome.exe",
    "command_line": "",
    "parent_process": null,
    "destination_ip": "",
    "destination_port": "",
    "query_name": "",
    "process_guid": null,
    "parent_process_guid": null,
    "process_id": null,
    "parent_process_id": null,
    "source_dataset": "collected",
    "source_file": "live_collection/192.168.55.52",
    "label": 0,
    "process_group_no": null,
    "process_event_order": null
  },
  {
    "record_id": 123,
    "time_created": "2026-06-30T12:16:24",
    "event_id": 1,
    "provider_name": "Microsoft-Windows-Sysmon",
    "process_name": "chrome.exe",
    "command_line": "\"C:\\Program Files (x86)\\Google\\Chrome\\Application\\chrome.exe\" --type=renderer --extension-process --origin-trial-disabled-features=CanvasTextNg|WebAssemblyCustomDescriptors --no-pre-read-main-dll --video-capture-use-gpu-memory-buffer --lang=ko --device-scale-factor=1 --num-raster-threads=3 --enable-main-frame-before-activation --renderer-client-id=113 --time-ticks-at-unix-epoch=-1782757078037454 --launch-time-ticks=32306014354 --metrics-shmem-handle=8276,i,13347348187979478335,14355860924764445750,2097152 --field-trial-handle=2072,i,13642895438352464947,13206856470309052393,262144 --disable-features=LocalNetworkAccessChecks --variations-seed-version=20260629-090059.675000-production --pseudonymization-salt-handle=2100,i,11403762369690310472,3374413806832889549,4 --trace-process-track-uuid=3190709092197600431 --mojo-platform-channel-handle=7848 /prefetch:9",
    "parent_process": null,
    "destination_ip": "",
    "destination_port": "",
    "query_name": "",
    "process_guid": null,
    "parent_process_guid": null,
    "process_id": null,
    "parent_process_id": null,
    "source_dataset": "collected",
    "source_file": "live_collection/192.168.55.52",
    "label": 0,
    "process_group_no": null,
    "process_event_order": null
  },
  {
    "record_id": 124,
    "time_created": "2026-06-30T12:16:24",
    "event_id": 1,
    "provider_name": "Microsoft-Windows-Sysmon",
    "process_name": "chrome.exe",
    "command_line": "\"C:\\Program Files (x86)\\Google\\Chrome\\Application\\chrome.exe\" --type=renderer --origin-trial-disabled-features=CanvasTextNg|WebAssemblyCustomDescriptors --no-pre-read-main-dll --video-capture-use-gpu-memory-buffer --lang=ko --device-scale-factor=1 --num-raster-threads=3 --enable-main-frame-before-activation --renderer-client-id=114 --time-ticks-at-unix-epoch=-1782757078037454 --launch-time-ticks=32306783525 --metrics-shmem-handle=6440,i,5861089372233405998,16059744760559525009,2097152 --field-trial-handle=2072,i,13642895438352464947,13206856470309052393,262144 --disable-features=LocalNetworkAccessChecks --variations-seed-version=20260629-090059.675000-production --pseudonymization-salt-handle=2100,i,11403762369690310472,3374413806832889549,4 --trace-process-track-uuid=3190709093134642280 --mojo-platform-channel-handle=6548 /prefetch:1",
    "parent_process": null,
    "destination_ip": "",
    "destination_port": "",
    "query_name": "",
    "process_guid": null,
    "parent_process_guid": null,
    "process_id": null,
    "parent_process_id": null,
    "source_dataset": "collected",
    "source_file": "live_collection/192.168.55.52",
    "label": 0,
    "process_group_no": null,
    "process_event_order": null
  },
  {
    "record_id": 125,
    "time_created": "2026-06-30T12:16:25",
    "event_id": 1,
    "provider_name": "Microsoft-Windows-Sysmon",
    "process_name": "chrome.exe",
    "command_line": "\"C:\\Program Files (x86)\\Google\\Chrome\\Application\\chrome.exe\" --type=renderer --origin-trial-disabled-features=CanvasTextNg|WebAssemblyCustomDescriptors --no-pre-read-main-dll --video-capture-use-gpu-memory-buffer --lang=ko --device-scale-factor=1 --num-raster-threads=3 --enable-main-frame-before-activation --renderer-client-id=115 --time-ticks-at-unix-epoch=-1782757078037454 --launch-time-ticks=32306992678 --metrics-shmem-handle=6868,i,1164998277893265981,3631063664795862762,2097152 --field-trial-handle=2072,i,13642895438352464947,13206856470309052393,262144 --disable-features=LocalNetworkAccessChecks --variations-seed-version=20260629-090059.675000-production --pseudonymization-salt-handle=2100,i,11403762369690310472,3374413806832889549,4 --trace-process-track-uuid=3190709094071684129 --mojo-platform-channel-handle=9144 /prefetch:1",
    "parent_process": null,
    "destination_ip": "",
    "destination_port": "",
    "query_name": "",
    "process_guid": null,
    "parent_process_guid": null,
    "process_id": null,
    "parent_process_id": null,
    "source_dataset": "collected",
    "source_file": "live_collection/192.168.55.52",
    "label": 0,
    "process_group_no": null,
    "process_event_order": null
  },
  {
    "record_id": 126,
    "time_created": "2026-06-30T12:16:25",
    "event_id": 3,
    "provider_name": "Microsoft-Windows-Sysmon",
    "process_name": "ASDSvc.exe",
    "command_line": "",
    "parent_process": null,
    "destination_ip": "211.115.106.209",
    "destination_port": "80",
    "query_name": "",
    "process_guid": null,
    "parent_process_guid": null,
    "process_id": null,
    "parent_process_id": null,
    "source_dataset": "collected",
    "source_file": "live_collection/192.168.55.52",
    "label": 0,
    "process_group_no": null,
    "process_event_order": null
  },
  {
    "record_id": 127,
    "time_created": "2026-06-30T12:16:25",
    "event_id": 1,
    "provider_name": "Microsoft-Windows-Sysmon",
    "process_name": "chrome.exe",
    "command_line": "\"C:\\Program Files (x86)\\Google\\Chrome\\Application\\chrome.exe\" --type=utility --utility-sub-type=data_decoder.mojom.DataDecoderService --lang=ko --service-sandbox-type=service --video-capture-use-gpu-memory-buffer --no-pre-read-main-dll --metrics-shmem-handle=7816,i,15924186929507597355,16772465495286226243,524288 --field-trial-handle=2072,i,13642895438352464947,13206856470309052393,262144 --disable-features=LocalNetworkAccessChecks --variations-seed-version=20260629-090059.675000-production --pseudonymization-salt-handle=2100,i,11403762369690310472,3374413806832889549,4 --trace-process-track-uuid=3190709095008725978 --mojo-platform-channel-handle=5620 /prefetch:14",
    "parent_process": null,
    "destination_ip": "",
    "destination_port": "",
    "query_name": "",
    "process_guid": null,
    "parent_process_guid": null,
    "process_id": null,
    "parent_process_id": null,
    "source_dataset": "collected",
    "source_file": "live_collection/192.168.55.52",
    "label": 0,
    "process_group_no": null,
    "process_event_order": null
  },
  {
    "record_id": 128,
    "time_created": "2026-06-30T12:16:25",
    "event_id": 1,
    "provider_name": "Microsoft-Windows-Sysmon",
    "process_name": "chrome.exe",
    "command_line": "\"C:\\Program Files (x86)\\Google\\Chrome\\Application\\chrome.exe\" --type=utility --utility-sub-type=data_decoder.mojom.DataDecoderService --lang=ko --service-sandbox-type=service --video-capture-use-gpu-memory-buffer --no-pre-read-main-dll --metrics-shmem-handle=5624,i,14113535594654460977,1305684462927088823,524288 --field-trial-handle=2072,i,13642895438352464947,13206856470309052393,262144 --disable-features=LocalNetworkAccessChecks --variations-seed-version=20260629-090059.675000-production --pseudonymization-salt-handle=2100,i,11403762369690310472,3374413806832889549,4 --trace-process-track-uuid=3190709095945767827 --mojo-platform-channel-handle=7460 /prefetch:14",
    "parent_process": null,
    "destination_ip": "",
    "destination_port": "",
    "query_name": "",
    "process_guid": null,
    "parent_process_guid": null,
    "process_id": null,
    "parent_process_id": null,
    "source_dataset": "collected",
    "source_file": "live_collection/192.168.55.52",
    "label": 0,
    "process_group_no": null,
    "process_event_order": null
  },
  {
    "record_id": 129,
    "time_created": "2026-06-30T12:16:26",
    "event_id": 3,
    "provider_name": "Microsoft-Windows-Sysmon",
    "process_name": "chrome.exe",
    "command_line": "",
    "parent_process": null,
    "destination_ip": "142.251.157.119",
    "destination_port": "443",
    "query_name": "",
    "process_guid": null,
    "parent_process_guid": null,
    "process_id": null,
    "parent_process_id": null,
    "source_dataset": "collected",
    "source_file": "live_collection/192.168.55.52",
    "label": 0,
    "process_group_no": null,
    "process_event_order": null
  },
  {
    "record_id": 130,
    "time_created": "2026-06-30T12:16:26",
    "event_id": 3,
    "provider_name": "Microsoft-Windows-Sysmon",
    "process_name": "chrome.exe",
    "command_line": "",
    "parent_process": null,
    "destination_ip": "142.251.157.119",
    "destination_port": "443",
    "query_name": "",
    "process_guid": null,
    "parent_process_guid": null,
    "process_id": null,
    "parent_process_id": null,
    "source_dataset": "collected",
    "source_file": "live_collection/192.168.55.52",
    "label": 0,
    "process_group_no": null,
    "process_event_order": null
  },
  {
    "record_id": 131,
    "time_created": "2026-06-30T12:16:26",
    "event_id": 3,
    "provider_name": "Microsoft-Windows-Sysmon",
    "process_name": "chrome.exe",
    "command_line": "",
    "parent_process": null,
    "destination_ip": "210.220.163.82",
    "destination_port": "53",
    "query_name": "",
    "process_guid": null,
    "parent_process_guid": null,
    "process_id": null,
    "parent_process_id": null,
    "source_dataset": "collected",
    "source_file": "live_collection/192.168.55.52",
    "label": 0,
    "process_group_no": null,
    "process_event_order": null
  },
  {
    "record_id": 132,
    "time_created": "2026-06-30T12:16:26",
    "event_id": 3,
    "provider_name": "Microsoft-Windows-Sysmon",
    "process_name": "chrome.exe",
    "command_line": "",
    "parent_process": null,
    "destination_ip": "210.220.163.82",
    "destination_port": "53",
    "query_name": "",
    "process_guid": null,
    "parent_process_guid": null,
    "process_id": null,
    "parent_process_id": null,
    "source_dataset": "collected",
    "source_file": "live_collection/192.168.55.52",
    "label": 0,
    "process_group_no": null,
    "process_event_order": null
  },
  {
    "record_id": 133,
    "time_created": "2026-06-30T12:16:26",
    "event_id": 3,
    "provider_name": "Microsoft-Windows-Sysmon",
    "process_name": "chrome.exe",
    "command_line": "",
    "parent_process": null,
    "destination_ip": "210.220.163.82",
    "destination_port": "53",
    "query_name": "",
    "process_guid": null,
    "parent_process_guid": null,
    "process_id": null,
    "parent_process_id": null,
    "source_dataset": "collected",
    "source_file": "live_collection/192.168.55.52",
    "label": 0,
    "process_group_no": null,
    "process_event_order": null
  },
  {
    "record_id": 134,
    "time_created": "2026-06-30T12:16:26",
    "event_id": 3,
    "provider_name": "Microsoft-Windows-Sysmon",
    "process_name": "chrome.exe",
    "command_line": "",
    "parent_process": null,
    "destination_ip": "142.251.119.139",
    "destination_port": "443",
    "query_name": "",
    "process_guid": null,
    "parent_process_guid": null,
    "process_id": null,
    "parent_process_id": null,
    "source_dataset": "collected",
    "source_file": "live_collection/192.168.55.52",
    "label": 0,
    "process_group_no": null,
    "process_event_order": null
  },
  {
    "record_id": 135,
    "time_created": "2026-06-30T12:16:26",
    "event_id": 3,
    "provider_name": "Microsoft-Windows-Sysmon",
    "process_name": "chrome.exe",
    "command_line": "",
    "parent_process": null,
    "destination_ip": "142.251.119.139",
    "destination_port": "443",
    "query_name": "",
    "process_guid": null,
    "parent_process_guid": null,
    "process_id": null,
    "parent_process_id": null,
    "source_dataset": "collected",
    "source_file": "live_collection/192.168.55.52",
    "label": 0,
    "process_group_no": null,
    "process_event_order": null
  },
  {
    "record_id": 136,
    "time_created": "2026-06-30T12:16:26",
    "event_id": 3,
    "provider_name": "Microsoft-Windows-Sysmon",
    "process_name": "chrome.exe",
    "command_line": "",
    "parent_process": null,
    "destination_ip": "210.220.163.82",
    "destination_port": "53",
    "query_name": "",
    "process_guid": null,
    "parent_process_guid": null,
    "process_id": null,
    "parent_process_id": null,
    "source_dataset": "collected",
    "source_file": "live_collection/192.168.55.52",
    "label": 0,
    "process_group_no": null,
    "process_event_order": null
  },
  {
    "record_id": 137,
    "time_created": "2026-06-30T12:16:26",
    "event_id": 3,
    "provider_name": "Microsoft-Windows-Sysmon",
    "process_name": "chrome.exe",
    "command_line": "",
    "parent_process": null,
    "destination_ip": "210.220.163.82",
    "destination_port": "53",
    "query_name": "",
    "process_guid": null,
    "parent_process_guid": null,
    "process_id": null,
    "parent_process_id": null,
    "source_dataset": "collected",
    "source_file": "live_collection/192.168.55.52",
    "label": 0,
    "process_group_no": null,
    "process_event_order": null
  },
  {
    "record_id": 138,
    "time_created": "2026-06-30T12:16:26",
    "event_id": 3,
    "provider_name": "Microsoft-Windows-Sysmon",
    "process_name": "chrome.exe",
    "command_line": "",
    "parent_process": null,
    "destination_ip": "210.220.163.82",
    "destination_port": "53",
    "query_name": "",
    "process_guid": null,
    "parent_process_guid": null,
    "process_id": null,
    "parent_process_id": null,
    "source_dataset": "collected",
    "source_file": "live_collection/192.168.55.52",
    "label": 0,
    "process_group_no": null,
    "process_event_order": null
  },
  {
    "record_id": 139,
    "time_created": "2026-06-30T12:16:26",
    "event_id": 3,
    "provider_name": "Microsoft-Windows-Sysmon",
    "process_name": "chrome.exe",
    "command_line": "",
    "parent_process": null,
    "destination_ip": "142.251.119.95",
    "destination_port": "443",
    "query_name": "",
    "process_guid": null,
    "parent_process_guid": null,
    "process_id": null,
    "parent_process_id": null,
    "source_dataset": "collected",
    "source_file": "live_collection/192.168.55.52",
    "label": 0,
    "process_group_no": null,
    "process_event_order": null
  },
  {
    "record_id": 140,
    "time_created": "2026-06-30T12:16:26",
    "event_id": 3,
    "provider_name": "Microsoft-Windows-Sysmon",
    "process_name": "chrome.exe",
    "command_line": "",
    "parent_process": null,
    "destination_ip": "142.251.119.95",
    "destination_port": "443",
    "query_name": "",
    "process_guid": null,
    "parent_process_guid": null,
    "process_id": null,
    "parent_process_id": null,
    "source_dataset": "collected",
    "source_file": "live_collection/192.168.55.52",
    "label": 0,
    "process_group_no": null,
    "process_event_order": null
  },
  {
    "record_id": 141,
    "time_created": "2026-06-30T12:16:26",
    "event_id": 3,
    "provider_name": "Microsoft-Windows-Sysmon",
    "process_name": "chrome.exe",
    "command_line": "",
    "parent_process": null,
    "destination_ip": "210.220.163.82",
    "destination_port": "53",
    "query_name": "",
    "process_guid": null,
    "parent_process_guid": null,
    "process_id": null,
    "parent_process_id": null,
    "source_dataset": "collected",
    "source_file": "live_collection/192.168.55.52",
    "label": 0,
    "process_group_no": null,
    "process_event_order": null
  },
  {
    "record_id": 142,
    "time_created": "2026-06-30T12:16:26",
    "event_id": 3,
    "provider_name": "Microsoft-Windows-Sysmon",
    "process_name": "chrome.exe",
    "command_line": "",
    "parent_process": null,
    "destination_ip": "210.220.163.82",
    "destination_port": "53",
    "query_name": "",
    "process_guid": null,
    "parent_process_guid": null,
    "process_id": null,
    "parent_process_id": null,
    "source_dataset": "collected",
    "source_file": "live_collection/192.168.55.52",
    "label": 0,
    "process_group_no": null,
    "process_event_order": null
  },
  {
    "record_id": 143,
    "time_created": "2026-06-30T12:16:26",
    "event_id": 3,
    "provider_name": "Microsoft-Windows-Sysmon",
    "process_name": "chrome.exe",
    "command_line": "",
    "parent_process": null,
    "destination_ip": "210.220.163.82",
    "destination_port": "53",
    "query_name": "",
    "process_guid": null,
    "parent_process_guid": null,
    "process_id": null,
    "parent_process_id": null,
    "source_dataset": "collected",
    "source_file": "live_collection/192.168.55.52",
    "label": 0,
    "process_group_no": null,
    "process_event_order": null
  },
  {
    "record_id": 144,
    "time_created": "2026-06-30T12:16:26",
    "event_id": 3,
    "provider_name": "Microsoft-Windows-Sysmon",
    "process_name": "chrome.exe",
    "command_line": "",
    "parent_process": null,
    "destination_ip": "142.251.118.132",
    "destination_port": "443",
    "query_name": "",
    "process_guid": null,
    "parent_process_guid": null,
    "process_id": null,
    "parent_process_id": null,
    "source_dataset": "collected",
    "source_file": "live_collection/192.168.55.52",
    "label": 0,
    "process_group_no": null,
    "process_event_order": null
  },
  {
    "record_id": 145,
    "time_created": "2026-06-30T12:16:26",
    "event_id": 3,
    "provider_name": "Microsoft-Windows-Sysmon",
    "process_name": "chrome.exe",
    "command_line": "",
    "parent_process": null,
    "destination_ip": "142.251.118.132",
    "destination_port": "443",
    "query_name": "",
    "process_guid": null,
    "parent_process_guid": null,
    "process_id": null,
    "parent_process_id": null,
    "source_dataset": "collected",
    "source_file": "live_collection/192.168.55.52",
    "label": 0,
    "process_group_no": null,
    "process_event_order": null
  },
  {
    "record_id": 146,
    "time_created": "2026-06-30T12:16:26",
    "event_id": 3,
    "provider_name": "Microsoft-Windows-Sysmon",
    "process_name": "chrome.exe",
    "command_line": "",
    "parent_process": null,
    "destination_ip": "210.220.163.82",
    "destination_port": "53",
    "query_name": "",
    "process_guid": null,
    "parent_process_guid": null,
    "process_id": null,
    "parent_process_id": null,
    "source_dataset": "collected",
    "source_file": "live_collection/192.168.55.52",
    "label": 0,
    "process_group_no": null,
    "process_event_order": null
  },
  {
    "record_id": 147,
    "time_created": "2026-06-30T12:16:26",
    "event_id": 3,
    "provider_name": "Microsoft-Windows-Sysmon",
    "process_name": "chrome.exe",
    "command_line": "",
    "parent_process": null,
    "destination_ip": "210.220.163.82",
    "destination_port": "53",
    "query_name": "",
    "process_guid": null,
    "parent_process_guid": null,
    "process_id": null,
    "parent_process_id": null,
    "source_dataset": "collected",
    "source_file": "live_collection/192.168.55.52",
    "label": 0,
    "process_group_no": null,
    "process_event_order": null
  },
  {
    "record_id": 148,
    "time_created": "2026-06-30T12:16:26",
    "event_id": 3,
    "provider_name": "Microsoft-Windows-Sysmon",
    "process_name": "chrome.exe",
    "command_line": "",
    "parent_process": null,
    "destination_ip": "172.217.209.113",
    "destination_port": "443",
    "query_name": "",
    "process_guid": null,
    "parent_process_guid": null,
    "process_id": null,
    "parent_process_id": null,
    "source_dataset": "collected",
    "source_file": "live_collection/192.168.55.52",
    "label": 0,
    "process_group_no": null,
    "process_event_order": null
  },
  {
    "record_id": 149,
    "time_created": "2026-06-30T12:16:26",
    "event_id": 3,
    "provider_name": "Microsoft-Windows-Sysmon",
    "process_name": "chrome.exe",
    "command_line": "",
    "parent_process": null,
    "destination_ip": "172.217.209.113",
    "destination_port": "443",
    "query_name": "",
    "process_guid": null,
    "parent_process_guid": null,
    "process_id": null,
    "parent_process_id": null,
    "source_dataset": "collected",
    "source_file": "live_collection/192.168.55.52",
    "label": 0,
    "process_group_no": null,
    "process_event_order": null
  },
  {
    "record_id": 150,
    "time_created": "2026-06-30T12:16:26",
    "event_id": 3,
    "provider_name": "Microsoft-Windows-Sysmon",
    "process_name": "chrome.exe",
    "command_line": "",
    "parent_process": null,
    "destination_ip": "172.217.209.113",
    "destination_port": "443",
    "query_name": "",
    "process_guid": null,
    "parent_process_guid": null,
    "process_id": null,
    "parent_process_id": null,
    "source_dataset": "collected",
    "source_file": "live_collection/192.168.55.52",
    "label": 0,
    "process_group_no": null,
    "process_event_order": null
  },
  {
    "record_id": 151,
    "time_created": "2026-06-30T12:16:26",
    "event_id": 3,
    "provider_name": "Microsoft-Windows-Sysmon",
    "process_name": "chrome.exe",
    "command_line": "",
    "parent_process": null,
    "destination_ip": "172.217.209.113",
    "destination_port": "443",
    "query_name": "",
    "process_guid": null,
    "parent_process_guid": null,
    "process_id": null,
    "parent_process_id": null,
    "source_dataset": "collected",
    "source_file": "live_collection/192.168.55.52",
    "label": 0,
    "process_group_no": null,
    "process_event_order": null
  },
  {
    "record_id": 152,
    "time_created": "2026-06-30T12:16:26",
    "event_id": 3,
    "provider_name": "Microsoft-Windows-Sysmon",
    "process_name": "chrome.exe",
    "command_line": "",
    "parent_process": null,
    "destination_ip": "142.251.157.119",
    "destination_port": "443",
    "query_name": "",
    "process_guid": null,
    "parent_process_guid": null,
    "process_id": null,
    "parent_process_id": null,
    "source_dataset": "collected",
    "source_file": "live_collection/192.168.55.52",
    "label": 0,
    "process_group_no": null,
    "process_event_order": null
  },
  {
    "record_id": 153,
    "time_created": "2026-06-30T12:16:26",
    "event_id": 3,
    "provider_name": "Microsoft-Windows-Sysmon",
    "process_name": "ASDSvc.exe",
    "command_line": "",
    "parent_process": null,
    "destination_ip": "211.115.106.209",
    "destination_port": "80",
    "query_name": "",
    "process_guid": null,
    "parent_process_guid": null,
    "process_id": null,
    "parent_process_id": null,
    "source_dataset": "collected",
    "source_file": "live_collection/192.168.55.52",
    "label": 0,
    "process_group_no": null,
    "process_event_order": null
  },
