  {
    "record_id": 1723,
    "time_created": "2026-06-30T08:08:35",
    "event_id": 3,
    "provider_name": "Microsoft-Windows-Sysmon",
    "process_name": "msedge.exe",
    "command_line": "",
    "parent_process": null,
    "destination_ip": "192.168.116.2",
    "destination_port": "53",
    "query_name": "",
    "process_guid": null,
    "parent_process_guid": null,
    "process_id": null,
    "parent_process_id": null,
    "source_dataset": "collected",
    "source_file": "live_collection/192.168.116.129",
    "label": 0,
    "process_group_no": null,
    "process_event_order": null
  },
  {
    "record_id": 1724,
    "time_created": "2026-06-30T08:08:35",
    "event_id": 3,
    "provider_name": "Microsoft-Windows-Sysmon",
    "process_name": "msedge.exe",
    "command_line": "",
    "parent_process": null,
    "destination_ip": "192.168.116.2",
    "destination_port": "53",
    "query_name": "",
    "process_guid": null,
    "parent_process_guid": null,
    "process_id": null,
    "parent_process_id": null,
    "source_dataset": "collected",
    "source_file": "live_collection/192.168.116.129",
    "label": 0,
    "process_group_no": null,
    "process_event_order": null
  },
  {
    "record_id": 1725,
    "time_created": "2026-06-30T08:08:35",
    "event_id": 3,
    "provider_name": "Microsoft-Windows-Sysmon",
    "process_name": "msedge.exe",
    "command_line": "",
    "parent_process": null,
    "destination_ip": "35.237.69.59",
    "destination_port": "443",
    "query_name": "",
    "process_guid": null,
    "parent_process_guid": null,
    "process_id": null,
    "parent_process_id": null,
    "source_dataset": "collected",
    "source_file": "live_collection/192.168.116.129",
    "label": 0,
    "process_group_no": null,
    "process_event_order": null
  },
  {
    "record_id": 1726,
    "time_created": "2026-06-30T08:08:35",
    "event_id": 22,
    "provider_name": "Microsoft-Windows-Sysmon",
    "process_name": "Sysmon64.exe",
    "command_line": "",
    "parent_process": null,
    "destination_ip": "",
    "destination_port": "",
    "query_name": "43.62.230.54.in-addr.arpa.",
    "process_guid": null,
    "parent_process_guid": null,
    "process_id": null,
    "parent_process_id": null,
    "source_dataset": "collected",
    "source_file": "live_collection/192.168.116.129",
    "label": 0,
    "process_group_no": null,
    "process_event_order": null
  },
  {
    "record_id": 1727,
    "time_created": "2026-06-30T08:08:36",
    "event_id": 3,
    "provider_name": "Microsoft-Windows-Sysmon",
    "process_name": "msedge.exe",
    "command_line": "",
    "parent_process": null,
    "destination_ip": "35.237.69.59",
    "destination_port": "443",
    "query_name": "",
    "process_guid": null,
    "parent_process_guid": null,
    "process_id": null,
    "parent_process_id": null,
    "source_dataset": "collected",
    "source_file": "live_collection/192.168.116.129",
    "label": 0,
    "process_group_no": null,
    "process_event_order": null
  },
  {
    "record_id": 1728,
    "time_created": "2026-06-30T08:08:36",
    "event_id": 3,
    "provider_name": "Microsoft-Windows-Sysmon",
    "process_name": "svchost.exe",
    "command_line": "",
    "parent_process": null,
    "destination_ip": "192.168.116.2",
    "destination_port": "53",
    "query_name": "",
    "process_guid": null,
    "parent_process_guid": null,
    "process_id": null,
    "parent_process_id": null,
    "source_dataset": "collected",
    "source_file": "live_collection/192.168.116.129",
    "label": 0,
    "process_group_no": null,
    "process_event_order": null
  },
  {
    "record_id": 1729,
    "time_created": "2026-06-30T08:08:36",
    "event_id": 3,
    "provider_name": "Microsoft-Windows-Sysmon",
    "process_name": "svchost.exe",
    "command_line": "",
    "parent_process": null,
    "destination_ip": "192.168.116.2",
    "destination_port": "53",
    "query_name": "",
    "process_guid": null,
    "parent_process_guid": null,
    "process_id": null,
    "parent_process_id": null,
    "source_dataset": "collected",
    "source_file": "live_collection/192.168.116.129",
    "label": 0,
    "process_group_no": null,
    "process_event_order": null
  },
  {
    "record_id": 1730,
    "time_created": "2026-06-30T08:08:36",
    "event_id": 22,
    "provider_name": "Microsoft-Windows-Sysmon",
    "process_name": "Sysmon64.exe",
    "command_line": "",
    "parent_process": null,
    "destination_ip": "",
    "destination_port": "",
    "query_name": "59.69.237.35.in-addr.arpa.",
    "process_guid": null,
    "parent_process_guid": null,
    "process_id": null,
    "parent_process_id": null,
    "source_dataset": "collected",
    "source_file": "live_collection/192.168.116.129",
    "label": 0,
    "process_group_no": null,
    "process_event_order": null
  },
  {
    "record_id": 1731,
    "time_created": "2026-06-30T08:08:40",
    "event_id": 3,
    "provider_name": "Microsoft-Windows-Sysmon",
    "process_name": "svchost.exe",
    "command_line": "",
    "parent_process": null,
    "destination_ip": "192.168.116.2",
    "destination_port": "53",
    "query_name": "",
    "process_guid": null,
    "parent_process_guid": null,
    "process_id": null,
    "parent_process_id": null,
    "source_dataset": "collected",
    "source_file": "live_collection/192.168.116.129",
    "label": 0,
    "process_group_no": null,
    "process_event_order": null
  },
  {
    "record_id": 1732,
    "time_created": "2026-06-30T08:08:40",
    "event_id": 3,
    "provider_name": "Microsoft-Windows-Sysmon",
    "process_name": "msedge.exe",
    "command_line": "",
    "parent_process": null,
    "destination_ip": "192.168.116.2",
    "destination_port": "53",
    "query_name": "",
    "process_guid": null,
    "parent_process_guid": null,
    "process_id": null,
    "parent_process_id": null,
    "source_dataset": "collected",
    "source_file": "live_collection/192.168.116.129",
    "label": 0,
    "process_group_no": null,
    "process_event_order": null
  },
  {
    "record_id": 1733,
    "time_created": "2026-06-30T08:08:40",
    "event_id": 3,
    "provider_name": "Microsoft-Windows-Sysmon",
    "process_name": "msedge.exe",
    "command_line": "",
    "parent_process": null,
    "destination_ip": "192.168.116.2",
    "destination_port": "53",
    "query_name": "",
    "process_guid": null,
    "parent_process_guid": null,
    "process_id": null,
    "parent_process_id": null,
    "source_dataset": "collected",
    "source_file": "live_collection/192.168.116.129",
    "label": 0,
    "process_group_no": null,
    "process_event_order": null
  },
  {
    "record_id": 1734,
    "time_created": "2026-06-30T08:08:40",
    "event_id": 3,
    "provider_name": "Microsoft-Windows-Sysmon",
    "process_name": "msedge.exe",
    "command_line": "",
    "parent_process": null,
    "destination_ip": "151.101.1.229",
    "destination_port": "443",
    "query_name": "",
    "process_guid": null,
    "parent_process_guid": null,
    "process_id": null,
    "parent_process_id": null,
    "source_dataset": "collected",
    "source_file": "live_collection/192.168.116.129",
    "label": 0,
    "process_group_no": null,
    "process_event_order": null
  },
  {
    "record_id": 1735,
    "time_created": "2026-06-30T08:08:40",
    "event_id": 22,
    "provider_name": "Microsoft-Windows-Sysmon",
    "process_name": "svchost.exe",
    "command_line": "",
    "parent_process": null,
    "destination_ip": "",
    "destination_port": "",
    "query_name": "checkip.amazonaws.com",
    "process_guid": null,
    "parent_process_guid": null,
    "process_id": null,
    "parent_process_id": null,
    "source_dataset": "collected",
    "source_file": "live_collection/192.168.116.129",
    "label": 0,
    "process_group_no": null,
    "process_event_order": null
  },
  {
    "record_id": 1736,
    "time_created": "2026-06-30T08:08:41",
    "event_id": 3,
    "provider_name": "Microsoft-Windows-Sysmon",
    "process_name": "svchost.exe",
    "command_line": "",
    "parent_process": null,
    "destination_ip": "192.168.116.2",
    "destination_port": "53",
    "query_name": "",
    "process_guid": null,
    "parent_process_guid": null,
    "process_id": null,
    "parent_process_id": null,
    "source_dataset": "collected",
    "source_file": "live_collection/192.168.116.129",
    "label": 0,
    "process_group_no": null,
    "process_event_order": null
  },
  {
    "record_id": 1737,
    "time_created": "2026-06-30T08:08:41",
    "event_id": 1,
    "provider_name": "Microsoft-Windows-Sysmon",
    "process_name": "conhost.exe",
    "command_line": "\\??\\C:\\Windows\\system32\\conhost.exe 0xffffffff -ForceV1",
    "parent_process": null,
    "destination_ip": "",
    "destination_port": "",
    "query_name": "",
    "process_guid": null,
    "parent_process_guid": null,
    "process_id": null,
    "parent_process_id": null,
    "source_dataset": "collected",
    "source_file": "live_collection/192.168.116.129",
    "label": 0,
    "process_group_no": null,
    "process_event_order": null
  },
  {
    "record_id": 1738,
    "time_created": "2026-06-30T08:08:41",
    "event_id": 22,
    "provider_name": "Microsoft-Windows-Sysmon",
    "process_name": "Sysmon64.exe",
    "command_line": "",
    "parent_process": null,
    "destination_ip": "",
    "destination_port": "",
    "query_name": "229.1.101.151.in-addr.arpa.",
    "process_guid": null,
    "parent_process_guid": null,
    "process_id": null,
    "parent_process_id": null,
    "source_dataset": "collected",
    "source_file": "live_collection/192.168.116.129",
    "label": 0,
    "process_group_no": null,
    "process_event_order": null
  },
  {
    "record_id": 1739,
    "time_created": "2026-06-30T08:08:41",
    "event_id": 3,
    "provider_name": "Microsoft-Windows-Sysmon",
    "process_name": "msedge.exe",
    "command_line": "",
    "parent_process": null,
    "destination_ip": "192.168.116.2",
    "destination_port": "53",
    "query_name": "",
    "process_guid": null,
    "parent_process_guid": null,
    "process_id": null,
    "parent_process_id": null,
    "source_dataset": "collected",
    "source_file": "live_collection/192.168.116.129",
    "label": 0,
    "process_group_no": null,
    "process_event_order": null
  },
  {
    "record_id": 1740,
    "time_created": "2026-06-30T08:08:41",
    "event_id": 3,
    "provider_name": "Microsoft-Windows-Sysmon",
    "process_name": "msedge.exe",
    "command_line": "",
    "parent_process": null,
    "destination_ip": "192.168.116.2",
    "destination_port": "53",
    "query_name": "",
    "process_guid": null,
    "parent_process_guid": null,
    "process_id": null,
    "parent_process_id": null,
    "source_dataset": "collected",
    "source_file": "live_collection/192.168.116.129",
    "label": 0,
    "process_group_no": null,
    "process_event_order": null
  },
  {
    "record_id": 1741,
    "time_created": "2026-06-30T08:08:41",
    "event_id": 3,
    "provider_name": "Microsoft-Windows-Sysmon",
    "process_name": "msedge.exe",
    "command_line": "",
    "parent_process": null,
    "destination_ip": "150.171.28.11",
    "destination_port": "443",
    "query_name": "",
    "process_guid": null,
    "parent_process_guid": null,
    "process_id": null,
    "parent_process_id": null,
    "source_dataset": "collected",
    "source_file": "live_collection/192.168.116.129",
    "label": 0,
    "process_group_no": null,
    "process_event_order": null
  },
  {
    "record_id": 1742,
    "time_created": "2026-06-30T08:08:45",
    "event_id": 5,
    "provider_name": "Microsoft-Windows-Sysmon",
    "process_name": "powershell.exe",
    "command_line": "",
    "parent_process": null,
    "destination_ip": "",
    "destination_port": "",
    "query_name": "",
    "process_guid": null,
    "parent_process_guid": null,
    "process_id": null,
    "parent_process_id": null,
    "source_dataset": "collected",
    "source_file": "live_collection/192.168.116.129",
    "label": 0,
    "process_group_no": null,
    "process_event_order": null
  },
  {
    "record_id": 1743,
    "time_created": "2026-06-30T08:08:45",
    "event_id": 5,
    "provider_name": "Microsoft-Windows-Sysmon",
    "process_name": "conhost.exe",
    "command_line": "",
    "parent_process": null,
    "destination_ip": "",
    "destination_port": "",
    "query_name": "",
    "process_guid": null,
    "parent_process_guid": null,
    "process_id": null,
    "parent_process_id": null,
    "source_dataset": "collected",
    "source_file": "live_collection/192.168.116.129",
    "label": 0,
    "process_group_no": null,
    "process_event_order": null
  },
  {
    "record_id": 1744,
    "time_created": "2026-06-30T08:08:46",
    "event_id": 22,
    "provider_name": "Microsoft-Windows-Sysmon",
    "process_name": "python.exe",
    "command_line": "",
    "parent_process": null,
    "destination_ip": "",
    "destination_port": "",
    "query_name": "DESKTOP-6UVD125",
    "process_guid": null,
    "parent_process_guid": null,
    "process_id": null,
    "parent_process_id": null,
    "source_dataset": "collected",
    "source_file": "live_collection/192.168.116.129",
    "label": 0,
    "process_group_no": null,
    "process_event_order": null
  },
  {
    "record_id": 1745,
    "time_created": "2026-06-30T08:08:47",
    "event_id": 22,
    "provider_name": "Microsoft-Windows-Sysmon",
    "process_name": "python.exe",
    "command_line": "",
    "parent_process": null,
    "destination_ip": "",
    "destination_port": "",
    "query_name": "localhost",
    "process_guid": null,
    "parent_process_guid": null,
    "process_id": null,
    "parent_process_id": null,
    "source_dataset": "collected",
    "source_file": "live_collection/192.168.116.129",
    "label": 0,
    "process_group_no": null,
    "process_event_order": null
  },
  {
    "record_id": 1746,
    "time_created": "2026-06-30T08:09:03",
    "event_id": 5,
    "provider_name": "Microsoft-Windows-Sysmon",
    "process_name": "msedge.exe",
    "command_line": "",
    "parent_process": null,
    "destination_ip": "",
    "destination_port": "",
    "query_name": "",
    "process_guid": null,
    "parent_process_guid": null,
    "process_id": null,
    "parent_process_id": null,
    "source_dataset": "collected",
    "source_file": "live_collection/192.168.116.129",
    "label": 0,
    "process_group_no": null,
    "process_event_order": null
  },
  {
    "record_id": 1747,
    "time_created": "2026-06-30T08:09:16",
    "event_id": 1,
    "provider_name": "Microsoft-Windows-Sysmon",
    "process_name": "msedge.exe",
    "command_line": "\"C:\\Program Files (x86)\\Microsoft\\Edge\\Application\\msedge.exe\" --type=utility --utility-sub-type=edge_search_indexer.mojom.SearchIndexerInterfaceBroker --lang=ko --service-sandbox-type=search_indexer --message-loop-type-ui --ram-no-pressure-read-main-dll --metrics-shmem-handle=6096,i,4794961846542850602,7750029147280253534,524288 --field-trial-handle=2272,i,2851401284129209360,13568372919718021657,262144 --variations-seed-version --pseudonymization-salt-handle=2276,i,6721066860461351939,17610685959097088854,4 --trace-process-track-uuid=3190708996619331833 --mojo-platform-channel-handle=6064 /prefetch:8",
    "parent_process": null,
    "destination_ip": "",
    "destination_port": "",
    "query_name": "",
    "process_guid": null,
    "parent_process_guid": null,
    "process_id": null,
    "parent_process_id": null,
    "source_dataset": "collected",
    "source_file": "live_collection/192.168.116.129",
    "label": 0,
    "process_group_no": null,
    "process_event_order": null
  },
  {
    "record_id": 1748,
    "time_created": "2026-06-30T08:09:17",
    "event_id": 1,
    "provider_name": "Microsoft-Windows-Sysmon",
    "process_name": "SearchProtocolHost.exe",
    "command_line": "\"C:\\Windows\\system32\\SearchProtocolHost.exe\" Global\\UsGthrFltPipeMssGthrPipe_S-1-5-21-304190142-3981956990-901072795-10016_ Global\\UsGthrCtrlFltPipeMssGthrPipe_S-1-5-21-304190142-3981956990-901072795-10016 1 -2147483646 \"Software\\Microsoft\\Windows Search\" \"Mozilla/4.0 (compatible; MSIE 6.0; Windows NT; MS Search 4.0 Robot)\" \"C:\\ProgramData\\Microsoft\\Search\\Data\\Temp\\usgthrsvc\" \"DownLevelDaemon\"  \"1\"",
    "parent_process": null,
    "destination_ip": "",
    "destination_port": "",
    "query_name": "",
    "process_guid": null,
    "parent_process_guid": null,
    "process_id": null,
    "parent_process_id": null,
    "source_dataset": "collected",
    "source_file": "live_collection/192.168.116.129",
    "label": 0,
    "process_group_no": null,
    "process_event_order": null
  },
  {
    "record_id": 1749,
    "time_created": "2026-06-30T08:09:17",
    "event_id": 1,
    "provider_name": "Microsoft-Windows-Sysmon",
    "process_name": "SearchFilterHost.exe",
    "command_line": "\"C:\\Windows\\system32\\SearchFilterHost.exe\" 0 800 804 812 8192 808 784",
    "parent_process": null,
    "destination_ip": "",
    "destination_port": "",
    "query_name": "",
    "process_guid": null,
    "parent_process_guid": null,
    "process_id": null,
    "parent_process_id": null,
    "source_dataset": "collected",
    "source_file": "live_collection/192.168.116.129",
    "label": 0,
    "process_group_no": null,
    "process_event_order": null
  },
  {
    "record_id": 1750,
    "time_created": "2026-06-30T08:09:22",
    "event_id": 3,
    "provider_name": "Microsoft-Windows-Sysmon",
    "process_name": "msedge.exe",
    "command_line": "",
    "parent_process": null,
    "destination_ip": "192.168.116.2",
    "destination_port": "53",
    "query_name": "",
    "process_guid": null,
    "parent_process_guid": null,
    "process_id": null,
    "parent_process_id": null,
    "source_dataset": "collected",
    "source_file": "live_collection/192.168.116.129",
    "label": 0,
    "process_group_no": null,
    "process_event_order": null
  },
  {
    "record_id": 1751,
    "time_created": "2026-06-30T08:09:22",
    "event_id": 3,
    "provider_name": "Microsoft-Windows-Sysmon",
    "process_name": "msedge.exe",
    "command_line": "",
    "parent_process": null,
    "destination_ip": "192.168.116.2",
    "destination_port": "53",
    "query_name": "",
    "process_guid": null,
    "parent_process_guid": null,
    "process_id": null,
    "parent_process_id": null,
    "source_dataset": "collected",
    "source_file": "live_collection/192.168.116.129",
    "label": 0,
    "process_group_no": null,
    "process_event_order": null
  },
  {
    "record_id": 1752,
    "time_created": "2026-06-30T08:09:22",
    "event_id": 3,
    "provider_name": "Microsoft-Windows-Sysmon",
    "process_name": "svchost.exe",
    "command_line": "",
    "parent_process": null,
    "destination_ip": "192.168.116.2",
    "destination_port": "53",
    "query_name": "",
    "process_guid": null,
    "parent_process_guid": null,
    "process_id": null,
    "parent_process_id": null,
    "source_dataset": "collected",
    "source_file": "live_collection/192.168.116.129",
    "label": 0,
    "process_group_no": null,
    "process_event_order": null
  },
  {
    "record_id": 1753,
    "time_created": "2026-06-30T08:09:23",
    "event_id": 3,
    "provider_name": "Microsoft-Windows-Sysmon",
    "process_name": "msedge.exe",
    "command_line": "",
    "parent_process": null,
    "destination_ip": "150.171.27.11",
    "destination_port": "443",
    "query_name": "",
    "process_guid": null,
    "parent_process_guid": null,
    "process_id": null,
    "parent_process_id": null,
    "source_dataset": "collected",
    "source_file": "live_collection/192.168.116.129",
    "label": 0,
    "process_group_no": null,
    "process_event_order": null
  },
  {
    "record_id": 1754,
    "time_created": "2026-06-30T08:09:30",
    "event_id": 22,
    "provider_name": "Microsoft-Windows-Sysmon",
    "process_name": "svchost.exe",
    "command_line": "",
    "parent_process": null,
    "destination_ip": "",
    "destination_port": "",
    "query_name": "checkip.amazonaws.com",
    "process_guid": null,
    "parent_process_guid": null,
    "process_id": null,
    "parent_process_id": null,
    "source_dataset": "collected",
    "source_file": "live_collection/192.168.116.129",
    "label": 0,
    "process_group_no": null,
    "process_event_order": null
  },
  {
    "record_id": 1755,
    "time_created": "2026-06-30T08:09:30",
    "event_id": 3,
    "provider_name": "Microsoft-Windows-Sysmon",
    "process_name": "svchost.exe",
    "command_line": "",
    "parent_process": null,
    "destination_ip": "192.168.116.2",
    "destination_port": "53",
    "query_name": "",
    "process_guid": null,
    "parent_process_guid": null,
    "process_id": null,
    "parent_process_id": null,
    "source_dataset": "collected",
    "source_file": "live_collection/192.168.116.129",
    "label": 0,
    "process_group_no": null,
    "process_event_order": null
  },
  {
    "record_id": 1756,
    "time_created": "2026-06-30T08:09:33",
    "event_id": 3,
    "provider_name": "Microsoft-Windows-Sysmon",
    "process_name": "msedge.exe",
    "command_line": "",
    "parent_process": null,
    "destination_ip": "192.168.116.2",
    "destination_port": "53",
    "query_name": "",
    "process_guid": null,
    "parent_process_guid": null,
    "process_id": null,
    "parent_process_id": null,
    "source_dataset": "collected",
    "source_file": "live_collection/192.168.116.129",
    "label": 0,
    "process_group_no": null,
    "process_event_order": null
  },
  {
    "record_id": 1757,
    "time_created": "2026-06-30T08:09:33",
    "event_id": 3,
    "provider_name": "Microsoft-Windows-Sysmon",
    "process_name": "msedge.exe",
    "command_line": "",
    "parent_process": null,
    "destination_ip": "192.168.116.2",
    "destination_port": "53",
    "query_name": "",
    "process_guid": null,
    "parent_process_guid": null,
    "process_id": null,
    "parent_process_id": null,
    "source_dataset": "collected",
    "source_file": "live_collection/192.168.116.129",
    "label": 0,
    "process_group_no": null,
    "process_event_order": null
  },
  {
    "record_id": 1758,
    "time_created": "2026-06-30T08:09:33",
    "event_id": 3,
    "provider_name": "Microsoft-Windows-Sysmon",
    "process_name": "msedge.exe",
    "command_line": "",
    "parent_process": null,
    "destination_ip": "203.251.233.235",
    "destination_port": "443",
    "query_name": "",
    "process_guid": null,
    "parent_process_guid": null,
    "process_id": null,
    "parent_process_id": null,
    "source_dataset": "collected",
    "source_file": "live_collection/192.168.116.129",
    "label": 0,
    "process_group_no": null,
    "process_event_order": null
  },
  {
    "record_id": 1759,
    "time_created": "2026-06-30T08:09:43",
    "event_id": 3,
    "provider_name": "Microsoft-Windows-Sysmon",
    "process_name": "svchost.exe",
    "command_line": "",
    "parent_process": null,
    "destination_ip": "192.168.116.2",
    "destination_port": "53",
    "query_name": "",
    "process_guid": null,
    "parent_process_guid": null,
    "process_id": null,
    "parent_process_id": null,
    "source_dataset": "collected",
    "source_file": "live_collection/192.168.116.129",
    "label": 0,
    "process_group_no": null,
    "process_event_order": null
  },
  {
    "record_id": 1760,
    "time_created": "2026-06-30T08:09:45",
    "event_id": 5,
    "provider_name": "Microsoft-Windows-Sysmon",
    "process_name": "svchost.exe",
    "command_line": "",
    "parent_process": null,
    "destination_ip": "",
    "destination_port": "",
    "query_name": "",
    "process_guid": null,
    "parent_process_guid": null,
    "process_id": null,
    "parent_process_id": null,
    "source_dataset": "collected",
    "source_file": "live_collection/192.168.116.129",
    "label": 0,
    "process_group_no": null,
    "process_event_order": null
  },
  {
    "record_id": 1761,
    "time_created": "2026-06-30T08:10:02",
    "event_id": 3,
    "provider_name": "Microsoft-Windows-Sysmon",
    "process_name": "msedge.exe",
    "command_line": "",
    "parent_process": null,
    "destination_ip": "203.251.233.235",
    "destination_port": "443",
    "query_name": "",
    "process_guid": null,
    "parent_process_guid": null,
    "process_id": null,
    "parent_process_id": null,
    "source_dataset": "collected",
    "source_file": "live_collection/192.168.116.129",
    "label": 0,
    "process_group_no": null,
    "process_event_order": null
  },
  {
    "record_id": 1762,
    "time_created": "2026-06-30T08:10:30",
    "event_id": 22,
    "provider_name": "Microsoft-Windows-Sysmon",
    "process_name": "explorer.exe",
    "command_line": "",
    "parent_process": null,
    "destination_ip": "",
    "destination_port": "",
    "query_name": "img-s-msn-com.akamaized.net",
    "process_guid": null,
    "parent_process_guid": null,
    "process_id": null,
    "parent_process_id": null,
    "source_dataset": "collected",
    "source_file": "live_collection/192.168.116.129",
    "label": 0,
    "process_group_no": null,
    "process_event_order": null
  },
  {
    "record_id": 1763,
    "time_created": "2026-06-30T08:10:31",
    "event_id": 3,
    "provider_name": "Microsoft-Windows-Sysmon",
    "process_name": "svchost.exe",
    "command_line": "",
    "parent_process": null,
    "destination_ip": "192.168.116.2",
    "destination_port": "53",
    "query_name": "",
    "process_guid": null,
    "parent_process_guid": null,
    "process_id": null,
    "parent_process_id": null,
    "source_dataset": "collected",
    "source_file": "live_collection/192.168.116.129",
    "label": 0,
    "process_group_no": null,
    "process_event_order": null
  },
  {
    "record_id": 1764,
    "time_created": "2026-06-30T08:10:31",
    "event_id": 3,
    "provider_name": "Microsoft-Windows-Sysmon",
    "process_name": "explorer.exe",
    "command_line": "",
    "parent_process": null,
    "destination_ip": "23.60.96.134",
    "destination_port": "443",
    "query_name": "",
    "process_guid": null,
    "parent_process_guid": null,
    "process_id": null,
    "parent_process_id": null,
    "source_dataset": "collected",
    "source_file": "live_collection/192.168.116.129",
    "label": 0,
    "process_group_no": null,
    "process_event_order": null
  },
  {
    "record_id": 1765,
    "time_created": "2026-06-30T08:10:31",
    "event_id": 3,
    "provider_name": "Microsoft-Windows-Sysmon",
    "process_name": "svchost.exe",
    "command_line": "",
    "parent_process": null,
    "destination_ip": "192.168.116.2",
    "destination_port": "53",
    "query_name": "",
    "process_guid": null,
    "parent_process_guid": null,
    "process_id": null,
    "parent_process_id": null,
    "source_dataset": "collected",
    "source_file": "live_collection/192.168.116.129",
    "label": 0,
    "process_group_no": null,
    "process_event_order": null
  },
  {
    "record_id": 1766,
    "time_created": "2026-06-30T08:10:31",
    "event_id": 3,
    "provider_name": "Microsoft-Windows-Sysmon",
    "process_name": "explorer.exe",
    "command_line": "",
    "parent_process": null,
    "destination_ip": "23.11.39.161",
    "destination_port": "80",
    "query_name": "",
    "process_guid": null,
    "parent_process_guid": null,
    "process_id": null,
    "parent_process_id": null,
    "source_dataset": "collected",
    "source_file": "live_collection/192.168.116.129",
    "label": 0,
    "process_group_no": null,
    "process_event_order": null
  },
  {
    "record_id": 1767,
    "time_created": "2026-06-30T08:10:31",
    "event_id": 22,
    "provider_name": "Microsoft-Windows-Sysmon",
    "process_name": "explorer.exe",
    "command_line": "",
    "parent_process": null,
    "destination_ip": "",
    "destination_port": "",
    "query_name": "ocsp.digicert.com",
    "process_guid": null,
    "parent_process_guid": null,
    "process_id": null,
    "parent_process_id": null,
    "source_dataset": "collected",
    "source_file": "live_collection/192.168.116.129",
    "label": 0,
    "process_group_no": null,
    "process_event_order": null
  },
  {
    "record_id": 1768,
    "time_created": "2026-06-30T08:10:32",
    "event_id": 22,
    "provider_name": "Microsoft-Windows-Sysmon",
    "process_name": "Sysmon64.exe",
    "command_line": "",
    "parent_process": null,
    "destination_ip": "",
    "destination_port": "",
    "query_name": "134.96.60.23.in-addr.arpa.",
    "process_guid": null,
    "parent_process_guid": null,
    "process_id": null,
    "parent_process_id": null,
    "source_dataset": "collected",
    "source_file": "live_collection/192.168.116.129",
    "label": 0,
    "process_group_no": null,
    "process_event_order": null
  },
  {
    "record_id": 1769,
    "time_created": "2026-06-30T08:10:32",
    "event_id": 3,
    "provider_name": "Microsoft-Windows-Sysmon",
    "process_name": "svchost.exe",
    "command_line": "",
    "parent_process": null,
    "destination_ip": "192.168.116.2",
    "destination_port": "53",
    "query_name": "",
    "process_guid": null,
    "parent_process_guid": null,
    "process_id": null,
    "parent_process_id": null,
    "source_dataset": "collected",
    "source_file": "live_collection/192.168.116.129",
    "label": 0,
    "process_group_no": null,
    "process_event_order": null
  },
  {
    "record_id": 1770,
    "time_created": "2026-06-30T08:10:33",
    "event_id": 3,
    "provider_name": "Microsoft-Windows-Sysmon",
    "process_name": "msedge.exe",
    "command_line": "",
    "parent_process": null,
    "destination_ip": "192.168.116.2",
    "destination_port": "53",
    "query_name": "",
    "process_guid": null,
    "parent_process_guid": null,
    "process_id": null,
    "parent_process_id": null,
    "source_dataset": "collected",
    "source_file": "live_collection/192.168.116.129",
    "label": 0,
    "process_group_no": null,
    "process_event_order": null
  },
  {
    "record_id": 1771,
    "time_created": "2026-06-30T08:10:33",
    "event_id": 3,
    "provider_name": "Microsoft-Windows-Sysmon",
    "process_name": "msedge.exe",
    "command_line": "",
    "parent_process": null,
    "destination_ip": "192.168.116.2",
    "destination_port": "53",
    "query_name": "",
    "process_guid": null,
    "parent_process_guid": null,
    "process_id": null,
    "parent_process_id": null,
    "source_dataset": "collected",
    "source_file": "live_collection/192.168.116.129",
    "label": 0,
    "process_group_no": null,
    "process_event_order": null
  },
  {
    "record_id": 1772,
    "time_created": "2026-06-30T08:10:33",
    "event_id": 3,
    "provider_name": "Microsoft-Windows-Sysmon",
    "process_name": "svchost.exe",
    "command_line": "",
    "parent_process": null,
    "destination_ip": "192.168.116.2",
    "destination_port": "53",
    "query_name": "",
    "process_guid": null,
    "parent_process_guid": null,
    "process_id": null,
    "parent_process_id": null,
    "source_dataset": "collected",
    "source_file": "live_collection/192.168.116.129",
    "label": 0,
    "process_group_no": null,
    "process_event_order": null
  },
  {
    "record_id": 1773,
    "time_created": "2026-06-30T08:10:33",
    "event_id": 3,
    "provider_name": "Microsoft-Windows-Sysmon",
    "process_name": "msedge.exe",
    "command_line": "",
    "parent_process": null,
    "destination_ip": "203.251.233.235",
    "destination_port": "443",
    "query_name": "",
    "process_guid": null,
    "parent_process_guid": null,
    "process_id": null,
    "parent_process_id": null,
    "source_dataset": "collected",
    "source_file": "live_collection/192.168.116.129",
    "label": 0,
    "process_group_no": null,
    "process_event_order": null
  },
  {
    "record_id": 1774,
    "time_created": "2026-06-30T08:10:41",
    "event_id": 22,
    "provider_name": "Microsoft-Windows-Sysmon",
    "process_name": "svchost.exe",
    "command_line": "",
    "parent_process": null,
    "destination_ip": "",
    "destination_port": "",
    "query_name": "ocsp.digicert.com",
    "process_guid": null,
    "parent_process_guid": null,
    "process_id": null,
    "parent_process_id": null,
    "source_dataset": "collected",
    "source_file": "live_collection/192.168.116.129",
    "label": 0,
    "process_group_no": null,
    "process_event_order": null
  },
  {
    "record_id": 1775,
    "time_created": "2026-06-30T08:10:41",
    "event_id": 3,
    "provider_name": "Microsoft-Windows-Sysmon",
    "process_name": "svchost.exe",
    "command_line": "",
    "parent_process": null,
    "destination_ip": "192.168.116.2",
    "destination_port": "53",
    "query_name": "",
    "process_guid": null,
    "parent_process_guid": null,
    "process_id": null,
    "parent_process_id": null,
    "source_dataset": "collected",
    "source_file": "live_collection/192.168.116.129",
    "label": 0,
    "process_group_no": null,
    "process_event_order": null
  },
  {
    "record_id": 1776,
    "time_created": "2026-06-30T08:10:55",
    "event_id": 1,
    "provider_name": "Microsoft-Windows-Sysmon",
    "process_name": "conhost.exe",
    "command_line": "\\??\\C:\\Windows\\system32\\conhost.exe 0xffffffff -ForceV1",
    "parent_process": null,
    "destination_ip": "",
    "destination_port": "",
    "query_name": "",
    "process_guid": null,
    "parent_process_guid": null,
    "process_id": null,
    "parent_process_id": null,
    "source_dataset": "collected",
    "source_file": "live_collection/192.168.116.129",
    "label": 0,
    "process_group_no": null,
    "process_event_order": null
  },
  {
    "record_id": 1777,
    "time_created": "2026-06-30T08:10:56",
    "event_id": 5,
    "provider_name": "Microsoft-Windows-Sysmon",
    "process_name": "powershell.exe",
    "command_line": "",
    "parent_process": null,
    "destination_ip": "",
    "destination_port": "",
    "query_name": "",
    "process_guid": null,
    "parent_process_guid": null,
    "process_id": null,
    "parent_process_id": null,
    "source_dataset": "collected",
    "source_file": "live_collection/192.168.116.129",
    "label": 0,
    "process_group_no": null,
    "process_event_order": null
  },
  {
    "record_id": 1778,
    "time_created": "2026-06-30T08:10:56",
    "event_id": 5,
    "provider_name": "Microsoft-Windows-Sysmon",
    "process_name": "conhost.exe",
    "command_line": "",
    "parent_process": null,
    "destination_ip": "",
    "destination_port": "",
    "query_name": "",
    "process_guid": null,
    "parent_process_guid": null,
    "process_id": null,
    "parent_process_id": null,
    "source_dataset": "collected",
    "source_file": "live_collection/192.168.116.129",
    "label": 0,
    "process_group_no": null,
    "process_event_order": null
  },
  {
    "record_id": 1779,
    "time_created": "2026-06-30T08:11:07",
    "event_id": 1,
    "provider_name": "Microsoft-Windows-Sysmon",
    "process_name": "conhost.exe",
    "command_line": "\\??\\C:\\Windows\\system32\\conhost.exe 0xffffffff -ForceV1",
    "parent_process": null,
    "destination_ip": "",
    "destination_port": "",
    "query_name": "",
    "process_guid": null,
    "parent_process_guid": null,
    "process_id": null,
    "parent_process_id": null,
    "source_dataset": "collected",
    "source_file": "live_collection/192.168.116.129",
    "label": 0,
    "process_group_no": null,
    "process_event_order": null
  },
  {
    "record_id": 1780,
    "time_created": "2026-06-30T08:11:08",
    "event_id": 5,
    "provider_name": "Microsoft-Windows-Sysmon",
    "process_name": "powershell.exe",
    "command_line": "",
    "parent_process": null,
    "destination_ip": "",
    "destination_port": "",
    "query_name": "",
    "process_guid": null,
    "parent_process_guid": null,
    "process_id": null,
    "parent_process_id": null,
    "source_dataset": "collected",
    "source_file": "live_collection/192.168.116.129",
    "label": 0,
    "process_group_no": null,
    "process_event_order": null
  },
  {
    "record_id": 1781,
    "time_created": "2026-06-30T08:11:08",
    "event_id": 5,
    "provider_name": "Microsoft-Windows-Sysmon",
    "process_name": "conhost.exe",
    "command_line": "",
    "parent_process": null,
    "destination_ip": "",
    "destination_port": "",
    "query_name": "",
    "process_guid": null,
    "parent_process_guid": null,
    "process_id": null,
    "parent_process_id": null,
    "source_dataset": "collected",
    "source_file": "live_collection/192.168.116.129",
    "label": 0,
    "process_group_no": null,
    "process_event_order": null
  },
  {
    "record_id": 1782,
    "time_created": "2026-06-30T08:11:28",
    "event_id": 1,
    "provider_name": "Microsoft-Windows-Sysmon",
    "process_name": "conhost.exe",
    "command_line": "\\??\\C:\\Windows\\system32\\conhost.exe 0xffffffff -ForceV1",
    "parent_process": null,
    "destination_ip": "",
    "destination_port": "",
    "query_name": "",
    "process_guid": null,
    "parent_process_guid": null,
    "process_id": null,
    "parent_process_id": null,
    "source_dataset": "collected",
    "source_file": "live_collection/192.168.116.129",
    "label": 0,
    "process_group_no": null,
    "process_event_order": null
  },
  {
    "record_id": 1783,
    "time_created": "2026-06-30T08:11:29",
    "event_id": 5,
    "provider_name": "Microsoft-Windows-Sysmon",
    "process_name": "powershell.exe",
    "command_line": "",
    "parent_process": null,
    "destination_ip": "",
    "destination_port": "",
    "query_name": "",
    "process_guid": null,
    "parent_process_guid": null,
    "process_id": null,
    "parent_process_id": null,
    "source_dataset": "collected",
    "source_file": "live_collection/192.168.116.129",
    "label": 0,
    "process_group_no": null,
    "process_event_order": null
  },
  {
    "record_id": 1784,
    "time_created": "2026-06-30T08:11:29",
    "event_id": 5,
    "provider_name": "Microsoft-Windows-Sysmon",
    "process_name": "conhost.exe",
    "command_line": "",
    "parent_process": null,
    "destination_ip": "",
    "destination_port": "",
    "query_name": "",
    "process_guid": null,
    "parent_process_guid": null,
    "process_id": null,
    "parent_process_id": null,
    "source_dataset": "collected",
    "source_file": "live_collection/192.168.116.129",
    "label": 0,
    "process_group_no": null,
    "process_event_order": null
  },
  {
    "record_id": 1785,
    "time_created": "2026-06-30T08:11:35",
    "event_id": 3,
    "provider_name": "Microsoft-Windows-Sysmon",
    "process_name": "explorer.exe",
    "command_line": "",
    "parent_process": null,
    "destination_ip": "203.251.234.16",
    "destination_port": "443",
    "query_name": "",
    "process_guid": null,
    "parent_process_guid": null,
    "process_id": null,
    "parent_process_id": null,
    "source_dataset": "collected",
    "source_file": "live_collection/192.168.116.129",
    "label": 0,
    "process_group_no": null,
    "process_event_order": null
  },
  {
    "record_id": 1786,
    "time_created": "2026-06-30T08:10:31",
    "event_id": 3,
    "provider_name": "Microsoft-Windows-Sysmon",
    "process_name": "vmnat.exe",
    "command_line": "",
    "parent_process": null,
    "destination_ip": "210.220.163.82",
    "destination_port": "53",
    "query_name": "",
    "process_guid": null,
    "parent_process_guid": null,
    "process_id": null,
    "parent_process_id": null,
    "source_dataset": "collected",
    "source_file": "live_collection/192.168.55.52",
    "label": 0,
    "process_group_no": null,
    "process_event_order": null
  },
  {
    "record_id": 1787,
    "time_created": "2026-06-30T08:10:31",
    "event_id": 3,
    "provider_name": "Microsoft-Windows-Sysmon",
    "process_name": "vmnat.exe",
    "command_line": "",
    "parent_process": null,
    "destination_ip": "210.220.163.82",
    "destination_port": "53",
    "query_name": "",
    "process_guid": null,
    "parent_process_guid": null,
    "process_id": null,
    "parent_process_id": null,
    "source_dataset": "collected",
    "source_file": "live_collection/192.168.55.52",
    "label": 0,
    "process_group_no": null,
    "process_event_order": null
  },
  {
    "record_id": 1788,
    "time_created": "2026-06-30T08:10:31",
    "event_id": 3,
    "provider_name": "Microsoft-Windows-Sysmon",
    "process_name": "vmnat.exe",
    "command_line": "",
    "parent_process": null,
    "destination_ip": "23.11.39.161",
    "destination_port": "80",
    "query_name": "",
    "process_guid": null,
    "parent_process_guid": null,
    "process_id": null,
    "parent_process_id": null,
    "source_dataset": "collected",
    "source_file": "live_collection/192.168.55.52",
    "label": 0,
    "process_group_no": null,
    "process_event_order": null
  },
  {
    "record_id": 1789,
    "time_created": "2026-06-30T08:10:32",
    "event_id": 3,
    "provider_name": "Microsoft-Windows-Sysmon",
    "process_name": "vmnat.exe",
    "command_line": "",
    "parent_process": null,
    "destination_ip": "203.251.233.228",
    "destination_port": "443",
    "query_name": "",
    "process_guid": null,
    "parent_process_guid": null,
    "process_id": null,
    "parent_process_id": null,
    "source_dataset": "collected",
    "source_file": "live_collection/192.168.55.52",
    "label": 0,
    "process_group_no": null,
    "process_event_order": null
  },
  {
    "record_id": 1790,
    "time_created": "2026-06-30T08:10:33",
    "event_id": 3,
    "provider_name": "Microsoft-Windows-Sysmon",
    "process_name": "vmnat.exe",
    "command_line": "",
    "parent_process": null,
    "destination_ip": "210.220.163.82",
    "destination_port": "53",
    "query_name": "",
    "process_guid": null,
    "parent_process_guid": null,
    "process_id": null,
    "parent_process_id": null,
    "source_dataset": "collected",
    "source_file": "live_collection/192.168.55.52",
    "label": 0,
    "process_group_no": null,
    "process_event_order": null
  },
  {
    "record_id": 1791,
    "time_created": "2026-06-30T08:10:33",
    "event_id": 3,
    "provider_name": "Microsoft-Windows-Sysmon",
    "process_name": "vmnat.exe",
    "command_line": "",
    "parent_process": null,
    "destination_ip": "210.220.163.82",
    "destination_port": "53",
    "query_name": "",
    "process_guid": null,
    "parent_process_guid": null,
    "process_id": null,
    "parent_process_id": null,
    "source_dataset": "collected",
    "source_file": "live_collection/192.168.55.52",
    "label": 0,
    "process_group_no": null,
    "process_event_order": null
  },
  {
    "record_id": 1792,
    "time_created": "2026-06-30T08:10:33",
    "event_id": 3,
    "provider_name": "Microsoft-Windows-Sysmon",
    "process_name": "vmnat.exe",
    "command_line": "",
    "parent_process": null,
    "destination_ip": "210.220.163.82",
    "destination_port": "53",
    "query_name": "",
    "process_guid": null,
    "parent_process_guid": null,
    "process_id": null,
    "parent_process_id": null,
    "source_dataset": "collected",
    "source_file": "live_collection/192.168.55.52",
    "label": 0,
    "process_group_no": null,
    "process_event_order": null
  },
  {
    "record_id": 1793,
    "time_created": "2026-06-30T08:10:33",
    "event_id": 3,
    "provider_name": "Microsoft-Windows-Sysmon",
    "process_name": "vmnat.exe",
    "command_line": "",
    "parent_process": null,
    "destination_ip": "210.220.163.82",
    "destination_port": "53",
    "query_name": "",
    "process_guid": null,
    "parent_process_guid": null,
    "process_id": null,
    "parent_process_id": null,
    "source_dataset": "collected",
    "source_file": "live_collection/192.168.55.52",
    "label": 0,
    "process_group_no": null,
    "process_event_order": null
  },
  {
    "record_id": 1794,
    "time_created": "2026-06-30T08:10:33",
    "event_id": 3,
    "provider_name": "Microsoft-Windows-Sysmon",
    "process_name": "vmnat.exe",
    "command_line": "",
    "parent_process": null,
    "destination_ip": "210.220.163.82",
    "destination_port": "53",
    "query_name": "",
    "process_guid": null,
    "parent_process_guid": null,
    "process_id": null,
    "parent_process_id": null,
    "source_dataset": "collected",
    "source_file": "live_collection/192.168.55.52",
    "label": 0,
    "process_group_no": null,
    "process_event_order": null
  },
  {
    "record_id": 1795,
    "time_created": "2026-06-30T08:10:33",
    "event_id": 3,
    "provider_name": "Microsoft-Windows-Sysmon",
    "process_name": "vmnat.exe",
    "command_line": "",
    "parent_process": null,
    "destination_ip": "203.251.233.235",
    "destination_port": "443",
    "query_name": "",
    "process_guid": null,
    "parent_process_guid": null,
    "process_id": null,
    "parent_process_id": null,
    "source_dataset": "collected",
    "source_file": "live_collection/192.168.55.52",
    "label": 0,
    "process_group_no": null,
    "process_event_order": null
  },
  {
    "record_id": 1796,
    "time_created": "2026-06-30T08:10:33",
    "event_id": 3,
    "provider_name": "Microsoft-Windows-Sysmon",
    "process_name": "vmnat.exe",
    "command_line": "",
    "parent_process": null,
    "destination_ip": "203.251.233.235",
    "destination_port": "443",
    "query_name": "",
    "process_guid": null,
    "parent_process_guid": null,
    "process_id": null,
    "parent_process_id": null,
    "source_dataset": "collected",
    "source_file": "live_collection/192.168.55.52",
    "label": 0,
    "process_group_no": null,
    "process_event_order": null
  },
  {
    "record_id": 1797,
    "time_created": "2026-06-30T08:10:34",
    "event_id": 3,
    "provider_name": "Microsoft-Windows-Sysmon",
    "process_name": "vmnat.exe",
    "command_line": "",
    "parent_process": null,
    "destination_ip": "210.220.163.82",
    "destination_port": "53",
    "query_name": "",
    "process_guid": null,
    "parent_process_guid": null,
    "process_id": null,
    "parent_process_id": null,
    "source_dataset": "collected",
    "source_file": "live_collection/192.168.55.52",
    "label": 0,
    "process_group_no": null,
    "process_event_order": null
  },
  {
    "record_id": 1798,
    "time_created": "2026-06-30T08:10:34",
    "event_id": 3,
    "provider_name": "Microsoft-Windows-Sysmon",
    "process_name": "vmnat.exe",
    "command_line": "",
    "parent_process": null,
    "destination_ip": "210.220.163.82",
    "destination_port": "53",
    "query_name": "",
    "process_guid": null,
    "parent_process_guid": null,
    "process_id": null,
    "parent_process_id": null,
    "source_dataset": "collected",
    "source_file": "live_collection/192.168.55.52",
    "label": 0,
    "process_group_no": null,
    "process_event_order": null
  },
  {
    "record_id": 1799,
    "time_created": "2026-06-30T08:10:34",
    "event_id": 3,
    "provider_name": "Microsoft-Windows-Sysmon",
    "process_name": "vmnat.exe",
    "command_line": "",
    "parent_process": null,
    "destination_ip": "210.220.163.82",
    "destination_port": "53",
    "query_name": "",
    "process_guid": null,
    "parent_process_guid": null,
    "process_id": null,
    "parent_process_id": null,
    "source_dataset": "collected",
    "source_file": "live_collection/192.168.55.52",
    "label": 0,
    "process_group_no": null,
    "process_event_order": null
  },
  {
    "record_id": 1800,
    "time_created": "2026-06-30T08:10:34",
    "event_id": 3,
    "provider_name": "Microsoft-Windows-Sysmon",
    "process_name": "vmnat.exe",
    "command_line": "",
    "parent_process": null,
    "destination_ip": "150.171.27.11",
    "destination_port": "443",
    "query_name": "",
    "process_guid": null,
    "parent_process_guid": null,
    "process_id": null,
    "parent_process_id": null,
    "source_dataset": "collected",
    "source_file": "live_collection/192.168.55.52",
    "label": 0,
    "process_group_no": null,
    "process_event_order": null
  },
  {
    "record_id": 1801,
    "time_created": "2026-06-30T08:10:34",
    "event_id": 3,
    "provider_name": "Microsoft-Windows-Sysmon",
    "process_name": "vmnat.exe",
    "command_line": "",
    "parent_process": null,
    "destination_ip": "203.251.233.235",
    "destination_port": "443",
    "query_name": "",
    "process_guid": null,
    "parent_process_guid": null,
    "process_id": null,
    "parent_process_id": null,
    "source_dataset": "collected",
    "source_file": "live_collection/192.168.55.52",
    "label": 0,
    "process_group_no": null,
    "process_event_order": null
  },
  {
    "record_id": 1802,
    "time_created": "2026-06-30T08:10:34",
    "event_id": 3,
    "provider_name": "Microsoft-Windows-Sysmon",
    "process_name": "vmnat.exe",
    "command_line": "",
    "parent_process": null,
    "destination_ip": "203.251.233.235",
    "destination_port": "443",
    "query_name": "",
    "process_guid": null,
    "parent_process_guid": null,
    "process_id": null,
    "parent_process_id": null,
    "source_dataset": "collected",
    "source_file": "live_collection/192.168.55.52",
    "label": 0,
    "process_group_no": null,
    "process_event_order": null
  },
  {
    "record_id": 1803,
    "time_created": "2026-06-30T08:10:36",
    "event_id": 3,
    "provider_name": "Microsoft-Windows-Sysmon",
    "process_name": "vmnat.exe",
    "command_line": "",
    "parent_process": null,
    "destination_ip": "203.251.234.8",
    "destination_port": "443",
    "query_name": "",
    "process_guid": null,
    "parent_process_guid": null,
    "process_id": null,
    "parent_process_id": null,
    "source_dataset": "collected",
    "source_file": "live_collection/192.168.55.52",
    "label": 0,
    "process_group_no": null,
    "process_event_order": null
  },
