  {
    "record_id": 851,
    "time_created": "2026-06-30T11:49:27",
    "event_id": 1,
    "provider_name": "Microsoft-Windows-Sysmon",
    "process_name": "ASDWsc.exe",
    "command_line": "\"C:\\Program Files\\AhnLab\\Safe Transaction\\ASDWsc.exe\" /fw /register /accessflag:0",
    "parent_process": null,
    "destination_ip": "",
    "destination_port": "",
    "query_name": "",
    "process_guid": null,
    "parent_process_guid": null,
    "process_id": null,
    "parent_process_id": null,
    "source_dataset": "collected",
    "source_file": "live_collection/192.168.55.52",
    "label": 0,
    "process_group_no": null,
    "process_event_order": null
  },
  {
    "record_id": 852,
    "time_created": "2026-06-30T11:49:27",
    "event_id": 5,
    "provider_name": "Microsoft-Windows-Sysmon",
    "process_name": "ASDWsc.exe",
    "command_line": "",
    "parent_process": null,
    "destination_ip": "",
    "destination_port": "",
    "query_name": "",
    "process_guid": null,
    "parent_process_guid": null,
    "process_id": null,
    "parent_process_id": null,
    "source_dataset": "collected",
    "source_file": "live_collection/192.168.55.52",
    "label": 0,
    "process_group_no": null,
    "process_event_order": null
  },
  {
    "record_id": 853,
    "time_created": "2026-06-30T11:49:27",
    "event_id": 3,
    "provider_name": "Microsoft-Windows-Sysmon",
    "process_name": "StSess.exe",
    "command_line": "",
    "parent_process": null,
    "destination_ip": "163.171.75.66",
    "destination_port": "80",
    "query_name": "",
    "process_guid": null,
    "parent_process_guid": null,
    "process_id": null,
    "parent_process_id": null,
    "source_dataset": "collected",
    "source_file": "live_collection/192.168.55.52",
    "label": 0,
    "process_group_no": null,
    "process_event_order": null
  },
  {
    "record_id": 854,
    "time_created": "2026-06-30T11:49:27",
    "event_id": 3,
    "provider_name": "Microsoft-Windows-Sysmon",
    "process_name": "chrome.exe",
    "command_line": "",
    "parent_process": null,
    "destination_ip": "210.220.163.82",
    "destination_port": "53",
    "query_name": "",
    "process_guid": null,
    "parent_process_guid": null,
    "process_id": null,
    "parent_process_id": null,
    "source_dataset": "collected",
    "source_file": "live_collection/192.168.55.52",
    "label": 0,
    "process_group_no": null,
    "process_event_order": null
  },
  {
    "record_id": 855,
    "time_created": "2026-06-30T11:49:27",
    "event_id": 3,
    "provider_name": "Microsoft-Windows-Sysmon",
    "process_name": "chrome.exe",
    "command_line": "",
    "parent_process": null,
    "destination_ip": "210.220.163.82",
    "destination_port": "53",
    "query_name": "",
    "process_guid": null,
    "parent_process_guid": null,
    "process_id": null,
    "parent_process_id": null,
    "source_dataset": "collected",
    "source_file": "live_collection/192.168.55.52",
    "label": 0,
    "process_group_no": null,
    "process_event_order": null
  },
  {
    "record_id": 856,
    "time_created": "2026-06-30T11:49:27",
    "event_id": 3,
    "provider_name": "Microsoft-Windows-Sysmon",
    "process_name": "chrome.exe",
    "command_line": "",
    "parent_process": null,
    "destination_ip": "210.220.163.82",
    "destination_port": "53",
    "query_name": "",
    "process_guid": null,
    "parent_process_guid": null,
    "process_id": null,
    "parent_process_id": null,
    "source_dataset": "collected",
    "source_file": "live_collection/192.168.55.52",
    "label": 0,
    "process_group_no": null,
    "process_event_order": null
  },
  {
    "record_id": 857,
    "time_created": "2026-06-30T11:49:27",
    "event_id": 22,
    "provider_name": "Microsoft-Windows-Sysmon",
    "process_name": "python.exe",
    "command_line": "",
    "parent_process": null,
    "destination_ip": "",
    "destination_port": "",
    "query_name": "checkip.amazonaws.com",
    "process_guid": null,
    "parent_process_guid": null,
    "process_id": null,
    "parent_process_id": null,
    "source_dataset": "collected",
    "source_file": "live_collection/192.168.55.52",
    "label": 0,
    "process_group_no": null,
    "process_event_order": null
  },
  {
    "record_id": 858,
    "time_created": "2026-06-30T11:49:29",
    "event_id": 1,
    "provider_name": "Microsoft-Windows-Sysmon",
    "process_name": "conhost.exe",
    "command_line": "\\??\\C:\\WINDOWS\\system32\\conhost.exe 0xffffffff -ForceV1",
    "parent_process": null,
    "destination_ip": "",
    "destination_port": "",
    "query_name": "",
    "process_guid": null,
    "parent_process_guid": null,
    "process_id": null,
    "parent_process_id": null,
    "source_dataset": "collected",
    "source_file": "live_collection/192.168.55.52",
    "label": 0,
    "process_group_no": null,
    "process_event_order": null
  },
  {
    "record_id": 859,
    "time_created": "2026-06-30T11:49:29",
    "event_id": 3,
    "provider_name": "Microsoft-Windows-Sysmon",
    "process_name": "chrome.exe",
    "command_line": "",
    "parent_process": null,
    "destination_ip": "142.251.157.119",
    "destination_port": "443",
    "query_name": "",
    "process_guid": null,
    "parent_process_guid": null,
    "process_id": null,
    "parent_process_id": null,
    "source_dataset": "collected",
    "source_file": "live_collection/192.168.55.52",
    "label": 0,
    "process_group_no": null,
    "process_event_order": null
  },
  {
    "record_id": 860,
    "time_created": "2026-06-30T11:49:29",
    "event_id": 3,
    "provider_name": "Microsoft-Windows-Sysmon",
    "process_name": "chrome.exe",
    "command_line": "",
    "parent_process": null,
    "destination_ip": "142.251.157.119",
    "destination_port": "443",
    "query_name": "",
    "process_guid": null,
    "parent_process_guid": null,
    "process_id": null,
    "parent_process_id": null,
    "source_dataset": "collected",
    "source_file": "live_collection/192.168.55.52",
    "label": 0,
    "process_group_no": null,
    "process_event_order": null
  },
  {
    "record_id": 861,
    "time_created": "2026-06-30T11:49:29",
    "event_id": 5,
    "provider_name": "Microsoft-Windows-Sysmon",
    "process_name": "powershell.exe",
    "command_line": "",
    "parent_process": null,
    "destination_ip": "",
    "destination_port": "",
    "query_name": "",
    "process_guid": null,
    "parent_process_guid": null,
    "process_id": null,
    "parent_process_id": null,
    "source_dataset": "collected",
    "source_file": "live_collection/192.168.55.52",
    "label": 0,
    "process_group_no": null,
    "process_event_order": null
  },
  {
    "record_id": 862,
    "time_created": "2026-06-30T11:49:29",
    "event_id": 5,
    "provider_name": "Microsoft-Windows-Sysmon",
    "process_name": "conhost.exe",
    "command_line": "",
    "parent_process": null,
    "destination_ip": "",
    "destination_port": "",
    "query_name": "",
    "process_guid": null,
    "parent_process_guid": null,
    "process_id": null,
    "parent_process_id": null,
    "source_dataset": "collected",
    "source_file": "live_collection/192.168.55.52",
    "label": 0,
    "process_group_no": null,
    "process_event_order": null
  },
  {
    "record_id": 863,
    "time_created": "2026-06-30T11:49:29",
    "event_id": 5,
    "provider_name": "Microsoft-Windows-Sysmon",
    "process_name": "StoreDesktopExtension.exe",
    "command_line": "",
    "parent_process": null,
    "destination_ip": "",
    "destination_port": "",
    "query_name": "",
    "process_guid": null,
    "parent_process_guid": null,
    "process_id": null,
    "parent_process_id": null,
    "source_dataset": "collected",
    "source_file": "live_collection/192.168.55.52",
    "label": 0,
    "process_group_no": null,
    "process_event_order": null
  },
  {
    "record_id": 864,
    "time_created": "2026-06-30T11:49:30",
    "event_id": 5,
    "provider_name": "Microsoft-Windows-Sysmon",
    "process_name": "chrome.exe",
    "command_line": "",
    "parent_process": null,
    "destination_ip": "",
    "destination_port": "",
    "query_name": "",
    "process_guid": null,
    "parent_process_guid": null,
    "process_id": null,
    "parent_process_id": null,
    "source_dataset": "collected",
    "source_file": "live_collection/192.168.55.52",
    "label": 0,
    "process_group_no": null,
    "process_event_order": null
  },
  {
    "record_id": 865,
    "time_created": "2026-06-30T11:49:30",
    "event_id": 1,
    "provider_name": "Microsoft-Windows-Sysmon",
    "process_name": "chrome.exe",
    "command_line": "\"C:\\Program Files (x86)\\Google\\Chrome\\Application\\chrome.exe\" --type=renderer --extension-process --origin-trial-disabled-features=CanvasTextNg|WebAssemblyCustomDescriptors --no-pre-read-main-dll --video-capture-use-gpu-memory-buffer --lang=ko --device-scale-factor=1 --num-raster-threads=3 --enable-main-frame-before-activation --renderer-client-id=99 --time-ticks-at-unix-epoch=-1782757078037454 --launch-time-ticks=30692928146 --metrics-shmem-handle=8056,i,15853966777687939860,8291077274730826623,2097152 --field-trial-handle=2072,i,13642895438352464947,13206856470309052393,262144 --disable-features=LocalNetworkAccessChecks --variations-seed-version=20260629-090059.675000-production --pseudonymization-salt-handle=2100,i,11403762369690310472,3374413806832889549,4 --trace-process-track-uuid=3190709079079014545 --mojo-platform-channel-handle=7448 /prefetch:9",
    "parent_process": null,
    "destination_ip": "",
    "destination_port": "",
    "query_name": "",
    "process_guid": null,
    "parent_process_guid": null,
    "process_id": null,
    "parent_process_id": null,
    "source_dataset": "collected",
    "source_file": "live_collection/192.168.55.52",
    "label": 0,
    "process_group_no": null,
    "process_event_order": null
  },
  {
    "record_id": 866,
    "time_created": "2026-06-30T11:49:31",
    "event_id": 22,
    "provider_name": "Microsoft-Windows-Sysmon",
    "process_name": "python.exe",
    "command_line": "",
    "parent_process": null,
    "destination_ip": "",
    "destination_port": "",
    "query_name": "123",
    "process_guid": null,
    "parent_process_guid": null,
    "process_id": null,
    "parent_process_id": null,
    "source_dataset": "collected",
    "source_file": "live_collection/192.168.55.52",
    "label": 0,
    "process_group_no": null,
    "process_event_order": null
  },
  {
    "record_id": 867,
    "time_created": "2026-06-30T11:49:31",
    "event_id": 3,
    "provider_name": "Microsoft-Windows-Sysmon",
    "process_name": "Code.exe",
    "command_line": "",
    "parent_process": null,
    "destination_ip": "210.220.163.82",
    "destination_port": "53",
    "query_name": "",
    "process_guid": null,
    "parent_process_guid": null,
    "process_id": null,
    "parent_process_id": null,
    "source_dataset": "collected",
    "source_file": "live_collection/192.168.55.52",
    "label": 0,
    "process_group_no": null,
    "process_event_order": null
  },
  {
    "record_id": 868,
    "time_created": "2026-06-30T11:49:31",
    "event_id": 3,
    "provider_name": "Microsoft-Windows-Sysmon",
    "process_name": "Code.exe",
    "command_line": "",
    "parent_process": null,
    "destination_ip": "210.220.163.82",
    "destination_port": "53",
    "query_name": "",
    "process_guid": null,
    "parent_process_guid": null,
    "process_id": null,
    "parent_process_id": null,
    "source_dataset": "collected",
    "source_file": "live_collection/192.168.55.52",
    "label": 0,
    "process_group_no": null,
    "process_event_order": null
  },
  {
    "record_id": 869,
    "time_created": "2026-06-30T11:49:32",
    "event_id": 1,
    "provider_name": "Microsoft-Windows-Sysmon",
    "process_name": "ASDWsc.exe",
    "command_line": "\"C:\\Program Files\\AhnLab\\Safe Transaction\\ASDWsc.exe\" /fw /register /accessflag:1",
    "parent_process": null,
    "destination_ip": "",
    "destination_port": "",
    "query_name": "",
    "process_guid": null,
    "parent_process_guid": null,
    "process_id": null,
    "parent_process_id": null,
    "source_dataset": "collected",
    "source_file": "live_collection/192.168.55.52",
    "label": 0,
    "process_group_no": null,
    "process_event_order": null
  },
  {
    "record_id": 870,
    "time_created": "2026-06-30T11:49:32",
    "event_id": 5,
    "provider_name": "Microsoft-Windows-Sysmon",
    "process_name": "ASDWsc.exe",
    "command_line": "",
    "parent_process": null,
    "destination_ip": "",
    "destination_port": "",
    "query_name": "",
    "process_guid": null,
    "parent_process_guid": null,
    "process_id": null,
    "parent_process_id": null,
    "source_dataset": "collected",
    "source_file": "live_collection/192.168.55.52",
    "label": 0,
    "process_group_no": null,
    "process_event_order": null
  },
  {
    "record_id": 871,
    "time_created": "2026-06-30T11:49:32",
    "event_id": 3,
    "provider_name": "Microsoft-Windows-Sysmon",
    "process_name": "Code.exe",
    "command_line": "",
    "parent_process": null,
    "destination_ip": "150.171.110.131",
    "destination_port": "443",
    "query_name": "",
    "process_guid": null,
    "parent_process_guid": null,
    "process_id": null,
    "parent_process_id": null,
    "source_dataset": "collected",
    "source_file": "live_collection/192.168.55.52",
    "label": 0,
    "process_group_no": null,
    "process_event_order": null
  },
  {
    "record_id": 872,
    "time_created": "2026-06-30T11:49:34",
    "event_id": 1,
    "provider_name": "Microsoft-Windows-Sysmon",
    "process_name": "dllhost.exe",
    "command_line": "C:\\WINDOWS\\system32\\DllHost.exe /Processid:{53362C64-A296-4F2D-A2F8-FD984D08340B}",
    "parent_process": null,
    "destination_ip": "",
    "destination_port": "",
    "query_name": "",
    "process_guid": null,
    "parent_process_guid": null,
    "process_id": null,
    "parent_process_id": null,
    "source_dataset": "collected",
    "source_file": "live_collection/192.168.55.52",
    "label": 0,
    "process_group_no": null,
    "process_event_order": null
  },
  {
    "record_id": 873,
    "time_created": "2026-06-30T11:49:44",
    "event_id": 1,
    "provider_name": "Microsoft-Windows-Sysmon",
    "process_name": "python.exe",
    "command_line": "\"C:\\Users\\user\\AppData\\Local\\Programs\\Python\\Python313\\python.exe\" -m uvicorn backend.server:app --host 0.0.0.0 --port 8000",
    "parent_process": null,
    "destination_ip": "",
    "destination_port": "",
    "query_name": "",
    "process_guid": null,
    "parent_process_guid": null,
    "process_id": null,
    "parent_process_id": null,
    "source_dataset": "collected",
    "source_file": "live_collection/192.168.55.52",
    "label": 0,
    "process_group_no": null,
    "process_event_order": null
  },
  {
    "record_id": 874,
    "time_created": "2026-06-30T11:49:47",
    "event_id": 1,
    "provider_name": "Microsoft-Windows-Sysmon",
    "process_name": "conhost.exe",
    "command_line": "\\??\\C:\\WINDOWS\\system32\\conhost.exe 0xffffffff -ForceV1",
    "parent_process": null,
    "destination_ip": "",
    "destination_port": "",
    "query_name": "",
    "process_guid": null,
    "parent_process_guid": null,
    "process_id": null,
    "parent_process_id": null,
    "source_dataset": "collected",
    "source_file": "live_collection/192.168.55.52",
    "label": 0,
    "process_group_no": null,
    "process_event_order": null
  },
  {
    "record_id": 875,
    "time_created": "2026-06-30T11:49:47",
    "event_id": 22,
    "provider_name": "Microsoft-Windows-Sysmon",
    "process_name": "python.exe",
    "command_line": "",
    "parent_process": null,
    "destination_ip": "",
    "destination_port": "",
    "query_name": "ep-muddy-tree-aqbg4g3x-pooler.c-8.us-east-1.aws.neon.tech",
    "process_guid": null,
    "parent_process_guid": null,
    "process_id": null,
    "parent_process_id": null,
    "source_dataset": "collected",
    "source_file": "live_collection/192.168.55.52",
    "label": 0,
    "process_group_no": null,
    "process_event_order": null
  },
  {
    "record_id": 876,
    "time_created": "2026-06-30T11:49:47",
    "event_id": 3,
    "provider_name": "Microsoft-Windows-Sysmon",
    "process_name": "ASDSvc.exe",
    "command_line": "",
    "parent_process": null,
    "destination_ip": "211.115.106.208",
    "destination_port": "80",
    "query_name": "",
    "process_guid": null,
    "parent_process_guid": null,
    "process_id": null,
    "parent_process_id": null,
    "source_dataset": "collected",
    "source_file": "live_collection/192.168.55.52",
    "label": 0,
    "process_group_no": null,
    "process_event_order": null
  },
  {
    "record_id": 877,
    "time_created": "2026-06-30T11:49:47",
    "event_id": 3,
    "provider_name": "Microsoft-Windows-Sysmon",
    "process_name": "ASDSvc.exe",
    "command_line": "",
    "parent_process": null,
    "destination_ip": "211.115.106.208",
    "destination_port": "80",
    "query_name": "",
    "process_guid": null,
    "parent_process_guid": null,
    "process_id": null,
    "parent_process_id": null,
    "source_dataset": "collected",
    "source_file": "live_collection/192.168.55.52",
    "label": 0,
    "process_group_no": null,
    "process_event_order": null
  },
  {
    "record_id": 878,
    "time_created": "2026-06-30T11:49:47",
    "event_id": 3,
    "provider_name": "Microsoft-Windows-Sysmon",
    "process_name": "ASDSvc.exe",
    "command_line": "",
    "parent_process": null,
    "destination_ip": "211.115.106.208",
    "destination_port": "80",
    "query_name": "",
    "process_guid": null,
    "parent_process_guid": null,
    "process_id": null,
    "parent_process_id": null,
    "source_dataset": "collected",
    "source_file": "live_collection/192.168.55.52",
    "label": 0,
    "process_group_no": null,
    "process_event_order": null
  },
  {
    "record_id": 879,
    "time_created": "2026-06-30T11:49:47",
    "event_id": 5,
    "provider_name": "Microsoft-Windows-Sysmon",
    "process_name": "powershell.exe",
    "command_line": "",
    "parent_process": null,
    "destination_ip": "",
    "destination_port": "",
    "query_name": "",
    "process_guid": null,
    "parent_process_guid": null,
    "process_id": null,
    "parent_process_id": null,
    "source_dataset": "collected",
    "source_file": "live_collection/192.168.55.52",
    "label": 0,
    "process_group_no": null,
    "process_event_order": null
  },
  {
    "record_id": 880,
    "time_created": "2026-06-30T11:49:47",
    "event_id": 5,
    "provider_name": "Microsoft-Windows-Sysmon",
    "process_name": "conhost.exe",
    "command_line": "",
    "parent_process": null,
    "destination_ip": "",
    "destination_port": "",
    "query_name": "",
    "process_guid": null,
    "parent_process_guid": null,
    "process_id": null,
    "parent_process_id": null,
    "source_dataset": "collected",
    "source_file": "live_collection/192.168.55.52",
    "label": 0,
    "process_group_no": null,
    "process_event_order": null
  },
  {
    "record_id": 881,
    "time_created": "2026-06-30T11:49:54",
    "event_id": 3,
    "provider_name": "Microsoft-Windows-Sysmon",
    "process_name": "ASDSvc.exe",
    "command_line": "",
    "parent_process": null,
    "destination_ip": "211.115.106.208",
    "destination_port": "80",
    "query_name": "",
    "process_guid": null,
    "parent_process_guid": null,
    "process_id": null,
    "parent_process_id": null,
    "source_dataset": "collected",
    "source_file": "live_collection/192.168.55.52",
    "label": 0,
    "process_group_no": null,
    "process_event_order": null
  },
  {
    "record_id": 882,
    "time_created": "2026-06-30T11:49:56",
    "event_id": 22,
    "provider_name": "Microsoft-Windows-Sysmon",
    "process_name": "powershell.exe",
    "command_line": "",
    "parent_process": null,
    "destination_ip": "",
    "destination_port": "",
    "query_name": "localhost",
    "process_guid": null,
    "parent_process_guid": null,
    "process_id": null,
    "parent_process_id": null,
    "source_dataset": "collected",
    "source_file": "live_collection/192.168.55.52",
    "label": 0,
    "process_group_no": null,
    "process_event_order": null
  },
  {
    "record_id": 883,
    "time_created": "2026-06-30T11:49:57",
    "event_id": 5,
    "provider_name": "Microsoft-Windows-Sysmon",
    "process_name": "powershell.exe",
    "command_line": "",
    "parent_process": null,
    "destination_ip": "",
    "destination_port": "",
    "query_name": "",
    "process_guid": null,
    "parent_process_guid": null,
    "process_id": null,
    "parent_process_id": null,
    "source_dataset": "collected",
    "source_file": "live_collection/192.168.55.52",
    "label": 0,
    "process_group_no": null,
    "process_event_order": null
  },
  {
    "record_id": 884,
    "time_created": "2026-06-30T11:49:58",
    "event_id": 3,
    "provider_name": "Microsoft-Windows-Sysmon",
    "process_name": "svchost.exe",
    "command_line": "",
    "parent_process": null,
    "destination_ip": "210.220.163.82",
    "destination_port": "53",
    "query_name": "",
    "process_guid": null,
    "parent_process_guid": null,
    "process_id": null,
    "parent_process_id": null,
    "source_dataset": "collected",
    "source_file": "live_collection/192.168.55.52",
    "label": 0,
    "process_group_no": null,
    "process_event_order": null
  },
  {
    "record_id": 885,
    "time_created": "2026-06-30T11:49:59",
    "event_id": 3,
    "provider_name": "Microsoft-Windows-Sysmon",
    "process_name": "KakaoTalk.exe",
    "command_line": "",
    "parent_process": null,
    "destination_ip": "121.53.93.36",
    "destination_port": "443",
    "query_name": "",
    "process_guid": null,
    "parent_process_guid": null,
    "process_id": null,
    "parent_process_id": null,
    "source_dataset": "collected",
    "source_file": "live_collection/192.168.55.52",
    "label": 0,
    "process_group_no": null,
    "process_event_order": null
  },
  {
    "record_id": 886,
    "time_created": "2026-06-30T11:50:01",
    "event_id": 5,
    "provider_name": "Microsoft-Windows-Sysmon",
    "process_name": "chrome.exe",
    "command_line": "",
    "parent_process": null,
    "destination_ip": "",
    "destination_port": "",
    "query_name": "",
    "process_guid": null,
    "parent_process_guid": null,
    "process_id": null,
    "parent_process_id": null,
    "source_dataset": "collected",
    "source_file": "live_collection/192.168.55.52",
    "label": 0,
    "process_group_no": null,
    "process_event_order": null
  },
  {
    "record_id": 887,
    "time_created": "2026-06-30T11:50:12",
    "event_id": 1,
    "provider_name": "Microsoft-Windows-Sysmon",
    "process_name": "svchost.exe",
    "command_line": "C:\\WINDOWS\\system32\\svchost.exe -k netsvcs -p -s wlidsvc",
    "parent_process": null,
    "destination_ip": "",
    "destination_port": "",
    "query_name": "",
    "process_guid": null,
    "parent_process_guid": null,
    "process_id": null,
    "parent_process_id": null,
    "source_dataset": "collected",
    "source_file": "live_collection/192.168.55.52",
    "label": 0,
    "process_group_no": null,
    "process_event_order": null
  },
  {
    "record_id": 888,
    "time_created": "2026-06-30T11:50:14",
    "event_id": 1,
    "provider_name": "Microsoft-Windows-Sysmon",
    "process_name": "dllhost.exe",
    "command_line": "C:\\WINDOWS\\system32\\DllHost.exe /Processid:{AB8902B4-09CA-4BB6-B78D-A8F59079A8D5}",
    "parent_process": null,
    "destination_ip": "",
    "destination_port": "",
    "query_name": "",
    "process_guid": null,
    "parent_process_guid": null,
    "process_id": null,
    "parent_process_id": null,
    "source_dataset": "collected",
    "source_file": "live_collection/192.168.55.52",
    "label": 0,
    "process_group_no": null,
    "process_event_order": null
  },
  {
    "record_id": 889,
    "time_created": "2026-06-30T11:50:14",
    "event_id": 3,
    "provider_name": "Microsoft-Windows-Sysmon",
    "process_name": "svchost.exe",
    "command_line": "",
    "parent_process": null,
    "destination_ip": "210.220.163.82",
    "destination_port": "53",
    "query_name": "",
    "process_guid": null,
    "parent_process_guid": null,
    "process_id": null,
    "parent_process_id": null,
    "source_dataset": "collected",
    "source_file": "live_collection/192.168.55.52",
    "label": 0,
    "process_group_no": null,
    "process_event_order": null
  },
  {
    "record_id": 890,
    "time_created": "2026-06-30T11:50:14",
    "event_id": 3,
    "provider_name": "Microsoft-Windows-Sysmon",
    "process_name": "svchost.exe",
    "command_line": "",
    "parent_process": null,
    "destination_ip": "20.190.144.165",
    "destination_port": "443",
    "query_name": "",
    "process_guid": null,
    "parent_process_guid": null,
    "process_id": null,
    "parent_process_id": null,
    "source_dataset": "collected",
    "source_file": "live_collection/192.168.55.52",
    "label": 0,
    "process_group_no": null,
    "process_event_order": null
  },
  {
    "record_id": 891,
    "time_created": "2026-06-30T11:50:14",
    "event_id": 3,
    "provider_name": "Microsoft-Windows-Sysmon",
    "process_name": "msedgewebview2.exe",
    "command_line": "",
    "parent_process": null,
    "destination_ip": "210.220.163.82",
    "destination_port": "53",
    "query_name": "",
    "process_guid": null,
    "parent_process_guid": null,
    "process_id": null,
    "parent_process_id": null,
    "source_dataset": "collected",
    "source_file": "live_collection/192.168.55.52",
    "label": 0,
    "process_group_no": null,
    "process_event_order": null
  },
  {
    "record_id": 892,
    "time_created": "2026-06-30T11:50:14",
    "event_id": 3,
    "provider_name": "Microsoft-Windows-Sysmon",
    "process_name": "msedgewebview2.exe",
    "command_line": "",
    "parent_process": null,
    "destination_ip": "210.220.163.82",
    "destination_port": "53",
    "query_name": "",
    "process_guid": null,
    "parent_process_guid": null,
    "process_id": null,
    "parent_process_id": null,
    "source_dataset": "collected",
    "source_file": "live_collection/192.168.55.52",
    "label": 0,
    "process_group_no": null,
    "process_event_order": null
  },
  {
    "record_id": 893,
    "time_created": "2026-06-30T11:50:14",
    "event_id": 3,
    "provider_name": "Microsoft-Windows-Sysmon",
    "process_name": "msedgewebview2.exe",
    "command_line": "",
    "parent_process": null,
    "destination_ip": "210.220.163.82",
    "destination_port": "53",
    "query_name": "",
    "process_guid": null,
    "parent_process_guid": null,
    "process_id": null,
    "parent_process_id": null,
    "source_dataset": "collected",
    "source_file": "live_collection/192.168.55.52",
    "label": 0,
    "process_group_no": null,
    "process_event_order": null
  },
  {
    "record_id": 894,
    "time_created": "2026-06-30T11:50:14",
    "event_id": 3,
    "provider_name": "Microsoft-Windows-Sysmon",
    "process_name": "msedgewebview2.exe",
    "command_line": "",
    "parent_process": null,
    "destination_ip": "203.251.233.227",
    "destination_port": "443",
    "query_name": "",
    "process_guid": null,
    "parent_process_guid": null,
    "process_id": null,
    "parent_process_id": null,
    "source_dataset": "collected",
    "source_file": "live_collection/192.168.55.52",
    "label": 0,
    "process_group_no": null,
    "process_event_order": null
  },
  {
    "record_id": 895,
    "time_created": "2026-06-30T11:50:14",
    "event_id": 3,
    "provider_name": "Microsoft-Windows-Sysmon",
    "process_name": "msedgewebview2.exe",
    "command_line": "",
    "parent_process": null,
    "destination_ip": "203.251.233.227",
    "destination_port": "443",
    "query_name": "",
    "process_guid": null,
    "parent_process_guid": null,
    "process_id": null,
    "parent_process_id": null,
    "source_dataset": "collected",
    "source_file": "live_collection/192.168.55.52",
    "label": 0,
    "process_group_no": null,
    "process_event_order": null
  },
  {
    "record_id": 896,
    "time_created": "2026-06-30T11:50:15",
    "event_id": 1,
    "provider_name": "Microsoft-Windows-Sysmon",
    "process_name": "ipconfig.exe",
    "command_line": "\"C:\\Windows\\System32\\ipconfig.exe\"",
    "parent_process": null,
    "destination_ip": "",
    "destination_port": "",
    "query_name": "",
    "process_guid": null,
    "parent_process_guid": null,
    "process_id": null,
    "parent_process_id": null,
    "source_dataset": "collected",
    "source_file": "live_collection/192.168.55.52",
    "label": 0,
    "process_group_no": null,
    "process_event_order": null
  },
  {
    "record_id": 897,
    "time_created": "2026-06-30T11:50:15",
    "event_id": 1,
    "provider_name": "Microsoft-Windows-Sysmon",
    "process_name": "conhost.exe",
    "command_line": "\\??\\C:\\WINDOWS\\system32\\conhost.exe 0xffffffff -ForceV1",
    "parent_process": null,
    "destination_ip": "",
    "destination_port": "",
    "query_name": "",
    "process_guid": null,
    "parent_process_guid": null,
    "process_id": null,
    "parent_process_id": null,
    "source_dataset": "collected",
    "source_file": "live_collection/192.168.55.52",
    "label": 0,
    "process_group_no": null,
    "process_event_order": null
  },
  {
    "record_id": 898,
    "time_created": "2026-06-30T11:50:15",
    "event_id": 1,
    "provider_name": "Microsoft-Windows-Sysmon",
    "process_name": "OpenConsole.exe",
    "command_line": "\"C:\\Program Files\\WindowsApps\\Microsoft.WindowsTerminal_1.24.11321.0_x64__8wekyb3d8bbwe\\OpenConsole.exe\" -Embedding",
    "parent_process": null,
    "destination_ip": "",
    "destination_port": "",
    "query_name": "",
    "process_guid": null,
    "parent_process_guid": null,
    "process_id": null,
    "parent_process_id": null,
    "source_dataset": "collected",
    "source_file": "live_collection/192.168.55.52",
    "label": 0,
    "process_group_no": null,
    "process_event_order": null
  },
  {
    "record_id": 899,
    "time_created": "2026-06-30T11:50:15",
    "event_id": 1,
    "provider_name": "Microsoft-Windows-Sysmon",
    "process_name": "WindowsTerminal.exe",
    "command_line": "\"C:\\Program Files\\WindowsApps\\Microsoft.WindowsTerminal_1.24.11321.0_x64__8wekyb3d8bbwe\\WindowsTerminal.exe\" -Embedding",
    "parent_process": null,
    "destination_ip": "",
    "destination_port": "",
    "query_name": "",
    "process_guid": null,
    "parent_process_guid": null,
    "process_id": null,
    "parent_process_id": null,
    "source_dataset": "collected",
    "source_file": "live_collection/192.168.55.52",
    "label": 0,
    "process_group_no": null,
    "process_event_order": null
  },
  {
    "record_id": 900,
    "time_created": "2026-06-30T11:50:15",
    "event_id": 22,
    "provider_name": "Microsoft-Windows-Sysmon",
    "process_name": "svchost.exe",
    "command_line": "",
    "parent_process": null,
    "destination_ip": "",
    "destination_port": "",
    "query_name": "login.live.com",
    "process_guid": null,
    "parent_process_guid": null,
    "process_id": null,
    "parent_process_id": null,
    "source_dataset": "collected",
    "source_file": "live_collection/192.168.55.52",
    "label": 0,
    "process_group_no": null,
    "process_event_order": null
  },
  {
    "record_id": 901,
    "time_created": "2026-06-30T11:50:15",
    "event_id": 3,
    "provider_name": "Microsoft-Windows-Sysmon",
    "process_name": "msedgewebview2.exe",
    "command_line": "",
    "parent_process": null,
    "destination_ip": "210.220.163.82",
    "destination_port": "53",
    "query_name": "",
    "process_guid": null,
    "parent_process_guid": null,
    "process_id": null,
    "parent_process_id": null,
    "source_dataset": "collected",
    "source_file": "live_collection/192.168.55.52",
    "label": 0,
    "process_group_no": null,
    "process_event_order": null
  },
  {
    "record_id": 902,
    "time_created": "2026-06-30T11:50:15",
    "event_id": 3,
    "provider_name": "Microsoft-Windows-Sysmon",
    "process_name": "msedgewebview2.exe",
    "command_line": "",
    "parent_process": null,
    "destination_ip": "210.220.163.82",
    "destination_port": "53",
    "query_name": "",
    "process_guid": null,
    "parent_process_guid": null,
    "process_id": null,
    "parent_process_id": null,
    "source_dataset": "collected",
    "source_file": "live_collection/192.168.55.52",
    "label": 0,
    "process_group_no": null,
    "process_event_order": null
  },
  {
    "record_id": 903,
    "time_created": "2026-06-30T11:50:15",
    "event_id": 3,
    "provider_name": "Microsoft-Windows-Sysmon",
    "process_name": "msedgewebview2.exe",
    "command_line": "",
    "parent_process": null,
    "destination_ip": "210.220.163.82",
    "destination_port": "53",
    "query_name": "",
    "process_guid": null,
    "parent_process_guid": null,
    "process_id": null,
    "parent_process_id": null,
    "source_dataset": "collected",
    "source_file": "live_collection/192.168.55.52",
    "label": 0,
    "process_group_no": null,
    "process_event_order": null
  },
  {
    "record_id": 904,
    "time_created": "2026-06-30T11:50:15",
    "event_id": 3,
    "provider_name": "Microsoft-Windows-Sysmon",
    "process_name": "msedgewebview2.exe",
    "command_line": "",
    "parent_process": null,
    "destination_ip": "23.47.150.27",
    "destination_port": "443",
    "query_name": "",
    "process_guid": null,
    "parent_process_guid": null,
    "process_id": null,
    "parent_process_id": null,
    "source_dataset": "collected",
    "source_file": "live_collection/192.168.55.52",
    "label": 0,
    "process_group_no": null,
    "process_event_order": null
  },
  {
    "record_id": 905,
    "time_created": "2026-06-30T11:50:15",
    "event_id": 3,
    "provider_name": "Microsoft-Windows-Sysmon",
    "process_name": "msedgewebview2.exe",
    "command_line": "",
    "parent_process": null,
    "destination_ip": "203.251.233.227",
    "destination_port": "443",
    "query_name": "",
    "process_guid": null,
    "parent_process_guid": null,
    "process_id": null,
    "parent_process_id": null,
    "source_dataset": "collected",
    "source_file": "live_collection/192.168.55.52",
    "label": 0,
    "process_group_no": null,
    "process_event_order": null
  },
  {
    "record_id": 906,
    "time_created": "2026-06-30T11:50:16",
    "event_id": 5,
    "provider_name": "Microsoft-Windows-Sysmon",
    "process_name": "ipconfig.exe",
    "command_line": "",
    "parent_process": null,
    "destination_ip": "",
    "destination_port": "",
    "query_name": "",
    "process_guid": null,
    "parent_process_guid": null,
    "process_id": null,
    "parent_process_id": null,
    "source_dataset": "collected",
    "source_file": "live_collection/192.168.55.52",
    "label": 0,
    "process_group_no": null,
    "process_event_order": null
  },
  {
    "record_id": 907,
    "time_created": "2026-06-30T11:50:16",
    "event_id": 5,
    "provider_name": "Microsoft-Windows-Sysmon",
    "process_name": "OpenConsole.exe",
    "command_line": "",
    "parent_process": null,
    "destination_ip": "",
    "destination_port": "",
    "query_name": "",
    "process_guid": null,
    "parent_process_guid": null,
    "process_id": null,
    "parent_process_id": null,
    "source_dataset": "collected",
    "source_file": "live_collection/192.168.55.52",
    "label": 0,
    "process_group_no": null,
    "process_event_order": null
  },
  {
    "record_id": 908,
    "time_created": "2026-06-30T11:50:16",
    "event_id": 5,
    "provider_name": "Microsoft-Windows-Sysmon",
    "process_name": "WindowsTerminal.exe",
    "command_line": "",
    "parent_process": null,
    "destination_ip": "",
    "destination_port": "",
    "query_name": "",
    "process_guid": null,
    "parent_process_guid": null,
    "process_id": null,
    "parent_process_id": null,
    "source_dataset": "collected",
    "source_file": "live_collection/192.168.55.52",
    "label": 0,
    "process_group_no": null,
    "process_event_order": null
  },
  {
    "record_id": 909,
    "time_created": "2026-06-30T11:50:16",
    "event_id": 5,
    "provider_name": "Microsoft-Windows-Sysmon",
    "process_name": "conhost.exe",
    "command_line": "",
    "parent_process": null,
    "destination_ip": "",
    "destination_port": "",
    "query_name": "",
    "process_guid": null,
    "parent_process_guid": null,
    "process_id": null,
    "parent_process_id": null,
    "source_dataset": "collected",
    "source_file": "live_collection/192.168.55.52",
    "label": 0,
    "process_group_no": null,
    "process_event_order": null
  },
  {
    "record_id": 910,
    "time_created": "2026-06-30T11:50:17",
    "event_id": 22,
    "provider_name": "Microsoft-Windows-Sysmon",
    "process_name": "Sysmon64.exe",
    "command_line": "",
    "parent_process": null,
    "destination_ip": "",
    "destination_port": "",
    "query_name": "27.150.47.23.in-addr.arpa.",
    "process_guid": null,
    "parent_process_guid": null,
    "process_id": null,
    "parent_process_id": null,
    "source_dataset": "collected",
    "source_file": "live_collection/192.168.55.52",
    "label": 0,
    "process_group_no": null,
    "process_event_order": null
  },
  {
    "record_id": 911,
    "time_created": "2026-06-30T11:50:19",
    "event_id": 1,
    "provider_name": "Microsoft-Windows-Sysmon",
    "process_name": "smartscreen.exe",
    "command_line": "C:\\Windows\\System32\\smartscreen.exe -Embedding",
    "parent_process": null,
    "destination_ip": "",
    "destination_port": "",
    "query_name": "",
    "process_guid": null,
    "parent_process_guid": null,
    "process_id": null,
    "parent_process_id": null,
    "source_dataset": "collected",
    "source_file": "live_collection/192.168.55.52",
    "label": 0,
    "process_group_no": null,
    "process_event_order": null
  },
  {
    "record_id": 912,
    "time_created": "2026-06-30T11:50:19",
    "event_id": 5,
    "provider_name": "Microsoft-Windows-Sysmon",
    "process_name": "dllhost.exe",
    "command_line": "",
    "parent_process": null,
    "destination_ip": "",
    "destination_port": "",
    "query_name": "",
    "process_guid": null,
    "parent_process_guid": null,
    "process_id": null,
    "parent_process_id": null,
    "source_dataset": "collected",
    "source_file": "live_collection/192.168.55.52",
    "label": 0,
    "process_group_no": null,
    "process_event_order": null
  },
  {
    "record_id": 913,
    "time_created": "2026-06-30T11:50:19",
    "event_id": 1,
    "provider_name": "Microsoft-Windows-Sysmon",
    "process_name": "conhost.exe",
    "command_line": "\\??\\C:\\WINDOWS\\system32\\conhost.exe 0xffffffff -ForceV1",
    "parent_process": null,
    "destination_ip": "",
    "destination_port": "",
    "query_name": "",
    "process_guid": null,
    "parent_process_guid": null,
    "process_id": null,
    "parent_process_id": null,
    "source_dataset": "collected",
    "source_file": "live_collection/192.168.55.52",
    "label": 0,
    "process_group_no": null,
    "process_event_order": null
  },
  {
    "record_id": 914,
    "time_created": "2026-06-30T11:50:19",
    "event_id": 1,
    "provider_name": "Microsoft-Windows-Sysmon",
    "process_name": "OpenConsole.exe",
    "command_line": "\"C:\\Program Files\\WindowsApps\\Microsoft.WindowsTerminal_1.24.11321.0_x64__8wekyb3d8bbwe\\OpenConsole.exe\" -Embedding",
    "parent_process": null,
    "destination_ip": "",
    "destination_port": "",
    "query_name": "",
    "process_guid": null,
    "parent_process_guid": null,
    "process_id": null,
    "parent_process_id": null,
    "source_dataset": "collected",
    "source_file": "live_collection/192.168.55.52",
    "label": 0,
    "process_group_no": null,
    "process_event_order": null
  },
  {
    "record_id": 915,
    "time_created": "2026-06-30T11:50:20",
    "event_id": 1,
    "provider_name": "Microsoft-Windows-Sysmon",
    "process_name": "WindowsTerminal.exe",
    "command_line": "\"C:\\Program Files\\WindowsApps\\Microsoft.WindowsTerminal_1.24.11321.0_x64__8wekyb3d8bbwe\\WindowsTerminal.exe\" -Embedding",
    "parent_process": null,
    "destination_ip": "",
    "destination_port": "",
    "query_name": "",
    "process_guid": null,
    "parent_process_guid": null,
    "process_id": null,
    "parent_process_id": null,
    "source_dataset": "collected",
    "source_file": "live_collection/192.168.55.52",
    "label": 0,
    "process_group_no": null,
    "process_event_order": null
  },
  {
    "record_id": 916,
    "time_created": "2026-06-30T11:50:23",
    "event_id": 5,
    "provider_name": "Microsoft-Windows-Sysmon",
    "process_name": "dllhost.exe",
    "command_line": "",
    "parent_process": null,
    "destination_ip": "",
    "destination_port": "",
    "query_name": "",
    "process_guid": null,
    "parent_process_guid": null,
    "process_id": null,
    "parent_process_id": null,
    "source_dataset": "collected",
    "source_file": "live_collection/192.168.55.52",
    "label": 0,
    "process_group_no": null,
    "process_event_order": null
  },
  {
    "record_id": 917,
    "time_created": "2026-06-30T11:50:23",
    "event_id": 1,
    "provider_name": "Microsoft-Windows-Sysmon",
    "process_name": "ipconfig.exe",
    "command_line": "ipconfig",
    "parent_process": null,
    "destination_ip": "",
    "destination_port": "",
    "query_name": "",
    "process_guid": null,
    "parent_process_guid": null,
    "process_id": null,
    "parent_process_id": null,
    "source_dataset": "collected",
    "source_file": "live_collection/192.168.55.52",
    "label": 0,
    "process_group_no": null,
    "process_event_order": null
  },
  {
    "record_id": 918,
    "time_created": "2026-06-30T11:50:23",
    "event_id": 5,
    "provider_name": "Microsoft-Windows-Sysmon",
    "process_name": "ipconfig.exe",
    "command_line": "",
    "parent_process": null,
    "destination_ip": "",
    "destination_port": "",
    "query_name": "",
    "process_guid": null,
    "parent_process_guid": null,
    "process_id": null,
    "parent_process_id": null,
    "source_dataset": "collected",
    "source_file": "live_collection/192.168.55.52",
    "label": 0,
    "process_group_no": null,
    "process_event_order": null
  },
  {
    "record_id": 919,
    "time_created": "2026-06-30T11:50:29",
    "event_id": 5,
    "provider_name": "Microsoft-Windows-Sysmon",
    "process_name": "svchost.exe",
    "command_line": "",
    "parent_process": null,
    "destination_ip": "",
    "destination_port": "",
    "query_name": "",
    "process_guid": null,
    "parent_process_guid": null,
    "process_id": null,
    "parent_process_id": null,
    "source_dataset": "collected",
    "source_file": "live_collection/192.168.55.52",
    "label": 0,
    "process_group_no": null,
    "process_event_order": null
  },
  {
    "record_id": 920,
    "time_created": "2026-06-30T11:50:37",
    "event_id": 1,
    "provider_name": "Microsoft-Windows-Sysmon",
    "process_name": "chrome.exe",
    "command_line": "\"C:\\Program Files (x86)\\Google\\Chrome\\Application\\chrome.exe\" --type=renderer --origin-trial-disabled-features=CanvasTextNg|WebAssemblyCustomDescriptors --no-pre-read-main-dll --video-capture-use-gpu-memory-buffer --lang=ko --device-scale-factor=1 --num-raster-threads=3 --enable-main-frame-before-activation --renderer-client-id=100 --time-ticks-at-unix-epoch=-1782757078037454 --launch-time-ticks=30759060293 --metrics-shmem-handle=8896,i,11158265939827765170,3910269491416126383,2097152 --field-trial-handle=2072,i,13642895438352464947,13206856470309052393,262144 --disable-features=LocalNetworkAccessChecks --variations-seed-version=20260629-090059.675000-production --pseudonymization-salt-handle=2100,i,11403762369690310472,3374413806832889549,4 --trace-process-track-uuid=3190709080016056394 --mojo-platform-channel-handle=7788 /prefetch:1",
    "parent_process": null,
    "destination_ip": "",
    "destination_port": "",
    "query_name": "",
    "process_guid": null,
    "parent_process_guid": null,
    "process_id": null,
    "parent_process_id": null,
    "source_dataset": "collected",
    "source_file": "live_collection/192.168.55.52",
    "label": 0,
    "process_group_no": null,
    "process_event_order": null
  },
  {
    "record_id": 921,
    "time_created": "2026-06-30T11:50:37",
    "event_id": 1,
    "provider_name": "Microsoft-Windows-Sysmon",
    "process_name": "chrome.exe",
    "command_line": "\"C:\\Program Files (x86)\\Google\\Chrome\\Application\\chrome.exe\" --type=renderer --origin-trial-disabled-features=CanvasTextNg|WebAssemblyCustomDescriptors --no-pre-read-main-dll --video-capture-use-gpu-memory-buffer --lang=ko --device-scale-factor=1 --num-raster-threads=3 --enable-main-frame-before-activation --renderer-client-id=101 --time-ticks-at-unix-epoch=-1782757078037454 --launch-time-ticks=30759261882 --metrics-shmem-handle=7812,i,16639702860447024429,9466442209086458805,2097152 --field-trial-handle=2072,i,13642895438352464947,13206856470309052393,262144 --disable-features=LocalNetworkAccessChecks --variations-seed-version=20260629-090059.675000-production --pseudonymization-salt-handle=2100,i,11403762369690310472,3374413806832889549,4 --trace-process-track-uuid=3190709080953098243 --mojo-platform-channel-handle=4112 /prefetch:1",
    "parent_process": null,
    "destination_ip": "",
    "destination_port": "",
    "query_name": "",
    "process_guid": null,
    "parent_process_guid": null,
    "process_id": null,
    "parent_process_id": null,
    "source_dataset": "collected",
    "source_file": "live_collection/192.168.55.52",
    "label": 0,
    "process_group_no": null,
    "process_event_order": null
  },
  {
    "record_id": 922,
    "time_created": "2026-06-30T11:50:37",
    "event_id": 5,
    "provider_name": "Microsoft-Windows-Sysmon",
    "process_name": "chrome.exe",
    "command_line": "",
    "parent_process": null,
    "destination_ip": "",
    "destination_port": "",
    "query_name": "",
    "process_guid": null,
    "parent_process_guid": null,
    "process_id": null,
    "parent_process_id": null,
    "source_dataset": "collected",
    "source_file": "live_collection/192.168.55.52",
    "label": 0,
    "process_group_no": null,
    "process_event_order": null
  },
  {
    "record_id": 923,
    "time_created": "2026-06-30T11:50:37",
    "event_id": 1,
    "provider_name": "Microsoft-Windows-Sysmon",
    "process_name": "chrome.exe",
    "command_line": "\"C:\\Program Files (x86)\\Google\\Chrome\\Application\\chrome.exe\" --type=renderer --origin-trial-disabled-features=CanvasTextNg|WebAssemblyCustomDescriptors --no-pre-read-main-dll --video-capture-use-gpu-memory-buffer --lang=ko --device-scale-factor=1 --num-raster-threads=3 --enable-main-frame-before-activation --renderer-client-id=102 --time-ticks-at-unix-epoch=-1782757078037454 --launch-time-ticks=30759403414 --metrics-shmem-handle=6920,i,18381438936986828472,3865204472217284397,2097152 --field-trial-handle=2072,i,13642895438352464947,13206856470309052393,262144 --disable-features=LocalNetworkAccessChecks --variations-seed-version=20260629-090059.675000-production --pseudonymization-salt-handle=2100,i,11403762369690310472,3374413806832889549,4 --trace-process-track-uuid=3190709081890140092 --mojo-platform-channel-handle=7676 /prefetch:1",
    "parent_process": null,
    "destination_ip": "",
    "destination_port": "",
    "query_name": "",
    "process_guid": null,
    "parent_process_guid": null,
    "process_id": null,
    "parent_process_id": null,
    "source_dataset": "collected",
    "source_file": "live_collection/192.168.55.52",
    "label": 0,
    "process_group_no": null,
    "process_event_order": null
  },
  {
    "record_id": 924,
    "time_created": "2026-06-30T11:50:38",
    "event_id": 3,
    "provider_name": "Microsoft-Windows-Sysmon",
    "process_name": "chrome.exe",
    "command_line": "",
    "parent_process": null,
    "destination_ip": "142.251.157.119",
    "destination_port": "443",
    "query_name": "",
    "process_guid": null,
    "parent_process_guid": null,
    "process_id": null,
    "parent_process_id": null,
    "source_dataset": "collected",
    "source_file": "live_collection/192.168.55.52",
    "label": 0,
    "process_group_no": null,
    "process_event_order": null
  },
  {
    "record_id": 925,
    "time_created": "2026-06-30T11:50:38",
    "event_id": 3,
    "provider_name": "Microsoft-Windows-Sysmon",
    "process_name": "chrome.exe",
    "command_line": "",
    "parent_process": null,
    "destination_ip": "142.251.157.119",
    "destination_port": "443",
    "query_name": "",
    "process_guid": null,
    "parent_process_guid": null,
    "process_id": null,
    "parent_process_id": null,
    "source_dataset": "collected",
    "source_file": "live_collection/192.168.55.52",
    "label": 0,
    "process_group_no": null,
    "process_event_order": null
  },
  {
    "record_id": 926,
    "time_created": "2026-06-30T11:50:38",
    "event_id": 3,
    "provider_name": "Microsoft-Windows-Sysmon",
    "process_name": "chrome.exe",
    "command_line": "",
    "parent_process": null,
    "destination_ip": "210.220.163.82",
    "destination_port": "53",
    "query_name": "",
    "process_guid": null,
    "parent_process_guid": null,
    "process_id": null,
    "parent_process_id": null,
    "source_dataset": "collected",
    "source_file": "live_collection/192.168.55.52",
    "label": 0,
    "process_group_no": null,
    "process_event_order": null
  },
