  {
    "record_id": 2864,
    "time_created": "2026-06-30T08:07:53",
    "event_id": 3,
    "provider_name": "Microsoft-Windows-Sysmon",
    "process_name": "chrome.exe",
    "command_line": "",
    "parent_process": null,
    "destination_ip": "210.220.163.82",
    "destination_port": "53",
    "query_name": "",
    "process_guid": null,
    "parent_process_guid": null,
    "process_id": null,
    "parent_process_id": null,
    "source_dataset": "collected",
    "source_file": "live_collection/192.168.55.52",
    "label": 0,
    "process_group_no": null,
    "process_event_order": null
  },
  {
    "record_id": 2865,
    "time_created": "2026-06-30T08:07:53",
    "event_id": 3,
    "provider_name": "Microsoft-Windows-Sysmon",
    "process_name": "chrome.exe",
    "command_line": "",
    "parent_process": null,
    "destination_ip": "210.220.163.82",
    "destination_port": "53",
    "query_name": "",
    "process_guid": null,
    "parent_process_guid": null,
    "process_id": null,
    "parent_process_id": null,
    "source_dataset": "collected",
    "source_file": "live_collection/192.168.55.52",
    "label": 0,
    "process_group_no": null,
    "process_event_order": null
  },
  {
    "record_id": 2866,
    "time_created": "2026-06-30T08:07:54",
    "event_id": 3,
    "provider_name": "Microsoft-Windows-Sysmon",
    "process_name": "chrome.exe",
    "command_line": "",
    "parent_process": null,
    "destination_ip": "20.200.245.247",
    "destination_port": "443",
    "query_name": "",
    "process_guid": null,
    "parent_process_guid": null,
    "process_id": null,
    "parent_process_id": null,
    "source_dataset": "collected",
    "source_file": "live_collection/192.168.55.52",
    "label": 0,
    "process_group_no": null,
    "process_event_order": null
  },
  {
    "record_id": 2867,
    "time_created": "2026-06-30T08:07:56",
    "event_id": 3,
    "provider_name": "Microsoft-Windows-Sysmon",
    "process_name": "vmnat.exe",
    "command_line": "",
    "parent_process": null,
    "destination_ip": "210.220.163.82",
    "destination_port": "53",
    "query_name": "",
    "process_guid": null,
    "parent_process_guid": null,
    "process_id": null,
    "parent_process_id": null,
    "source_dataset": "collected",
    "source_file": "live_collection/192.168.55.52",
    "label": 0,
    "process_group_no": null,
    "process_event_order": null
  },
  {
    "record_id": 2868,
    "time_created": "2026-06-30T08:07:56",
    "event_id": 3,
    "provider_name": "Microsoft-Windows-Sysmon",
    "process_name": "vmnat.exe",
    "command_line": "",
    "parent_process": null,
    "destination_ip": "210.220.163.82",
    "destination_port": "53",
    "query_name": "",
    "process_guid": null,
    "parent_process_guid": null,
    "process_id": null,
    "parent_process_id": null,
    "source_dataset": "collected",
    "source_file": "live_collection/192.168.55.52",
    "label": 0,
    "process_group_no": null,
    "process_event_order": null
  },
  {
    "record_id": 2869,
    "time_created": "2026-06-30T08:07:57",
    "event_id": 3,
    "provider_name": "Microsoft-Windows-Sysmon",
    "process_name": "vmnat.exe",
    "command_line": "",
    "parent_process": null,
    "destination_ip": "20.200.245.247",
    "destination_port": "443",
    "query_name": "",
    "process_guid": null,
    "parent_process_guid": null,
    "process_id": null,
    "parent_process_id": null,
    "source_dataset": "collected",
    "source_file": "live_collection/192.168.55.52",
    "label": 0,
    "process_group_no": null,
    "process_event_order": null
  },
  {
    "record_id": 2870,
    "time_created": "2026-06-30T08:07:58",
    "event_id": 5,
    "provider_name": "Microsoft-Windows-Sysmon",
    "process_name": "dllhost.exe",
    "command_line": "",
    "parent_process": null,
    "destination_ip": "",
    "destination_port": "",
    "query_name": "",
    "process_guid": null,
    "parent_process_guid": null,
    "process_id": null,
    "parent_process_id": null,
    "source_dataset": "collected",
    "source_file": "live_collection/192.168.55.52",
    "label": 0,
    "process_group_no": null,
    "process_event_order": null
  },
  {
    "record_id": 2871,
    "time_created": "2026-06-30T08:08:02",
    "event_id": 1,
    "provider_name": "Microsoft-Windows-Sysmon",
    "process_name": "conhost.exe",
    "command_line": "\\??\\C:\\WINDOWS\\system32\\conhost.exe 0xffffffff -ForceV1",
    "parent_process": null,
    "destination_ip": "",
    "destination_port": "",
    "query_name": "",
    "process_guid": null,
    "parent_process_guid": null,
    "process_id": null,
    "parent_process_id": null,
    "source_dataset": "collected",
    "source_file": "live_collection/192.168.55.52",
    "label": 0,
    "process_group_no": null,
    "process_event_order": null
  },
  {
    "record_id": 2872,
    "time_created": "2026-06-30T08:08:04",
    "event_id": 5,
    "provider_name": "Microsoft-Windows-Sysmon",
    "process_name": "powershell.exe",
    "command_line": "",
    "parent_process": null,
    "destination_ip": "",
    "destination_port": "",
    "query_name": "",
    "process_guid": null,
    "parent_process_guid": null,
    "process_id": null,
    "parent_process_id": null,
    "source_dataset": "collected",
    "source_file": "live_collection/192.168.55.52",
    "label": 0,
    "process_group_no": null,
    "process_event_order": null
  },
  {
    "record_id": 2873,
    "time_created": "2026-06-30T08:08:04",
    "event_id": 5,
    "provider_name": "Microsoft-Windows-Sysmon",
    "process_name": "conhost.exe",
    "command_line": "",
    "parent_process": null,
    "destination_ip": "",
    "destination_port": "",
    "query_name": "",
    "process_guid": null,
    "parent_process_guid": null,
    "process_id": null,
    "parent_process_id": null,
    "source_dataset": "collected",
    "source_file": "live_collection/192.168.55.52",
    "label": 0,
    "process_group_no": null,
    "process_event_order": null
  },
  {
    "record_id": 2874,
    "time_created": "2026-06-30T08:08:12",
    "event_id": 3,
    "provider_name": "Microsoft-Windows-Sysmon",
    "process_name": "vmnat.exe",
    "command_line": "",
    "parent_process": null,
    "destination_ip": "210.220.163.82",
    "destination_port": "53",
    "query_name": "",
    "process_guid": null,
    "parent_process_guid": null,
    "process_id": null,
    "parent_process_id": null,
    "source_dataset": "collected",
    "source_file": "live_collection/192.168.55.52",
    "label": 0,
    "process_group_no": null,
    "process_event_order": null
  },
  {
    "record_id": 2875,
    "time_created": "2026-06-30T08:08:12",
    "event_id": 3,
    "provider_name": "Microsoft-Windows-Sysmon",
    "process_name": "vmnat.exe",
    "command_line": "",
    "parent_process": null,
    "destination_ip": "210.220.163.82",
    "destination_port": "53",
    "query_name": "",
    "process_guid": null,
    "parent_process_guid": null,
    "process_id": null,
    "parent_process_id": null,
    "source_dataset": "collected",
    "source_file": "live_collection/192.168.55.52",
    "label": 0,
    "process_group_no": null,
    "process_event_order": null
  },
  {
    "record_id": 2876,
    "time_created": "2026-06-30T08:08:13",
    "event_id": 3,
    "provider_name": "Microsoft-Windows-Sysmon",
    "process_name": "vmnat.exe",
    "command_line": "",
    "parent_process": null,
    "destination_ip": "203.251.233.235",
    "destination_port": "443",
    "query_name": "",
    "process_guid": null,
    "parent_process_guid": null,
    "process_id": null,
    "parent_process_id": null,
    "source_dataset": "collected",
    "source_file": "live_collection/192.168.55.52",
    "label": 0,
    "process_group_no": null,
    "process_event_order": null
  },
  {
    "record_id": 2877,
    "time_created": "2026-06-30T08:08:13",
    "event_id": 3,
    "provider_name": "Microsoft-Windows-Sysmon",
    "process_name": "vmnat.exe",
    "command_line": "",
    "parent_process": null,
    "destination_ip": "203.251.233.235",
    "destination_port": "443",
    "query_name": "",
    "process_guid": null,
    "parent_process_guid": null,
    "process_id": null,
    "parent_process_id": null,
    "source_dataset": "collected",
    "source_file": "live_collection/192.168.55.52",
    "label": 0,
    "process_group_no": null,
    "process_event_order": null
  },
  {
    "record_id": 2878,
    "time_created": "2026-06-30T08:07:42",
    "event_id": 5,
    "provider_name": "Microsoft-Windows-Sysmon",
    "process_name": "git.exe",
    "command_line": "",
    "parent_process": null,
    "destination_ip": "",
    "destination_port": "",
    "query_name": "",
    "process_guid": null,
    "parent_process_guid": null,
    "process_id": null,
    "parent_process_id": null,
    "source_dataset": "collected",
    "source_file": "live_collection/192.168.55.52",
    "label": 0,
    "process_group_no": null,
    "process_event_order": null
  },
  {
    "record_id": 2879,
    "time_created": "2026-06-30T08:07:42",
    "event_id": 5,
    "provider_name": "Microsoft-Windows-Sysmon",
    "process_name": "conhost.exe",
    "command_line": "",
    "parent_process": null,
    "destination_ip": "",
    "destination_port": "",
    "query_name": "",
    "process_guid": null,
    "parent_process_guid": null,
    "process_id": null,
    "parent_process_id": null,
    "source_dataset": "collected",
    "source_file": "live_collection/192.168.55.52",
    "label": 0,
    "process_group_no": null,
    "process_event_order": null
  },
  {
    "record_id": 2880,
    "time_created": "2026-06-30T08:07:42",
    "event_id": 1,
    "provider_name": "Microsoft-Windows-Sysmon",
    "process_name": "git.exe",
    "command_line": "\"C:\\Program Files\\Git\\cmd\\git.exe\" show --textconv :tray_app.py",
    "parent_process": null,
    "destination_ip": "",
    "destination_port": "",
    "query_name": "",
    "process_guid": null,
    "parent_process_guid": null,
    "process_id": null,
    "parent_process_id": null,
    "source_dataset": "collected",
    "source_file": "live_collection/192.168.55.52",
    "label": 0,
    "process_group_no": null,
    "process_event_order": null
  },
  {
    "record_id": 2881,
    "time_created": "2026-06-30T08:07:42",
    "event_id": 1,
    "provider_name": "Microsoft-Windows-Sysmon",
    "process_name": "conhost.exe",
    "command_line": "\\??\\C:\\WINDOWS\\system32\\conhost.exe 0xffffffff -ForceV1",
    "parent_process": null,
    "destination_ip": "",
    "destination_port": "",
    "query_name": "",
    "process_guid": null,
    "parent_process_guid": null,
    "process_id": null,
    "parent_process_id": null,
    "source_dataset": "collected",
    "source_file": "live_collection/192.168.55.52",
    "label": 0,
    "process_group_no": null,
    "process_event_order": null
  },
  {
    "record_id": 2882,
    "time_created": "2026-06-30T08:07:42",
    "event_id": 1,
    "provider_name": "Microsoft-Windows-Sysmon",
    "process_name": "git.exe",
    "command_line": "git.exe show --textconv :tray_app.py",
    "parent_process": null,
    "destination_ip": "",
    "destination_port": "",
    "query_name": "",
    "process_guid": null,
    "parent_process_guid": null,
    "process_id": null,
    "parent_process_id": null,
    "source_dataset": "collected",
    "source_file": "live_collection/192.168.55.52",
    "label": 0,
    "process_group_no": null,
    "process_event_order": null
  },
  {
    "record_id": 2883,
    "time_created": "2026-06-30T08:07:42",
    "event_id": 5,
    "provider_name": "Microsoft-Windows-Sysmon",
    "process_name": "git.exe",
    "command_line": "",
    "parent_process": null,
    "destination_ip": "",
    "destination_port": "",
    "query_name": "",
    "process_guid": null,
    "parent_process_guid": null,
    "process_id": null,
    "parent_process_id": null,
    "source_dataset": "collected",
    "source_file": "live_collection/192.168.55.52",
    "label": 0,
    "process_group_no": null,
    "process_event_order": null
  },
  {
    "record_id": 2884,
    "time_created": "2026-06-30T08:07:42",
    "event_id": 5,
    "provider_name": "Microsoft-Windows-Sysmon",
    "process_name": "git.exe",
    "command_line": "",
    "parent_process": null,
    "destination_ip": "",
    "destination_port": "",
    "query_name": "",
    "process_guid": null,
    "parent_process_guid": null,
    "process_id": null,
    "parent_process_id": null,
    "source_dataset": "collected",
    "source_file": "live_collection/192.168.55.52",
    "label": 0,
    "process_group_no": null,
    "process_event_order": null
  },
  {
    "record_id": 2885,
    "time_created": "2026-06-30T08:07:42",
    "event_id": 5,
    "provider_name": "Microsoft-Windows-Sysmon",
    "process_name": "conhost.exe",
    "command_line": "",
    "parent_process": null,
    "destination_ip": "",
    "destination_port": "",
    "query_name": "",
    "process_guid": null,
    "parent_process_guid": null,
    "process_id": null,
    "parent_process_id": null,
    "source_dataset": "collected",
    "source_file": "live_collection/192.168.55.52",
    "label": 0,
    "process_group_no": null,
    "process_event_order": null
  },
  {
    "record_id": 2886,
    "time_created": "2026-06-30T08:07:42",
    "event_id": 5,
    "provider_name": "Microsoft-Windows-Sysmon",
    "process_name": "git.exe",
    "command_line": "",
    "parent_process": null,
    "destination_ip": "",
    "destination_port": "",
    "query_name": "",
    "process_guid": null,
    "parent_process_guid": null,
    "process_id": null,
    "parent_process_id": null,
    "source_dataset": "collected",
    "source_file": "live_collection/192.168.55.52",
    "label": 0,
    "process_group_no": null,
    "process_event_order": null
  },
  {
    "record_id": 2887,
    "time_created": "2026-06-30T08:07:42",
    "event_id": 5,
    "provider_name": "Microsoft-Windows-Sysmon",
    "process_name": "git.exe",
    "command_line": "",
    "parent_process": null,
    "destination_ip": "",
    "destination_port": "",
    "query_name": "",
    "process_guid": null,
    "parent_process_guid": null,
    "process_id": null,
    "parent_process_id": null,
    "source_dataset": "collected",
    "source_file": "live_collection/192.168.55.52",
    "label": 0,
    "process_group_no": null,
    "process_event_order": null
  },
  {
    "record_id": 2888,
    "time_created": "2026-06-30T08:07:42",
    "event_id": 5,
    "provider_name": "Microsoft-Windows-Sysmon",
    "process_name": "conhost.exe",
    "command_line": "",
    "parent_process": null,
    "destination_ip": "",
    "destination_port": "",
    "query_name": "",
    "process_guid": null,
    "parent_process_guid": null,
    "process_id": null,
    "parent_process_id": null,
    "source_dataset": "collected",
    "source_file": "live_collection/192.168.55.52",
    "label": 0,
    "process_group_no": null,
    "process_event_order": null
  },
  {
    "record_id": 2889,
    "time_created": "2026-06-30T08:07:42",
    "event_id": 5,
    "provider_name": "Microsoft-Windows-Sysmon",
    "process_name": "git.exe",
    "command_line": "",
    "parent_process": null,
    "destination_ip": "",
    "destination_port": "",
    "query_name": "",
    "process_guid": null,
    "parent_process_guid": null,
    "process_id": null,
    "parent_process_id": null,
    "source_dataset": "collected",
    "source_file": "live_collection/192.168.55.52",
    "label": 0,
    "process_group_no": null,
    "process_event_order": null
  },
  {
    "record_id": 2890,
    "time_created": "2026-06-30T08:07:42",
    "event_id": 5,
    "provider_name": "Microsoft-Windows-Sysmon",
    "process_name": "git.exe",
    "command_line": "",
    "parent_process": null,
    "destination_ip": "",
    "destination_port": "",
    "query_name": "",
    "process_guid": null,
    "parent_process_guid": null,
    "process_id": null,
    "parent_process_id": null,
    "source_dataset": "collected",
    "source_file": "live_collection/192.168.55.52",
    "label": 0,
    "process_group_no": null,
    "process_event_order": null
  },
  {
    "record_id": 2891,
    "time_created": "2026-06-30T08:07:42",
    "event_id": 5,
    "provider_name": "Microsoft-Windows-Sysmon",
    "process_name": "conhost.exe",
    "command_line": "",
    "parent_process": null,
    "destination_ip": "",
    "destination_port": "",
    "query_name": "",
    "process_guid": null,
    "parent_process_guid": null,
    "process_id": null,
    "parent_process_id": null,
    "source_dataset": "collected",
    "source_file": "live_collection/192.168.55.52",
    "label": 0,
    "process_group_no": null,
    "process_event_order": null
  },
  {
    "record_id": 2892,
    "time_created": "2026-06-30T08:07:42",
    "event_id": 1,
    "provider_name": "Microsoft-Windows-Sysmon",
    "process_name": "git.exe",
    "command_line": "\"C:\\Program Files\\Git\\cmd\\git.exe\" merge-base refs/heads/main refs/remotes/origin/main",
    "parent_process": null,
    "destination_ip": "",
    "destination_port": "",
    "query_name": "",
    "process_guid": null,
    "parent_process_guid": null,
    "process_id": null,
    "parent_process_id": null,
    "source_dataset": "collected",
    "source_file": "live_collection/192.168.55.52",
    "label": 0,
    "process_group_no": null,
    "process_event_order": null
  },
  {
    "record_id": 2893,
    "time_created": "2026-06-30T08:07:42",
    "event_id": 1,
    "provider_name": "Microsoft-Windows-Sysmon",
    "process_name": "conhost.exe",
    "command_line": "\\??\\C:\\WINDOWS\\system32\\conhost.exe 0xffffffff -ForceV1",
    "parent_process": null,
    "destination_ip": "",
    "destination_port": "",
    "query_name": "",
    "process_guid": null,
    "parent_process_guid": null,
    "process_id": null,
    "parent_process_id": null,
    "source_dataset": "collected",
    "source_file": "live_collection/192.168.55.52",
    "label": 0,
    "process_group_no": null,
    "process_event_order": null
  },
  {
    "record_id": 2894,
    "time_created": "2026-06-30T08:07:42",
    "event_id": 1,
    "provider_name": "Microsoft-Windows-Sysmon",
    "process_name": "git.exe",
    "command_line": "git.exe merge-base refs/heads/main refs/remotes/origin/main",
    "parent_process": null,
    "destination_ip": "",
    "destination_port": "",
    "query_name": "",
    "process_guid": null,
    "parent_process_guid": null,
    "process_id": null,
    "parent_process_id": null,
    "source_dataset": "collected",
    "source_file": "live_collection/192.168.55.52",
    "label": 0,
    "process_group_no": null,
    "process_event_order": null
  },
  {
    "record_id": 2895,
    "time_created": "2026-06-30T08:07:42",
    "event_id": 1,
    "provider_name": "Microsoft-Windows-Sysmon",
    "process_name": "git.exe",
    "command_line": "\"C:\\Program Files\\Git\\cmd\\git.exe\" check-ignore -v -z --stdin",
    "parent_process": null,
    "destination_ip": "",
    "destination_port": "",
    "query_name": "",
    "process_guid": null,
    "parent_process_guid": null,
    "process_id": null,
    "parent_process_id": null,
    "source_dataset": "collected",
    "source_file": "live_collection/192.168.55.52",
    "label": 0,
    "process_group_no": null,
    "process_event_order": null
  },
  {
    "record_id": 2896,
    "time_created": "2026-06-30T08:07:42",
    "event_id": 1,
    "provider_name": "Microsoft-Windows-Sysmon",
    "process_name": "conhost.exe",
    "command_line": "\\??\\C:\\WINDOWS\\system32\\conhost.exe 0xffffffff -ForceV1",
    "parent_process": null,
    "destination_ip": "",
    "destination_port": "",
    "query_name": "",
    "process_guid": null,
    "parent_process_guid": null,
    "process_id": null,
    "parent_process_id": null,
    "source_dataset": "collected",
    "source_file": "live_collection/192.168.55.52",
    "label": 0,
    "process_group_no": null,
    "process_event_order": null
  },
  {
    "record_id": 2897,
    "time_created": "2026-06-30T08:07:42",
    "event_id": 5,
    "provider_name": "Microsoft-Windows-Sysmon",
    "process_name": "git.exe",
    "command_line": "",
    "parent_process": null,
    "destination_ip": "",
    "destination_port": "",
    "query_name": "",
    "process_guid": null,
    "parent_process_guid": null,
    "process_id": null,
    "parent_process_id": null,
    "source_dataset": "collected",
    "source_file": "live_collection/192.168.55.52",
    "label": 0,
    "process_group_no": null,
    "process_event_order": null
  },
  {
    "record_id": 2898,
    "time_created": "2026-06-30T08:07:42",
    "event_id": 5,
    "provider_name": "Microsoft-Windows-Sysmon",
    "process_name": "git.exe",
    "command_line": "",
    "parent_process": null,
    "destination_ip": "",
    "destination_port": "",
    "query_name": "",
    "process_guid": null,
    "parent_process_guid": null,
    "process_id": null,
    "parent_process_id": null,
    "source_dataset": "collected",
    "source_file": "live_collection/192.168.55.52",
    "label": 0,
    "process_group_no": null,
    "process_event_order": null
  },
  {
    "record_id": 2899,
    "time_created": "2026-06-30T08:07:42",
    "event_id": 5,
    "provider_name": "Microsoft-Windows-Sysmon",
    "process_name": "conhost.exe",
    "command_line": "",
    "parent_process": null,
    "destination_ip": "",
    "destination_port": "",
    "query_name": "",
    "process_guid": null,
    "parent_process_guid": null,
    "process_id": null,
    "parent_process_id": null,
    "source_dataset": "collected",
    "source_file": "live_collection/192.168.55.52",
    "label": 0,
    "process_group_no": null,
    "process_event_order": null
  },
  {
    "record_id": 2900,
    "time_created": "2026-06-30T08:07:42",
    "event_id": 1,
    "provider_name": "Microsoft-Windows-Sysmon",
    "process_name": "git.exe",
    "command_line": "git.exe check-ignore -v -z --stdin",
    "parent_process": null,
    "destination_ip": "",
    "destination_port": "",
    "query_name": "",
    "process_guid": null,
    "parent_process_guid": null,
    "process_id": null,
    "parent_process_id": null,
    "source_dataset": "collected",
    "source_file": "live_collection/192.168.55.52",
    "label": 0,
    "process_group_no": null,
    "process_event_order": null
  },
  {
    "record_id": 2901,
    "time_created": "2026-06-30T08:07:42",
    "event_id": 3,
    "provider_name": "Microsoft-Windows-Sysmon",
    "process_name": "vmnat.exe",
    "command_line": "",
    "parent_process": null,
    "destination_ip": "203.251.234.8",
    "destination_port": "443",
    "query_name": "",
    "process_guid": null,
    "parent_process_guid": null,
    "process_id": null,
    "parent_process_id": null,
    "source_dataset": "collected",
    "source_file": "live_collection/192.168.55.52",
    "label": 0,
    "process_group_no": null,
    "process_event_order": null
  },
  {
    "record_id": 2902,
    "time_created": "2026-06-30T08:07:42",
    "event_id": 3,
    "provider_name": "Microsoft-Windows-Sysmon",
    "process_name": "vmnat.exe",
    "command_line": "",
    "parent_process": null,
    "destination_ip": "203.251.234.8",
    "destination_port": "443",
    "query_name": "",
    "process_guid": null,
    "parent_process_guid": null,
    "process_id": null,
    "parent_process_id": null,
    "source_dataset": "collected",
    "source_file": "live_collection/192.168.55.52",
    "label": 0,
    "process_group_no": null,
    "process_event_order": null
  },
  {
    "record_id": 2903,
    "time_created": "2026-06-30T08:07:42",
    "event_id": 1,
    "provider_name": "Microsoft-Windows-Sysmon",
    "process_name": "git.exe",
    "command_line": "\"C:\\Program Files\\Git\\cmd\\git.exe\" diff --raw --numstat --diff-filter=ADMR -z --find-renames=50%% 091c480eaeb5be459eb447461d65d5697d04784e...refs/remotes/origin/main --",
    "parent_process": null,
    "destination_ip": "",
    "destination_port": "",
    "query_name": "",
    "process_guid": null,
    "parent_process_guid": null,
    "process_id": null,
    "parent_process_id": null,
    "source_dataset": "collected",
    "source_file": "live_collection/192.168.55.52",
    "label": 0,
    "process_group_no": null,
    "process_event_order": null
  },
  {
    "record_id": 2904,
    "time_created": "2026-06-30T08:07:42",
    "event_id": 5,
    "provider_name": "Microsoft-Windows-Sysmon",
    "process_name": "git.exe",
    "command_line": "",
    "parent_process": null,
    "destination_ip": "",
    "destination_port": "",
    "query_name": "",
    "process_guid": null,
    "parent_process_guid": null,
    "process_id": null,
    "parent_process_id": null,
    "source_dataset": "collected",
    "source_file": "live_collection/192.168.55.52",
    "label": 0,
    "process_group_no": null,
    "process_event_order": null
  },
  {
    "record_id": 2905,
    "time_created": "2026-06-30T08:07:42",
    "event_id": 1,
    "provider_name": "Microsoft-Windows-Sysmon",
    "process_name": "conhost.exe",
    "command_line": "\\??\\C:\\WINDOWS\\system32\\conhost.exe 0xffffffff -ForceV1",
    "parent_process": null,
    "destination_ip": "",
    "destination_port": "",
    "query_name": "",
    "process_guid": null,
    "parent_process_guid": null,
    "process_id": null,
    "parent_process_id": null,
    "source_dataset": "collected",
    "source_file": "live_collection/192.168.55.52",
    "label": 0,
    "process_group_no": null,
    "process_event_order": null
  },
  {
    "record_id": 2906,
    "time_created": "2026-06-30T08:07:42",
    "event_id": 5,
    "provider_name": "Microsoft-Windows-Sysmon",
    "process_name": "git.exe",
    "command_line": "",
    "parent_process": null,
    "destination_ip": "",
    "destination_port": "",
    "query_name": "",
    "process_guid": null,
    "parent_process_guid": null,
    "process_id": null,
    "parent_process_id": null,
    "source_dataset": "collected",
    "source_file": "live_collection/192.168.55.52",
    "label": 0,
    "process_group_no": null,
    "process_event_order": null
  },
  {
    "record_id": 2907,
    "time_created": "2026-06-30T08:07:42",
    "event_id": 5,
    "provider_name": "Microsoft-Windows-Sysmon",
    "process_name": "conhost.exe",
    "command_line": "",
    "parent_process": null,
    "destination_ip": "",
    "destination_port": "",
    "query_name": "",
    "process_guid": null,
    "parent_process_guid": null,
    "process_id": null,
    "parent_process_id": null,
    "source_dataset": "collected",
    "source_file": "live_collection/192.168.55.52",
    "label": 0,
    "process_group_no": null,
    "process_event_order": null
  },
  {
    "record_id": 2908,
    "time_created": "2026-06-30T08:07:42",
    "event_id": 1,
    "provider_name": "Microsoft-Windows-Sysmon",
    "process_name": "git.exe",
    "command_line": "git.exe diff --raw --numstat --diff-filter=ADMR -z --find-renames=50%% 091c480eaeb5be459eb447461d65d5697d04784e...refs/remotes/origin/main --",
    "parent_process": null,
    "destination_ip": "",
    "destination_port": "",
    "query_name": "",
    "process_guid": null,
    "parent_process_guid": null,
    "process_id": null,
    "parent_process_id": null,
    "source_dataset": "collected",
    "source_file": "live_collection/192.168.55.52",
    "label": 0,
    "process_group_no": null,
    "process_event_order": null
  },
  {
    "record_id": 2909,
    "time_created": "2026-06-30T08:07:42",
    "event_id": 5,
    "provider_name": "Microsoft-Windows-Sysmon",
    "process_name": "git.exe",
    "command_line": "",
    "parent_process": null,
    "destination_ip": "",
    "destination_port": "",
    "query_name": "",
    "process_guid": null,
    "parent_process_guid": null,
    "process_id": null,
    "parent_process_id": null,
    "source_dataset": "collected",
    "source_file": "live_collection/192.168.55.52",
    "label": 0,
    "process_group_no": null,
    "process_event_order": null
  },
  {
    "record_id": 2910,
    "time_created": "2026-06-30T08:07:42",
    "event_id": 5,
    "provider_name": "Microsoft-Windows-Sysmon",
    "process_name": "git.exe",
    "command_line": "",
    "parent_process": null,
    "destination_ip": "",
    "destination_port": "",
    "query_name": "",
    "process_guid": null,
    "parent_process_guid": null,
    "process_id": null,
    "parent_process_id": null,
    "source_dataset": "collected",
    "source_file": "live_collection/192.168.55.52",
    "label": 0,
    "process_group_no": null,
    "process_event_order": null
  },
  {
    "record_id": 2911,
    "time_created": "2026-06-30T08:07:42",
    "event_id": 5,
    "provider_name": "Microsoft-Windows-Sysmon",
    "process_name": "conhost.exe",
    "command_line": "",
    "parent_process": null,
    "destination_ip": "",
    "destination_port": "",
    "query_name": "",
    "process_guid": null,
    "parent_process_guid": null,
    "process_id": null,
    "parent_process_id": null,
    "source_dataset": "collected",
    "source_file": "live_collection/192.168.55.52",
    "label": 0,
    "process_group_no": null,
    "process_event_order": null
  },
  {
    "record_id": 2912,
    "time_created": "2026-06-30T08:07:42",
    "event_id": 1,
    "provider_name": "Microsoft-Windows-Sysmon",
    "process_name": "git.exe",
    "command_line": "\"C:\\Program Files\\Git\\cmd\\git.exe\" check-ignore -v -z --stdin",
    "parent_process": null,
    "destination_ip": "",
    "destination_port": "",
    "query_name": "",
    "process_guid": null,
    "parent_process_guid": null,
    "process_id": null,
    "parent_process_id": null,
    "source_dataset": "collected",
    "source_file": "live_collection/192.168.55.52",
    "label": 0,
    "process_group_no": null,
    "process_event_order": null
  },
  {
    "record_id": 2913,
    "time_created": "2026-06-30T08:07:42",
    "event_id": 1,
    "provider_name": "Microsoft-Windows-Sysmon",
    "process_name": "conhost.exe",
    "command_line": "\\??\\C:\\WINDOWS\\system32\\conhost.exe 0xffffffff -ForceV1",
    "parent_process": null,
    "destination_ip": "",
    "destination_port": "",
    "query_name": "",
    "process_guid": null,
    "parent_process_guid": null,
    "process_id": null,
    "parent_process_id": null,
    "source_dataset": "collected",
    "source_file": "live_collection/192.168.55.52",
    "label": 0,
    "process_group_no": null,
    "process_event_order": null
  },
  {
    "record_id": 2914,
    "time_created": "2026-06-30T08:07:42",
    "event_id": 1,
    "provider_name": "Microsoft-Windows-Sysmon",
    "process_name": "git.exe",
    "command_line": "git.exe check-ignore -v -z --stdin",
    "parent_process": null,
    "destination_ip": "",
    "destination_port": "",
    "query_name": "",
    "process_guid": null,
    "parent_process_guid": null,
    "process_id": null,
    "parent_process_id": null,
    "source_dataset": "collected",
    "source_file": "live_collection/192.168.55.52",
    "label": 0,
    "process_group_no": null,
    "process_event_order": null
  },
  {
    "record_id": 2915,
    "time_created": "2026-06-30T08:07:42",
    "event_id": 5,
    "provider_name": "Microsoft-Windows-Sysmon",
    "process_name": "git.exe",
    "command_line": "",
    "parent_process": null,
    "destination_ip": "",
    "destination_port": "",
    "query_name": "",
    "process_guid": null,
    "parent_process_guid": null,
    "process_id": null,
    "parent_process_id": null,
    "source_dataset": "collected",
    "source_file": "live_collection/192.168.55.52",
    "label": 0,
    "process_group_no": null,
    "process_event_order": null
  },
  {
    "record_id": 2916,
    "time_created": "2026-06-30T08:07:42",
    "event_id": 5,
    "provider_name": "Microsoft-Windows-Sysmon",
    "process_name": "git.exe",
    "command_line": "",
    "parent_process": null,
    "destination_ip": "",
    "destination_port": "",
    "query_name": "",
    "process_guid": null,
    "parent_process_guid": null,
    "process_id": null,
    "parent_process_id": null,
    "source_dataset": "collected",
    "source_file": "live_collection/192.168.55.52",
    "label": 0,
    "process_group_no": null,
    "process_event_order": null
  },
  {
    "record_id": 2917,
    "time_created": "2026-06-30T08:07:42",
    "event_id": 5,
    "provider_name": "Microsoft-Windows-Sysmon",
    "process_name": "conhost.exe",
    "command_line": "",
    "parent_process": null,
    "destination_ip": "",
    "destination_port": "",
    "query_name": "",
    "process_guid": null,
    "parent_process_guid": null,
    "process_id": null,
    "parent_process_id": null,
    "source_dataset": "collected",
    "source_file": "live_collection/192.168.55.52",
    "label": 0,
    "process_group_no": null,
    "process_event_order": null
  },
  {
    "record_id": 2918,
    "time_created": "2026-06-30T08:07:43",
    "event_id": 3,
    "provider_name": "Microsoft-Windows-Sysmon",
    "process_name": "claude.exe",
    "command_line": "",
    "parent_process": null,
    "destination_ip": "34.149.66.137",
    "destination_port": "443",
    "query_name": "",
    "process_guid": null,
    "parent_process_guid": null,
    "process_id": null,
    "parent_process_id": null,
    "source_dataset": "collected",
    "source_file": "live_collection/192.168.55.52",
    "label": 0,
    "process_group_no": null,
    "process_event_order": null
  },
  {
    "record_id": 2919,
    "time_created": "2026-06-30T08:07:43",
    "event_id": 3,
    "provider_name": "Microsoft-Windows-Sysmon",
    "process_name": "ASDSvc.exe",
    "command_line": "",
    "parent_process": null,
    "destination_ip": "211.115.106.209",
    "destination_port": "80",
    "query_name": "",
    "process_guid": null,
    "parent_process_guid": null,
    "process_id": null,
    "parent_process_id": null,
    "source_dataset": "collected",
    "source_file": "live_collection/192.168.55.52",
    "label": 0,
    "process_group_no": null,
    "process_event_order": null
  },
  {
    "record_id": 2920,
    "time_created": "2026-06-30T08:07:45",
    "event_id": 3,
    "provider_name": "Microsoft-Windows-Sysmon",
    "process_name": "Code.exe",
    "command_line": "",
    "parent_process": null,
    "destination_ip": "210.220.163.82",
    "destination_port": "53",
    "query_name": "",
    "process_guid": null,
    "parent_process_guid": null,
    "process_id": null,
    "parent_process_id": null,
    "source_dataset": "collected",
    "source_file": "live_collection/192.168.55.52",
    "label": 0,
    "process_group_no": null,
    "process_event_order": null
  },
  {
    "record_id": 2921,
    "time_created": "2026-06-30T08:07:45",
    "event_id": 3,
    "provider_name": "Microsoft-Windows-Sysmon",
    "process_name": "Code.exe",
    "command_line": "",
    "parent_process": null,
    "destination_ip": "210.220.163.82",
    "destination_port": "53",
    "query_name": "",
    "process_guid": null,
    "parent_process_guid": null,
    "process_id": null,
    "parent_process_id": null,
    "source_dataset": "collected",
    "source_file": "live_collection/192.168.55.52",
    "label": 0,
    "process_group_no": null,
    "process_event_order": null
  },
  {
    "record_id": 2922,
    "time_created": "2026-06-30T08:07:46",
    "event_id": 1,
    "provider_name": "Microsoft-Windows-Sysmon",
    "process_name": "bash.exe",
    "command_line": "\"C:\\Program Files\\Git\\bin\\bash.exe\" -c \"source /c/Users/user/.claude/shell-snapshots/snapshot-bash-1782769080164-nfzx9a.sh 2>/dev/null || true && export TEMP='C:\\Users\\user\\AppData\\Local\\Temp' TMP='C:\\Users\\user\\AppData\\Local\\Temp' && shopt -u extglob 2>/dev/null || true && eval 'git push kwj main' < /dev/null && pwd -P >| /c/Users/user/AppData/Local/Temp/claude-a1f6-cwd\"",
    "parent_process": null,
    "destination_ip": "",
    "destination_port": "",
    "query_name": "",
    "process_guid": null,
    "parent_process_guid": null,
    "process_id": null,
    "parent_process_id": null,
    "source_dataset": "collected",
    "source_file": "live_collection/192.168.55.52",
    "label": 0,
    "process_group_no": null,
    "process_event_order": null
  },
  {
    "record_id": 2923,
    "time_created": "2026-06-30T08:07:46",
    "event_id": 1,
    "provider_name": "Microsoft-Windows-Sysmon",
    "process_name": "bash.exe",
    "command_line": "\"C:\\Program Files\\Git\\bin\\..\\usr\\bin\\bash.exe\" -c \"source /c/Users/user/.claude/shell-snapshots/snapshot-bash-1782769080164-nfzx9a.sh 2>/dev/null || true && export TEMP='C:\\Users\\user\\AppData\\Local\\Temp' TMP='C:\\Users\\user\\AppData\\Local\\Temp' && shopt -u extglob 2>/dev/null || true && eval 'git push kwj main' < /dev/null && pwd -P >| /c/Users/user/AppData/Local/Temp/claude-a1f6-cwd\"",
    "parent_process": null,
    "destination_ip": "",
    "destination_port": "",
    "query_name": "",
    "process_guid": null,
    "parent_process_guid": null,
    "process_id": null,
    "parent_process_id": null,
    "source_dataset": "collected",
    "source_file": "live_collection/192.168.55.52",
    "label": 0,
    "process_group_no": null,
    "process_event_order": null
  },
  {
    "record_id": 2924,
    "time_created": "2026-06-30T08:07:46",
    "event_id": 1,
    "provider_name": "Microsoft-Windows-Sysmon",
    "process_name": "conhost.exe",
    "command_line": "\\??\\C:\\WINDOWS\\system32\\conhost.exe 0xffffffff -ForceV1",
    "parent_process": null,
    "destination_ip": "",
    "destination_port": "",
    "query_name": "",
    "process_guid": null,
    "parent_process_guid": null,
    "process_id": null,
    "parent_process_id": null,
    "source_dataset": "collected",
    "source_file": "live_collection/192.168.55.52",
    "label": 0,
    "process_group_no": null,
    "process_event_order": null
  },
  {
    "record_id": 2925,
    "time_created": "2026-06-30T08:07:46",
    "event_id": 1,
    "provider_name": "Microsoft-Windows-Sysmon",
    "process_name": "bash.exe",
    "command_line": "\"C:\\Program Files\\Git\\bin\\..\\usr\\bin\\bash.exe\" -c \"source /c/Users/user/.claude/shell-snapshots/snapshot-bash-1782769080164-nfzx9a.sh 2>/dev/null || true && export TEMP='C:\\Users\\user\\AppData\\Local\\Temp' TMP='C:\\Users\\user\\AppData\\Local\\Temp' && shopt -u extglob 2>/dev/null || true && eval 'git push kwj main' < /dev/null && pwd -P >| /c/Users/user/AppData/Local/Temp/claude-a1f6-cwd\"",
    "parent_process": null,
    "destination_ip": "",
    "destination_port": "",
    "query_name": "",
    "process_guid": null,
    "parent_process_guid": null,
    "process_id": null,
    "parent_process_id": null,
    "source_dataset": "collected",
    "source_file": "live_collection/192.168.55.52",
    "label": 0,
    "process_group_no": null,
    "process_event_order": null
  },
  {
    "record_id": 2926,
    "time_created": "2026-06-30T08:07:46",
    "event_id": 5,
    "provider_name": "Microsoft-Windows-Sysmon",
    "process_name": "bash.exe",
    "command_line": "",
    "parent_process": null,
    "destination_ip": "",
    "destination_port": "",
    "query_name": "",
    "process_guid": null,
    "parent_process_guid": null,
    "process_id": null,
    "parent_process_id": null,
    "source_dataset": "collected",
    "source_file": "live_collection/192.168.55.52",
    "label": 0,
    "process_group_no": null,
    "process_event_order": null
  },
  {
    "record_id": 2927,
    "time_created": "2026-06-30T08:07:46",
    "event_id": 1,
    "provider_name": "Microsoft-Windows-Sysmon",
    "process_name": "bash.exe",
    "command_line": "\"C:\\Program Files\\Git\\bin\\..\\usr\\bin\\bash.exe\" -c \"source /c/Users/user/.claude/shell-snapshots/snapshot-bash-1782769080164-nfzx9a.sh 2>/dev/null || true && export TEMP='C:\\Users\\user\\AppData\\Local\\Temp' TMP='C:\\Users\\user\\AppData\\Local\\Temp' && shopt -u extglob 2>/dev/null || true && eval 'git push kwj main' < /dev/null && pwd -P >| /c/Users/user/AppData/Local/Temp/claude-a1f6-cwd\"",
    "parent_process": null,
    "destination_ip": "",
    "destination_port": "",
    "query_name": "",
    "process_guid": null,
    "parent_process_guid": null,
    "process_id": null,
    "parent_process_id": null,
    "source_dataset": "collected",
    "source_file": "live_collection/192.168.55.52",
    "label": 0,
    "process_group_no": null,
    "process_event_order": null
  },
  {
    "record_id": 2928,
    "time_created": "2026-06-30T08:07:46",
    "event_id": 1,
    "provider_name": "Microsoft-Windows-Sysmon",
    "process_name": "git.exe",
    "command_line": "\"C:\\Program Files\\Git\\mingw64\\bin\\git.exe\" push kwj main",
    "parent_process": null,
    "destination_ip": "",
    "destination_port": "",
    "query_name": "",
    "process_guid": null,
    "parent_process_guid": null,
    "process_id": null,
    "parent_process_id": null,
    "source_dataset": "collected",
    "source_file": "live_collection/192.168.55.52",
    "label": 0,
    "process_group_no": null,
    "process_event_order": null
  },
  {
    "record_id": 2929,
    "time_created": "2026-06-30T08:07:47",
    "event_id": 1,
    "provider_name": "Microsoft-Windows-Sysmon",
    "process_name": "git.exe",
    "command_line": "git remote-https kwj https://github.com/kwj1025/edr",
    "parent_process": null,
    "destination_ip": "",
    "destination_port": "",
    "query_name": "",
    "process_guid": null,
    "parent_process_guid": null,
    "process_id": null,
    "parent_process_id": null,
    "source_dataset": "collected",
    "source_file": "live_collection/192.168.55.52",
    "label": 0,
    "process_group_no": null,
    "process_event_order": null
  },
  {
    "record_id": 2930,
    "time_created": "2026-06-30T08:07:47",
    "event_id": 1,
    "provider_name": "Microsoft-Windows-Sysmon",
    "process_name": "git-remote-https.exe",
    "command_line": "git-remote-https kwj https://github.com/kwj1025/edr",
    "parent_process": null,
    "destination_ip": "",
    "destination_port": "",
    "query_name": "",
    "process_guid": null,
    "parent_process_guid": null,
    "process_id": null,
    "parent_process_id": null,
    "source_dataset": "collected",
    "source_file": "live_collection/192.168.55.52",
    "label": 0,
    "process_group_no": null,
    "process_event_order": null
  },
  {
    "record_id": 2931,
    "time_created": "2026-06-30T08:07:47",
    "event_id": 1,
    "provider_name": "Microsoft-Windows-Sysmon",
    "process_name": "sh.exe",
    "command_line": "\"C:/Program Files/Git/usr/bin/sh.exe\" -c \"git credential-manager get\" \"git credential-manager get\"",
    "parent_process": null,
    "destination_ip": "",
    "destination_port": "",
    "query_name": "",
    "process_guid": null,
    "parent_process_guid": null,
    "process_id": null,
    "parent_process_id": null,
    "source_dataset": "collected",
    "source_file": "live_collection/192.168.55.52",
    "label": 0,
    "process_group_no": null,
    "process_event_order": null
  },
  {
    "record_id": 2932,
    "time_created": "2026-06-30T08:07:47",
    "event_id": 1,
    "provider_name": "Microsoft-Windows-Sysmon",
    "process_name": "git.exe",
    "command_line": "\"C:\\Program Files\\Git\\mingw64\\libexec\\git-core\\git.exe\" credential-manager get",
    "parent_process": null,
    "destination_ip": "",
    "destination_port": "",
    "query_name": "",
    "process_guid": null,
    "parent_process_guid": null,
    "process_id": null,
    "parent_process_id": null,
    "source_dataset": "collected",
    "source_file": "live_collection/192.168.55.52",
    "label": 0,
    "process_group_no": null,
    "process_event_order": null
  },
  {
    "record_id": 2933,
    "time_created": "2026-06-30T08:07:47",
    "event_id": 1,
    "provider_name": "Microsoft-Windows-Sysmon",
    "process_name": "git-credential-manager.exe",
    "command_line": "git-credential-manager get",
    "parent_process": null,
    "destination_ip": "",
    "destination_port": "",
    "query_name": "",
    "process_guid": null,
    "parent_process_guid": null,
    "process_id": null,
    "parent_process_id": null,
    "source_dataset": "collected",
    "source_file": "live_collection/192.168.55.52",
    "label": 0,
    "process_group_no": null,
    "process_event_order": null
  },
  {
    "record_id": 2934,
    "time_created": "2026-06-30T08:07:47",
    "event_id": 1,
    "provider_name": "Microsoft-Windows-Sysmon",
    "process_name": "git.exe",
    "command_line": "\"C:/Program Files/Git/mingw64/libexec/git-core\\git.exe\" config --null  --list",
    "parent_process": null,
    "destination_ip": "",
    "destination_port": "",
    "query_name": "",
    "process_guid": null,
    "parent_process_guid": null,
    "process_id": null,
    "parent_process_id": null,
    "source_dataset": "collected",
    "source_file": "live_collection/192.168.55.52",
    "label": 0,
    "process_group_no": null,
    "process_event_order": null
  },
  {
    "record_id": 2935,
    "time_created": "2026-06-30T08:07:47",
    "event_id": 5,
    "provider_name": "Microsoft-Windows-Sysmon",
    "process_name": "git.exe",
    "command_line": "",
    "parent_process": null,
    "destination_ip": "",
    "destination_port": "",
    "query_name": "",
    "process_guid": null,
    "parent_process_guid": null,
    "process_id": null,
    "parent_process_id": null,
    "source_dataset": "collected",
    "source_file": "live_collection/192.168.55.52",
    "label": 0,
    "process_group_no": null,
    "process_event_order": null
  },
  {
    "record_id": 2936,
    "time_created": "2026-06-30T08:07:48",
    "event_id": 5,
    "provider_name": "Microsoft-Windows-Sysmon",
    "process_name": "git-credential-manager.exe",
    "command_line": "",
    "parent_process": null,
    "destination_ip": "",
    "destination_port": "",
    "query_name": "",
    "process_guid": null,
    "parent_process_guid": null,
    "process_id": null,
    "parent_process_id": null,
    "source_dataset": "collected",
    "source_file": "live_collection/192.168.55.52",
    "label": 0,
    "process_group_no": null,
    "process_event_order": null
  },
  {
    "record_id": 2937,
    "time_created": "2026-06-30T08:07:48",
    "event_id": 5,
    "provider_name": "Microsoft-Windows-Sysmon",
    "process_name": "git.exe",
    "command_line": "",
    "parent_process": null,
    "destination_ip": "",
    "destination_port": "",
    "query_name": "",
    "process_guid": null,
    "parent_process_guid": null,
    "process_id": null,
    "parent_process_id": null,
    "source_dataset": "collected",
    "source_file": "live_collection/192.168.55.52",
    "label": 0,
    "process_group_no": null,
    "process_event_order": null
  },
  {
    "record_id": 2938,
    "time_created": "2026-06-30T08:07:48",
    "event_id": 5,
    "provider_name": "Microsoft-Windows-Sysmon",
    "process_name": "sh.exe",
    "command_line": "",
    "parent_process": null,
    "destination_ip": "",
    "destination_port": "",
    "query_name": "",
    "process_guid": null,
    "parent_process_guid": null,
    "process_id": null,
    "parent_process_id": null,
    "source_dataset": "collected",
    "source_file": "live_collection/192.168.55.52",
    "label": 0,
    "process_group_no": null,
    "process_event_order": null
  },
  {
    "record_id": 2939,
    "time_created": "2026-06-30T08:07:48",
    "event_id": 1,
    "provider_name": "Microsoft-Windows-Sysmon",
    "process_name": "sh.exe",
    "command_line": "\"C:/Program Files/Git/usr/bin/sh.exe\" -c \"git credential-manager store\" \"git credential-manager store\"",
    "parent_process": null,
    "destination_ip": "",
    "destination_port": "",
    "query_name": "",
    "process_guid": null,
    "parent_process_guid": null,
    "process_id": null,
    "parent_process_id": null,
    "source_dataset": "collected",
    "source_file": "live_collection/192.168.55.52",
    "label": 0,
    "process_group_no": null,
    "process_event_order": null
  },
  {
    "record_id": 2940,
    "time_created": "2026-06-30T08:07:48",
    "event_id": 3,
    "provider_name": "Microsoft-Windows-Sysmon",
    "process_name": "git-remote-https.exe",
    "command_line": "",
    "parent_process": null,
    "destination_ip": "20.200.245.247",
    "destination_port": "443",
    "query_name": "",
    "process_guid": null,
    "parent_process_guid": null,
    "process_id": null,
    "parent_process_id": null,
    "source_dataset": "collected",
    "source_file": "live_collection/192.168.55.52",
    "label": 0,
    "process_group_no": null,
    "process_event_order": null
  },
  {
    "record_id": 2941,
    "time_created": "2026-06-30T08:07:48",
    "event_id": 1,
    "provider_name": "Microsoft-Windows-Sysmon",
    "process_name": "git.exe",
    "command_line": "\"C:\\Program Files\\Git\\mingw64\\libexec\\git-core\\git.exe\" credential-manager store",
    "parent_process": null,
    "destination_ip": "",
    "destination_port": "",
    "query_name": "",
    "process_guid": null,
    "parent_process_guid": null,
    "process_id": null,
    "parent_process_id": null,
    "source_dataset": "collected",
    "source_file": "live_collection/192.168.55.52",
    "label": 0,
    "process_group_no": null,
    "process_event_order": null
  },
  {
    "record_id": 2942,
    "time_created": "2026-06-30T08:07:48",
    "event_id": 1,
    "provider_name": "Microsoft-Windows-Sysmon",
    "process_name": "git-credential-manager.exe",
    "command_line": "git-credential-manager store",
    "parent_process": null,
    "destination_ip": "",
    "destination_port": "",
    "query_name": "",
    "process_guid": null,
    "parent_process_guid": null,
    "process_id": null,
    "parent_process_id": null,
    "source_dataset": "collected",
    "source_file": "live_collection/192.168.55.52",
    "label": 0,
    "process_group_no": null,
    "process_event_order": null
  },
