  {
    "record_id": 2785,
    "time_created": "2026-06-30T08:08:25",
    "event_id": 3,
    "provider_name": "Microsoft-Windows-Sysmon",
    "process_name": "vmnat.exe",
    "command_line": "",
    "parent_process": null,
    "destination_ip": "203.251.234.16",
    "destination_port": "443",
    "query_name": "",
    "process_guid": null,
    "parent_process_guid": null,
    "process_id": null,
    "parent_process_id": null,
    "source_dataset": "collected",
    "source_file": "live_collection/192.168.55.52",
    "label": 0,
    "process_group_no": null,
    "process_event_order": null
  },
  {
    "record_id": 2786,
    "time_created": "2026-06-30T08:07:42",
    "event_id": 5,
    "provider_name": "Microsoft-Windows-Sysmon",
    "process_name": "conhost.exe",
    "command_line": "",
    "parent_process": null,
    "destination_ip": "",
    "destination_port": "",
    "query_name": "",
    "process_guid": null,
    "parent_process_guid": null,
    "process_id": null,
    "parent_process_id": null,
    "source_dataset": "collected",
    "source_file": "live_collection/192.168.55.52",
    "label": 0,
    "process_group_no": null,
    "process_event_order": null
  },
  {
    "record_id": 2787,
    "time_created": "2026-06-30T08:07:42",
    "event_id": 5,
    "provider_name": "Microsoft-Windows-Sysmon",
    "process_name": "git.exe",
    "command_line": "",
    "parent_process": null,
    "destination_ip": "",
    "destination_port": "",
    "query_name": "",
    "process_guid": null,
    "parent_process_guid": null,
    "process_id": null,
    "parent_process_id": null,
    "source_dataset": "collected",
    "source_file": "live_collection/192.168.55.52",
    "label": 0,
    "process_group_no": null,
    "process_event_order": null
  },
  {
    "record_id": 2788,
    "time_created": "2026-06-30T08:07:42",
    "event_id": 5,
    "provider_name": "Microsoft-Windows-Sysmon",
    "process_name": "git.exe",
    "command_line": "",
    "parent_process": null,
    "destination_ip": "",
    "destination_port": "",
    "query_name": "",
    "process_guid": null,
    "parent_process_guid": null,
    "process_id": null,
    "parent_process_id": null,
    "source_dataset": "collected",
    "source_file": "live_collection/192.168.55.52",
    "label": 0,
    "process_group_no": null,
    "process_event_order": null
  },
  {
    "record_id": 2789,
    "time_created": "2026-06-30T08:07:42",
    "event_id": 5,
    "provider_name": "Microsoft-Windows-Sysmon",
    "process_name": "conhost.exe",
    "command_line": "",
    "parent_process": null,
    "destination_ip": "",
    "destination_port": "",
    "query_name": "",
    "process_guid": null,
    "parent_process_guid": null,
    "process_id": null,
    "parent_process_id": null,
    "source_dataset": "collected",
    "source_file": "live_collection/192.168.55.52",
    "label": 0,
    "process_group_no": null,
    "process_event_order": null
  },
  {
    "record_id": 2790,
    "time_created": "2026-06-30T08:07:42",
    "event_id": 1,
    "provider_name": "Microsoft-Windows-Sysmon",
    "process_name": "git.exe",
    "command_line": "\"C:\\Program Files\\Git\\cmd\\git.exe\" merge-base refs/heads/main refs/remotes/origin/main",
    "parent_process": null,
    "destination_ip": "",
    "destination_port": "",
    "query_name": "",
    "process_guid": null,
    "parent_process_guid": null,
    "process_id": null,
    "parent_process_id": null,
    "source_dataset": "collected",
    "source_file": "live_collection/192.168.55.52",
    "label": 0,
    "process_group_no": null,
    "process_event_order": null
  },
  {
    "record_id": 2791,
    "time_created": "2026-06-30T08:07:42",
    "event_id": 1,
    "provider_name": "Microsoft-Windows-Sysmon",
    "process_name": "conhost.exe",
    "command_line": "\\??\\C:\\WINDOWS\\system32\\conhost.exe 0xffffffff -ForceV1",
    "parent_process": null,
    "destination_ip": "",
    "destination_port": "",
    "query_name": "",
    "process_guid": null,
    "parent_process_guid": null,
    "process_id": null,
    "parent_process_id": null,
    "source_dataset": "collected",
    "source_file": "live_collection/192.168.55.52",
    "label": 0,
    "process_group_no": null,
    "process_event_order": null
  },
  {
    "record_id": 2792,
    "time_created": "2026-06-30T08:07:42",
    "event_id": 1,
    "provider_name": "Microsoft-Windows-Sysmon",
    "process_name": "git.exe",
    "command_line": "git.exe merge-base refs/heads/main refs/remotes/origin/main",
    "parent_process": null,
    "destination_ip": "",
    "destination_port": "",
    "query_name": "",
    "process_guid": null,
    "parent_process_guid": null,
    "process_id": null,
    "parent_process_id": null,
    "source_dataset": "collected",
    "source_file": "live_collection/192.168.55.52",
    "label": 0,
    "process_group_no": null,
    "process_event_order": null
  },
  {
    "record_id": 2793,
    "time_created": "2026-06-30T08:07:42",
    "event_id": 1,
    "provider_name": "Microsoft-Windows-Sysmon",
    "process_name": "git.exe",
    "command_line": "\"C:\\Program Files\\Git\\cmd\\git.exe\" check-ignore -v -z --stdin",
    "parent_process": null,
    "destination_ip": "",
    "destination_port": "",
    "query_name": "",
    "process_guid": null,
    "parent_process_guid": null,
    "process_id": null,
    "parent_process_id": null,
    "source_dataset": "collected",
    "source_file": "live_collection/192.168.55.52",
    "label": 0,
    "process_group_no": null,
    "process_event_order": null
  },
  {
    "record_id": 2794,
    "time_created": "2026-06-30T08:07:42",
    "event_id": 1,
    "provider_name": "Microsoft-Windows-Sysmon",
    "process_name": "conhost.exe",
    "command_line": "\\??\\C:\\WINDOWS\\system32\\conhost.exe 0xffffffff -ForceV1",
    "parent_process": null,
    "destination_ip": "",
    "destination_port": "",
    "query_name": "",
    "process_guid": null,
    "parent_process_guid": null,
    "process_id": null,
    "parent_process_id": null,
    "source_dataset": "collected",
    "source_file": "live_collection/192.168.55.52",
    "label": 0,
    "process_group_no": null,
    "process_event_order": null
  },
  {
    "record_id": 2795,
    "time_created": "2026-06-30T08:07:42",
    "event_id": 5,
    "provider_name": "Microsoft-Windows-Sysmon",
    "process_name": "git.exe",
    "command_line": "",
    "parent_process": null,
    "destination_ip": "",
    "destination_port": "",
    "query_name": "",
    "process_guid": null,
    "parent_process_guid": null,
    "process_id": null,
    "parent_process_id": null,
    "source_dataset": "collected",
    "source_file": "live_collection/192.168.55.52",
    "label": 0,
    "process_group_no": null,
    "process_event_order": null
  },
  {
    "record_id": 2796,
    "time_created": "2026-06-30T08:07:42",
    "event_id": 5,
    "provider_name": "Microsoft-Windows-Sysmon",
    "process_name": "git.exe",
    "command_line": "",
    "parent_process": null,
    "destination_ip": "",
    "destination_port": "",
    "query_name": "",
    "process_guid": null,
    "parent_process_guid": null,
    "process_id": null,
    "parent_process_id": null,
    "source_dataset": "collected",
    "source_file": "live_collection/192.168.55.52",
    "label": 0,
    "process_group_no": null,
    "process_event_order": null
  },
  {
    "record_id": 2797,
    "time_created": "2026-06-30T08:07:42",
    "event_id": 5,
    "provider_name": "Microsoft-Windows-Sysmon",
    "process_name": "conhost.exe",
    "command_line": "",
    "parent_process": null,
    "destination_ip": "",
    "destination_port": "",
    "query_name": "",
    "process_guid": null,
    "parent_process_guid": null,
    "process_id": null,
    "parent_process_id": null,
    "source_dataset": "collected",
    "source_file": "live_collection/192.168.55.52",
    "label": 0,
    "process_group_no": null,
    "process_event_order": null
  },
  {
    "record_id": 2798,
    "time_created": "2026-06-30T08:07:42",
    "event_id": 1,
    "provider_name": "Microsoft-Windows-Sysmon",
    "process_name": "git.exe",
    "command_line": "git.exe check-ignore -v -z --stdin",
    "parent_process": null,
    "destination_ip": "",
    "destination_port": "",
    "query_name": "",
    "process_guid": null,
    "parent_process_guid": null,
    "process_id": null,
    "parent_process_id": null,
    "source_dataset": "collected",
    "source_file": "live_collection/192.168.55.52",
    "label": 0,
    "process_group_no": null,
    "process_event_order": null
  },
  {
    "record_id": 2799,
    "time_created": "2026-06-30T08:07:42",
    "event_id": 3,
    "provider_name": "Microsoft-Windows-Sysmon",
    "process_name": "vmnat.exe",
    "command_line": "",
    "parent_process": null,
    "destination_ip": "203.251.234.8",
    "destination_port": "443",
    "query_name": "",
    "process_guid": null,
    "parent_process_guid": null,
    "process_id": null,
    "parent_process_id": null,
    "source_dataset": "collected",
    "source_file": "live_collection/192.168.55.52",
    "label": 0,
    "process_group_no": null,
    "process_event_order": null
  },
  {
    "record_id": 2800,
    "time_created": "2026-06-30T08:07:42",
    "event_id": 3,
    "provider_name": "Microsoft-Windows-Sysmon",
    "process_name": "vmnat.exe",
    "command_line": "",
    "parent_process": null,
    "destination_ip": "203.251.234.8",
    "destination_port": "443",
    "query_name": "",
    "process_guid": null,
    "parent_process_guid": null,
    "process_id": null,
    "parent_process_id": null,
    "source_dataset": "collected",
    "source_file": "live_collection/192.168.55.52",
    "label": 0,
    "process_group_no": null,
    "process_event_order": null
  },
  {
    "record_id": 2801,
    "time_created": "2026-06-30T08:07:42",
    "event_id": 1,
    "provider_name": "Microsoft-Windows-Sysmon",
    "process_name": "git.exe",
    "command_line": "\"C:\\Program Files\\Git\\cmd\\git.exe\" diff --raw --numstat --diff-filter=ADMR -z --find-renames=50%% 091c480eaeb5be459eb447461d65d5697d04784e...refs/remotes/origin/main --",
    "parent_process": null,
    "destination_ip": "",
    "destination_port": "",
    "query_name": "",
    "process_guid": null,
    "parent_process_guid": null,
    "process_id": null,
    "parent_process_id": null,
    "source_dataset": "collected",
    "source_file": "live_collection/192.168.55.52",
    "label": 0,
    "process_group_no": null,
    "process_event_order": null
  },
  {
    "record_id": 2802,
    "time_created": "2026-06-30T08:07:42",
    "event_id": 5,
    "provider_name": "Microsoft-Windows-Sysmon",
    "process_name": "git.exe",
    "command_line": "",
    "parent_process": null,
    "destination_ip": "",
    "destination_port": "",
    "query_name": "",
    "process_guid": null,
    "parent_process_guid": null,
    "process_id": null,
    "parent_process_id": null,
    "source_dataset": "collected",
    "source_file": "live_collection/192.168.55.52",
    "label": 0,
    "process_group_no": null,
    "process_event_order": null
  },
  {
    "record_id": 2803,
    "time_created": "2026-06-30T08:07:42",
    "event_id": 1,
    "provider_name": "Microsoft-Windows-Sysmon",
    "process_name": "conhost.exe",
    "command_line": "\\??\\C:\\WINDOWS\\system32\\conhost.exe 0xffffffff -ForceV1",
    "parent_process": null,
    "destination_ip": "",
    "destination_port": "",
    "query_name": "",
    "process_guid": null,
    "parent_process_guid": null,
    "process_id": null,
    "parent_process_id": null,
    "source_dataset": "collected",
    "source_file": "live_collection/192.168.55.52",
    "label": 0,
    "process_group_no": null,
    "process_event_order": null
  },
  {
    "record_id": 2804,
    "time_created": "2026-06-30T08:07:42",
    "event_id": 5,
    "provider_name": "Microsoft-Windows-Sysmon",
    "process_name": "git.exe",
    "command_line": "",
    "parent_process": null,
    "destination_ip": "",
    "destination_port": "",
    "query_name": "",
    "process_guid": null,
    "parent_process_guid": null,
    "process_id": null,
    "parent_process_id": null,
    "source_dataset": "collected",
    "source_file": "live_collection/192.168.55.52",
    "label": 0,
    "process_group_no": null,
    "process_event_order": null
  },
  {
    "record_id": 2805,
    "time_created": "2026-06-30T08:07:42",
    "event_id": 5,
    "provider_name": "Microsoft-Windows-Sysmon",
    "process_name": "conhost.exe",
    "command_line": "",
    "parent_process": null,
    "destination_ip": "",
    "destination_port": "",
    "query_name": "",
    "process_guid": null,
    "parent_process_guid": null,
    "process_id": null,
    "parent_process_id": null,
    "source_dataset": "collected",
    "source_file": "live_collection/192.168.55.52",
    "label": 0,
    "process_group_no": null,
    "process_event_order": null
  },
  {
    "record_id": 2806,
    "time_created": "2026-06-30T08:07:42",
    "event_id": 1,
    "provider_name": "Microsoft-Windows-Sysmon",
    "process_name": "git.exe",
    "command_line": "git.exe diff --raw --numstat --diff-filter=ADMR -z --find-renames=50%% 091c480eaeb5be459eb447461d65d5697d04784e...refs/remotes/origin/main --",
    "parent_process": null,
    "destination_ip": "",
    "destination_port": "",
    "query_name": "",
    "process_guid": null,
    "parent_process_guid": null,
    "process_id": null,
    "parent_process_id": null,
    "source_dataset": "collected",
    "source_file": "live_collection/192.168.55.52",
    "label": 0,
    "process_group_no": null,
    "process_event_order": null
  },
  {
    "record_id": 2807,
    "time_created": "2026-06-30T08:07:42",
    "event_id": 5,
    "provider_name": "Microsoft-Windows-Sysmon",
    "process_name": "git.exe",
    "command_line": "",
    "parent_process": null,
    "destination_ip": "",
    "destination_port": "",
    "query_name": "",
    "process_guid": null,
    "parent_process_guid": null,
    "process_id": null,
    "parent_process_id": null,
    "source_dataset": "collected",
    "source_file": "live_collection/192.168.55.52",
    "label": 0,
    "process_group_no": null,
    "process_event_order": null
  },
  {
    "record_id": 2808,
    "time_created": "2026-06-30T08:07:42",
    "event_id": 5,
    "provider_name": "Microsoft-Windows-Sysmon",
    "process_name": "git.exe",
    "command_line": "",
    "parent_process": null,
    "destination_ip": "",
    "destination_port": "",
    "query_name": "",
    "process_guid": null,
    "parent_process_guid": null,
    "process_id": null,
    "parent_process_id": null,
    "source_dataset": "collected",
    "source_file": "live_collection/192.168.55.52",
    "label": 0,
    "process_group_no": null,
    "process_event_order": null
  },
  {
    "record_id": 2809,
    "time_created": "2026-06-30T08:07:42",
    "event_id": 5,
    "provider_name": "Microsoft-Windows-Sysmon",
    "process_name": "conhost.exe",
    "command_line": "",
    "parent_process": null,
    "destination_ip": "",
    "destination_port": "",
    "query_name": "",
    "process_guid": null,
    "parent_process_guid": null,
    "process_id": null,
    "parent_process_id": null,
    "source_dataset": "collected",
    "source_file": "live_collection/192.168.55.52",
    "label": 0,
    "process_group_no": null,
    "process_event_order": null
  },
  {
    "record_id": 2810,
    "time_created": "2026-06-30T08:07:42",
    "event_id": 1,
    "provider_name": "Microsoft-Windows-Sysmon",
    "process_name": "git.exe",
    "command_line": "\"C:\\Program Files\\Git\\cmd\\git.exe\" check-ignore -v -z --stdin",
    "parent_process": null,
    "destination_ip": "",
    "destination_port": "",
    "query_name": "",
    "process_guid": null,
    "parent_process_guid": null,
    "process_id": null,
    "parent_process_id": null,
    "source_dataset": "collected",
    "source_file": "live_collection/192.168.55.52",
    "label": 0,
    "process_group_no": null,
    "process_event_order": null
  },
  {
    "record_id": 2811,
    "time_created": "2026-06-30T08:07:42",
    "event_id": 1,
    "provider_name": "Microsoft-Windows-Sysmon",
    "process_name": "conhost.exe",
    "command_line": "\\??\\C:\\WINDOWS\\system32\\conhost.exe 0xffffffff -ForceV1",
    "parent_process": null,
    "destination_ip": "",
    "destination_port": "",
    "query_name": "",
    "process_guid": null,
    "parent_process_guid": null,
    "process_id": null,
    "parent_process_id": null,
    "source_dataset": "collected",
    "source_file": "live_collection/192.168.55.52",
    "label": 0,
    "process_group_no": null,
    "process_event_order": null
  },
  {
    "record_id": 2812,
    "time_created": "2026-06-30T08:07:42",
    "event_id": 1,
    "provider_name": "Microsoft-Windows-Sysmon",
    "process_name": "git.exe",
    "command_line": "git.exe check-ignore -v -z --stdin",
    "parent_process": null,
    "destination_ip": "",
    "destination_port": "",
    "query_name": "",
    "process_guid": null,
    "parent_process_guid": null,
    "process_id": null,
    "parent_process_id": null,
    "source_dataset": "collected",
    "source_file": "live_collection/192.168.55.52",
    "label": 0,
    "process_group_no": null,
    "process_event_order": null
  },
  {
    "record_id": 2813,
    "time_created": "2026-06-30T08:07:42",
    "event_id": 5,
    "provider_name": "Microsoft-Windows-Sysmon",
    "process_name": "git.exe",
    "command_line": "",
    "parent_process": null,
    "destination_ip": "",
    "destination_port": "",
    "query_name": "",
    "process_guid": null,
    "parent_process_guid": null,
    "process_id": null,
    "parent_process_id": null,
    "source_dataset": "collected",
    "source_file": "live_collection/192.168.55.52",
    "label": 0,
    "process_group_no": null,
    "process_event_order": null
  },
  {
    "record_id": 2814,
    "time_created": "2026-06-30T08:07:42",
    "event_id": 5,
    "provider_name": "Microsoft-Windows-Sysmon",
    "process_name": "git.exe",
    "command_line": "",
    "parent_process": null,
    "destination_ip": "",
    "destination_port": "",
    "query_name": "",
    "process_guid": null,
    "parent_process_guid": null,
    "process_id": null,
    "parent_process_id": null,
    "source_dataset": "collected",
    "source_file": "live_collection/192.168.55.52",
    "label": 0,
    "process_group_no": null,
    "process_event_order": null
  },
  {
    "record_id": 2815,
    "time_created": "2026-06-30T08:07:42",
    "event_id": 5,
    "provider_name": "Microsoft-Windows-Sysmon",
    "process_name": "conhost.exe",
    "command_line": "",
    "parent_process": null,
    "destination_ip": "",
    "destination_port": "",
    "query_name": "",
    "process_guid": null,
    "parent_process_guid": null,
    "process_id": null,
    "parent_process_id": null,
    "source_dataset": "collected",
    "source_file": "live_collection/192.168.55.52",
    "label": 0,
    "process_group_no": null,
    "process_event_order": null
  },
  {
    "record_id": 2816,
    "time_created": "2026-06-30T08:07:43",
    "event_id": 3,
    "provider_name": "Microsoft-Windows-Sysmon",
    "process_name": "claude.exe",
    "command_line": "",
    "parent_process": null,
    "destination_ip": "34.149.66.137",
    "destination_port": "443",
    "query_name": "",
    "process_guid": null,
    "parent_process_guid": null,
    "process_id": null,
    "parent_process_id": null,
    "source_dataset": "collected",
    "source_file": "live_collection/192.168.55.52",
    "label": 0,
    "process_group_no": null,
    "process_event_order": null
  },
  {
    "record_id": 2817,
    "time_created": "2026-06-30T08:07:43",
    "event_id": 3,
    "provider_name": "Microsoft-Windows-Sysmon",
    "process_name": "ASDSvc.exe",
    "command_line": "",
    "parent_process": null,
    "destination_ip": "211.115.106.209",
    "destination_port": "80",
    "query_name": "",
    "process_guid": null,
    "parent_process_guid": null,
    "process_id": null,
    "parent_process_id": null,
    "source_dataset": "collected",
    "source_file": "live_collection/192.168.55.52",
    "label": 0,
    "process_group_no": null,
    "process_event_order": null
  },
  {
    "record_id": 2818,
    "time_created": "2026-06-30T08:07:45",
    "event_id": 3,
    "provider_name": "Microsoft-Windows-Sysmon",
    "process_name": "Code.exe",
    "command_line": "",
    "parent_process": null,
    "destination_ip": "210.220.163.82",
    "destination_port": "53",
    "query_name": "",
    "process_guid": null,
    "parent_process_guid": null,
    "process_id": null,
    "parent_process_id": null,
    "source_dataset": "collected",
    "source_file": "live_collection/192.168.55.52",
    "label": 0,
    "process_group_no": null,
    "process_event_order": null
  },
  {
    "record_id": 2819,
    "time_created": "2026-06-30T08:07:45",
    "event_id": 3,
    "provider_name": "Microsoft-Windows-Sysmon",
    "process_name": "Code.exe",
    "command_line": "",
    "parent_process": null,
    "destination_ip": "210.220.163.82",
    "destination_port": "53",
    "query_name": "",
    "process_guid": null,
    "parent_process_guid": null,
    "process_id": null,
    "parent_process_id": null,
    "source_dataset": "collected",
    "source_file": "live_collection/192.168.55.52",
    "label": 0,
    "process_group_no": null,
    "process_event_order": null
  },
  {
    "record_id": 2820,
    "time_created": "2026-06-30T08:07:46",
    "event_id": 1,
    "provider_name": "Microsoft-Windows-Sysmon",
    "process_name": "bash.exe",
    "command_line": "\"C:\\Program Files\\Git\\bin\\bash.exe\" -c \"source /c/Users/user/.claude/shell-snapshots/snapshot-bash-1782769080164-nfzx9a.sh 2>/dev/null || true && export TEMP='C:\\Users\\user\\AppData\\Local\\Temp' TMP='C:\\Users\\user\\AppData\\Local\\Temp' && shopt -u extglob 2>/dev/null || true && eval 'git push kwj main' < /dev/null && pwd -P >| /c/Users/user/AppData/Local/Temp/claude-a1f6-cwd\"",
    "parent_process": null,
    "destination_ip": "",
    "destination_port": "",
    "query_name": "",
    "process_guid": null,
    "parent_process_guid": null,
    "process_id": null,
    "parent_process_id": null,
    "source_dataset": "collected",
    "source_file": "live_collection/192.168.55.52",
    "label": 0,
    "process_group_no": null,
    "process_event_order": null
  },
  {
    "record_id": 2821,
    "time_created": "2026-06-30T08:07:46",
    "event_id": 1,
    "provider_name": "Microsoft-Windows-Sysmon",
    "process_name": "bash.exe",
    "command_line": "\"C:\\Program Files\\Git\\bin\\..\\usr\\bin\\bash.exe\" -c \"source /c/Users/user/.claude/shell-snapshots/snapshot-bash-1782769080164-nfzx9a.sh 2>/dev/null || true && export TEMP='C:\\Users\\user\\AppData\\Local\\Temp' TMP='C:\\Users\\user\\AppData\\Local\\Temp' && shopt -u extglob 2>/dev/null || true && eval 'git push kwj main' < /dev/null && pwd -P >| /c/Users/user/AppData/Local/Temp/claude-a1f6-cwd\"",
    "parent_process": null,
    "destination_ip": "",
    "destination_port": "",
    "query_name": "",
    "process_guid": null,
    "parent_process_guid": null,
    "process_id": null,
    "parent_process_id": null,
    "source_dataset": "collected",
    "source_file": "live_collection/192.168.55.52",
    "label": 0,
    "process_group_no": null,
    "process_event_order": null
  },
  {
    "record_id": 2822,
    "time_created": "2026-06-30T08:07:46",
    "event_id": 1,
    "provider_name": "Microsoft-Windows-Sysmon",
    "process_name": "conhost.exe",
    "command_line": "\\??\\C:\\WINDOWS\\system32\\conhost.exe 0xffffffff -ForceV1",
    "parent_process": null,
    "destination_ip": "",
    "destination_port": "",
    "query_name": "",
    "process_guid": null,
    "parent_process_guid": null,
    "process_id": null,
    "parent_process_id": null,
    "source_dataset": "collected",
    "source_file": "live_collection/192.168.55.52",
    "label": 0,
    "process_group_no": null,
    "process_event_order": null
  },
  {
    "record_id": 2823,
    "time_created": "2026-06-30T08:07:46",
    "event_id": 1,
    "provider_name": "Microsoft-Windows-Sysmon",
    "process_name": "bash.exe",
    "command_line": "\"C:\\Program Files\\Git\\bin\\..\\usr\\bin\\bash.exe\" -c \"source /c/Users/user/.claude/shell-snapshots/snapshot-bash-1782769080164-nfzx9a.sh 2>/dev/null || true && export TEMP='C:\\Users\\user\\AppData\\Local\\Temp' TMP='C:\\Users\\user\\AppData\\Local\\Temp' && shopt -u extglob 2>/dev/null || true && eval 'git push kwj main' < /dev/null && pwd -P >| /c/Users/user/AppData/Local/Temp/claude-a1f6-cwd\"",
    "parent_process": null,
    "destination_ip": "",
    "destination_port": "",
    "query_name": "",
    "process_guid": null,
    "parent_process_guid": null,
    "process_id": null,
    "parent_process_id": null,
    "source_dataset": "collected",
    "source_file": "live_collection/192.168.55.52",
    "label": 0,
    "process_group_no": null,
    "process_event_order": null
  },
  {
    "record_id": 2824,
    "time_created": "2026-06-30T08:07:46",
    "event_id": 5,
    "provider_name": "Microsoft-Windows-Sysmon",
    "process_name": "bash.exe",
    "command_line": "",
    "parent_process": null,
    "destination_ip": "",
    "destination_port": "",
    "query_name": "",
    "process_guid": null,
    "parent_process_guid": null,
    "process_id": null,
    "parent_process_id": null,
    "source_dataset": "collected",
    "source_file": "live_collection/192.168.55.52",
    "label": 0,
    "process_group_no": null,
    "process_event_order": null
  },
  {
    "record_id": 2825,
    "time_created": "2026-06-30T08:07:46",
    "event_id": 1,
    "provider_name": "Microsoft-Windows-Sysmon",
    "process_name": "bash.exe",
    "command_line": "\"C:\\Program Files\\Git\\bin\\..\\usr\\bin\\bash.exe\" -c \"source /c/Users/user/.claude/shell-snapshots/snapshot-bash-1782769080164-nfzx9a.sh 2>/dev/null || true && export TEMP='C:\\Users\\user\\AppData\\Local\\Temp' TMP='C:\\Users\\user\\AppData\\Local\\Temp' && shopt -u extglob 2>/dev/null || true && eval 'git push kwj main' < /dev/null && pwd -P >| /c/Users/user/AppData/Local/Temp/claude-a1f6-cwd\"",
    "parent_process": null,
    "destination_ip": "",
    "destination_port": "",
    "query_name": "",
    "process_guid": null,
    "parent_process_guid": null,
    "process_id": null,
    "parent_process_id": null,
    "source_dataset": "collected",
    "source_file": "live_collection/192.168.55.52",
    "label": 0,
    "process_group_no": null,
    "process_event_order": null
  },
  {
    "record_id": 2826,
    "time_created": "2026-06-30T08:07:46",
    "event_id": 1,
    "provider_name": "Microsoft-Windows-Sysmon",
    "process_name": "git.exe",
    "command_line": "\"C:\\Program Files\\Git\\mingw64\\bin\\git.exe\" push kwj main",
    "parent_process": null,
    "destination_ip": "",
    "destination_port": "",
    "query_name": "",
    "process_guid": null,
    "parent_process_guid": null,
    "process_id": null,
    "parent_process_id": null,
    "source_dataset": "collected",
    "source_file": "live_collection/192.168.55.52",
    "label": 0,
    "process_group_no": null,
    "process_event_order": null
  },
  {
    "record_id": 2827,
    "time_created": "2026-06-30T08:07:47",
    "event_id": 1,
    "provider_name": "Microsoft-Windows-Sysmon",
    "process_name": "git.exe",
    "command_line": "git remote-https kwj https://github.com/kwj1025/edr",
    "parent_process": null,
    "destination_ip": "",
    "destination_port": "",
    "query_name": "",
    "process_guid": null,
    "parent_process_guid": null,
    "process_id": null,
    "parent_process_id": null,
    "source_dataset": "collected",
    "source_file": "live_collection/192.168.55.52",
    "label": 0,
    "process_group_no": null,
    "process_event_order": null
  },
  {
    "record_id": 2828,
    "time_created": "2026-06-30T08:07:47",
    "event_id": 1,
    "provider_name": "Microsoft-Windows-Sysmon",
    "process_name": "git-remote-https.exe",
    "command_line": "git-remote-https kwj https://github.com/kwj1025/edr",
    "parent_process": null,
    "destination_ip": "",
    "destination_port": "",
    "query_name": "",
    "process_guid": null,
    "parent_process_guid": null,
    "process_id": null,
    "parent_process_id": null,
    "source_dataset": "collected",
    "source_file": "live_collection/192.168.55.52",
    "label": 0,
    "process_group_no": null,
    "process_event_order": null
  },
  {
    "record_id": 2829,
    "time_created": "2026-06-30T08:07:47",
    "event_id": 1,
    "provider_name": "Microsoft-Windows-Sysmon",
    "process_name": "sh.exe",
    "command_line": "\"C:/Program Files/Git/usr/bin/sh.exe\" -c \"git credential-manager get\" \"git credential-manager get\"",
    "parent_process": null,
    "destination_ip": "",
    "destination_port": "",
    "query_name": "",
    "process_guid": null,
    "parent_process_guid": null,
    "process_id": null,
    "parent_process_id": null,
    "source_dataset": "collected",
    "source_file": "live_collection/192.168.55.52",
    "label": 0,
    "process_group_no": null,
    "process_event_order": null
  },
  {
    "record_id": 2830,
    "time_created": "2026-06-30T08:07:47",
    "event_id": 1,
    "provider_name": "Microsoft-Windows-Sysmon",
    "process_name": "git.exe",
    "command_line": "\"C:\\Program Files\\Git\\mingw64\\libexec\\git-core\\git.exe\" credential-manager get",
    "parent_process": null,
    "destination_ip": "",
    "destination_port": "",
    "query_name": "",
    "process_guid": null,
    "parent_process_guid": null,
    "process_id": null,
    "parent_process_id": null,
    "source_dataset": "collected",
    "source_file": "live_collection/192.168.55.52",
    "label": 0,
    "process_group_no": null,
    "process_event_order": null
  },
  {
    "record_id": 2831,
    "time_created": "2026-06-30T08:07:47",
    "event_id": 1,
    "provider_name": "Microsoft-Windows-Sysmon",
    "process_name": "git-credential-manager.exe",
    "command_line": "git-credential-manager get",
    "parent_process": null,
    "destination_ip": "",
    "destination_port": "",
    "query_name": "",
    "process_guid": null,
    "parent_process_guid": null,
    "process_id": null,
    "parent_process_id": null,
    "source_dataset": "collected",
    "source_file": "live_collection/192.168.55.52",
    "label": 0,
    "process_group_no": null,
    "process_event_order": null
  },
  {
    "record_id": 2832,
    "time_created": "2026-06-30T08:07:47",
    "event_id": 1,
    "provider_name": "Microsoft-Windows-Sysmon",
    "process_name": "git.exe",
    "command_line": "\"C:/Program Files/Git/mingw64/libexec/git-core\\git.exe\" config --null  --list",
    "parent_process": null,
    "destination_ip": "",
    "destination_port": "",
    "query_name": "",
    "process_guid": null,
    "parent_process_guid": null,
    "process_id": null,
    "parent_process_id": null,
    "source_dataset": "collected",
    "source_file": "live_collection/192.168.55.52",
    "label": 0,
    "process_group_no": null,
    "process_event_order": null
  },
  {
    "record_id": 2833,
    "time_created": "2026-06-30T08:07:47",
    "event_id": 5,
    "provider_name": "Microsoft-Windows-Sysmon",
    "process_name": "git.exe",
    "command_line": "",
    "parent_process": null,
    "destination_ip": "",
    "destination_port": "",
    "query_name": "",
    "process_guid": null,
    "parent_process_guid": null,
    "process_id": null,
    "parent_process_id": null,
    "source_dataset": "collected",
    "source_file": "live_collection/192.168.55.52",
    "label": 0,
    "process_group_no": null,
    "process_event_order": null
  },
  {
    "record_id": 2834,
    "time_created": "2026-06-30T08:07:48",
    "event_id": 5,
    "provider_name": "Microsoft-Windows-Sysmon",
    "process_name": "git-credential-manager.exe",
    "command_line": "",
    "parent_process": null,
    "destination_ip": "",
    "destination_port": "",
    "query_name": "",
    "process_guid": null,
    "parent_process_guid": null,
    "process_id": null,
    "parent_process_id": null,
    "source_dataset": "collected",
    "source_file": "live_collection/192.168.55.52",
    "label": 0,
    "process_group_no": null,
    "process_event_order": null
  },
  {
    "record_id": 2835,
    "time_created": "2026-06-30T08:07:48",
    "event_id": 5,
    "provider_name": "Microsoft-Windows-Sysmon",
    "process_name": "git.exe",
    "command_line": "",
    "parent_process": null,
    "destination_ip": "",
    "destination_port": "",
    "query_name": "",
    "process_guid": null,
    "parent_process_guid": null,
    "process_id": null,
    "parent_process_id": null,
    "source_dataset": "collected",
    "source_file": "live_collection/192.168.55.52",
    "label": 0,
    "process_group_no": null,
    "process_event_order": null
  },
  {
    "record_id": 2836,
    "time_created": "2026-06-30T08:07:48",
    "event_id": 5,
    "provider_name": "Microsoft-Windows-Sysmon",
    "process_name": "sh.exe",
    "command_line": "",
    "parent_process": null,
    "destination_ip": "",
    "destination_port": "",
    "query_name": "",
    "process_guid": null,
    "parent_process_guid": null,
    "process_id": null,
    "parent_process_id": null,
    "source_dataset": "collected",
    "source_file": "live_collection/192.168.55.52",
    "label": 0,
    "process_group_no": null,
    "process_event_order": null
  },
  {
    "record_id": 2837,
    "time_created": "2026-06-30T08:07:48",
    "event_id": 1,
    "provider_name": "Microsoft-Windows-Sysmon",
    "process_name": "sh.exe",
    "command_line": "\"C:/Program Files/Git/usr/bin/sh.exe\" -c \"git credential-manager store\" \"git credential-manager store\"",
    "parent_process": null,
    "destination_ip": "",
    "destination_port": "",
    "query_name": "",
    "process_guid": null,
    "parent_process_guid": null,
    "process_id": null,
    "parent_process_id": null,
    "source_dataset": "collected",
    "source_file": "live_collection/192.168.55.52",
    "label": 0,
    "process_group_no": null,
    "process_event_order": null
  },
  {
    "record_id": 2838,
    "time_created": "2026-06-30T08:07:48",
    "event_id": 3,
    "provider_name": "Microsoft-Windows-Sysmon",
    "process_name": "git-remote-https.exe",
    "command_line": "",
    "parent_process": null,
    "destination_ip": "20.200.245.247",
    "destination_port": "443",
    "query_name": "",
    "process_guid": null,
    "parent_process_guid": null,
    "process_id": null,
    "parent_process_id": null,
    "source_dataset": "collected",
    "source_file": "live_collection/192.168.55.52",
    "label": 0,
    "process_group_no": null,
    "process_event_order": null
  },
  {
    "record_id": 2839,
    "time_created": "2026-06-30T08:07:48",
    "event_id": 1,
    "provider_name": "Microsoft-Windows-Sysmon",
    "process_name": "git.exe",
    "command_line": "\"C:\\Program Files\\Git\\mingw64\\libexec\\git-core\\git.exe\" credential-manager store",
    "parent_process": null,
    "destination_ip": "",
    "destination_port": "",
    "query_name": "",
    "process_guid": null,
    "parent_process_guid": null,
    "process_id": null,
    "parent_process_id": null,
    "source_dataset": "collected",
    "source_file": "live_collection/192.168.55.52",
    "label": 0,
    "process_group_no": null,
    "process_event_order": null
  },
  {
    "record_id": 2840,
    "time_created": "2026-06-30T08:07:48",
    "event_id": 1,
    "provider_name": "Microsoft-Windows-Sysmon",
    "process_name": "git-credential-manager.exe",
    "command_line": "git-credential-manager store",
    "parent_process": null,
    "destination_ip": "",
    "destination_port": "",
    "query_name": "",
    "process_guid": null,
    "parent_process_guid": null,
    "process_id": null,
    "parent_process_id": null,
    "source_dataset": "collected",
    "source_file": "live_collection/192.168.55.52",
    "label": 0,
    "process_group_no": null,
    "process_event_order": null
  },
  {
    "record_id": 2841,
    "time_created": "2026-06-30T08:07:48",
    "event_id": 1,
    "provider_name": "Microsoft-Windows-Sysmon",
    "process_name": "git.exe",
    "command_line": "\"C:/Program Files/Git/mingw64/libexec/git-core\\git.exe\" config --null  --list",
    "parent_process": null,
    "destination_ip": "",
    "destination_port": "",
    "query_name": "",
    "process_guid": null,
    "parent_process_guid": null,
    "process_id": null,
    "parent_process_id": null,
    "source_dataset": "collected",
    "source_file": "live_collection/192.168.55.52",
    "label": 0,
    "process_group_no": null,
    "process_event_order": null
  },
  {
    "record_id": 2842,
    "time_created": "2026-06-30T08:07:48",
    "event_id": 5,
    "provider_name": "Microsoft-Windows-Sysmon",
    "process_name": "git.exe",
    "command_line": "",
    "parent_process": null,
    "destination_ip": "",
    "destination_port": "",
    "query_name": "",
    "process_guid": null,
    "parent_process_guid": null,
    "process_id": null,
    "parent_process_id": null,
    "source_dataset": "collected",
    "source_file": "live_collection/192.168.55.52",
    "label": 0,
    "process_group_no": null,
    "process_event_order": null
  },
  {
    "record_id": 2843,
    "time_created": "2026-06-30T08:07:48",
    "event_id": 5,
    "provider_name": "Microsoft-Windows-Sysmon",
    "process_name": "git-credential-manager.exe",
    "command_line": "",
    "parent_process": null,
    "destination_ip": "",
    "destination_port": "",
    "query_name": "",
    "process_guid": null,
    "parent_process_guid": null,
    "process_id": null,
    "parent_process_id": null,
    "source_dataset": "collected",
    "source_file": "live_collection/192.168.55.52",
    "label": 0,
    "process_group_no": null,
    "process_event_order": null
  },
  {
    "record_id": 2844,
    "time_created": "2026-06-30T08:07:48",
    "event_id": 5,
    "provider_name": "Microsoft-Windows-Sysmon",
    "process_name": "git.exe",
    "command_line": "",
    "parent_process": null,
    "destination_ip": "",
    "destination_port": "",
    "query_name": "",
    "process_guid": null,
    "parent_process_guid": null,
    "process_id": null,
    "parent_process_id": null,
    "source_dataset": "collected",
    "source_file": "live_collection/192.168.55.52",
    "label": 0,
    "process_group_no": null,
    "process_event_order": null
  },
  {
    "record_id": 2845,
    "time_created": "2026-06-30T08:07:48",
    "event_id": 5,
    "provider_name": "Microsoft-Windows-Sysmon",
    "process_name": "sh.exe",
    "command_line": "",
    "parent_process": null,
    "destination_ip": "",
    "destination_port": "",
    "query_name": "",
    "process_guid": null,
    "parent_process_guid": null,
    "process_id": null,
    "parent_process_id": null,
    "source_dataset": "collected",
    "source_file": "live_collection/192.168.55.52",
    "label": 0,
    "process_group_no": null,
    "process_event_order": null
  },
  {
    "record_id": 2846,
    "time_created": "2026-06-30T08:07:48",
    "event_id": 1,
    "provider_name": "Microsoft-Windows-Sysmon",
    "process_name": "git.exe",
    "command_line": "git send-pack --stateless-rpc --helper-status --thin --no-progress https://github.com/kwj1025/edr/ --stdin",
    "parent_process": null,
    "destination_ip": "",
    "destination_port": "",
    "query_name": "",
    "process_guid": null,
    "parent_process_guid": null,
    "process_id": null,
    "parent_process_id": null,
    "source_dataset": "collected",
    "source_file": "live_collection/192.168.55.52",
    "label": 0,
    "process_group_no": null,
    "process_event_order": null
  },
  {
    "record_id": 2847,
    "time_created": "2026-06-30T08:07:48",
    "event_id": 1,
    "provider_name": "Microsoft-Windows-Sysmon",
    "process_name": "git.exe",
    "command_line": "git pack-objects --all-progress-implied --revs --stdout --thin --delta-base-offset -q",
    "parent_process": null,
    "destination_ip": "",
    "destination_port": "",
    "query_name": "",
    "process_guid": null,
    "parent_process_guid": null,
    "process_id": null,
    "parent_process_id": null,
    "source_dataset": "collected",
    "source_file": "live_collection/192.168.55.52",
    "label": 0,
    "process_group_no": null,
    "process_event_order": null
  },
  {
    "record_id": 2848,
    "time_created": "2026-06-30T08:07:49",
    "event_id": 5,
    "provider_name": "Microsoft-Windows-Sysmon",
    "process_name": "git.exe",
    "command_line": "",
    "parent_process": null,
    "destination_ip": "",
    "destination_port": "",
    "query_name": "",
    "process_guid": null,
    "parent_process_guid": null,
    "process_id": null,
    "parent_process_id": null,
    "source_dataset": "collected",
    "source_file": "live_collection/192.168.55.52",
    "label": 0,
    "process_group_no": null,
    "process_event_order": null
  },
  {
    "record_id": 2849,
    "time_created": "2026-06-30T08:07:49",
    "event_id": 1,
    "provider_name": "Microsoft-Windows-Sysmon",
    "process_name": "conhost.exe",
    "command_line": "\\??\\C:\\WINDOWS\\system32\\conhost.exe 0xffffffff -ForceV1",
    "parent_process": null,
    "destination_ip": "",
    "destination_port": "",
    "query_name": "",
    "process_guid": null,
    "parent_process_guid": null,
    "process_id": null,
    "parent_process_id": null,
    "source_dataset": "collected",
    "source_file": "live_collection/192.168.55.52",
    "label": 0,
    "process_group_no": null,
    "process_event_order": null
  },
  {
    "record_id": 2850,
    "time_created": "2026-06-30T08:07:49",
    "event_id": 5,
    "provider_name": "Microsoft-Windows-Sysmon",
    "process_name": "git.exe",
    "command_line": "",
    "parent_process": null,
    "destination_ip": "",
    "destination_port": "",
    "query_name": "",
    "process_guid": null,
    "parent_process_guid": null,
    "process_id": null,
    "parent_process_id": null,
    "source_dataset": "collected",
    "source_file": "live_collection/192.168.55.52",
    "label": 0,
    "process_group_no": null,
    "process_event_order": null
  },
  {
    "record_id": 2851,
    "time_created": "2026-06-30T08:07:49",
    "event_id": 5,
    "provider_name": "Microsoft-Windows-Sysmon",
    "process_name": "git-remote-https.exe",
    "command_line": "",
    "parent_process": null,
    "destination_ip": "",
    "destination_port": "",
    "query_name": "",
    "process_guid": null,
    "parent_process_guid": null,
    "process_id": null,
    "parent_process_id": null,
    "source_dataset": "collected",
    "source_file": "live_collection/192.168.55.52",
    "label": 0,
    "process_group_no": null,
    "process_event_order": null
  },
  {
    "record_id": 2852,
    "time_created": "2026-06-30T08:07:49",
    "event_id": 5,
    "provider_name": "Microsoft-Windows-Sysmon",
    "process_name": "git.exe",
    "command_line": "",
    "parent_process": null,
    "destination_ip": "",
    "destination_port": "",
    "query_name": "",
    "process_guid": null,
    "parent_process_guid": null,
    "process_id": null,
    "parent_process_id": null,
    "source_dataset": "collected",
    "source_file": "live_collection/192.168.55.52",
    "label": 0,
    "process_group_no": null,
    "process_event_order": null
  },
  {
    "record_id": 2853,
    "time_created": "2026-06-30T08:07:49",
    "event_id": 5,
    "provider_name": "Microsoft-Windows-Sysmon",
    "process_name": "git.exe",
    "command_line": "",
    "parent_process": null,
    "destination_ip": "",
    "destination_port": "",
    "query_name": "",
    "process_guid": null,
    "parent_process_guid": null,
    "process_id": null,
    "parent_process_id": null,
    "source_dataset": "collected",
    "source_file": "live_collection/192.168.55.52",
    "label": 0,
    "process_group_no": null,
    "process_event_order": null
  },
  {
    "record_id": 2854,
    "time_created": "2026-06-30T08:07:49",
    "event_id": 5,
    "provider_name": "Microsoft-Windows-Sysmon",
    "process_name": "bash.exe",
    "command_line": "",
    "parent_process": null,
    "destination_ip": "",
    "destination_port": "",
    "query_name": "",
    "process_guid": null,
    "parent_process_guid": null,
    "process_id": null,
    "parent_process_id": null,
    "source_dataset": "collected",
    "source_file": "live_collection/192.168.55.52",
    "label": 0,
    "process_group_no": null,
    "process_event_order": null
  },
  {
    "record_id": 2855,
    "time_created": "2026-06-30T08:07:49",
    "event_id": 5,
    "provider_name": "Microsoft-Windows-Sysmon",
    "process_name": "bash.exe",
    "command_line": "",
    "parent_process": null,
    "destination_ip": "",
    "destination_port": "",
    "query_name": "",
    "process_guid": null,
    "parent_process_guid": null,
    "process_id": null,
    "parent_process_id": null,
    "source_dataset": "collected",
    "source_file": "live_collection/192.168.55.52",
    "label": 0,
    "process_group_no": null,
    "process_event_order": null
  },
  {
    "record_id": 2856,
    "time_created": "2026-06-30T08:07:49",
    "event_id": 5,
    "provider_name": "Microsoft-Windows-Sysmon",
    "process_name": "conhost.exe",
    "command_line": "",
    "parent_process": null,
    "destination_ip": "",
    "destination_port": "",
    "query_name": "",
    "process_guid": null,
    "parent_process_guid": null,
    "process_id": null,
    "parent_process_id": null,
    "source_dataset": "collected",
    "source_file": "live_collection/192.168.55.52",
    "label": 0,
    "process_group_no": null,
    "process_event_order": null
  },
  {
    "record_id": 2857,
    "time_created": "2026-06-30T08:07:49",
    "event_id": 5,
    "provider_name": "Microsoft-Windows-Sysmon",
    "process_name": "bash.exe",
    "command_line": "",
    "parent_process": null,
    "destination_ip": "",
    "destination_port": "",
    "query_name": "",
    "process_guid": null,
    "parent_process_guid": null,
    "process_id": null,
    "parent_process_id": null,
    "source_dataset": "collected",
    "source_file": "live_collection/192.168.55.52",
    "label": 0,
    "process_group_no": null,
    "process_event_order": null
  },
  {
    "record_id": 2858,
    "time_created": "2026-06-30T08:07:49",
    "event_id": 1,
    "provider_name": "Microsoft-Windows-Sysmon",
    "process_name": "where.exe",
    "command_line": "C:\\WINDOWS\\System32\\where.exe gh",
    "parent_process": null,
    "destination_ip": "",
    "destination_port": "",
    "query_name": "",
    "process_guid": null,
    "parent_process_guid": null,
    "process_id": null,
    "parent_process_id": null,
    "source_dataset": "collected",
    "source_file": "live_collection/192.168.55.52",
    "label": 0,
    "process_group_no": null,
    "process_event_order": null
  },
  {
    "record_id": 2859,
    "time_created": "2026-06-30T08:07:49",
    "event_id": 5,
    "provider_name": "Microsoft-Windows-Sysmon",
    "process_name": "where.exe",
    "command_line": "",
    "parent_process": null,
    "destination_ip": "",
    "destination_port": "",
    "query_name": "",
    "process_guid": null,
    "parent_process_guid": null,
    "process_id": null,
    "parent_process_id": null,
    "source_dataset": "collected",
    "source_file": "live_collection/192.168.55.52",
    "label": 0,
    "process_group_no": null,
    "process_event_order": null
  },
  {
    "record_id": 2860,
    "time_created": "2026-06-30T08:07:50",
    "event_id": 22,
    "provider_name": "Microsoft-Windows-Sysmon",
    "process_name": "git-remote-https.exe",
    "command_line": "",
    "parent_process": null,
    "destination_ip": "",
    "destination_port": "",
    "query_name": "github.com",
    "process_guid": null,
    "parent_process_guid": null,
    "process_id": null,
    "parent_process_id": null,
    "source_dataset": "collected",
    "source_file": "live_collection/192.168.55.52",
    "label": 0,
    "process_group_no": null,
    "process_event_order": null
  },
  {
    "record_id": 2861,
    "time_created": "2026-06-30T08:07:51",
    "event_id": 5,
    "provider_name": "Microsoft-Windows-Sysmon",
    "process_name": "powershell.exe",
    "command_line": "",
    "parent_process": null,
    "destination_ip": "",
    "destination_port": "",
    "query_name": "",
    "process_guid": null,
    "parent_process_guid": null,
    "process_id": null,
    "parent_process_id": null,
    "source_dataset": "collected",
    "source_file": "live_collection/192.168.55.52",
    "label": 0,
    "process_group_no": null,
    "process_event_order": null
  },
  {
    "record_id": 2862,
    "time_created": "2026-06-30T08:07:51",
    "event_id": 5,
    "provider_name": "Microsoft-Windows-Sysmon",
    "process_name": "conhost.exe",
    "command_line": "",
    "parent_process": null,
    "destination_ip": "",
    "destination_port": "",
    "query_name": "",
    "process_guid": null,
    "parent_process_guid": null,
    "process_id": null,
    "parent_process_id": null,
    "source_dataset": "collected",
    "source_file": "live_collection/192.168.55.52",
    "label": 0,
    "process_group_no": null,
    "process_event_order": null
  },
  {
    "record_id": 2863,
    "time_created": "2026-06-30T08:07:53",
    "event_id": 3,
    "provider_name": "Microsoft-Windows-Sysmon",
    "process_name": "chrome.exe",
    "command_line": "",
    "parent_process": null,
    "destination_ip": "210.220.163.82",
    "destination_port": "53",
    "query_name": "",
    "process_guid": null,
    "parent_process_guid": null,
    "process_id": null,
    "parent_process_id": null,
    "source_dataset": "collected",
    "source_file": "live_collection/192.168.55.52",
    "label": 0,
    "process_group_no": null,
    "process_event_order": null
  },
