  {
    "record_id": 545,
    "time_created": "2026-06-30T12:13:48",
    "event_id": 3,
    "provider_name": "Microsoft-Windows-Sysmon",
    "process_name": "ASDSvc.exe",
    "command_line": "",
    "parent_process": null,
    "destination_ip": "211.115.106.202",
    "destination_port": "80",
    "query_name": "",
    "process_guid": null,
    "parent_process_guid": null,
    "process_id": null,
    "parent_process_id": null,
    "source_dataset": "collected",
    "source_file": "live_collection/192.168.55.52",
    "label": 0,
    "process_group_no": null,
    "process_event_order": null
  },
  {
    "record_id": 546,
    "time_created": "2026-06-30T12:13:53",
    "event_id": 1,
    "provider_name": "Microsoft-Windows-Sysmon",
    "process_name": "conhost.exe",
    "command_line": "\\??\\C:\\WINDOWS\\system32\\conhost.exe 0xffffffff -ForceV1",
    "parent_process": null,
    "destination_ip": "",
    "destination_port": "",
    "query_name": "",
    "process_guid": null,
    "parent_process_guid": null,
    "process_id": null,
    "parent_process_id": null,
    "source_dataset": "collected",
    "source_file": "live_collection/192.168.55.52",
    "label": 0,
    "process_group_no": null,
    "process_event_order": null
  },
  {
    "record_id": 547,
    "time_created": "2026-06-30T12:13:54",
    "event_id": 5,
    "provider_name": "Microsoft-Windows-Sysmon",
    "process_name": "powershell.exe",
    "command_line": "",
    "parent_process": null,
    "destination_ip": "",
    "destination_port": "",
    "query_name": "",
    "process_guid": null,
    "parent_process_guid": null,
    "process_id": null,
    "parent_process_id": null,
    "source_dataset": "collected",
    "source_file": "live_collection/192.168.55.52",
    "label": 0,
    "process_group_no": null,
    "process_event_order": null
  },
  {
    "record_id": 548,
    "time_created": "2026-06-30T12:13:54",
    "event_id": 5,
    "provider_name": "Microsoft-Windows-Sysmon",
    "process_name": "conhost.exe",
    "command_line": "",
    "parent_process": null,
    "destination_ip": "",
    "destination_port": "",
    "query_name": "",
    "process_guid": null,
    "parent_process_guid": null,
    "process_id": null,
    "parent_process_id": null,
    "source_dataset": "collected",
    "source_file": "live_collection/192.168.55.52",
    "label": 0,
    "process_group_no": null,
    "process_event_order": null
  },
  {
    "record_id": 549,
    "time_created": "2026-06-30T12:13:55",
    "event_id": 3,
    "provider_name": "Microsoft-Windows-Sysmon",
    "process_name": "ASDSvc.exe",
    "command_line": "",
    "parent_process": null,
    "destination_ip": "211.115.106.202",
    "destination_port": "80",
    "query_name": "",
    "process_guid": null,
    "parent_process_guid": null,
    "process_id": null,
    "parent_process_id": null,
    "source_dataset": "collected",
    "source_file": "live_collection/192.168.55.52",
    "label": 0,
    "process_group_no": null,
    "process_event_order": null
  },
  {
    "record_id": 550,
    "time_created": "2026-06-30T12:14:00",
    "event_id": 1,
    "provider_name": "Microsoft-Windows-Sysmon",
    "process_name": "python.exe",
    "command_line": "\"C:\\Users\\user\\AppData\\Local\\Programs\\Python\\Python313\\python.exe\" -m streamlit run C:\\Users\\user\\Desktop\\EDR\\dashboards\\admin_dashboard.py",
    "parent_process": null,
    "destination_ip": "",
    "destination_port": "",
    "query_name": "",
    "process_guid": null,
    "parent_process_guid": null,
    "process_id": null,
    "parent_process_id": null,
    "source_dataset": "collected",
    "source_file": "live_collection/192.168.55.52",
    "label": 0,
    "process_group_no": null,
    "process_event_order": null
  },
  {
    "record_id": 551,
    "time_created": "2026-06-30T12:14:00",
    "event_id": 1,
    "provider_name": "Microsoft-Windows-Sysmon",
    "process_name": "conhost.exe",
    "command_line": "\\??\\C:\\WINDOWS\\system32\\conhost.exe 0xffffffff -ForceV1",
    "parent_process": null,
    "destination_ip": "",
    "destination_port": "",
    "query_name": "",
    "process_guid": null,
    "parent_process_guid": null,
    "process_id": null,
    "parent_process_id": null,
    "source_dataset": "collected",
    "source_file": "live_collection/192.168.55.52",
    "label": 0,
    "process_group_no": null,
    "process_event_order": null
  },
  {
    "record_id": 552,
    "time_created": "2026-06-30T12:14:00",
    "event_id": 5,
    "provider_name": "Microsoft-Windows-Sysmon",
    "process_name": "powershell.exe",
    "command_line": "",
    "parent_process": null,
    "destination_ip": "",
    "destination_port": "",
    "query_name": "",
    "process_guid": null,
    "parent_process_guid": null,
    "process_id": null,
    "parent_process_id": null,
    "source_dataset": "collected",
    "source_file": "live_collection/192.168.55.52",
    "label": 0,
    "process_group_no": null,
    "process_event_order": null
  },
  {
    "record_id": 553,
    "time_created": "2026-06-30T12:14:01",
    "event_id": 3,
    "provider_name": "Microsoft-Windows-Sysmon",
    "process_name": "ASDSvc.exe",
    "command_line": "",
    "parent_process": null,
    "destination_ip": "211.115.106.79",
    "destination_port": "80",
    "query_name": "",
    "process_guid": null,
    "parent_process_guid": null,
    "process_id": null,
    "parent_process_id": null,
    "source_dataset": "collected",
    "source_file": "live_collection/192.168.55.52",
    "label": 0,
    "process_group_no": null,
    "process_event_order": null
  },
  {
    "record_id": 554,
    "time_created": "2026-06-30T12:14:02",
    "event_id": 1,
    "provider_name": "Microsoft-Windows-Sysmon",
    "process_name": "chrome.exe",
    "command_line": "\"C:\\Program Files (x86)\\Google\\Chrome\\Application\\chrome.exe\" --single-argument http://localhost:8501/",
    "parent_process": null,
    "destination_ip": "",
    "destination_port": "",
    "query_name": "",
    "process_guid": null,
    "parent_process_guid": null,
    "process_id": null,
    "parent_process_id": null,
    "source_dataset": "collected",
    "source_file": "live_collection/192.168.55.52",
    "label": 0,
    "process_group_no": null,
    "process_event_order": null
  },
  {
    "record_id": 555,
    "time_created": "2026-06-30T12:14:02",
    "event_id": 1,
    "provider_name": "Microsoft-Windows-Sysmon",
    "process_name": "chrome.exe",
    "command_line": "\"C:\\Program Files (x86)\\Google\\Chrome\\Application\\chrome.exe\" --type=crashpad-handler \"--user-data-dir=C:\\Users\\user\\AppData\\Local\\Google\\Chrome\\User Data\" /prefetch:4 --monitor-self-annotation=ptype=crashpad-handler \"--database=C:\\Users\\user\\AppData\\Local\\Google\\Chrome\\User Data\\Crashpad\" \"--metrics-dir=C:\\Users\\user\\AppData\\Local\\Google\\Chrome\\User Data\" --url=https://clients2.google.com/cr/report --annotation=channel= --annotation=plat=Win64 --annotation=prod=Chrome --annotation=ver=149.0.7827.197 --initial-client-data=0x11c,0x120,0x124,0xf8,0x128,0x7fff596ec9e0,0x7fff596ec9ec,0x7fff596ec9f8",
    "parent_process": null,
    "destination_ip": "",
    "destination_port": "",
    "query_name": "",
    "process_guid": null,
    "parent_process_guid": null,
    "process_id": null,
    "parent_process_id": null,
    "source_dataset": "collected",
    "source_file": "live_collection/192.168.55.52",
    "label": 0,
    "process_group_no": null,
    "process_event_order": null
  },
  {
    "record_id": 556,
    "time_created": "2026-06-30T12:14:02",
    "event_id": 5,
    "provider_name": "Microsoft-Windows-Sysmon",
    "process_name": "chrome.exe",
    "command_line": "",
    "parent_process": null,
    "destination_ip": "",
    "destination_port": "",
    "query_name": "",
    "process_guid": null,
    "parent_process_guid": null,
    "process_id": null,
    "parent_process_id": null,
    "source_dataset": "collected",
    "source_file": "live_collection/192.168.55.52",
    "label": 0,
    "process_group_no": null,
    "process_event_order": null
  },
  {
    "record_id": 557,
    "time_created": "2026-06-30T12:14:02",
    "event_id": 1,
    "provider_name": "Microsoft-Windows-Sysmon",
    "process_name": "chrome.exe",
    "command_line": "\"C:\\Program Files (x86)\\Google\\Chrome\\Application\\chrome.exe\" --type=renderer --origin-trial-disabled-features=CanvasTextNg|WebAssemblyCustomDescriptors --no-pre-read-main-dll --video-capture-use-gpu-memory-buffer --lang=ko --device-scale-factor=1 --num-raster-threads=3 --enable-main-frame-before-activation --renderer-client-id=112 --time-ticks-at-unix-epoch=-1782757078037454 --launch-time-ticks=32164147476 --metrics-shmem-handle=8940,i,7785968626178137170,12619648095602240098,2097152 --field-trial-handle=2072,i,13642895438352464947,13206856470309052393,262144 --disable-features=LocalNetworkAccessChecks --variations-seed-version=20260629-090059.675000-production --pseudonymization-salt-handle=2100,i,11403762369690310472,3374413806832889549,4 --trace-process-track-uuid=3190709091260558582 --mojo-platform-channel-handle=7804 /prefetch:1",
    "parent_process": null,
    "destination_ip": "",
    "destination_port": "",
    "query_name": "",
    "process_guid": null,
    "parent_process_guid": null,
    "process_id": null,
    "parent_process_id": null,
    "source_dataset": "collected",
    "source_file": "live_collection/192.168.55.52",
    "label": 0,
    "process_group_no": null,
    "process_event_order": null
  },
  {
    "record_id": 558,
    "time_created": "2026-06-30T12:14:02",
    "event_id": 5,
    "provider_name": "Microsoft-Windows-Sysmon",
    "process_name": "chrome.exe",
    "command_line": "",
    "parent_process": null,
    "destination_ip": "",
    "destination_port": "",
    "query_name": "",
    "process_guid": null,
    "parent_process_guid": null,
    "process_id": null,
    "parent_process_id": null,
    "source_dataset": "collected",
    "source_file": "live_collection/192.168.55.52",
    "label": 0,
    "process_group_no": null,
    "process_event_order": null
  },
  {
    "record_id": 559,
    "time_created": "2026-06-30T12:14:02",
    "event_id": 3,
    "provider_name": "Microsoft-Windows-Sysmon",
    "process_name": "ASDSvc.exe",
    "command_line": "",
    "parent_process": null,
    "destination_ip": "211.115.106.79",
    "destination_port": "80",
    "query_name": "",
    "process_guid": null,
    "parent_process_guid": null,
    "process_id": null,
    "parent_process_id": null,
    "source_dataset": "collected",
    "source_file": "live_collection/192.168.55.52",
    "label": 0,
    "process_group_no": null,
    "process_event_order": null
  },
  {
    "record_id": 560,
    "time_created": "2026-06-30T12:14:03",
    "event_id": 1,
    "provider_name": "Microsoft-Windows-Sysmon",
    "process_name": "svchost.exe",
    "command_line": "C:\\WINDOWS\\System32\\svchost.exe -k netsvcs -p -s NetSetupSvc",
    "parent_process": null,
    "destination_ip": "",
    "destination_port": "",
    "query_name": "",
    "process_guid": null,
    "parent_process_guid": null,
    "process_id": null,
    "parent_process_id": null,
    "source_dataset": "collected",
    "source_file": "live_collection/192.168.55.52",
    "label": 0,
    "process_group_no": null,
    "process_event_order": null
  },
  {
    "record_id": 561,
    "time_created": "2026-06-30T12:14:03",
    "event_id": 1,
    "provider_name": "Microsoft-Windows-Sysmon",
    "process_name": "ASDWsc.exe",
    "command_line": "\"C:\\Program Files\\AhnLab\\Safe Transaction\\ASDWsc.exe\" /fw /register /accessflag:0",
    "parent_process": null,
    "destination_ip": "",
    "destination_port": "",
    "query_name": "",
    "process_guid": null,
    "parent_process_guid": null,
    "process_id": null,
    "parent_process_id": null,
    "source_dataset": "collected",
    "source_file": "live_collection/192.168.55.52",
    "label": 0,
    "process_group_no": null,
    "process_event_order": null
  },
  {
    "record_id": 562,
    "time_created": "2026-06-30T12:14:03",
    "event_id": 5,
    "provider_name": "Microsoft-Windows-Sysmon",
    "process_name": "ASDWsc.exe",
    "command_line": "",
    "parent_process": null,
    "destination_ip": "",
    "destination_port": "",
    "query_name": "",
    "process_guid": null,
    "parent_process_guid": null,
    "process_id": null,
    "parent_process_id": null,
    "source_dataset": "collected",
    "source_file": "live_collection/192.168.55.52",
    "label": 0,
    "process_group_no": null,
    "process_event_order": null
  },
  {
    "record_id": 563,
    "time_created": "2026-06-30T12:14:04",
    "event_id": 3,
    "provider_name": "Microsoft-Windows-Sysmon",
    "process_name": "StSess.exe",
    "command_line": "",
    "parent_process": null,
    "destination_ip": "101.79.211.35",
    "destination_port": "80",
    "query_name": "",
    "process_guid": null,
    "parent_process_guid": null,
    "process_id": null,
    "parent_process_id": null,
    "source_dataset": "collected",
    "source_file": "live_collection/192.168.55.52",
    "label": 0,
    "process_group_no": null,
    "process_event_order": null
  },
  {
    "record_id": 564,
    "time_created": "2026-06-30T12:14:04",
    "event_id": 3,
    "provider_name": "Microsoft-Windows-Sysmon",
    "process_name": "chrome.exe",
    "command_line": "",
    "parent_process": null,
    "destination_ip": "210.220.163.82",
    "destination_port": "53",
    "query_name": "",
    "process_guid": null,
    "parent_process_guid": null,
    "process_id": null,
    "parent_process_id": null,
    "source_dataset": "collected",
    "source_file": "live_collection/192.168.55.52",
    "label": 0,
    "process_group_no": null,
    "process_event_order": null
  },
  {
    "record_id": 565,
    "time_created": "2026-06-30T12:14:04",
    "event_id": 3,
    "provider_name": "Microsoft-Windows-Sysmon",
    "process_name": "chrome.exe",
    "command_line": "",
    "parent_process": null,
    "destination_ip": "210.220.163.82",
    "destination_port": "53",
    "query_name": "",
    "process_guid": null,
    "parent_process_guid": null,
    "process_id": null,
    "parent_process_id": null,
    "source_dataset": "collected",
    "source_file": "live_collection/192.168.55.52",
    "label": 0,
    "process_group_no": null,
    "process_event_order": null
  },
  {
    "record_id": 566,
    "time_created": "2026-06-30T12:14:04",
    "event_id": 3,
    "provider_name": "Microsoft-Windows-Sysmon",
    "process_name": "chrome.exe",
    "command_line": "",
    "parent_process": null,
    "destination_ip": "210.220.163.82",
    "destination_port": "53",
    "query_name": "",
    "process_guid": null,
    "parent_process_guid": null,
    "process_id": null,
    "parent_process_id": null,
    "source_dataset": "collected",
    "source_file": "live_collection/192.168.55.52",
    "label": 0,
    "process_group_no": null,
    "process_event_order": null
  },
  {
    "record_id": 567,
    "time_created": "2026-06-30T12:14:04",
    "event_id": 3,
    "provider_name": "Microsoft-Windows-Sysmon",
    "process_name": "chrome.exe",
    "command_line": "",
    "parent_process": null,
    "destination_ip": "35.237.69.59",
    "destination_port": "443",
    "query_name": "",
    "process_guid": null,
    "parent_process_guid": null,
    "process_id": null,
    "parent_process_id": null,
    "source_dataset": "collected",
    "source_file": "live_collection/192.168.55.52",
    "label": 0,
    "process_group_no": null,
    "process_event_order": null
  },
  {
    "record_id": 568,
    "time_created": "2026-06-30T12:14:04",
    "event_id": 3,
    "provider_name": "Microsoft-Windows-Sysmon",
    "process_name": "ASDSvc.exe",
    "command_line": "",
    "parent_process": null,
    "destination_ip": "211.115.106.79",
    "destination_port": "80",
    "query_name": "",
    "process_guid": null,
    "parent_process_guid": null,
    "process_id": null,
    "parent_process_id": null,
    "source_dataset": "collected",
    "source_file": "live_collection/192.168.55.52",
    "label": 0,
    "process_group_no": null,
    "process_event_order": null
  },
  {
    "record_id": 569,
    "time_created": "2026-06-30T12:14:06",
    "event_id": 5,
    "provider_name": "Microsoft-Windows-Sysmon",
    "process_name": "dllhost.exe",
    "command_line": "",
    "parent_process": null,
    "destination_ip": "",
    "destination_port": "",
    "query_name": "",
    "process_guid": null,
    "parent_process_guid": null,
    "process_id": null,
    "parent_process_id": null,
    "source_dataset": "collected",
    "source_file": "live_collection/192.168.55.52",
    "label": 0,
    "process_group_no": null,
    "process_event_order": null
  },
  {
    "record_id": 570,
    "time_created": "2026-06-30T12:14:07",
    "event_id": 3,
    "provider_name": "Microsoft-Windows-Sysmon",
    "process_name": "chrome.exe",
    "command_line": "",
    "parent_process": null,
    "destination_ip": "210.220.163.82",
    "destination_port": "53",
    "query_name": "",
    "process_guid": null,
    "parent_process_guid": null,
    "process_id": null,
    "parent_process_id": null,
    "source_dataset": "collected",
    "source_file": "live_collection/192.168.55.52",
    "label": 0,
    "process_group_no": null,
    "process_event_order": null
  },
  {
    "record_id": 571,
    "time_created": "2026-06-30T12:14:07",
    "event_id": 3,
    "provider_name": "Microsoft-Windows-Sysmon",
    "process_name": "chrome.exe",
    "command_line": "",
    "parent_process": null,
    "destination_ip": "210.220.163.82",
    "destination_port": "53",
    "query_name": "",
    "process_guid": null,
    "parent_process_guid": null,
    "process_id": null,
    "parent_process_id": null,
    "source_dataset": "collected",
    "source_file": "live_collection/192.168.55.52",
    "label": 0,
    "process_group_no": null,
    "process_event_order": null
  },
  {
    "record_id": 572,
    "time_created": "2026-06-30T12:14:07",
    "event_id": 3,
    "provider_name": "Microsoft-Windows-Sysmon",
    "process_name": "chrome.exe",
    "command_line": "",
    "parent_process": null,
    "destination_ip": "142.251.118.101",
    "destination_port": "443",
    "query_name": "",
    "process_guid": null,
    "parent_process_guid": null,
    "process_id": null,
    "parent_process_id": null,
    "source_dataset": "collected",
    "source_file": "live_collection/192.168.55.52",
    "label": 0,
    "process_group_no": null,
    "process_event_order": null
  },
  {
    "record_id": 573,
    "time_created": "2026-06-30T12:14:07",
    "event_id": 3,
    "provider_name": "Microsoft-Windows-Sysmon",
    "process_name": "chrome.exe",
    "command_line": "",
    "parent_process": null,
    "destination_ip": "142.251.118.101",
    "destination_port": "443",
    "query_name": "",
    "process_guid": null,
    "parent_process_guid": null,
    "process_id": null,
    "parent_process_id": null,
    "source_dataset": "collected",
    "source_file": "live_collection/192.168.55.52",
    "label": 0,
    "process_group_no": null,
    "process_event_order": null
  },
  {
    "record_id": 574,
    "time_created": "2026-06-30T12:14:07",
    "event_id": 22,
    "provider_name": "Microsoft-Windows-Sysmon",
    "process_name": "python.exe",
    "command_line": "",
    "parent_process": null,
    "destination_ip": "",
    "destination_port": "",
    "query_name": "localhost",
    "process_guid": null,
    "parent_process_guid": null,
    "process_id": null,
    "parent_process_id": null,
    "source_dataset": "collected",
    "source_file": "live_collection/192.168.55.52",
    "label": 0,
    "process_group_no": null,
    "process_event_order": null
  },
  {
    "record_id": 575,
    "time_created": "2026-06-30T12:14:08",
    "event_id": 3,
    "provider_name": "Microsoft-Windows-Sysmon",
    "process_name": "ASDSvc.exe",
    "command_line": "",
    "parent_process": null,
    "destination_ip": "211.115.106.79",
    "destination_port": "80",
    "query_name": "",
    "process_guid": null,
    "parent_process_guid": null,
    "process_id": null,
    "parent_process_id": null,
    "source_dataset": "collected",
    "source_file": "live_collection/192.168.55.52",
    "label": 0,
    "process_group_no": null,
    "process_event_order": null
  },
  {
    "record_id": 576,
    "time_created": "2026-06-30T12:14:08",
    "event_id": 3,
    "provider_name": "Microsoft-Windows-Sysmon",
    "process_name": "chrome.exe",
    "command_line": "",
    "parent_process": null,
    "destination_ip": "142.251.118.101",
    "destination_port": "443",
    "query_name": "",
    "process_guid": null,
    "parent_process_guid": null,
    "process_id": null,
    "parent_process_id": null,
    "source_dataset": "collected",
    "source_file": "live_collection/192.168.55.52",
    "label": 0,
    "process_group_no": null,
    "process_event_order": null
  },
  {
    "record_id": 577,
    "time_created": "2026-06-30T12:14:08",
    "event_id": 3,
    "provider_name": "Microsoft-Windows-Sysmon",
    "process_name": "ASDSvc.exe",
    "command_line": "",
    "parent_process": null,
    "destination_ip": "211.115.106.79",
    "destination_port": "80",
    "query_name": "",
    "process_guid": null,
    "parent_process_guid": null,
    "process_id": null,
    "parent_process_id": null,
    "source_dataset": "collected",
    "source_file": "live_collection/192.168.55.52",
    "label": 0,
    "process_group_no": null,
    "process_event_order": null
  },
  {
    "record_id": 578,
    "time_created": "2026-06-30T12:14:08",
    "event_id": 3,
    "provider_name": "Microsoft-Windows-Sysmon",
    "process_name": "ASDSvc.exe",
    "command_line": "",
    "parent_process": null,
    "destination_ip": "211.115.106.79",
    "destination_port": "80",
    "query_name": "",
    "process_guid": null,
    "parent_process_guid": null,
    "process_id": null,
    "parent_process_id": null,
    "source_dataset": "collected",
    "source_file": "live_collection/192.168.55.52",
    "label": 0,
    "process_group_no": null,
    "process_event_order": null
  },
  {
    "record_id": 579,
    "time_created": "2026-06-30T12:14:11",
    "event_id": 3,
    "provider_name": "Microsoft-Windows-Sysmon",
    "process_name": "chrome.exe",
    "command_line": "",
    "parent_process": null,
    "destination_ip": "210.220.163.82",
    "destination_port": "53",
    "query_name": "",
    "process_guid": null,
    "parent_process_guid": null,
    "process_id": null,
    "parent_process_id": null,
    "source_dataset": "collected",
    "source_file": "live_collection/192.168.55.52",
    "label": 0,
    "process_group_no": null,
    "process_event_order": null
  },
  {
    "record_id": 580,
    "time_created": "2026-06-30T12:14:11",
    "event_id": 3,
    "provider_name": "Microsoft-Windows-Sysmon",
    "process_name": "chrome.exe",
    "command_line": "",
    "parent_process": null,
    "destination_ip": "210.220.163.82",
    "destination_port": "53",
    "query_name": "",
    "process_guid": null,
    "parent_process_guid": null,
    "process_id": null,
    "parent_process_id": null,
    "source_dataset": "collected",
    "source_file": "live_collection/192.168.55.52",
    "label": 0,
    "process_group_no": null,
    "process_event_order": null
  },
  {
    "record_id": 581,
    "time_created": "2026-06-30T12:14:11",
    "event_id": 3,
    "provider_name": "Microsoft-Windows-Sysmon",
    "process_name": "chrome.exe",
    "command_line": "",
    "parent_process": null,
    "destination_ip": "210.220.163.82",
    "destination_port": "53",
    "query_name": "",
    "process_guid": null,
    "parent_process_guid": null,
    "process_id": null,
    "parent_process_id": null,
    "source_dataset": "collected",
    "source_file": "live_collection/192.168.55.52",
    "label": 0,
    "process_group_no": null,
    "process_event_order": null
  },
  {
    "record_id": 582,
    "time_created": "2026-06-30T12:14:11",
    "event_id": 3,
    "provider_name": "Microsoft-Windows-Sysmon",
    "process_name": "chrome.exe",
    "command_line": "",
    "parent_process": null,
    "destination_ip": "216.239.38.223",
    "destination_port": "443",
    "query_name": "",
    "process_guid": null,
    "parent_process_guid": null,
    "process_id": null,
    "parent_process_id": null,
    "source_dataset": "collected",
    "source_file": "live_collection/192.168.55.52",
    "label": 0,
    "process_group_no": null,
    "process_event_order": null
  },
  {
    "record_id": 583,
    "time_created": "2026-06-30T12:14:11",
    "event_id": 3,
    "provider_name": "Microsoft-Windows-Sysmon",
    "process_name": "chrome.exe",
    "command_line": "",
    "parent_process": null,
    "destination_ip": "216.239.38.223",
    "destination_port": "443",
    "query_name": "",
    "process_guid": null,
    "parent_process_guid": null,
    "process_id": null,
    "parent_process_id": null,
    "source_dataset": "collected",
    "source_file": "live_collection/192.168.55.52",
    "label": 0,
    "process_group_no": null,
    "process_event_order": null
  },
  {
    "record_id": 584,
    "time_created": "2026-06-30T12:14:11",
    "event_id": 3,
    "provider_name": "Microsoft-Windows-Sysmon",
    "process_name": "chrome.exe",
    "command_line": "",
    "parent_process": null,
    "destination_ip": "216.239.38.223",
    "destination_port": "443",
    "query_name": "",
    "process_guid": null,
    "parent_process_guid": null,
    "process_id": null,
    "parent_process_id": null,
    "source_dataset": "collected",
    "source_file": "live_collection/192.168.55.52",
    "label": 0,
    "process_group_no": null,
    "process_event_order": null
  },
  {
    "record_id": 585,
    "time_created": "2026-06-30T12:14:11",
    "event_id": 3,
    "provider_name": "Microsoft-Windows-Sysmon",
    "process_name": "chrome.exe",
    "command_line": "",
    "parent_process": null,
    "destination_ip": "216.239.38.223",
    "destination_port": "443",
    "query_name": "",
    "process_guid": null,
    "parent_process_guid": null,
    "process_id": null,
    "parent_process_id": null,
    "source_dataset": "collected",
    "source_file": "live_collection/192.168.55.52",
    "label": 0,
    "process_group_no": null,
    "process_event_order": null
  },
  {
    "record_id": 586,
    "time_created": "2026-06-30T12:14:31",
    "event_id": 3,
    "provider_name": "Microsoft-Windows-Sysmon",
    "process_name": "Code.exe",
    "command_line": "",
    "parent_process": null,
    "destination_ip": "210.220.163.82",
    "destination_port": "53",
    "query_name": "",
    "process_guid": null,
    "parent_process_guid": null,
    "process_id": null,
    "parent_process_id": null,
    "source_dataset": "collected",
    "source_file": "live_collection/192.168.55.52",
    "label": 0,
    "process_group_no": null,
    "process_event_order": null
  },
  {
    "record_id": 587,
    "time_created": "2026-06-30T12:14:31",
    "event_id": 3,
    "provider_name": "Microsoft-Windows-Sysmon",
    "process_name": "Code.exe",
    "command_line": "",
    "parent_process": null,
    "destination_ip": "210.220.163.82",
    "destination_port": "53",
    "query_name": "",
    "process_guid": null,
    "parent_process_guid": null,
    "process_id": null,
    "parent_process_id": null,
    "source_dataset": "collected",
    "source_file": "live_collection/192.168.55.52",
    "label": 0,
    "process_group_no": null,
    "process_event_order": null
  },
  {
    "record_id": 588,
    "time_created": "2026-06-30T12:14:32",
    "event_id": 3,
    "provider_name": "Microsoft-Windows-Sysmon",
    "process_name": "Code.exe",
    "command_line": "",
    "parent_process": null,
    "destination_ip": "150.171.110.131",
    "destination_port": "443",
    "query_name": "",
    "process_guid": null,
    "parent_process_guid": null,
    "process_id": null,
    "parent_process_id": null,
    "source_dataset": "collected",
    "source_file": "live_collection/192.168.55.52",
    "label": 0,
    "process_group_no": null,
    "process_event_order": null
  },
  {
    "record_id": 589,
    "time_created": "2026-06-30T12:15:03",
    "event_id": 5,
    "provider_name": "Microsoft-Windows-Sysmon",
    "process_name": "WmiPrvSE.exe",
    "command_line": "",
    "parent_process": null,
    "destination_ip": "",
    "destination_port": "",
    "query_name": "",
    "process_guid": null,
    "parent_process_guid": null,
    "process_id": null,
    "parent_process_id": null,
    "source_dataset": "collected",
    "source_file": "live_collection/192.168.55.52",
    "label": 0,
    "process_group_no": null,
    "process_event_order": null
  },
  {
    "record_id": 590,
    "time_created": "2026-06-30T12:15:05",
    "event_id": 22,
    "provider_name": "Microsoft-Windows-Sysmon",
    "process_name": "Code.exe",
    "command_line": "",
    "parent_process": null,
    "destination_ip": "",
    "destination_port": "",
    "query_name": "mobile.events.data.microsoft.com",
    "process_guid": null,
    "parent_process_guid": null,
    "process_id": null,
    "parent_process_id": null,
    "source_dataset": "collected",
    "source_file": "live_collection/192.168.55.52",
    "label": 0,
    "process_group_no": null,
    "process_event_order": null
  },
  {
    "record_id": 591,
    "time_created": "2026-06-30T12:15:05",
    "event_id": 3,
    "provider_name": "Microsoft-Windows-Sysmon",
    "process_name": "Code.exe",
    "command_line": "",
    "parent_process": null,
    "destination_ip": "20.184.175.23",
    "destination_port": "443",
    "query_name": "",
    "process_guid": null,
    "parent_process_guid": null,
    "process_id": null,
    "parent_process_id": null,
    "source_dataset": "collected",
    "source_file": "live_collection/192.168.55.52",
    "label": 0,
    "process_group_no": null,
    "process_event_order": null
  },
  {
    "record_id": 592,
    "time_created": "2026-06-30T12:15:06",
    "event_id": 5,
    "provider_name": "Microsoft-Windows-Sysmon",
    "process_name": "svchost.exe",
    "command_line": "",
    "parent_process": null,
    "destination_ip": "",
    "destination_port": "",
    "query_name": "",
    "process_guid": null,
    "parent_process_guid": null,
    "process_id": null,
    "parent_process_id": null,
    "source_dataset": "collected",
    "source_file": "live_collection/192.168.55.52",
    "label": 0,
    "process_group_no": null,
    "process_event_order": null
  },
  {
    "record_id": 593,
    "time_created": "2026-06-30T12:15:19",
    "event_id": 1,
    "provider_name": "Microsoft-Windows-Sysmon",
    "process_name": "svchost.exe",
    "command_line": "C:\\WINDOWS\\system32\\svchost.exe -k GPSvcGroup",
    "parent_process": null,
    "destination_ip": "",
    "destination_port": "",
    "query_name": "",
    "process_guid": null,
    "parent_process_guid": null,
    "process_id": null,
    "parent_process_id": null,
    "source_dataset": "collected",
    "source_file": "live_collection/192.168.55.52",
    "label": 0,
    "process_group_no": null,
    "process_event_order": null
  },
  {
    "record_id": 594,
    "time_created": "2026-06-30T12:15:53",
    "event_id": 3,
    "provider_name": "Microsoft-Windows-Sysmon",
    "process_name": "chrome.exe",
    "command_line": "",
    "parent_process": null,
    "destination_ip": "210.220.163.82",
    "destination_port": "53",
    "query_name": "",
    "process_guid": null,
    "parent_process_guid": null,
    "process_id": null,
    "parent_process_id": null,
    "source_dataset": "collected",
    "source_file": "live_collection/192.168.55.52",
    "label": 0,
    "process_group_no": null,
    "process_event_order": null
  },
  {
    "record_id": 595,
    "time_created": "2026-06-30T12:15:53",
    "event_id": 3,
    "provider_name": "Microsoft-Windows-Sysmon",
    "process_name": "chrome.exe",
    "command_line": "",
    "parent_process": null,
    "destination_ip": "210.220.163.82",
    "destination_port": "53",
    "query_name": "",
    "process_guid": null,
    "parent_process_guid": null,
    "process_id": null,
    "parent_process_id": null,
    "source_dataset": "collected",
    "source_file": "live_collection/192.168.55.52",
    "label": 0,
    "process_group_no": null,
    "process_event_order": null
  },
  {
    "record_id": 596,
    "time_created": "2026-06-30T12:15:53",
    "event_id": 3,
    "provider_name": "Microsoft-Windows-Sysmon",
    "process_name": "chrome.exe",
    "command_line": "",
    "parent_process": null,
    "destination_ip": "210.220.163.82",
    "destination_port": "53",
    "query_name": "",
    "process_guid": null,
    "parent_process_guid": null,
    "process_id": null,
    "parent_process_id": null,
    "source_dataset": "collected",
    "source_file": "live_collection/192.168.55.52",
    "label": 0,
    "process_group_no": null,
    "process_event_order": null
  },
  {
    "record_id": 597,
    "time_created": "2026-06-30T12:15:53",
    "event_id": 3,
    "provider_name": "Microsoft-Windows-Sysmon",
    "process_name": "chrome.exe",
    "command_line": "",
    "parent_process": null,
    "destination_ip": "142.251.157.119",
    "destination_port": "443",
    "query_name": "",
    "process_guid": null,
    "parent_process_guid": null,
    "process_id": null,
    "parent_process_id": null,
    "source_dataset": "collected",
    "source_file": "live_collection/192.168.55.52",
    "label": 0,
    "process_group_no": null,
    "process_event_order": null
  },
  {
    "record_id": 598,
    "time_created": "2026-06-30T12:15:53",
    "event_id": 3,
    "provider_name": "Microsoft-Windows-Sysmon",
    "process_name": "chrome.exe",
    "command_line": "",
    "parent_process": null,
    "destination_ip": "142.251.157.119",
    "destination_port": "443",
    "query_name": "",
    "process_guid": null,
    "parent_process_guid": null,
    "process_id": null,
    "parent_process_id": null,
    "source_dataset": "collected",
    "source_file": "live_collection/192.168.55.52",
    "label": 0,
    "process_group_no": null,
    "process_event_order": null
  },
  {
    "record_id": 599,
    "time_created": "2026-06-30T12:15:59",
    "event_id": 1,
    "provider_name": "Microsoft-Windows-Sysmon",
    "process_name": "dllhost.exe",
    "command_line": "C:\\WINDOWS\\system32\\DllHost.exe /Processid:{53362C64-A296-4F2D-A2F8-FD984D08340B}",
    "parent_process": null,
    "destination_ip": "",
    "destination_port": "",
    "query_name": "",
    "process_guid": null,
    "parent_process_guid": null,
    "process_id": null,
    "parent_process_id": null,
    "source_dataset": "collected",
    "source_file": "live_collection/192.168.55.52",
    "label": 0,
    "process_group_no": null,
    "process_event_order": null
  },
  {
    "record_id": 600,
    "time_created": "2026-06-30T12:16:16",
    "event_id": 1,
    "provider_name": "Microsoft-Windows-Sysmon",
    "process_name": "conhost.exe",
    "command_line": "\\??\\C:\\WINDOWS\\system32\\conhost.exe 0xffffffff -ForceV1",
    "parent_process": null,
    "destination_ip": "",
    "destination_port": "",
    "query_name": "",
    "process_guid": null,
    "parent_process_guid": null,
    "process_id": null,
    "parent_process_id": null,
    "source_dataset": "collected",
    "source_file": "live_collection/192.168.55.52",
    "label": 0,
    "process_group_no": null,
    "process_event_order": null
  },
  {
    "record_id": 601,
    "time_created": "2026-06-30T12:16:16",
    "event_id": 5,
    "provider_name": "Microsoft-Windows-Sysmon",
    "process_name": "powershell.exe",
    "command_line": "",
    "parent_process": null,
    "destination_ip": "",
    "destination_port": "",
    "query_name": "",
    "process_guid": null,
    "parent_process_guid": null,
    "process_id": null,
    "parent_process_id": null,
    "source_dataset": "collected",
    "source_file": "live_collection/192.168.55.52",
    "label": 0,
    "process_group_no": null,
    "process_event_order": null
  },
  {
    "record_id": 602,
    "time_created": "2026-06-30T12:16:16",
    "event_id": 5,
    "provider_name": "Microsoft-Windows-Sysmon",
    "process_name": "conhost.exe",
    "command_line": "",
    "parent_process": null,
    "destination_ip": "",
    "destination_port": "",
    "query_name": "",
    "process_guid": null,
    "parent_process_guid": null,
    "process_id": null,
    "parent_process_id": null,
    "source_dataset": "collected",
    "source_file": "live_collection/192.168.55.52",
    "label": 0,
    "process_group_no": null,
    "process_event_order": null
  },
  {
    "record_id": 603,
    "time_created": "2026-06-30T12:16:19",
    "event_id": 3,
    "provider_name": "Microsoft-Windows-Sysmon",
    "process_name": "ASDSvc.exe",
    "command_line": "",
    "parent_process": null,
    "destination_ip": "211.115.106.209",
    "destination_port": "80",
    "query_name": "",
    "process_guid": null,
    "parent_process_guid": null,
    "process_id": null,
    "parent_process_id": null,
    "source_dataset": "collected",
    "source_file": "live_collection/192.168.55.52",
    "label": 0,
    "process_group_no": null,
    "process_event_order": null
  },
  {
    "record_id": 604,
    "time_created": "2026-06-30T12:16:20",
    "event_id": 1,
    "provider_name": "Microsoft-Windows-Sysmon",
    "process_name": "WmiPrvSE.exe",
    "command_line": "C:\\WINDOWS\\system32\\wbem\\wmiprvse.exe -secured -Embedding",
    "parent_process": null,
    "destination_ip": "",
    "destination_port": "",
    "query_name": "",
    "process_guid": null,
    "parent_process_guid": null,
    "process_id": null,
    "parent_process_id": null,
    "source_dataset": "collected",
    "source_file": "live_collection/192.168.55.52",
    "label": 0,
    "process_group_no": null,
    "process_event_order": null
  },
  {
    "record_id": 605,
    "time_created": "2026-06-30T12:16:20",
    "event_id": 3,
    "provider_name": "Microsoft-Windows-Sysmon",
    "process_name": "ASDSvc.exe",
    "command_line": "",
    "parent_process": null,
    "destination_ip": "211.115.106.209",
    "destination_port": "80",
    "query_name": "",
    "process_guid": null,
    "parent_process_guid": null,
    "process_id": null,
    "parent_process_id": null,
    "source_dataset": "collected",
    "source_file": "live_collection/192.168.55.52",
    "label": 0,
    "process_group_no": null,
    "process_event_order": null
  },
  {
    "record_id": 606,
    "time_created": "2026-06-30T12:16:20",
    "event_id": 3,
    "provider_name": "Microsoft-Windows-Sysmon",
    "process_name": "ASDSvc.exe",
    "command_line": "",
    "parent_process": null,
    "destination_ip": "211.115.106.209",
    "destination_port": "80",
    "query_name": "",
    "process_guid": null,
    "parent_process_guid": null,
    "process_id": null,
    "parent_process_id": null,
    "source_dataset": "collected",
    "source_file": "live_collection/192.168.55.52",
    "label": 0,
    "process_group_no": null,
    "process_event_order": null
  },
  {
    "record_id": 607,
    "time_created": "2026-06-30T12:16:20",
    "event_id": 5,
    "provider_name": "Microsoft-Windows-Sysmon",
    "process_name": "python.exe",
    "command_line": "",
    "parent_process": null,
    "destination_ip": "",
    "destination_port": "",
    "query_name": "",
    "process_guid": null,
    "parent_process_guid": null,
    "process_id": null,
    "parent_process_id": null,
    "source_dataset": "collected",
    "source_file": "live_collection/192.168.55.52",
    "label": 0,
    "process_group_no": null,
    "process_event_order": null
  },
  {
    "record_id": 608,
    "time_created": "2026-06-30T12:16:20",
    "event_id": 5,
    "provider_name": "Microsoft-Windows-Sysmon",
    "process_name": "powershell.exe",
    "command_line": "",
    "parent_process": null,
    "destination_ip": "",
    "destination_port": "",
    "query_name": "",
    "process_guid": null,
    "parent_process_guid": null,
    "process_id": null,
    "parent_process_id": null,
    "source_dataset": "collected",
    "source_file": "live_collection/192.168.55.52",
    "label": 0,
    "process_group_no": null,
    "process_event_order": null
  },
  {
    "record_id": 609,
    "time_created": "2026-06-30T12:16:20",
    "event_id": 5,
    "provider_name": "Microsoft-Windows-Sysmon",
    "process_name": "conhost.exe",
    "command_line": "",
    "parent_process": null,
    "destination_ip": "",
    "destination_port": "",
    "query_name": "",
    "process_guid": null,
    "parent_process_guid": null,
    "process_id": null,
    "parent_process_id": null,
    "source_dataset": "collected",
    "source_file": "live_collection/192.168.55.52",
    "label": 0,
    "process_group_no": null,
    "process_event_order": null
  },
  {
    "record_id": 610,
    "time_created": "2026-06-30T12:16:23",
    "event_id": 1,
    "provider_name": "Microsoft-Windows-Sysmon",
    "process_name": "conhost.exe",
    "command_line": "\\??\\C:\\WINDOWS\\system32\\conhost.exe 0xffffffff -ForceV1",
    "parent_process": null,
    "destination_ip": "",
    "destination_port": "",
    "query_name": "",
    "process_guid": null,
    "parent_process_guid": null,
    "process_id": null,
    "parent_process_id": null,
    "source_dataset": "collected",
    "source_file": "live_collection/192.168.55.52",
    "label": 0,
    "process_group_no": null,
    "process_event_order": null
  },
  {
    "record_id": 611,
    "time_created": "2026-06-30T12:16:23",
    "event_id": 5,
    "provider_name": "Microsoft-Windows-Sysmon",
    "process_name": "powershell.exe",
    "command_line": "",
    "parent_process": null,
    "destination_ip": "",
    "destination_port": "",
    "query_name": "",
    "process_guid": null,
    "parent_process_guid": null,
    "process_id": null,
    "parent_process_id": null,
    "source_dataset": "collected",
    "source_file": "live_collection/192.168.55.52",
    "label": 0,
    "process_group_no": null,
    "process_event_order": null
  },
  {
    "record_id": 612,
    "time_created": "2026-06-30T12:16:23",
    "event_id": 5,
    "provider_name": "Microsoft-Windows-Sysmon",
    "process_name": "conhost.exe",
    "command_line": "",
    "parent_process": null,
    "destination_ip": "",
    "destination_port": "",
    "query_name": "",
    "process_guid": null,
    "parent_process_guid": null,
    "process_id": null,
    "parent_process_id": null,
    "source_dataset": "collected",
    "source_file": "live_collection/192.168.55.52",
    "label": 0,
    "process_group_no": null,
    "process_event_order": null
  },
  {
    "record_id": 613,
    "time_created": "2026-06-30T12:16:24",
    "event_id": 5,
    "provider_name": "Microsoft-Windows-Sysmon",
    "process_name": "chrome.exe",
    "command_line": "",
    "parent_process": null,
    "destination_ip": "",
    "destination_port": "",
    "query_name": "",
    "process_guid": null,
    "parent_process_guid": null,
    "process_id": null,
    "parent_process_id": null,
    "source_dataset": "collected",
    "source_file": "live_collection/192.168.55.52",
    "label": 0,
    "process_group_no": null,
    "process_event_order": null
  },
  {
    "record_id": 614,
    "time_created": "2026-06-30T12:16:24",
    "event_id": 1,
    "provider_name": "Microsoft-Windows-Sysmon",
    "process_name": "chrome.exe",
    "command_line": "\"C:\\Program Files (x86)\\Google\\Chrome\\Application\\chrome.exe\" --type=renderer --extension-process --origin-trial-disabled-features=CanvasTextNg|WebAssemblyCustomDescriptors --no-pre-read-main-dll --video-capture-use-gpu-memory-buffer --lang=ko --device-scale-factor=1 --num-raster-threads=3 --enable-main-frame-before-activation --renderer-client-id=113 --time-ticks-at-unix-epoch=-1782757078037454 --launch-time-ticks=32306014354 --metrics-shmem-handle=8276,i,13347348187979478335,14355860924764445750,2097152 --field-trial-handle=2072,i,13642895438352464947,13206856470309052393,262144 --disable-features=LocalNetworkAccessChecks --variations-seed-version=20260629-090059.675000-production --pseudonymization-salt-handle=2100,i,11403762369690310472,3374413806832889549,4 --trace-process-track-uuid=3190709092197600431 --mojo-platform-channel-handle=7848 /prefetch:9",
    "parent_process": null,
    "destination_ip": "",
    "destination_port": "",
    "query_name": "",
    "process_guid": null,
    "parent_process_guid": null,
    "process_id": null,
    "parent_process_id": null,
    "source_dataset": "collected",
    "source_file": "live_collection/192.168.55.52",
    "label": 0,
    "process_group_no": null,
    "process_event_order": null
  },
  {
    "record_id": 615,
    "time_created": "2026-06-30T12:16:24",
    "event_id": 1,
    "provider_name": "Microsoft-Windows-Sysmon",
    "process_name": "chrome.exe",
    "command_line": "\"C:\\Program Files (x86)\\Google\\Chrome\\Application\\chrome.exe\" --type=renderer --origin-trial-disabled-features=CanvasTextNg|WebAssemblyCustomDescriptors --no-pre-read-main-dll --video-capture-use-gpu-memory-buffer --lang=ko --device-scale-factor=1 --num-raster-threads=3 --enable-main-frame-before-activation --renderer-client-id=114 --time-ticks-at-unix-epoch=-1782757078037454 --launch-time-ticks=32306783525 --metrics-shmem-handle=6440,i,5861089372233405998,16059744760559525009,2097152 --field-trial-handle=2072,i,13642895438352464947,13206856470309052393,262144 --disable-features=LocalNetworkAccessChecks --variations-seed-version=20260629-090059.675000-production --pseudonymization-salt-handle=2100,i,11403762369690310472,3374413806832889549,4 --trace-process-track-uuid=3190709093134642280 --mojo-platform-channel-handle=6548 /prefetch:1",
    "parent_process": null,
    "destination_ip": "",
    "destination_port": "",
    "query_name": "",
    "process_guid": null,
    "parent_process_guid": null,
    "process_id": null,
    "parent_process_id": null,
    "source_dataset": "collected",
    "source_file": "live_collection/192.168.55.52",
    "label": 0,
    "process_group_no": null,
    "process_event_order": null
  },
  {
    "record_id": 616,
    "time_created": "2026-06-30T12:16:25",
    "event_id": 1,
    "provider_name": "Microsoft-Windows-Sysmon",
    "process_name": "chrome.exe",
    "command_line": "\"C:\\Program Files (x86)\\Google\\Chrome\\Application\\chrome.exe\" --type=renderer --origin-trial-disabled-features=CanvasTextNg|WebAssemblyCustomDescriptors --no-pre-read-main-dll --video-capture-use-gpu-memory-buffer --lang=ko --device-scale-factor=1 --num-raster-threads=3 --enable-main-frame-before-activation --renderer-client-id=115 --time-ticks-at-unix-epoch=-1782757078037454 --launch-time-ticks=32306992678 --metrics-shmem-handle=6868,i,1164998277893265981,3631063664795862762,2097152 --field-trial-handle=2072,i,13642895438352464947,13206856470309052393,262144 --disable-features=LocalNetworkAccessChecks --variations-seed-version=20260629-090059.675000-production --pseudonymization-salt-handle=2100,i,11403762369690310472,3374413806832889549,4 --trace-process-track-uuid=3190709094071684129 --mojo-platform-channel-handle=9144 /prefetch:1",
    "parent_process": null,
    "destination_ip": "",
    "destination_port": "",
    "query_name": "",
    "process_guid": null,
    "parent_process_guid": null,
    "process_id": null,
    "parent_process_id": null,
    "source_dataset": "collected",
    "source_file": "live_collection/192.168.55.52",
    "label": 0,
    "process_group_no": null,
    "process_event_order": null
  },
  {
    "record_id": 617,
    "time_created": "2026-06-30T12:16:25",
    "event_id": 3,
    "provider_name": "Microsoft-Windows-Sysmon",
    "process_name": "ASDSvc.exe",
    "command_line": "",
    "parent_process": null,
    "destination_ip": "211.115.106.209",
    "destination_port": "80",
    "query_name": "",
    "process_guid": null,
    "parent_process_guid": null,
    "process_id": null,
    "parent_process_id": null,
    "source_dataset": "collected",
    "source_file": "live_collection/192.168.55.52",
    "label": 0,
    "process_group_no": null,
    "process_event_order": null
  },
  {
    "record_id": 618,
    "time_created": "2026-06-30T12:16:25",
    "event_id": 1,
    "provider_name": "Microsoft-Windows-Sysmon",
    "process_name": "chrome.exe",
    "command_line": "\"C:\\Program Files (x86)\\Google\\Chrome\\Application\\chrome.exe\" --type=utility --utility-sub-type=data_decoder.mojom.DataDecoderService --lang=ko --service-sandbox-type=service --video-capture-use-gpu-memory-buffer --no-pre-read-main-dll --metrics-shmem-handle=7816,i,15924186929507597355,16772465495286226243,524288 --field-trial-handle=2072,i,13642895438352464947,13206856470309052393,262144 --disable-features=LocalNetworkAccessChecks --variations-seed-version=20260629-090059.675000-production --pseudonymization-salt-handle=2100,i,11403762369690310472,3374413806832889549,4 --trace-process-track-uuid=3190709095008725978 --mojo-platform-channel-handle=5620 /prefetch:14",
    "parent_process": null,
    "destination_ip": "",
    "destination_port": "",
    "query_name": "",
    "process_guid": null,
    "parent_process_guid": null,
    "process_id": null,
    "parent_process_id": null,
    "source_dataset": "collected",
    "source_file": "live_collection/192.168.55.52",
    "label": 0,
    "process_group_no": null,
    "process_event_order": null
  },
